2026-06-27T17:50:40.662Z - [32minfo[39m: Website generation (lazy) started at 01:50:40
2026-06-27T17:50:40.917Z - [32minfo[39m: Building assets...
2026-06-27T17:50:41.044Z - [32minfo[39m: Assets built
2026-06-27T17:50:41.048Z - [32minfo[39m: Generating landing page...
2026-06-27T17:50:41.139Z - [36mverbose[39m: Rendering page: /Users/damithch/Repos/git-mastery/git-mastery.github.io/index.md
2026-06-27T17:50:41.157Z - [32minfo[39m: Landing page built, other pages will be built as you navigate to them!
2026-06-27T17:50:41.232Z - [32minfo[39m: Site data built
2026-06-27T17:50:41.232Z - [32minfo[39m: Website generation (lazy) complete! Total build time: 0.732s
2026-06-27T17:50:41.251Z - [32minfo[39m: Serving "/Users/damithch/Repos/git-mastery/git-mastery.github.io/_site" at http://127.0.0.1:8080
2026-06-27T17:50:41.251Z - [32minfo[39m: Press CTRL+C to stop ...
2026-06-27T17:50:45.979Z - [32minfo[39m: Building /Users/damithch/Repos/git-mastery/git-mastery.github.io/lessons/index as some of its dependencies were changed since the last visit
2026-06-27T17:50:46.356Z - [36mverbose[39m: Rendering page: /Users/damithch/Repos/git-mastery/git-mastery.github.io/lessons/index.md
2026-06-27T17:50:46.380Z - [32minfo[39m: Site data built
2026-06-27T17:50:46.380Z - [32minfo[39m: Lazy website regeneration complete! Total build time: 0.402s
2026-06-27T17:50:52.504Z - [32minfo[39m: Building /Users/damithch/Repos/git-mastery/git-mastery.github.io/lessons/commit/index as some of its dependencies were changed since the last visit
2026-06-27T17:50:52.613Z - [36mverbose[39m: Rendering page: /Users/damithch/Repos/git-mastery/git-mastery.github.io/lessons/commit/index.md
2026-06-27T17:50:52.624Z - [32minfo[39m: Site data built
2026-06-27T17:50:52.624Z - [32minfo[39m: Lazy website regeneration complete! Total build time: 0.12s
2026-06-27T17:51:04.514Z - [32minfo[39m: [01:51:04] Reload for file change: /Users/damithch/Repos/git-mastery/git-mastery.github.io/lessons/commit/text.md
2026-06-27T17:51:04.520Z - [32minfo[39m: Synchronizing opened pages list before reload
2026-06-27T17:51:04.521Z - [32minfo[39m: Current opened pages, from most-to-least recent:
2026-06-27T17:51:04.521Z - [32minfo[39m: 1. lessons/commit/index
2026-06-27T17:51:05.533Z - [32minfo[39m: Rebuilding 1 pages
2026-06-27T17:51:05.695Z - [36mverbose[39m: Rendering page: /Users/damithch/Repos/git-mastery/git-mastery.github.io/lessons/commit/index.md
2026-06-27T17:51:05.732Z - [32minfo[39m: Site data built
2026-06-27T17:51:05.732Z - [32minfo[39m: Pages rebuilt
2026-06-27T17:51:05.732Z - [32minfo[39m: Website regeneration complete! Total build time: 0.203s
2026-06-27T17:53:31.475Z - [32minfo[39m: [01:53:31] Reload for file change: /Users/damithch/Repos/git-mastery/git-mastery.github.io/lessons/commit/text.md
2026-06-27T17:53:31.477Z - [32minfo[39m: Synchronizing opened pages list before reload
2026-06-27T17:53:31.478Z - [32minfo[39m: Current opened pages, from most-to-least recent:
2026-06-27T17:53:31.478Z - [32minfo[39m: 1. lessons/commit/index
2026-06-27T17:53:32.480Z - [32minfo[39m: Rebuilding 1 pages
2026-06-27T17:53:32.630Z - [36mverbose[39m: Rendering page: /Users/damithch/Repos/git-mastery/git-mastery.github.io/lessons/commit/index.md
2026-06-27T17:53:32.654Z - [32minfo[39m: Site data built
2026-06-27T17:53:32.654Z - [32minfo[39m: Pages rebuilt
2026-06-27T17:53:32.654Z - [32minfo[39m: Website regeneration complete! Total build time: 0.175s
2026-06-27T17:53:58.367Z - [32minfo[39m: [01:53:58] Reload for file change: /Users/damithch/Repos/git-mastery/git-mastery.github.io/lessons/commit/text.md
2026-06-27T17:53:58.371Z - [32minfo[39m: Synchronizing opened pages list before reload
2026-06-27T17:53:58.373Z - [32minfo[39m: Current opened pages, from most-to-least recent:
2026-06-27T17:53:58.373Z - [32minfo[39m: 1. lessons/commit/index
2026-06-27T17:53:59.378Z - [32minfo[39m: Rebuilding 1 pages
2026-06-27T17:53:59.529Z - [36mverbose[39m: Rendering page: /Users/damithch/Repos/git-mastery/git-mastery.github.io/lessons/commit/index.md
2026-06-27T17:53:59.551Z - [32minfo[39m: Site data built
2026-06-27T17:53:59.551Z - [32minfo[39m: Pages rebuilt
2026-06-27T17:53:59.551Z - [32minfo[39m: Website regeneration complete! Total build time: 0.174s
2026-06-27T17:54:18.285Z - [32minfo[39m: [01:54:18] Reload for file change: /Users/damithch/Repos/git-mastery/git-mastery.github.io/lessons/commit/text.md
2026-06-27T17:54:18.291Z - [32minfo[39m: Synchronizing opened pages list before reload
2026-06-27T17:54:18.295Z - [32minfo[39m: Current opened pages, from most-to-least recent:
2026-06-27T17:54:18.296Z - [32minfo[39m: 1. lessons/commit/index
2026-06-27T17:54:19.302Z - [32minfo[39m: Rebuilding 1 pages
2026-06-27T17:54:19.463Z - [36mverbose[39m: Rendering page: /Users/damithch/Repos/git-mastery/git-mastery.github.io/lessons/commit/index.md
2026-06-27T17:54:19.498Z - [32minfo[39m: Site data built
2026-06-27T17:54:19.498Z - [32minfo[39m: Pages rebuilt
2026-06-27T17:54:19.498Z - [32minfo[39m: Website regeneration complete! Total build time: 0.198s
2026-06-27T17:54:38.418Z - [32minfo[39m: [01:54:38] Reload for file change: /Users/damithch/Repos/git-mastery/git-mastery.github.io/lessons/commit/text.md
2026-06-27T17:54:38.420Z - [32minfo[39m: Synchronizing opened pages list before reload
2026-06-27T17:54:38.420Z - [32minfo[39m: Current opened pages, from most-to-least recent:
2026-06-27T17:54:38.421Z - [32minfo[39m: 1. lessons/commit/index
2026-06-27T17:54:39.425Z - [32minfo[39m: Rebuilding 1 pages
2026-06-27T17:54:39.558Z - [36mverbose[39m: Rendering page: /Users/damithch/Repos/git-mastery/git-mastery.github.io/lessons/commit/index.md
2026-06-27T17:54:39.579Z - [32minfo[39m: Site data built
2026-06-27T17:54:39.579Z - [32minfo[39m: Pages rebuilt
2026-06-27T17:54:39.579Z - [32minfo[39m: Website regeneration complete! Total build time: 0.156s
2026-06-28T09:40:06.207Z - [32minfo[39m: [17:40:06] Reload for file change: /Users/damithch/Repos/git-mastery/git-mastery.github.io/lessons/commit/text.md
2026-06-28T09:40:06.234Z - [32minfo[39m: Synchronizing opened pages list before reload
2026-06-28T09:40:06.243Z - [32minfo[39m: No pages are currently opened
2026-06-28T09:40:07.300Z - [32minfo[39m: No pages needed to be rebuilt
2026-06-28T13:13:06.183Z - [32minfo[39m: Website generation (lazy) started at 21:13:06
2026-06-28T13:13:06.385Z - [32minfo[39m: Building assets...
2026-06-28T13:13:06.508Z - [32minfo[39m: Assets built
2026-06-28T13:13:06.509Z - [32minfo[39m: Generating landing page...
2026-06-28T13:13:06.593Z - [36mverbose[39m: Rendering page: /Users/damithch/Repos/git-mastery/git-mastery.github.io/index.md
2026-06-28T13:13:06.614Z - [32minfo[39m: Landing page built, other pages will be built as you navigate to them!
2026-06-28T13:13:06.692Z - [32minfo[39m: Site data built
2026-06-28T13:13:06.692Z - [32minfo[39m: Website generation (lazy) complete! Total build time: 0.596s
2026-06-28T13:13:06.710Z - [32minfo[39m: Serving "/Users/damithch/Repos/git-mastery/git-mastery.github.io/_site" at http://127.0.0.1:8080
2026-06-28T13:13:06.710Z - [32minfo[39m: Press CTRL+C to stop ...
2026-06-28T13:15:08.144Z - [32minfo[39m: [21:15:08] Reload for file change: /Users/damithch/Repos/git-mastery/git-mastery.github.io/lessons/commit/text.md
2026-06-28T13:15:08.145Z - [32minfo[39m: Synchronizing opened pages list before reload
2026-06-28T13:15:08.145Z - [32minfo[39m: Current opened pages, from most-to-least recent:
2026-06-28T13:15:08.145Z - [32minfo[39m: 1. index
2026-06-28T13:15:09.150Z - [32minfo[39m: Assets built
2026-06-28T13:15:15.649Z - [32minfo[39m: Building /Users/damithch/Repos/git-mastery/git-mastery.github.io/lessons/index as some of its dependencies were changed since the last visit
2026-06-28T13:15:16.041Z - [36mverbose[39m: Rendering page: /Users/damithch/Repos/git-mastery/git-mastery.github.io/lessons/index.md
2026-06-28T13:15:16.061Z - [32minfo[39m: Site data built
2026-06-28T13:15:16.061Z - [32minfo[39m: Lazy website regeneration complete! Total build time: 0.413s
2026-06-28T13:15:21.236Z - [32minfo[39m: Building /Users/damithch/Repos/git-mastery/git-mastery.github.io/lessons/trail/backingUpOnCloud/index as some of its dependencies were changed since the last visit
2026-06-28T13:15:21.575Z - [36mverbose[39m: Rendering page: /Users/damithch/Repos/git-mastery/git-mastery.github.io/lessons/trail/backingUpOnCloud/index.md
2026-06-28T13:15:21.611Z - [32minfo[39m: Site data built
2026-06-28T13:15:21.611Z - [32minfo[39m: Lazy website regeneration complete! Total build time: 0.376s
2026-06-28T13:15:44.670Z - [32minfo[39m: [21:15:44] Reload for file change: /Users/damithch/Repos/git-mastery/git-mastery.github.io/common/macros.njk
2026-06-28T13:15:44.672Z - [32minfo[39m: Synchronizing opened pages list before reload
2026-06-28T13:15:44.675Z - [32minfo[39m: Current opened pages, from most-to-least recent:
2026-06-28T13:15:44.675Z - [32minfo[39m: 1. lessons/trail/backingUpOnCloud/index
2026-06-28T13:15:45.760Z - [32minfo[39m: Rebuilding 1 pages
2026-06-28T13:15:46.072Z - [36mverbose[39m: Rendering page: /Users/damithch/Repos/git-mastery/git-mastery.github.io/lessons/trail/backingUpOnCloud/index.md
2026-06-28T13:15:46.106Z - [32minfo[39m: Site data built
2026-06-28T13:15:46.106Z - [32minfo[39m: Pages rebuilt
2026-06-28T13:15:46.106Z - [32minfo[39m: Website regeneration complete! Total build time: 0.347s
2026-06-28T13:15:58.981Z - [32minfo[39m: Building /Users/damithch/Repos/git-mastery/git-mastery.github.io/lessons/trail/recordingFolderHistory/index as some of its dependencies were changed since the last visit
2026-06-28T13:15:59.562Z - [36mverbose[39m: Rendering page: /Users/damithch/Repos/git-mastery/git-mastery.github.io/lessons/trail/recordingFolderHistory/index.md
2026-06-28T13:15:59.616Z - [32minfo[39m: Site data built
2026-06-28T13:15:59.616Z - [32minfo[39m: Lazy website regeneration complete! Total build time: 0.635s
2026-06-28T13:16:24.772Z - [32minfo[39m: [21:16:24] Reload for file change: /Users/damithch/Repos/git-mastery/git-mastery.github.io/common/macros.njk
2026-06-28T13:16:24.773Z - [32minfo[39m: Synchronizing opened pages list before reload
2026-06-28T13:16:24.774Z - [32minfo[39m: Current opened pages, from most-to-least recent:
2026-06-28T13:16:24.774Z - [32minfo[39m: 1. lessons/trail/recordingFolderHistory/index
2026-06-28T13:16:25.888Z - [32minfo[39m: Rebuilding 1 pages
2026-06-28T13:16:26.388Z - [36mverbose[39m: Rendering page: /Users/damithch/Repos/git-mastery/git-mastery.github.io/lessons/trail/recordingFolderHistory/index.md
2026-06-28T13:16:26.458Z - [32minfo[39m: Site data built
2026-06-28T13:16:26.458Z - [32minfo[39m: Pages rebuilt
2026-06-28T13:16:26.458Z - [32minfo[39m: Website regeneration complete! Total build time: 0.571s
2026-06-28T13:17:19.058Z - [32minfo[39m: [21:17:19] Reload for file change: /Users/damithch/Repos/git-mastery/git-mastery.github.io/common/macros.njk
2026-06-28T13:17:19.063Z - [32minfo[39m: Synchronizing opened pages list before reload
2026-06-28T13:17:19.064Z - [32minfo[39m: Current opened pages, from most-to-least recent:
2026-06-28T13:17:19.065Z - [32minfo[39m: 1. lessons/trail/recordingFolderHistory/index
2026-06-28T13:17:20.185Z - [32minfo[39m: Rebuilding 1 pages
2026-06-28T13:17:20.673Z - [36mverbose[39m: Rendering page: /Users/damithch/Repos/git-mastery/git-mastery.github.io/lessons/trail/recordingFolderHistory/index.md
2026-06-28T13:17:20.742Z - [32minfo[39m: Site data built
2026-06-28T13:17:20.742Z - [32minfo[39m: Pages rebuilt
2026-06-28T13:17:20.742Z - [32minfo[39m: Website regeneration complete! Total build time: 0.557s
2026-06-28T13:18:26.704Z - [32minfo[39m: [21:18:26] Reload for file change: /Users/damithch/Repos/git-mastery/git-mastery.github.io/lessons/commit/text.md
2026-06-28T13:18:26.705Z - [32minfo[39m: Synchronizing opened pages list before reload
2026-06-28T13:18:26.706Z - [32minfo[39m: Current opened pages, from most-to-least recent:
2026-06-28T13:18:26.706Z - [32minfo[39m: 1. lessons/trail/recordingFolderHistory/index
2026-06-28T13:18:26.805Z - [32minfo[39m: [21:18:26] Reload for file change: /Users/damithch/Repos/git-mastery/git-mastery.github.io/common/macros.njk
2026-06-28T13:18:26.805Z - [32minfo[39m: Synchronizing opened pages list before reload
2026-06-28T13:18:26.805Z - [32minfo[39m: Current opened pages, from most-to-least recent:
2026-06-28T13:18:26.805Z - [32minfo[39m: 1. lessons/trail/recordingFolderHistory/index
2026-06-28T13:18:27.814Z - [32minfo[39m: Rebuilding 1 pages
2026-06-28T13:18:28.321Z - [36mverbose[39m: Rendering page: /Users/damithch/Repos/git-mastery/git-mastery.github.io/lessons/trail/recordingFolderHistory/index.md
2026-06-28T13:18:28.388Z - [32minfo[39m: Site data built
2026-06-28T13:18:28.388Z - [32minfo[39m: Pages rebuilt
2026-06-28T13:18:28.388Z - [32minfo[39m: Website regeneration complete! Total build time: 0.575s
2026-06-28T13:20:47.442Z - [32minfo[39m: [21:20:47] Reload for file change: /Users/damithch/Repos/git-mastery/git-mastery.github.io/common/macros.njk
2026-06-28T13:20:47.444Z - [32minfo[39m: Synchronizing opened pages list before reload
2026-06-28T13:20:47.448Z - [32minfo[39m: Current opened pages, from most-to-least recent:
2026-06-28T13:20:47.452Z - [32minfo[39m: 1. lessons/trail/recordingFolderHistory/index
2026-06-28T13:20:48.534Z - [32minfo[39m: Rebuilding 1 pages
2026-06-28T13:20:49.032Z - [36mverbose[39m: Rendering page: /Users/damithch/Repos/git-mastery/git-mastery.github.io/lessons/trail/recordingFolderHistory/index.md
2026-06-28T13:20:49.089Z - [32minfo[39m: Site data built
2026-06-28T13:20:49.089Z - [32minfo[39m: Pages rebuilt
2026-06-28T13:20:49.089Z - [32minfo[39m: Website regeneration complete! Total build time: 0.555s
2026-06-28T13:21:25.944Z - [32minfo[39m: [21:21:25] Reload for file change: /Users/damithch/Repos/git-mastery/git-mastery.github.io/common/macros.njk
2026-06-28T13:21:25.946Z - [32minfo[39m: Synchronizing opened pages list before reload
2026-06-28T13:21:25.947Z - [32minfo[39m: Current opened pages, from most-to-least recent:
2026-06-28T13:21:25.948Z - [32minfo[39m: 1. lessons/trail/recordingFolderHistory/index
2026-06-28T13:21:27.029Z - [32minfo[39m: Rebuilding 1 pages
2026-06-28T13:21:27.515Z - [36mverbose[39m: Rendering page: /Users/damithch/Repos/git-mastery/git-mastery.github.io/lessons/trail/recordingFolderHistory/index.md
2026-06-28T13:21:27.568Z - [32minfo[39m: Site data built
2026-06-28T13:21:27.568Z - [32minfo[39m: Pages rebuilt
2026-06-28T13:21:27.568Z - [32minfo[39m: Website regeneration complete! Total build time: 0.539s
2026-06-28T13:22:02.638Z - [32minfo[39m: [21:22:02] Reload for file change: /Users/damithch/Repos/git-mastery/git-mastery.github.io/common/macros.njk
2026-06-28T13:22:02.639Z - [32minfo[39m: Synchronizing opened pages list before reload
2026-06-28T13:22:02.639Z - [32minfo[39m: Current opened pages, from most-to-least recent:
2026-06-28T13:22:02.639Z - [32minfo[39m: 1. lessons/trail/recordingFolderHistory/index
2026-06-28T13:22:03.707Z - [32minfo[39m: Rebuilding 1 pages
2026-06-28T13:22:04.186Z - [36mverbose[39m: Rendering page: /Users/damithch/Repos/git-mastery/git-mastery.github.io/lessons/trail/recordingFolderHistory/index.md
2026-06-28T13:22:04.240Z - [32minfo[39m: Site data built
2026-06-28T13:22:04.240Z - [32minfo[39m: Pages rebuilt
2026-06-28T13:22:04.240Z - [32minfo[39m: Website regeneration complete! Total build time: 0.534s
2026-06-28T13:22:22.870Z - [32minfo[39m: [21:22:22] Reload for file change: /Users/damithch/Repos/git-mastery/git-mastery.github.io/common/macros.njk
2026-06-28T13:22:22.872Z - [32minfo[39m: Synchronizing opened pages list before reload
2026-06-28T13:22:22.872Z - [32minfo[39m: Current opened pages, from most-to-least recent:
2026-06-28T13:22:22.874Z - [32minfo[39m: 1. lessons/trail/recordingFolderHistory/index
2026-06-28T13:22:23.967Z - [32minfo[39m: Rebuilding 1 pages
2026-06-28T13:22:24.448Z - [36mverbose[39m: Rendering page: /Users/damithch/Repos/git-mastery/git-mastery.github.io/lessons/trail/recordingFolderHistory/index.md
2026-06-28T13:22:24.506Z - [32minfo[39m: Site data built
2026-06-28T13:22:24.506Z - [32minfo[39m: Pages rebuilt
2026-06-28T13:22:24.506Z - [32minfo[39m: Website regeneration complete! Total build time: 0.539s
2026-06-28T13:22:50.694Z - [32minfo[39m: [21:22:50] Reload for file change: /Users/damithch/Repos/git-mastery/git-mastery.github.io/common/macros.njk
2026-06-28T13:22:50.695Z - [32minfo[39m: Synchronizing opened pages list before reload
2026-06-28T13:22:50.697Z - [32minfo[39m: Current opened pages, from most-to-least recent:
2026-06-28T13:22:50.697Z - [32minfo[39m: 1. lessons/trail/recordingFolderHistory/index
2026-06-28T13:22:51.799Z - [32minfo[39m: Rebuilding 1 pages
2026-06-28T13:22:52.270Z - [36mverbose[39m: Rendering page: /Users/damithch/Repos/git-mastery/git-mastery.github.io/lessons/trail/recordingFolderHistory/index.md
2026-06-28T13:22:52.338Z - [32minfo[39m: Site data built
2026-06-28T13:22:52.338Z - [32minfo[39m: Pages rebuilt
2026-06-28T13:22:52.338Z - [32minfo[39m: Website regeneration complete! Total build time: 0.54s
2026-06-28T13:23:25.296Z - [32minfo[39m: Website generation started at 21:23:25
2026-06-28T13:23:25.430Z - [32minfo[39m: Building assets...
