2025-12-16T06:40:09.408Z - info: Website generation started at 14:40:09
2025-12-16T06:40:09.564Z - info: Building assets...
2025-12-16T06:40:09.895Z - info: Assets built
2025-12-16T06:40:09.896Z - info: Generating pages...
2025-12-16T06:40:15.636Z - warn: You might have an invalid hash for intra-link! Ignore this warning if it was intended.'
  /lessons/commit#stagingFileDeletions' found in file '/Users/damithch/Repos/git-mastery/git-mastery.github.io/lessons/stage/text.md'
2025-12-16T06:40:15.636Z - warn: You might have an invalid hash for intra-link! Ignore this warning if it was intended.'
  /lessons/interactiveRebase#updateLastCommit' found in file '/Users/damithch/Repos/git-mastery/git-mastery.github.io/lessons/commit/text.md'
2025-12-16T06:40:15.636Z - warn: You might have an invalid hash for intra-link! Ignore this warning if it was intended.'
  /lessons/reset#resetUncommitedChanges' found in file '/Users/damithch/Repos/git-mastery/git-mastery.github.io/lessons/commit/text.md'
2025-12-16T06:40:15.636Z - warn: You might have an invalid hash for intra-link! Ignore this warning if it was intended.'
  /lessons/reset#undoRecentCommits' found in file '/Users/damithch/Repos/git-mastery/git-mastery.github.io/lessons/commit/text.md'
2025-12-16T06:40:15.636Z - warn: You might have an invalid hash for intra-link! Ignore this warning if it was intended.'
  /lessons/stage#unstagingChanges' found in file '/Users/damithch/Repos/git-mastery/git-mastery.github.io/lessons/commit/steps-stage-deletion-fragment.md'
2025-12-16T06:40:15.637Z - warn: You might have an invalid hash for intra-link! Ignore this warning if it was intended.'
  /lessons/interactiveRebase#updateLastCommit' found in file '/Users/damithch/Repos/git-mastery/git-mastery.github.io/lessons/reset/text.md'
2025-12-16T06:40:15.639Z - warn: You might have an invalid intra-link! Ignore this warning if it was intended.
'/lessons/branch/images/listRemoteBranches.png' found in file '/Users/damithch/Repos/git-mastery/git-mastery.github.io/lessons/remoteBranches/sourcetree_4.md'
2025-12-16T06:40:15.639Z - info: Pages built
2025-12-16T06:40:15.707Z - info: Site data built
2025-12-16T06:40:15.707Z - info: Website generation complete! Total build time: 6.515s
2025-12-16T06:40:15.708Z - info: Build success!
2025-12-16T06:40:22.733Z - info: The website has been deployed at: https://git-mastery.github.io/git-mastery.github.io
2025-12-16T14:45:36.734Z - info: Website generation started at 22:45:36
2025-12-16T14:45:36.904Z - info: Building assets...
2025-12-16T14:45:37.165Z - info: Assets built
2025-12-16T14:45:37.165Z - info: Generating pages...
2025-12-16T14:45:42.723Z - warn: You might have an invalid hash for intra-link! Ignore this warning if it was intended.'
  /lessons/commit#stagingFileDeletions' found in file '/Users/damithch/Repos/git-mastery/git-mastery.github.io/lessons/stage/text.md'
2025-12-16T14:45:42.723Z - warn: You might have an invalid hash for intra-link! Ignore this warning if it was intended.'
  /lessons/interactiveRebase#updateLastCommit' found in file '/Users/damithch/Repos/git-mastery/git-mastery.github.io/lessons/commit/text.md'
2025-12-16T14:45:42.723Z - warn: You might have an invalid hash for intra-link! Ignore this warning if it was intended.'
  /lessons/reset#resetUncommitedChanges' found in file '/Users/damithch/Repos/git-mastery/git-mastery.github.io/lessons/commit/text.md'
2025-12-16T14:45:42.723Z - warn: You might have an invalid hash for intra-link! Ignore this warning if it was intended.'
  /lessons/reset#undoRecentCommits' found in file '/Users/damithch/Repos/git-mastery/git-mastery.github.io/lessons/commit/text.md'
2025-12-16T14:45:42.723Z - warn: You might have an invalid hash for intra-link! Ignore this warning if it was intended.'
  /lessons/stage#unstagingChanges' found in file '/Users/damithch/Repos/git-mastery/git-mastery.github.io/lessons/commit/steps-stage-deletion-fragment.md'
2025-12-16T14:45:42.724Z - warn: You might have an invalid hash for intra-link! Ignore this warning if it was intended.'
  /lessons/interactiveRebase#updateLastCommit' found in file '/Users/damithch/Repos/git-mastery/git-mastery.github.io/lessons/reset/text.md'
2025-12-16T14:45:42.726Z - warn: You might have an invalid intra-link! Ignore this warning if it was intended.
'/lessons/branch/images/listRemoteBranches.png' found in file '/Users/damithch/Repos/git-mastery/git-mastery.github.io/lessons/remoteBranches/sourcetree_4.md'
2025-12-16T14:45:42.727Z - info: Pages built
2025-12-16T14:45:42.803Z - info: Site data built
2025-12-16T14:45:42.803Z - info: Website generation complete! Total build time: 6.28s
2025-12-16T14:45:42.813Z - info: Serving "/Users/damithch/Repos/git-mastery/git-mastery.github.io/_site" at http://127.0.0.1:8080
2025-12-16T14:45:42.813Z - info: Press CTRL+C to stop ...
