2025-12-27T16:32:10.738Z - info: Website generation started at 00:32:10
2025-12-27T16:32:10.905Z - info: Building assets...
2025-12-27T16:32:11.184Z - info: Assets built
2025-12-27T16:32:11.185Z - info: Generating pages...
2025-12-27T16:32:14.237Z - warn: Empty reference in /Users/damithch/Repos/git-mastery/git-mastery.github.io/lessons/workflows/unit-inElsewhere-asFlat.md:
Segment '#title' in file: /Users/damithch/Repos/git-mastery/git-mastery.github.io/lessons/workflows/text.md is empty
2025-12-27T16:32:17.660Z - warn: Empty reference in /Users/damithch/Repos/git-mastery/git-mastery.github.io/lessons/prsReview/unit-inElsewhere-asFlat.md:
Segment '#title' in file: /Users/damithch/Repos/git-mastery/git-mastery.github.io/lessons/prsReview/text.md is empty
2025-12-27T16:32:17.667Z - warn: Empty reference in /Users/damithch/Repos/git-mastery/git-mastery.github.io/lessons/prsMerge/unit-inElsewhere-asFlat.md:
Segment '#title' in file: /Users/damithch/Repos/git-mastery/git-mastery.github.io/lessons/prsMerge/text.md is empty
2025-12-27T16:32:19.458Z - warn: Empty reference in /Users/damithch/Repos/git-mastery/git-mastery.github.io/lessons/PrsCreate/unit-inElsewhere-asFlat.md:
Segment '#title' in file: /Users/damithch/Repos/git-mastery/git-mastery.github.io/lessons/PrsCreate/text.md is empty
2025-12-27T16:32:19.594Z - warn: You might have an invalid intra-link! Ignore this warning if it was intended.
'/companion-app/index.html?cv-focus=JTVCJTdCJTIydCUyMiUzQSUyMkRJViUyMiUyQyUyMmklMjIlM0EyMDAlMkMlMjJwJTIyJTNBJTIyY29udGVudC13cmFwcGVyJTIyJTJDJTIycyUyMiUzQSUyMkdpdC1NYXN0ZXJ5JTIwQXBwJTNBJTIwQ29tbWFuZHMlMjBDb21tYW4lMjIlMkMlMjJoJTIyJTNBMjM0Mjg3NjAzJTdEJTVE' found in file '/Users/damithch/Repos/git-mastery/git-mastery.github.io/lessons/init/exercise-under-control.md'
2025-12-27T16:32:19.594Z - warn: You might have an invalid intra-link! Ignore this warning if it was intended.
'/companion-app/index.html?cv-focus=JTVCJTdCJTIydCUyMiUzQSUyMkRJViUyMiUyQyUyMmklMjIlM0EyMDIlMkMlMjJwJTIyJTNBJTIyY29udGVudC13cmFwcGVyJTIyJTJDJTIycyUyMiUzQSUyMlVwZGF0aW5nJTIwdGhlJTIwR2l0LU1hc3RlcnklMjBBcHAlMjBBcyUyMCUyMiUyQyUyMmglMjIlM0EtNDU1MzAzNDY5JTdEJTVE' found in file '/Users/damithch/Repos/git-mastery/git-mastery.github.io/lessons/init/exercise-under-control.md'
2025-12-27T16:32:19.595Z - warn: You might have an invalid intra-link! Ignore this warning if it was intended.
'/companion-app/index.html?cv-focus=JTVCJTdCJTIydCUyMiUzQSUyMkRJViUyMiUyQyUyMmklMjIlM0EyMDAlMkMlMjJwJTIyJTNBJTIyY29udGVudC13cmFwcGVyJTIyJTJDJTIycyUyMiUzQSUyMkdpdC1NYXN0ZXJ5JTIwQXBwJTNBJTIwQ29tbWFuZHMlMjBDb21tYW4lMjIlMkMlMjJoJTIyJTNBMjM0Mjg3NjAzJTdEJTVE' found in file '/Users/damithch/Repos/git-mastery/git-mastery.github.io/lessons/init/text.md'
2025-12-27T16:32:19.595Z - warn: You might have an invalid intra-link! Ignore this warning if it was intended.
'/companion-app/index.html?cv-focus=JTVCJTdCJTIydCUyMiUzQSUyMkRJViUyMiUyQyUyMmklMjIlM0EyMDIlMkMlMjJwJTIyJTNBJTIyY29udGVudC13cmFwcGVyJTIyJTJDJTIycyUyMiUzQSUyMlVwZGF0aW5nJTIwdGhlJTIwR2l0LU1hc3RlcnklMjBBcHAlMjBBcyUyMCUyMiUyQyUyMmglMjIlM0EtNDU1MzAzNDY5JTdEJTVE' found in file '/Users/damithch/Repos/git-mastery/git-mastery.github.io/lessons/init/text.md'
2025-12-27T16:32:19.595Z - warn: You might have an invalid intra-link! Ignore this warning if it was intended.
'/companion-app/index.html?cv-focus=JTVCJTdCJTIydCUyMiUzQSUyMkRJViUyMiUyQyUyMmklMjIlM0EyMDAlMkMlMjJwJTIyJTNBJTIyY29udGVudC13cmFwcGVyJTIyJTJDJTIycyUyMiUzQSUyMkdpdC1NYXN0ZXJ5JTIwQXBwJTNBJTIwQ29tbWFuZHMlMjBDb21tYW4lMjIlMkMlMjJoJTIyJTNBMjM0Mjg3NjAzJTdEJTVE' found in file '/Users/damithch/Repos/git-mastery/git-mastery.github.io/lessons/stage/text.md'
2025-12-27T16:32:19.595Z - warn: You might have an invalid intra-link! Ignore this warning if it was intended.
'/companion-app/index.html?cv-focus=JTVCJTdCJTIydCUyMiUzQSUyMkRJViUyMiUyQyUyMmklMjIlM0EyMDIlMkMlMjJwJTIyJTNBJTIyY29udGVudC13cmFwcGVyJTIyJTJDJTIycyUyMiUzQSUyMlVwZGF0aW5nJTIwdGhlJTIwR2l0LU1hc3RlcnklMjBBcHAlMjBBcyUyMCUyMiUyQyUyMmglMjIlM0EtNDU1MzAzNDY5JTdEJTVE' found in file '/Users/damithch/Repos/git-mastery/git-mastery.github.io/lessons/stage/text.md'
2025-12-27T16:32:19.595Z - warn: You might have an invalid hash for intra-link! Ignore this warning if it was intended.'
  /lessons/commit#stagingFileDeletions' found in file '/Users/damithch/Repos/git-mastery/git-mastery.github.io/lessons/stage/text.md'
2025-12-27T16:32:19.596Z - warn: You might have an invalid intra-link! Ignore this warning if it was intended.
'/companion-app/index.html?cv-focus=JTVCJTdCJTIydCUyMiUzQSUyMkRJViUyMiUyQyUyMmklMjIlM0EyMDAlMkMlMjJwJTIyJTNBJTIyY29udGVudC13cmFwcGVyJTIyJTJDJTIycyUyMiUzQSUyMkdpdC1NYXN0ZXJ5JTIwQXBwJTNBJTIwQ29tbWFuZHMlMjBDb21tYW4lMjIlMkMlMjJoJTIyJTNBMjM0Mjg3NjAzJTdEJTVE' found in file '/Users/damithch/Repos/git-mastery/git-mastery.github.io/lessons/stage/detour-unstagingChanges-fragment.md'
2025-12-27T16:32:19.596Z - warn: You might have an invalid intra-link! Ignore this warning if it was intended.
'/companion-app/index.html?cv-focus=JTVCJTdCJTIydCUyMiUzQSUyMkRJViUyMiUyQyUyMmklMjIlM0EyMDIlMkMlMjJwJTIyJTNBJTIyY29udGVudC13cmFwcGVyJTIyJTJDJTIycyUyMiUzQSUyMlVwZGF0aW5nJTIwdGhlJTIwR2l0LU1hc3RlcnklMjBBcHAlMjBBcyUyMCUyMiUyQyUyMmglMjIlM0EtNDU1MzAzNDY5JTdEJTVE' found in file '/Users/damithch/Repos/git-mastery/git-mastery.github.io/lessons/stage/detour-unstagingChanges-fragment.md'
2025-12-27T16:32:19.596Z - warn: You might have an invalid intra-link! Ignore this warning if it was intended.
'/companion-app/index.html?cv-focus=JTVCJTdCJTIydCUyMiUzQSUyMkRJViUyMiUyQyUyMmklMjIlM0EyMDAlMkMlMjJwJTIyJTNBJTIyY29udGVudC13cmFwcGVyJTIyJTJDJTIycyUyMiUzQSUyMkdpdC1NYXN0ZXJ5JTIwQXBwJTNBJTIwQ29tbWFuZHMlMjBDb21tYW4lMjIlMkMlMjJoJTIyJTNBMjM0Mjg3NjAzJTdEJTVE' found in file '/Users/damithch/Repos/git-mastery/git-mastery.github.io/lessons/commit/text.md'
2025-12-27T16:32:19.596Z - warn: You might have an invalid intra-link! Ignore this warning if it was intended.
'/companion-app/index.html?cv-focus=JTVCJTdCJTIydCUyMiUzQSUyMkRJViUyMiUyQyUyMmklMjIlM0EyMDIlMkMlMjJwJTIyJTNBJTIyY29udGVudC13cmFwcGVyJTIyJTJDJTIycyUyMiUzQSUyMlVwZGF0aW5nJTIwdGhlJTIwR2l0LU1hc3RlcnklMjBBcHAlMjBBcyUyMCUyMiUyQyUyMmglMjIlM0EtNDU1MzAzNDY5JTdEJTVE' found in file '/Users/damithch/Repos/git-mastery/git-mastery.github.io/lessons/commit/text.md'
2025-12-27T16:32:19.596Z - warn: You might have an invalid hash for intra-link! Ignore this warning if it was intended.'
  /lessons/interactiveRebase#updateLastCommit' found in file '/Users/damithch/Repos/git-mastery/git-mastery.github.io/lessons/commit/text.md'
2025-12-27T16:32:19.596Z - warn: You might have an invalid hash for intra-link! Ignore this warning if it was intended.'
  /lessons/reset#resetUncommitedChanges' found in file '/Users/damithch/Repos/git-mastery/git-mastery.github.io/lessons/commit/text.md'
2025-12-27T16:32:19.596Z - warn: You might have an invalid hash for intra-link! Ignore this warning if it was intended.'
  /lessons/reset#undoRecentCommits' found in file '/Users/damithch/Repos/git-mastery/git-mastery.github.io/lessons/commit/text.md'
2025-12-27T16:32:19.596Z - warn: You might have an invalid hash for intra-link! Ignore this warning if it was intended.'
  /lessons/stage#unstagingChanges' found in file '/Users/damithch/Repos/git-mastery/git-mastery.github.io/lessons/commit/steps-stage-deletion-fragment.md'
2025-12-27T16:32:19.596Z - warn: You might have an invalid intra-link! Ignore this warning if it was intended.
'/companion-app/index.html?cv-focus=JTVCJTdCJTIydCUyMiUzQSUyMkRJViUyMiUyQyUyMmklMjIlM0EyMDAlMkMlMjJwJTIyJTNBJTIyY29udGVudC13cmFwcGVyJTIyJTJDJTIycyUyMiUzQSUyMkdpdC1NYXN0ZXJ5JTIwQXBwJTNBJTIwQ29tbWFuZHMlMjBDb21tYW4lMjIlMkMlMjJoJTIyJTNBMjM0Mjg3NjAzJTdEJTVE' found in file '/Users/damithch/Repos/git-mastery/git-mastery.github.io/lessons/log/text.md'
2025-12-27T16:32:19.596Z - warn: You might have an invalid intra-link! Ignore this warning if it was intended.
'/companion-app/index.html?cv-focus=JTVCJTdCJTIydCUyMiUzQSUyMkRJViUyMiUyQyUyMmklMjIlM0EyMDIlMkMlMjJwJTIyJTNBJTIyY29udGVudC13cmFwcGVyJTIyJTJDJTIycyUyMiUzQSUyMlVwZGF0aW5nJTIwdGhlJTIwR2l0LU1hc3RlcnklMjBBcHAlMjBBcyUyMCUyMiUyQyUyMmglMjIlM0EtNDU1MzAzNDY5JTdEJTVE' found in file '/Users/damithch/Repos/git-mastery/git-mastery.github.io/lessons/log/text.md'
2025-12-27T16:32:19.597Z - warn: You might have an invalid intra-link! Ignore this warning if it was intended.
'/companion-app/index.html?cv-focus=JTVCJTdCJTIydCUyMiUzQSUyMkRJViUyMiUyQyUyMmklMjIlM0EyMDAlMkMlMjJwJTIyJTNBJTIyY29udGVudC13cmFwcGVyJTIyJTJDJTIycyUyMiUzQSUyMkdpdC1NYXN0ZXJ5JTIwQXBwJTNBJTIwQ29tbWFuZHMlMjBDb21tYW4lMjIlMkMlMjJoJTIyJTNBMjM0Mjg3NjAzJTdEJTVE' found in file '/Users/damithch/Repos/git-mastery/git-mastery.github.io/lessons/createRemoteRepo/text.md'
2025-12-27T16:32:19.597Z - warn: You might have an invalid intra-link! Ignore this warning if it was intended.
'/companion-app/index.html?cv-focus=JTVCJTdCJTIydCUyMiUzQSUyMkRJViUyMiUyQyUyMmklMjIlM0EyMDIlMkMlMjJwJTIyJTNBJTIyY29udGVudC13cmFwcGVyJTIyJTJDJTIycyUyMiUzQSUyMlVwZGF0aW5nJTIwdGhlJTIwR2l0LU1hc3RlcnklMjBBcHAlMjBBcyUyMCUyMiUyQyUyMmglMjIlM0EtNDU1MzAzNDY5JTdEJTVE' found in file '/Users/damithch/Repos/git-mastery/git-mastery.github.io/lessons/createRemoteRepo/text.md'
2025-12-27T16:32:19.597Z - warn: You might have an invalid intra-link! Ignore this warning if it was intended.
'/companion-app/index.html?cv-focus=JTVCJTdCJTIydCUyMiUzQSUyMkRJViUyMiUyQyUyMmklMjIlM0EyMDAlMkMlMjJwJTIyJTNBJTIyY29udGVudC13cmFwcGVyJTIyJTJDJTIycyUyMiUzQSUyMkdpdC1NYXN0ZXJ5JTIwQXBwJTNBJTIwQ29tbWFuZHMlMjBDb21tYW4lMjIlMkMlMjJoJTIyJTNBMjM0Mjg3NjAzJTdEJTVE' found in file '/Users/damithch/Repos/git-mastery/git-mastery.github.io/lessons/setRemote/text.md'
2025-12-27T16:32:19.597Z - warn: You might have an invalid intra-link! Ignore this warning if it was intended.
'/companion-app/index.html?cv-focus=JTVCJTdCJTIydCUyMiUzQSUyMkRJViUyMiUyQyUyMmklMjIlM0EyMDIlMkMlMjJwJTIyJTNBJTIyY29udGVudC13cmFwcGVyJTIyJTJDJTIycyUyMiUzQSUyMlVwZGF0aW5nJTIwdGhlJTIwR2l0LU1hc3RlcnklMjBBcHAlMjBBcyUyMCUyMiUyQyUyMmglMjIlM0EtNDU1MzAzNDY5JTdEJTVE' found in file '/Users/damithch/Repos/git-mastery/git-mastery.github.io/lessons/setRemote/text.md'
2025-12-27T16:32:19.597Z - warn: You might have an invalid intra-link! Ignore this warning if it was intended.
'/companion-app/index.html?cv-focus=JTVCJTdCJTIydCUyMiUzQSUyMkRJViUyMiUyQyUyMmklMjIlM0EyMDAlMkMlMjJwJTIyJTNBJTIyY29udGVudC13cmFwcGVyJTIyJTJDJTIycyUyMiUzQSUyMkdpdC1NYXN0ZXJ5JTIwQXBwJTNBJTIwQ29tbWFuZHMlMjBDb21tYW4lMjIlMkMlMjJoJTIyJTNBMjM0Mjg3NjAzJTdEJTVE' found in file '/Users/damithch/Repos/git-mastery/git-mastery.github.io/lessons/push/text.md'
2025-12-27T16:32:19.597Z - warn: You might have an invalid intra-link! Ignore this warning if it was intended.
'/companion-app/index.html?cv-focus=JTVCJTdCJTIydCUyMiUzQSUyMkRJViUyMiUyQyUyMmklMjIlM0EyMDIlMkMlMjJwJTIyJTNBJTIyY29udGVudC13cmFwcGVyJTIyJTJDJTIycyUyMiUzQSUyMlVwZGF0aW5nJTIwdGhlJTIwR2l0LU1hc3RlcnklMjBBcHAlMjBBcyUyMCUyMiUyQyUyMmglMjIlM0EtNDU1MzAzNDY5JTdEJTVE' found in file '/Users/damithch/Repos/git-mastery/git-mastery.github.io/lessons/push/text.md'
2025-12-27T16:32:19.597Z - warn: You might have an invalid intra-link! Ignore this warning if it was intended.
'/companion-app/index.html?cv-focus=JTVCJTdCJTIydCUyMiUzQSUyMkRJViUyMiUyQyUyMmklMjIlM0EyMDAlMkMlMjJwJTIyJTNBJTIyY29udGVudC13cmFwcGVyJTIyJTJDJTIycyUyMiUzQSUyMkdpdC1NYXN0ZXJ5JTIwQXBwJTNBJTIwQ29tbWFuZHMlMjBDb21tYW4lMjIlMkMlMjJoJTIyJTNBMjM0Mjg3NjAzJTdEJTVE' found in file '/Users/damithch/Repos/git-mastery/git-mastery.github.io/lessons/ignore/text.md'
2025-12-27T16:32:19.597Z - warn: You might have an invalid intra-link! Ignore this warning if it was intended.
'/companion-app/index.html?cv-focus=JTVCJTdCJTIydCUyMiUzQSUyMkRJViUyMiUyQyUyMmklMjIlM0EyMDIlMkMlMjJwJTIyJTNBJTIyY29udGVudC13cmFwcGVyJTIyJTJDJTIycyUyMiUzQSUyMlVwZGF0aW5nJTIwdGhlJTIwR2l0LU1hc3RlcnklMjBBcHAlMjBBcyUyMCUyMiUyQyUyMmglMjIlM0EtNDU1MzAzNDY5JTdEJTVE' found in file '/Users/damithch/Repos/git-mastery/git-mastery.github.io/lessons/ignore/text.md'
2025-12-27T16:32:19.597Z - warn: You might have an invalid intra-link! Ignore this warning if it was intended.
'/companion-app/index.html?cv-focus=JTVCJTdCJTIydCUyMiUzQSUyMkRJViUyMiUyQyUyMmklMjIlM0EyMDAlMkMlMjJwJTIyJTNBJTIyY29udGVudC13cmFwcGVyJTIyJTJDJTIycyUyMiUzQSUyMkdpdC1NYXN0ZXJ5JTIwQXBwJTNBJTIwQ29tbWFuZHMlMjBDb21tYW4lMjIlMkMlMjJoJTIyJTNBMjM0Mjg3NjAzJTdEJTVE' found in file '/Users/damithch/Repos/git-mastery/git-mastery.github.io/lessons/fork/text.md'
2025-12-27T16:32:19.597Z - warn: You might have an invalid intra-link! Ignore this warning if it was intended.
'/companion-app/index.html?cv-focus=JTVCJTdCJTIydCUyMiUzQSUyMkRJViUyMiUyQyUyMmklMjIlM0EyMDIlMkMlMjJwJTIyJTNBJTIyY29udGVudC13cmFwcGVyJTIyJTJDJTIycyUyMiUzQSUyMlVwZGF0aW5nJTIwdGhlJTIwR2l0LU1hc3RlcnklMjBBcHAlMjBBcyUyMCUyMiUyQyUyMmglMjIlM0EtNDU1MzAzNDY5JTdEJTVE' found in file '/Users/damithch/Repos/git-mastery/git-mastery.github.io/lessons/fork/text.md'
2025-12-27T16:32:19.597Z - warn: You might have an invalid intra-link! Ignore this warning if it was intended.
'/companion-app/index.html?cv-focus=JTVCJTdCJTIydCUyMiUzQSUyMkRJViUyMiUyQyUyMmklMjIlM0EyMDAlMkMlMjJwJTIyJTNBJTIyY29udGVudC13cmFwcGVyJTIyJTJDJTIycyUyMiUzQSUyMkdpdC1NYXN0ZXJ5JTIwQXBwJTNBJTIwQ29tbWFuZHMlMjBDb21tYW4lMjIlMkMlMjJoJTIyJTNBMjM0Mjg3NjAzJTdEJTVE' found in file '/Users/damithch/Repos/git-mastery/git-mastery.github.io/lessons/clone/text.md'
2025-12-27T16:32:19.597Z - warn: You might have an invalid intra-link! Ignore this warning if it was intended.
'/companion-app/index.html?cv-focus=JTVCJTdCJTIydCUyMiUzQSUyMkRJViUyMiUyQyUyMmklMjIlM0EyMDIlMkMlMjJwJTIyJTNBJTIyY29udGVudC13cmFwcGVyJTIyJTJDJTIycyUyMiUzQSUyMlVwZGF0aW5nJTIwdGhlJTIwR2l0LU1hc3RlcnklMjBBcHAlMjBBcyUyMCUyMiUyQyUyMmglMjIlM0EtNDU1MzAzNDY5JTdEJTVE' found in file '/Users/damithch/Repos/git-mastery/git-mastery.github.io/lessons/clone/text.md'
2025-12-27T16:32:19.597Z - warn: You might have an invalid intra-link! Ignore this warning if it was intended.
'/companion-app/index.html?cv-focus=JTVCJTdCJTIydCUyMiUzQSUyMkRJViUyMiUyQyUyMmklMjIlM0EyMDAlMkMlMjJwJTIyJTNBJTIyY29udGVudC13cmFwcGVyJTIyJTJDJTIycyUyMiUzQSUyMkdpdC1NYXN0ZXJ5JTIwQXBwJTNBJTIwQ29tbWFuZHMlMjBDb21tYW4lMjIlMkMlMjJoJTIyJTNBMjM0Mjg3NjAzJTdEJTVE' found in file '/Users/damithch/Repos/git-mastery/git-mastery.github.io/lessons/pull/text.md'
2025-12-27T16:32:19.597Z - warn: You might have an invalid intra-link! Ignore this warning if it was intended.
'/companion-app/index.html?cv-focus=JTVCJTdCJTIydCUyMiUzQSUyMkRJViUyMiUyQyUyMmklMjIlM0EyMDIlMkMlMjJwJTIyJTNBJTIyY29udGVudC13cmFwcGVyJTIyJTJDJTIycyUyMiUzQSUyMlVwZGF0aW5nJTIwdGhlJTIwR2l0LU1hc3RlcnklMjBBcHAlMjBBcyUyMCUyMiUyQyUyMmglMjIlM0EtNDU1MzAzNDY5JTdEJTVE' found in file '/Users/damithch/Repos/git-mastery/git-mastery.github.io/lessons/pull/text.md'
2025-12-27T16:32:19.598Z - warn: You might have an invalid intra-link! Ignore this warning if it was intended.
'/companion-app/index.html?cv-focus=JTVCJTdCJTIydCUyMiUzQSUyMkRJViUyMiUyQyUyMmklMjIlM0EyMDAlMkMlMjJwJTIyJTNBJTIyY29udGVudC13cmFwcGVyJTIyJTJDJTIycyUyMiUzQSUyMkdpdC1NYXN0ZXJ5JTIwQXBwJTNBJTIwQ29tbWFuZHMlMjBDb21tYW4lMjIlMkMlMjJoJTIyJTNBMjM0Mjg3NjAzJTdEJTVE' found in file '/Users/damithch/Repos/git-mastery/git-mastery.github.io/lessons/show/text.md'
2025-12-27T16:32:19.598Z - warn: You might have an invalid intra-link! Ignore this warning if it was intended.
'/companion-app/index.html?cv-focus=JTVCJTdCJTIydCUyMiUzQSUyMkRJViUyMiUyQyUyMmklMjIlM0EyMDIlMkMlMjJwJTIyJTNBJTIyY29udGVudC13cmFwcGVyJTIyJTJDJTIycyUyMiUzQSUyMlVwZGF0aW5nJTIwdGhlJTIwR2l0LU1hc3RlcnklMjBBcHAlMjBBcyUyMCUyMiUyQyUyMmglMjIlM0EtNDU1MzAzNDY5JTdEJTVE' found in file '/Users/damithch/Repos/git-mastery/git-mastery.github.io/lessons/show/text.md'
2025-12-27T16:32:19.598Z - warn: You might have an invalid intra-link! Ignore this warning if it was intended.
'/companion-app/index.html?cv-focus=JTVCJTdCJTIydCUyMiUzQSUyMkRJViUyMiUyQyUyMmklMjIlM0EyMDAlMkMlMjJwJTIyJTNBJTIyY29udGVudC13cmFwcGVyJTIyJTJDJTIycyUyMiUzQSUyMkdpdC1NYXN0ZXJ5JTIwQXBwJTNBJTIwQ29tbWFuZHMlMjBDb21tYW4lMjIlMkMlMjJoJTIyJTNBMjM0Mjg3NjAzJTdEJTVE' found in file '/Users/damithch/Repos/git-mastery/git-mastery.github.io/lessons/tag/text.md'
2025-12-27T16:32:19.598Z - warn: You might have an invalid intra-link! Ignore this warning if it was intended.
'/companion-app/index.html?cv-focus=JTVCJTdCJTIydCUyMiUzQSUyMkRJViUyMiUyQyUyMmklMjIlM0EyMDIlMkMlMjJwJTIyJTNBJTIyY29udGVudC13cmFwcGVyJTIyJTJDJTIycyUyMiUzQSUyMlVwZGF0aW5nJTIwdGhlJTIwR2l0LU1hc3RlcnklMjBBcHAlMjBBcyUyMCUyMiUyQyUyMmglMjIlM0EtNDU1MzAzNDY5JTdEJTVE' found in file '/Users/damithch/Repos/git-mastery/git-mastery.github.io/lessons/tag/text.md'
2025-12-27T16:32:19.598Z - warn: You might have an invalid intra-link! Ignore this warning if it was intended.
'/companion-app/index.html?cv-focus=JTVCJTdCJTIydCUyMiUzQSUyMkRJViUyMiUyQyUyMmklMjIlM0EyMDAlMkMlMjJwJTIyJTNBJTIyY29udGVudC13cmFwcGVyJTIyJTJDJTIycyUyMiUzQSUyMkdpdC1NYXN0ZXJ5JTIwQXBwJTNBJTIwQ29tbWFuZHMlMjBDb21tYW4lMjIlMkMlMjJoJTIyJTNBMjM0Mjg3NjAzJTdEJTVE' found in file '/Users/damithch/Repos/git-mastery/git-mastery.github.io/lessons/diff/text.md'
2025-12-27T16:32:19.598Z - warn: You might have an invalid intra-link! Ignore this warning if it was intended.
'/companion-app/index.html?cv-focus=JTVCJTdCJTIydCUyMiUzQSUyMkRJViUyMiUyQyUyMmklMjIlM0EyMDIlMkMlMjJwJTIyJTNBJTIyY29udGVudC13cmFwcGVyJTIyJTJDJTIycyUyMiUzQSUyMlVwZGF0aW5nJTIwdGhlJTIwR2l0LU1hc3RlcnklMjBBcHAlMjBBcyUyMCUyMiUyQyUyMmglMjIlM0EtNDU1MzAzNDY5JTdEJTVE' found in file '/Users/damithch/Repos/git-mastery/git-mastery.github.io/lessons/diff/text.md'
2025-12-27T16:32:19.598Z - warn: You might have an invalid intra-link! Ignore this warning if it was intended.
'/companion-app/index.html?cv-focus=JTVCJTdCJTIydCUyMiUzQSUyMkRJViUyMiUyQyUyMmklMjIlM0EyMDAlMkMlMjJwJTIyJTNBJTIyY29udGVudC13cmFwcGVyJTIyJTJDJTIycyUyMiUzQSUyMkdpdC1NYXN0ZXJ5JTIwQXBwJTNBJTIwQ29tbWFuZHMlMjBDb21tYW4lMjIlMkMlMjJoJTIyJTNBMjM0Mjg3NjAzJTdEJTVE' found in file '/Users/damithch/Repos/git-mastery/git-mastery.github.io/lessons/checkout/text.md'
2025-12-27T16:32:19.598Z - warn: You might have an invalid intra-link! Ignore this warning if it was intended.
'/companion-app/index.html?cv-focus=JTVCJTdCJTIydCUyMiUzQSUyMkRJViUyMiUyQyUyMmklMjIlM0EyMDIlMkMlMjJwJTIyJTNBJTIyY29udGVudC13cmFwcGVyJTIyJTJDJTIycyUyMiUzQSUyMlVwZGF0aW5nJTIwdGhlJTIwR2l0LU1hc3RlcnklMjBBcHAlMjBBcyUyMCUyMiUyQyUyMmglMjIlM0EtNDU1MzAzNDY5JTdEJTVE' found in file '/Users/damithch/Repos/git-mastery/git-mastery.github.io/lessons/checkout/text.md'
2025-12-27T16:32:19.599Z - warn: You might have an invalid intra-link! Ignore this warning if it was intended.
'/companion-app/index.html?cv-focus=JTVCJTdCJTIydCUyMiUzQSUyMkRJViUyMiUyQyUyMmklMjIlM0EyMDAlMkMlMjJwJTIyJTNBJTIyY29udGVudC13cmFwcGVyJTIyJTJDJTIycyUyMiUzQSUyMkdpdC1NYXN0ZXJ5JTIwQXBwJTNBJTIwQ29tbWFuZHMlMjBDb21tYW4lMjIlMkMlMjJoJTIyJTNBMjM0Mjg3NjAzJTdEJTVE' found in file '/Users/damithch/Repos/git-mastery/git-mastery.github.io/lessons/reset/text.md'
2025-12-27T16:32:19.599Z - warn: You might have an invalid intra-link! Ignore this warning if it was intended.
'/companion-app/index.html?cv-focus=JTVCJTdCJTIydCUyMiUzQSUyMkRJViUyMiUyQyUyMmklMjIlM0EyMDIlMkMlMjJwJTIyJTNBJTIyY29udGVudC13cmFwcGVyJTIyJTJDJTIycyUyMiUzQSUyMlVwZGF0aW5nJTIwdGhlJTIwR2l0LU1hc3RlcnklMjBBcHAlMjBBcyUyMCUyMiUyQyUyMmglMjIlM0EtNDU1MzAzNDY5JTdEJTVE' found in file '/Users/damithch/Repos/git-mastery/git-mastery.github.io/lessons/reset/text.md'
2025-12-27T16:32:19.599Z - warn: You might have an invalid hash for intra-link! Ignore this warning if it was intended.'
  /lessons/interactiveRebase#updateLastCommit' found in file '/Users/damithch/Repos/git-mastery/git-mastery.github.io/lessons/reset/text.md'
2025-12-27T16:32:19.599Z - warn: You might have an invalid intra-link! Ignore this warning if it was intended.
'/companion-app/index.html?cv-focus=JTVCJTdCJTIydCUyMiUzQSUyMkRJViUyMiUyQyUyMmklMjIlM0EyMDAlMkMlMjJwJTIyJTNBJTIyY29udGVudC13cmFwcGVyJTIyJTJDJTIycyUyMiUzQSUyMkdpdC1NYXN0ZXJ5JTIwQXBwJTNBJTIwQ29tbWFuZHMlMjBDb21tYW4lMjIlMkMlMjJoJTIyJTNBMjM0Mjg3NjAzJTdEJTVE' found in file '/Users/damithch/Repos/git-mastery/git-mastery.github.io/lessons/revert/text.md'
2025-12-27T16:32:19.599Z - warn: You might have an invalid intra-link! Ignore this warning if it was intended.
'/companion-app/index.html?cv-focus=JTVCJTdCJTIydCUyMiUzQSUyMkRJViUyMiUyQyUyMmklMjIlM0EyMDIlMkMlMjJwJTIyJTNBJTIyY29udGVudC13cmFwcGVyJTIyJTJDJTIycyUyMiUzQSUyMlVwZGF0aW5nJTIwdGhlJTIwR2l0LU1hc3RlcnklMjBBcHAlMjBBcyUyMCUyMiUyQyUyMmglMjIlM0EtNDU1MzAzNDY5JTdEJTVE' found in file '/Users/damithch/Repos/git-mastery/git-mastery.github.io/lessons/revert/text.md'
2025-12-27T16:32:19.599Z - warn: You might have an invalid intra-link! Ignore this warning if it was intended.
'/companion-app/index.html?cv-focus=JTVCJTdCJTIydCUyMiUzQSUyMkRJViUyMiUyQyUyMmklMjIlM0EyMDAlMkMlMjJwJTIyJTNBJTIyY29udGVudC13cmFwcGVyJTIyJTJDJTIycyUyMiUzQSUyMkdpdC1NYXN0ZXJ5JTIwQXBwJTNBJTIwQ29tbWFuZHMlMjBDb21tYW4lMjIlMkMlMjJoJTIyJTNBMjM0Mjg3NjAzJTdEJTVE' found in file '/Users/damithch/Repos/git-mastery/git-mastery.github.io/lessons/branch/text.md'
2025-12-27T16:32:19.599Z - warn: You might have an invalid intra-link! Ignore this warning if it was intended.
'/companion-app/index.html?cv-focus=JTVCJTdCJTIydCUyMiUzQSUyMkRJViUyMiUyQyUyMmklMjIlM0EyMDIlMkMlMjJwJTIyJTNBJTIyY29udGVudC13cmFwcGVyJTIyJTJDJTIycyUyMiUzQSUyMlVwZGF0aW5nJTIwdGhlJTIwR2l0LU1hc3RlcnklMjBBcHAlMjBBcyUyMCUyMiUyQyUyMmglMjIlM0EtNDU1MzAzNDY5JTdEJTVE' found in file '/Users/damithch/Repos/git-mastery/git-mastery.github.io/lessons/branch/text.md'
2025-12-27T16:32:19.599Z - warn: You might have an invalid intra-link! Ignore this warning if it was intended.
'/companion-app/index.html?cv-focus=JTVCJTdCJTIydCUyMiUzQSUyMkRJViUyMiUyQyUyMmklMjIlM0EyMDAlMkMlMjJwJTIyJTNBJTIyY29udGVudC13cmFwcGVyJTIyJTJDJTIycyUyMiUzQSUyMkdpdC1NYXN0ZXJ5JTIwQXBwJTNBJTIwQ29tbWFuZHMlMjBDb21tYW4lMjIlMkMlMjJoJTIyJTNBMjM0Mjg3NjAzJTdEJTVE' found in file '/Users/damithch/Repos/git-mastery/git-mastery.github.io/lessons/merge/text.md'
2025-12-27T16:32:19.599Z - warn: You might have an invalid intra-link! Ignore this warning if it was intended.
'/companion-app/index.html?cv-focus=JTVCJTdCJTIydCUyMiUzQSUyMkRJViUyMiUyQyUyMmklMjIlM0EyMDIlMkMlMjJwJTIyJTNBJTIyY29udGVudC13cmFwcGVyJTIyJTJDJTIycyUyMiUzQSUyMlVwZGF0aW5nJTIwdGhlJTIwR2l0LU1hc3RlcnklMjBBcHAlMjBBcyUyMCUyMiUyQyUyMmglMjIlM0EtNDU1MzAzNDY5JTdEJTVE' found in file '/Users/damithch/Repos/git-mastery/git-mastery.github.io/lessons/merge/text.md'
2025-12-27T16:32:19.599Z - warn: You might have an invalid intra-link! Ignore this warning if it was intended.
'/companion-app/index.html?cv-focus=JTVCJTdCJTIydCUyMiUzQSUyMkRJViUyMiUyQyUyMmklMjIlM0EyMDAlMkMlMjJwJTIyJTNBJTIyY29udGVudC13cmFwcGVyJTIyJTJDJTIycyUyMiUzQSUyMkdpdC1NYXN0ZXJ5JTIwQXBwJTNBJTIwQ29tbWFuZHMlMjBDb21tYW4lMjIlMkMlMjJoJTIyJTNBMjM0Mjg3NjAzJTdEJTVE' found in file '/Users/damithch/Repos/git-mastery/git-mastery.github.io/lessons/merge/detour-undoMerge-fragment.md'
2025-12-27T16:32:19.599Z - warn: You might have an invalid intra-link! Ignore this warning if it was intended.
'/companion-app/index.html?cv-focus=JTVCJTdCJTIydCUyMiUzQSUyMkRJViUyMiUyQyUyMmklMjIlM0EyMDIlMkMlMjJwJTIyJTNBJTIyY29udGVudC13cmFwcGVyJTIyJTJDJTIycyUyMiUzQSUyMlVwZGF0aW5nJTIwdGhlJTIwR2l0LU1hc3RlcnklMjBBcHAlMjBBcyUyMCUyMiUyQyUyMmglMjIlM0EtNDU1MzAzNDY5JTdEJTVE' found in file '/Users/damithch/Repos/git-mastery/git-mastery.github.io/lessons/merge/detour-undoMerge-fragment.md'
2025-12-27T16:32:19.599Z - warn: You might have an invalid intra-link! Ignore this warning if it was intended.
'/companion-app/index.html?cv-focus=JTVCJTdCJTIydCUyMiUzQSUyMkRJViUyMiUyQyUyMmklMjIlM0EyMDAlMkMlMjJwJTIyJTNBJTIyY29udGVudC13cmFwcGVyJTIyJTJDJTIycyUyMiUzQSUyMkdpdC1NYXN0ZXJ5JTIwQXBwJTNBJTIwQ29tbWFuZHMlMjBDb21tYW4lMjIlMkMlMjJoJTIyJTNBMjM0Mjg3NjAzJTdEJTVE' found in file '/Users/damithch/Repos/git-mastery/git-mastery.github.io/lessons/mergeConflicts/text.md'
2025-12-27T16:32:19.599Z - warn: You might have an invalid intra-link! Ignore this warning if it was intended.
'/companion-app/index.html?cv-focus=JTVCJTdCJTIydCUyMiUzQSUyMkRJViUyMiUyQyUyMmklMjIlM0EyMDIlMkMlMjJwJTIyJTNBJTIyY29udGVudC13cmFwcGVyJTIyJTJDJTIycyUyMiUzQSUyMlVwZGF0aW5nJTIwdGhlJTIwR2l0LU1hc3RlcnklMjBBcHAlMjBBcyUyMCUyMiUyQyUyMmglMjIlM0EtNDU1MzAzNDY5JTdEJTVE' found in file '/Users/damithch/Repos/git-mastery/git-mastery.github.io/lessons/mergeConflicts/text.md'
2025-12-27T16:32:19.599Z - warn: You might have an invalid intra-link! Ignore this warning if it was intended.
'/companion-app/index.html?cv-focus=JTVCJTdCJTIydCUyMiUzQSUyMkRJViUyMiUyQyUyMmklMjIlM0EyMDAlMkMlMjJwJTIyJTNBJTIyY29udGVudC13cmFwcGVyJTIyJTJDJTIycyUyMiUzQSUyMkdpdC1NYXN0ZXJ5JTIwQXBwJTNBJTIwQ29tbWFuZHMlMjBDb21tYW4lMjIlMkMlMjJoJTIyJTNBMjM0Mjg3NjAzJTdEJTVE' found in file '/Users/damithch/Repos/git-mastery/git-mastery.github.io/lessons/branchRename/text.md'
2025-12-27T16:32:19.599Z - warn: You might have an invalid intra-link! Ignore this warning if it was intended.
'/companion-app/index.html?cv-focus=JTVCJTdCJTIydCUyMiUzQSUyMkRJViUyMiUyQyUyMmklMjIlM0EyMDIlMkMlMjJwJTIyJTNBJTIyY29udGVudC13cmFwcGVyJTIyJTJDJTIycyUyMiUzQSUyMlVwZGF0aW5nJTIwdGhlJTIwR2l0LU1hc3RlcnklMjBBcHAlMjBBcyUyMCUyMiUyQyUyMmglMjIlM0EtNDU1MzAzNDY5JTdEJTVE' found in file '/Users/damithch/Repos/git-mastery/git-mastery.github.io/lessons/branchRename/text.md'
2025-12-27T16:32:19.600Z - warn: You might have an invalid intra-link! Ignore this warning if it was intended.
'/companion-app/index.html?cv-focus=JTVCJTdCJTIydCUyMiUzQSUyMkRJViUyMiUyQyUyMmklMjIlM0EyMDAlMkMlMjJwJTIyJTNBJTIyY29udGVudC13cmFwcGVyJTIyJTJDJTIycyUyMiUzQSUyMkdpdC1NYXN0ZXJ5JTIwQXBwJTNBJTIwQ29tbWFuZHMlMjBDb21tYW4lMjIlMkMlMjJoJTIyJTNBMjM0Mjg3NjAzJTdEJTVE' found in file '/Users/damithch/Repos/git-mastery/git-mastery.github.io/lessons/branchDelete/text.md'
2025-12-27T16:32:19.600Z - warn: You might have an invalid intra-link! Ignore this warning if it was intended.
'/companion-app/index.html?cv-focus=JTVCJTdCJTIydCUyMiUzQSUyMkRJViUyMiUyQyUyMmklMjIlM0EyMDIlMkMlMjJwJTIyJTNBJTIyY29udGVudC13cmFwcGVyJTIyJTJDJTIycyUyMiUzQSUyMlVwZGF0aW5nJTIwdGhlJTIwR2l0LU1hc3RlcnklMjBBcHAlMjBBcyUyMCUyMiUyQyUyMmglMjIlM0EtNDU1MzAzNDY5JTdEJTVE' found in file '/Users/damithch/Repos/git-mastery/git-mastery.github.io/lessons/branchDelete/text.md'
2025-12-27T16:32:19.600Z - warn: You might have an invalid intra-link! Ignore this warning if it was intended.
'/lessons/prsCreate/index.html' found in file '/Users/damithch/Repos/git-mastery/git-mastery.github.io/lessons/trail/workingWithPrs/text.md'
2025-12-27T16:32:19.600Z - warn: You might have an invalid intra-link! Ignore this warning if it was intended.
'/companion-app/index.html?cv-focus=JTVCJTdCJTIydCUyMiUzQSUyMkRJViUyMiUyQyUyMmklMjIlM0EyMDAlMkMlMjJwJTIyJTNBJTIyY29udGVudC13cmFwcGVyJTIyJTJDJTIycyUyMiUzQSUyMkdpdC1NYXN0ZXJ5JTIwQXBwJTNBJTIwQ29tbWFuZHMlMjBDb21tYW4lMjIlMkMlMjJoJTIyJTNBMjM0Mjg3NjAzJTdEJTVE' found in file '/Users/damithch/Repos/git-mastery/git-mastery.github.io/lessons/tag/exercise-tags-update.md'
2025-12-27T16:32:19.600Z - warn: You might have an invalid intra-link! Ignore this warning if it was intended.
'/companion-app/index.html?cv-focus=JTVCJTdCJTIydCUyMiUzQSUyMkRJViUyMiUyQyUyMmklMjIlM0EyMDIlMkMlMjJwJTIyJTNBJTIyY29udGVudC13cmFwcGVyJTIyJTJDJTIycyUyMiUzQSUyMlVwZGF0aW5nJTIwdGhlJTIwR2l0LU1hc3RlcnklMjBBcHAlMjBBcyUyMCUyMiUyQyUyMmglMjIlM0EtNDU1MzAzNDY5JTdEJTVE' found in file '/Users/damithch/Repos/git-mastery/git-mastery.github.io/lessons/tag/exercise-tags-update.md'
2025-12-27T16:32:19.600Z - warn: You might have an invalid intra-link! Ignore this warning if it was intended.
'/companion-app/index.html?cv-focus=JTVCJTdCJTIydCUyMiUzQSUyMkRJViUyMiUyQyUyMmklMjIlM0EyMDAlMkMlMjJwJTIyJTNBJTIyY29udGVudC13cmFwcGVyJTIyJTJDJTIycyUyMiUzQSUyMkdpdC1NYXN0ZXJ5JTIwQXBwJTNBJTIwQ29tbWFuZHMlMjBDb21tYW4lMjIlMkMlMjJoJTIyJTNBMjM0Mjg3NjAzJTdEJTVE' found in file '/Users/damithch/Repos/git-mastery/git-mastery.github.io/lessons/tag/exercise-tags-push.md'
2025-12-27T16:32:19.600Z - warn: You might have an invalid intra-link! Ignore this warning if it was intended.
'/companion-app/index.html?cv-focus=JTVCJTdCJTIydCUyMiUzQSUyMkRJViUyMiUyQyUyMmklMjIlM0EyMDIlMkMlMjJwJTIyJTNBJTIyY29udGVudC13cmFwcGVyJTIyJTJDJTIycyUyMiUzQSUyMlVwZGF0aW5nJTIwdGhlJTIwR2l0LU1hc3RlcnklMjBBcHAlMjBBcyUyMCUyMiUyQyUyMmglMjIlM0EtNDU1MzAzNDY5JTdEJTVE' found in file '/Users/damithch/Repos/git-mastery/git-mastery.github.io/lessons/tag/exercise-tags-push.md'
2025-12-27T16:32:19.600Z - warn: You might have an invalid intra-link! Ignore this warning if it was intended.
'/companion-app/index.html?cv-focus=JTVCJTdCJTIydCUyMiUzQSUyMkRJViUyMiUyQyUyMmklMjIlM0EyMDAlMkMlMjJwJTIyJTNBJTIyY29udGVudC13cmFwcGVyJTIyJTJDJTIycyUyMiUzQSUyMkdpdC1NYXN0ZXJ5JTIwQXBwJTNBJTIwQ29tbWFuZHMlMjBDb21tYW4lMjIlMkMlMjJoJTIyJTNBMjM0Mjg3NjAzJTdEJTVE' found in file '/Users/damithch/Repos/git-mastery/git-mastery.github.io/lessons/tag/exercise-tags-add.md'
2025-12-27T16:32:19.600Z - warn: You might have an invalid intra-link! Ignore this warning if it was intended.
'/companion-app/index.html?cv-focus=JTVCJTdCJTIydCUyMiUzQSUyMkRJViUyMiUyQyUyMmklMjIlM0EyMDIlMkMlMjJwJTIyJTNBJTIyY29udGVudC13cmFwcGVyJTIyJTJDJTIycyUyMiUzQSUyMlVwZGF0aW5nJTIwdGhlJTIwR2l0LU1hc3RlcnklMjBBcHAlMjBBcyUyMCUyMiUyQyUyMmglMjIlM0EtNDU1MzAzNDY5JTdEJTVE' found in file '/Users/damithch/Repos/git-mastery/git-mastery.github.io/lessons/tag/exercise-tags-add.md'
2025-12-27T16:32:19.600Z - warn: You might have an invalid intra-link! Ignore this warning if it was intended.
'/companion-app/index.html?cv-focus=JTVCJTdCJTIydCUyMiUzQSUyMkRJViUyMiUyQyUyMmklMjIlM0EyMDAlMkMlMjJwJTIyJTNBJTIyY29udGVudC13cmFwcGVyJTIyJTJDJTIycyUyMiUzQSUyMkdpdC1NYXN0ZXJ5JTIwQXBwJTNBJTIwQ29tbWFuZHMlMjBDb21tYW4lMjIlMkMlMjJoJTIyJTNBMjM0Mjg3NjAzJTdEJTVE' found in file '/Users/damithch/Repos/git-mastery/git-mastery.github.io/lessons/stage/exercise-staging-intervention.md'
2025-12-27T16:32:19.600Z - warn: You might have an invalid intra-link! Ignore this warning if it was intended.
'/companion-app/index.html?cv-focus=JTVCJTdCJTIydCUyMiUzQSUyMkRJViUyMiUyQyUyMmklMjIlM0EyMDIlMkMlMjJwJTIyJTNBJTIyY29udGVudC13cmFwcGVyJTIyJTJDJTIycyUyMiUzQSUyMlVwZGF0aW5nJTIwdGhlJTIwR2l0LU1hc3RlcnklMjBBcHAlMjBBcyUyMCUyMiUyQyUyMmglMjIlM0EtNDU1MzAzNDY5JTdEJTVE' found in file '/Users/damithch/Repos/git-mastery/git-mastery.github.io/lessons/stage/exercise-staging-intervention.md'
2025-12-27T16:32:19.600Z - warn: You might have an invalid intra-link! Ignore this warning if it was intended.
'/companion-app/index.html?cv-focus=JTVCJTdCJTIydCUyMiUzQSUyMkRJViUyMiUyQyUyMmklMjIlM0EyMDAlMkMlMjJwJTIyJTNBJTIyY29udGVudC13cmFwcGVyJTIyJTJDJTIycyUyMiUzQSUyMkdpdC1NYXN0ZXJ5JTIwQXBwJTNBJTIwQ29tbWFuZHMlMjBDb21tYW4lMjIlMkMlMjJoJTIyJTNBMjM0Mjg3NjAzJTdEJTVE' found in file '/Users/damithch/Repos/git-mastery/git-mastery.github.io/lessons/stage/exercise-stage-fright.md'
2025-12-27T16:32:19.600Z - warn: You might have an invalid intra-link! Ignore this warning if it was intended.
'/companion-app/index.html?cv-focus=JTVCJTdCJTIydCUyMiUzQSUyMkRJViUyMiUyQyUyMmklMjIlM0EyMDIlMkMlMjJwJTIyJTNBJTIyY29udGVudC13cmFwcGVyJTIyJTJDJTIycyUyMiUzQSUyMlVwZGF0aW5nJTIwdGhlJTIwR2l0LU1hc3RlcnklMjBBcHAlMjBBcyUyMCUyMiUyQyUyMmglMjIlM0EtNDU1MzAzNDY5JTdEJTVE' found in file '/Users/damithch/Repos/git-mastery/git-mastery.github.io/lessons/stage/exercise-stage-fright.md'
2025-12-27T16:32:19.600Z - warn: You might have an invalid intra-link! Ignore this warning if it was intended.
'/companion-app/index.html?cv-focus=JTVCJTdCJTIydCUyMiUzQSUyMkRJViUyMiUyQyUyMmklMjIlM0EyMDAlMkMlMjJwJTIyJTNBJTIyY29udGVudC13cmFwcGVyJTIyJTJDJTIycyUyMiUzQSUyMkdpdC1NYXN0ZXJ5JTIwQXBwJTNBJTIwQ29tbWFuZHMlMjBDb21tYW4lMjIlMkMlMjJoJTIyJTNBMjM0Mjg3NjAzJTdEJTVE' found in file '/Users/damithch/Repos/git-mastery/git-mastery.github.io/lessons/show/exercise-view-commits.md'
2025-12-27T16:32:19.600Z - warn: You might have an invalid intra-link! Ignore this warning if it was intended.
'/companion-app/index.html?cv-focus=JTVCJTdCJTIydCUyMiUzQSUyMkRJViUyMiUyQyUyMmklMjIlM0EyMDIlMkMlMjJwJTIyJTNBJTIyY29udGVudC13cmFwcGVyJTIyJTJDJTIycyUyMiUzQSUyMlVwZGF0aW5nJTIwdGhlJTIwR2l0LU1hc3RlcnklMjBBcHAlMjBBcyUyMCUyMiUyQyUyMmglMjIlM0EtNDU1MzAzNDY5JTdEJTVE' found in file '/Users/damithch/Repos/git-mastery/git-mastery.github.io/lessons/show/exercise-view-commits.md'
2025-12-27T16:32:19.600Z - warn: You might have an invalid intra-link! Ignore this warning if it was intended.
'/companion-app/index.html?cv-focus=JTVCJTdCJTIydCUyMiUzQSUyMkRJViUyMiUyQyUyMmklMjIlM0EyMDAlMkMlMjJwJTIyJTNBJTIyY29udGVudC13cmFwcGVyJTIyJTJDJTIycyUyMiUzQSUyMkdpdC1NYXN0ZXJ5JTIwQXBwJTNBJTIwQ29tbWFuZHMlMjBDb21tYW4lMjIlMkMlMjJoJTIyJTNBMjM0Mjg3NjAzJTdEJTVE' found in file '/Users/damithch/Repos/git-mastery/git-mastery.github.io/lessons/setRemote/exercise-link-me.md'
2025-12-27T16:32:19.600Z - warn: You might have an invalid intra-link! Ignore this warning if it was intended.
'/companion-app/index.html?cv-focus=JTVCJTdCJTIydCUyMiUzQSUyMkRJViUyMiUyQyUyMmklMjIlM0EyMDIlMkMlMjJwJTIyJTNBJTIyY29udGVudC13cmFwcGVyJTIyJTJDJTIycyUyMiUzQSUyMlVwZGF0aW5nJTIwdGhlJTIwR2l0LU1hc3RlcnklMjBBcHAlMjBBcyUyMCUyMiUyQyUyMmglMjIlM0EtNDU1MzAzNDY5JTdEJTVE' found in file '/Users/damithch/Repos/git-mastery/git-mastery.github.io/lessons/setRemote/exercise-link-me.md'
2025-12-27T16:32:19.600Z - warn: You might have an invalid intra-link! Ignore this warning if it was intended.
'/companion-app/index.html?cv-focus=JTVCJTdCJTIydCUyMiUzQSUyMkRJViUyMiUyQyUyMmklMjIlM0EyMDAlMkMlMjJwJTIyJTNBJTIyY29udGVudC13cmFwcGVyJTIyJTJDJTIycyUyMiUzQSUyMkdpdC1NYXN0ZXJ5JTIwQXBwJTNBJTIwQ29tbWFuZHMlMjBDb21tYW4lMjIlMkMlMjJoJTIyJTNBMjM0Mjg3NjAzJTdEJTVE' found in file '/Users/damithch/Repos/git-mastery/git-mastery.github.io/lessons/revert/exercise-sensors-revert.md'
2025-12-27T16:32:19.600Z - warn: You might have an invalid intra-link! Ignore this warning if it was intended.
'/companion-app/index.html?cv-focus=JTVCJTdCJTIydCUyMiUzQSUyMkRJViUyMiUyQyUyMmklMjIlM0EyMDIlMkMlMjJwJTIyJTNBJTIyY29udGVudC13cmFwcGVyJTIyJTJDJTIycyUyMiUzQSUyMlVwZGF0aW5nJTIwdGhlJTIwR2l0LU1hc3RlcnklMjBBcHAlMjBBcyUyMCUyMiUyQyUyMmglMjIlM0EtNDU1MzAzNDY5JTdEJTVE' found in file '/Users/damithch/Repos/git-mastery/git-mastery.github.io/lessons/revert/exercise-sensors-revert.md'
2025-12-27T16:32:19.600Z - warn: You might have an invalid intra-link! Ignore this warning if it was intended.
'/companion-app/index.html?cv-focus=JTVCJTdCJTIydCUyMiUzQSUyMkRJViUyMiUyQyUyMmklMjIlM0EyMDAlMkMlMjJwJTIyJTNBJTIyY29udGVudC13cmFwcGVyJTIyJTJDJTIycyUyMiUzQSUyMkdpdC1NYXN0ZXJ5JTIwQXBwJTNBJTIwQ29tbWFuZHMlMjBDb21tYW4lMjIlMkMlMjJoJTIyJTNBMjM0Mjg3NjAzJTdEJTVE' found in file '/Users/damithch/Repos/git-mastery/git-mastery.github.io/lessons/reset/exercise-sensors-reset.md'
2025-12-27T16:32:19.600Z - warn: You might have an invalid intra-link! Ignore this warning if it was intended.
'/companion-app/index.html?cv-focus=JTVCJTdCJTIydCUyMiUzQSUyMkRJViUyMiUyQyUyMmklMjIlM0EyMDIlMkMlMjJwJTIyJTNBJTIyY29udGVudC13cmFwcGVyJTIyJTJDJTIycyUyMiUzQSUyMlVwZGF0aW5nJTIwdGhlJTIwR2l0LU1hc3RlcnklMjBBcHAlMjBBcyUyMCUyMiUyQyUyMmglMjIlM0EtNDU1MzAzNDY5JTdEJTVE' found in file '/Users/damithch/Repos/git-mastery/git-mastery.github.io/lessons/reset/exercise-sensors-reset.md'
2025-12-27T16:32:19.600Z - warn: You might have an invalid intra-link! Ignore this warning if it was intended.
'/companion-app/index.html?cv-focus=JTVCJTdCJTIydCUyMiUzQSUyMkRJViUyMiUyQyUyMmklMjIlM0EyMDAlMkMlMjJwJTIyJTNBJTIyY29udGVudC13cmFwcGVyJTIyJTJDJTIycyUyMiUzQSUyMkdpdC1NYXN0ZXJ5JTIwQXBwJTNBJTIwQ29tbWFuZHMlMjBDb21tYW4lMjIlMkMlMjJoJTIyJTNBMjM0Mjg3NjAzJTdEJTVE' found in file '/Users/damithch/Repos/git-mastery/git-mastery.github.io/lessons/remoteBranchRename/exercise-remote-branch-rename.md'
2025-12-27T16:32:19.601Z - warn: You might have an invalid intra-link! Ignore this warning if it was intended.
'/companion-app/index.html?cv-focus=JTVCJTdCJTIydCUyMiUzQSUyMkRJViUyMiUyQyUyMmklMjIlM0EyMDIlMkMlMjJwJTIyJTNBJTIyY29udGVudC13cmFwcGVyJTIyJTJDJTIycyUyMiUzQSUyMlVwZGF0aW5nJTIwdGhlJTIwR2l0LU1hc3RlcnklMjBBcHAlMjBBcyUyMCUyMiUyQyUyMmglMjIlM0EtNDU1MzAzNDY5JTdEJTVE' found in file '/Users/damithch/Repos/git-mastery/git-mastery.github.io/lessons/remoteBranchRename/exercise-remote-branch-rename.md'
2025-12-27T16:32:19.601Z - warn: You might have an invalid intra-link! Ignore this warning if it was intended.
'/companion-app/index.html?cv-focus=JTVCJTdCJTIydCUyMiUzQSUyMkRJViUyMiUyQyUyMmklMjIlM0EyMDAlMkMlMjJwJTIyJTNBJTIyY29udGVudC13cmFwcGVyJTIyJTJDJTIycyUyMiUzQSUyMkdpdC1NYXN0ZXJ5JTIwQXBwJTNBJTIwQ29tbWFuZHMlMjBDb21tYW4lMjIlMkMlMjJoJTIyJTNBMjM0Mjg3NjAzJTdEJTVE' found in file '/Users/damithch/Repos/git-mastery/git-mastery.github.io/lessons/push/exercise-push-over.md'
2025-12-27T16:32:19.601Z - warn: You might have an invalid intra-link! Ignore this warning if it was intended.
'/companion-app/index.html?cv-focus=JTVCJTdCJTIydCUyMiUzQSUyMkRJViUyMiUyQyUyMmklMjIlM0EyMDIlMkMlMjJwJTIyJTNBJTIyY29udGVudC13cmFwcGVyJTIyJTJDJTIycyUyMiUzQSUyMlVwZGF0aW5nJTIwdGhlJTIwR2l0LU1hc3RlcnklMjBBcHAlMjBBcyUyMCUyMiUyQyUyMmglMjIlM0EtNDU1MzAzNDY5JTdEJTVE' found in file '/Users/damithch/Repos/git-mastery/git-mastery.github.io/lessons/push/exercise-push-over.md'
2025-12-27T16:32:19.601Z - warn: You might have an invalid intra-link! Ignore this warning if it was intended.
'/companion-app/index.html?cv-focus=JTVCJTdCJTIydCUyMiUzQSUyMkRJViUyMiUyQyUyMmklMjIlM0EyMDAlMkMlMjJwJTIyJTNBJTIyY29udGVudC13cmFwcGVyJTIyJTJDJTIycyUyMiUzQSUyMkdpdC1NYXN0ZXJ5JTIwQXBwJTNBJTIwQ29tbWFuZHMlMjBDb21tYW4lMjIlMkMlMjJoJTIyJTNBMjM0Mjg3NjAzJTdEJTVE' found in file '/Users/damithch/Repos/git-mastery/git-mastery.github.io/lessons/pull/exercise-fetch-and-pull.md'
2025-12-27T16:32:19.601Z - warn: You might have an invalid intra-link! Ignore this warning if it was intended.
'/companion-app/index.html?cv-focus=JTVCJTdCJTIydCUyMiUzQSUyMkRJViUyMiUyQyUyMmklMjIlM0EyMDIlMkMlMjJwJTIyJTNBJTIyY29udGVudC13cmFwcGVyJTIyJTJDJTIycyUyMiUzQSUyMlVwZGF0aW5nJTIwdGhlJTIwR2l0LU1hc3RlcnklMjBBcHAlMjBBcyUyMCUyMiUyQyUyMmglMjIlM0EtNDU1MzAzNDY5JTdEJTVE' found in file '/Users/damithch/Repos/git-mastery/git-mastery.github.io/lessons/pull/exercise-fetch-and-pull.md'
2025-12-27T16:32:19.601Z - warn: You might have an invalid intra-link! Ignore this warning if it was intended.
'/companion-app/index.html?cv-focus=JTVCJTdCJTIydCUyMiUzQSUyMkRJViUyMiUyQyUyMmklMjIlM0EyMDAlMkMlMjJwJTIyJTNBJTIyY29udGVudC13cmFwcGVyJTIyJTJDJTIycyUyMiUzQSUyMkdpdC1NYXN0ZXJ5JTIwQXBwJTNBJTIwQ29tbWFuZHMlMjBDb21tYW4lMjIlMkMlMjJoJTIyJTNBMjM0Mjg3NjAzJTdEJTVE' found in file '/Users/damithch/Repos/git-mastery/git-mastery.github.io/lessons/mergeConflicts/exercise-conflict-mediator.md'
2025-12-27T16:32:19.601Z - warn: You might have an invalid intra-link! Ignore this warning if it was intended.
'/companion-app/index.html?cv-focus=JTVCJTdCJTIydCUyMiUzQSUyMkRJViUyMiUyQyUyMmklMjIlM0EyMDIlMkMlMjJwJTIyJTNBJTIyY29udGVudC13cmFwcGVyJTIyJTJDJTIycyUyMiUzQSUyMlVwZGF0aW5nJTIwdGhlJTIwR2l0LU1hc3RlcnklMjBBcHAlMjBBcyUyMCUyMiUyQyUyMmglMjIlM0EtNDU1MzAzNDY5JTdEJTVE' found in file '/Users/damithch/Repos/git-mastery/git-mastery.github.io/lessons/mergeConflicts/exercise-conflict-mediator.md'
2025-12-27T16:32:19.601Z - warn: You might have an invalid intra-link! Ignore this warning if it was intended.
'/companion-app/index.html?cv-focus=JTVCJTdCJTIydCUyMiUzQSUyMkRJViUyMiUyQyUyMmklMjIlM0EyMDAlMkMlMjJwJTIyJTNBJTIyY29udGVudC13cmFwcGVyJTIyJTJDJTIycyUyMiUzQSUyMkdpdC1NYXN0ZXJ5JTIwQXBwJTNBJTIwQ29tbWFuZHMlMjBDb21tYW4lMjIlMkMlMjJoJTIyJTNBMjM0Mjg3NjAzJTdEJTVE' found in file '/Users/damithch/Repos/git-mastery/git-mastery.github.io/lessons/merge/exercise-merge-undo.md'
2025-12-27T16:32:19.601Z - warn: You might have an invalid intra-link! Ignore this warning if it was intended.
'/companion-app/index.html?cv-focus=JTVCJTdCJTIydCUyMiUzQSUyMkRJViUyMiUyQyUyMmklMjIlM0EyMDIlMkMlMjJwJTIyJTNBJTIyY29udGVudC13cmFwcGVyJTIyJTJDJTIycyUyMiUzQSUyMlVwZGF0aW5nJTIwdGhlJTIwR2l0LU1hc3RlcnklMjBBcHAlMjBBcyUyMCUyMiUyQyUyMmglMjIlM0EtNDU1MzAzNDY5JTdEJTVE' found in file '/Users/damithch/Repos/git-mastery/git-mastery.github.io/lessons/merge/exercise-merge-undo.md'
2025-12-27T16:32:19.601Z - warn: You might have an invalid intra-link! Ignore this warning if it was intended.
'/companion-app/index.html?cv-focus=JTVCJTdCJTIydCUyMiUzQSUyMkRJViUyMiUyQyUyMmklMjIlM0EyMDAlMkMlMjJwJTIyJTNBJTIyY29udGVudC13cmFwcGVyJTIyJTJDJTIycyUyMiUzQSUyMkdpdC1NYXN0ZXJ5JTIwQXBwJTNBJTIwQ29tbWFuZHMlMjBDb21tYW4lMjIlMkMlMjJoJTIyJTNBMjM0Mjg3NjAzJTdEJTVE' found in file '/Users/damithch/Repos/git-mastery/git-mastery.github.io/lessons/merge/exercise-merge-squash.md'
2025-12-27T16:32:19.601Z - warn: You might have an invalid intra-link! Ignore this warning if it was intended.
'/companion-app/index.html?cv-focus=JTVCJTdCJTIydCUyMiUzQSUyMkRJViUyMiUyQyUyMmklMjIlM0EyMDIlMkMlMjJwJTIyJTNBJTIyY29udGVudC13cmFwcGVyJTIyJTJDJTIycyUyMiUzQSUyMlVwZGF0aW5nJTIwdGhlJTIwR2l0LU1hc3RlcnklMjBBcHAlMjBBcyUyMCUyMiUyQyUyMmglMjIlM0EtNDU1MzAzNDY5JTdEJTVE' found in file '/Users/damithch/Repos/git-mastery/git-mastery.github.io/lessons/merge/exercise-merge-squash.md'
2025-12-27T16:32:19.601Z - warn: You might have an invalid intra-link! Ignore this warning if it was intended.
'/companion-app/index.html?cv-focus=JTVCJTdCJTIydCUyMiUzQSUyMkRJViUyMiUyQyUyMmklMjIlM0EyMDAlMkMlMjJwJTIyJTNBJTIyY29udGVudC13cmFwcGVyJTIyJTJDJTIycyUyMiUzQSUyMkdpdC1NYXN0ZXJ5JTIwQXBwJTNBJTIwQ29tbWFuZHMlMjBDb21tYW4lMjIlMkMlMjJoJTIyJTNBMjM0Mjg3NjAzJTdEJTVE' found in file '/Users/damithch/Repos/git-mastery/git-mastery.github.io/lessons/merge/exercise-ff-undo.md'
2025-12-27T16:32:19.601Z - warn: You might have an invalid intra-link! Ignore this warning if it was intended.
'/companion-app/index.html?cv-focus=JTVCJTdCJTIydCUyMiUzQSUyMkRJViUyMiUyQyUyMmklMjIlM0EyMDIlMkMlMjJwJTIyJTNBJTIyY29udGVudC13cmFwcGVyJTIyJTJDJTIycyUyMiUzQSUyMlVwZGF0aW5nJTIwdGhlJTIwR2l0LU1hc3RlcnklMjBBcHAlMjBBcyUyMCUyMiUyQyUyMmglMjIlM0EtNDU1MzAzNDY5JTdEJTVE' found in file '/Users/damithch/Repos/git-mastery/git-mastery.github.io/lessons/merge/exercise-ff-undo.md'
2025-12-27T16:32:19.601Z - warn: You might have an invalid intra-link! Ignore this warning if it was intended.
'/companion-app/index.html?cv-focus=JTVCJTdCJTIydCUyMiUzQSUyMkRJViUyMiUyQyUyMmklMjIlM0EyMDAlMkMlMjJwJTIyJTNBJTIyY29udGVudC13cmFwcGVyJTIyJTJDJTIycyUyMiUzQSUyMkdpdC1NYXN0ZXJ5JTIwQXBwJTNBJTIwQ29tbWFuZHMlMjBDb21tYW4lMjIlMkMlMjJoJTIyJTNBMjM0Mjg3NjAzJTdEJTVE' found in file '/Users/damithch/Repos/git-mastery/git-mastery.github.io/lessons/merge/exercise-branch-forward.md'
2025-12-27T16:32:19.601Z - warn: You might have an invalid intra-link! Ignore this warning if it was intended.
'/companion-app/index.html?cv-focus=JTVCJTdCJTIydCUyMiUzQSUyMkRJViUyMiUyQyUyMmklMjIlM0EyMDIlMkMlMjJwJTIyJTNBJTIyY29udGVudC13cmFwcGVyJTIyJTJDJTIycyUyMiUzQSUyMlVwZGF0aW5nJTIwdGhlJTIwR2l0LU1hc3RlcnklMjBBcHAlMjBBcyUyMCUyMiUyQyUyMmglMjIlM0EtNDU1MzAzNDY5JTdEJTVE' found in file '/Users/damithch/Repos/git-mastery/git-mastery.github.io/lessons/merge/exercise-branch-forward.md'
2025-12-27T16:32:19.601Z - warn: You might have an invalid intra-link! Ignore this warning if it was intended.
'/companion-app/index.html?cv-focus=JTVCJTdCJTIydCUyMiUzQSUyMkRJViUyMiUyQyUyMmklMjIlM0EyMDAlMkMlMjJwJTIyJTNBJTIyY29udGVudC13cmFwcGVyJTIyJTJDJTIycyUyMiUzQSUyMkdpdC1NYXN0ZXJ5JTIwQXBwJTNBJTIwQ29tbWFuZHMlMjBDb21tYW4lMjIlMkMlMjJoJTIyJTNBMjM0Mjg3NjAzJTdEJTVE' found in file '/Users/damithch/Repos/git-mastery/git-mastery.github.io/lessons/merge/exercise-branch-bender.md'
2025-12-27T16:32:19.601Z - warn: You might have an invalid intra-link! Ignore this warning if it was intended.
'/companion-app/index.html?cv-focus=JTVCJTdCJTIydCUyMiUzQSUyMkRJViUyMiUyQyUyMmklMjIlM0EyMDIlMkMlMjJwJTIyJTNBJTIyY29udGVudC13cmFwcGVyJTIyJTJDJTIycyUyMiUzQSUyMlVwZGF0aW5nJTIwdGhlJTIwR2l0LU1hc3RlcnklMjBBcHAlMjBBcyUyMCUyMiUyQyUyMmglMjIlM0EtNDU1MzAzNDY5JTdEJTVE' found in file '/Users/damithch/Repos/git-mastery/git-mastery.github.io/lessons/merge/exercise-branch-bender.md'
2025-12-27T16:32:19.601Z - warn: You might have an invalid intra-link! Ignore this warning if it was intended.
'/companion-app/index.html?cv-focus=JTVCJTdCJTIydCUyMiUzQSUyMkRJViUyMiUyQyUyMmklMjIlM0EyMDAlMkMlMjJwJTIyJTNBJTIyY29udGVudC13cmFwcGVyJTIyJTJDJTIycyUyMiUzQSUyMkdpdC1NYXN0ZXJ5JTIwQXBwJTNBJTIwQ29tbWFuZHMlMjBDb21tYW4lMjIlMkMlMjJoJTIyJTNBMjM0Mjg3NjAzJTdEJTVE' found in file '/Users/damithch/Repos/git-mastery/git-mastery.github.io/lessons/log/exercise-log-and-order.md'
2025-12-27T16:32:19.601Z - warn: You might have an invalid intra-link! Ignore this warning if it was intended.
'/companion-app/index.html?cv-focus=JTVCJTdCJTIydCUyMiUzQSUyMkRJViUyMiUyQyUyMmklMjIlM0EyMDIlMkMlMjJwJTIyJTNBJTIyY29udGVudC13cmFwcGVyJTIyJTJDJTIycyUyMiUzQSUyMlVwZGF0aW5nJTIwdGhlJTIwR2l0LU1hc3RlcnklMjBBcHAlMjBBcyUyMCUyMiUyQyUyMmglMjIlM0EtNDU1MzAzNDY5JTdEJTVE' found in file '/Users/damithch/Repos/git-mastery/git-mastery.github.io/lessons/log/exercise-log-and-order.md'
2025-12-27T16:32:19.601Z - warn: You might have an invalid intra-link! Ignore this warning if it was intended.
'/companion-app/index.html?cv-focus=JTVCJTdCJTIydCUyMiUzQSUyMkRJViUyMiUyQyUyMmklMjIlM0EyMDAlMkMlMjJwJTIyJTNBJTIyY29udGVudC13cmFwcGVyJTIyJTJDJTIycyUyMiUzQSUyMkdpdC1NYXN0ZXJ5JTIwQXBwJTNBJTIwQ29tbWFuZHMlMjBDb21tYW4lMjIlMkMlMjJoJTIyJTNBMjM0Mjg3NjAzJTdEJTVE' found in file '/Users/damithch/Repos/git-mastery/git-mastery.github.io/lessons/init/exercise-undo-init.md'
2025-12-27T16:32:19.601Z - warn: You might have an invalid intra-link! Ignore this warning if it was intended.
'/companion-app/index.html?cv-focus=JTVCJTdCJTIydCUyMiUzQSUyMkRJViUyMiUyQyUyMmklMjIlM0EyMDIlMkMlMjJwJTIyJTNBJTIyY29udGVudC13cmFwcGVyJTIyJTJDJTIycyUyMiUzQSUyMlVwZGF0aW5nJTIwdGhlJTIwR2l0LU1hc3RlcnklMjBBcHAlMjBBcyUyMCUyMiUyQyUyMmglMjIlM0EtNDU1MzAzNDY5JTdEJTVE' found in file '/Users/damithch/Repos/git-mastery/git-mastery.github.io/lessons/init/exercise-undo-init.md'
2025-12-27T16:32:19.601Z - warn: You might have an invalid intra-link! Ignore this warning if it was intended.
'/companion-app/index.html?cv-focus=JTVCJTdCJTIydCUyMiUzQSUyMkRJViUyMiUyQyUyMmklMjIlM0EyMDAlMkMlMjJwJTIyJTNBJTIyY29udGVudC13cmFwcGVyJTIyJTJDJTIycyUyMiUzQSUyMkdpdC1NYXN0ZXJ5JTIwQXBwJTNBJTIwQ29tbWFuZHMlMjBDb21tYW4lMjIlMkMlMjJoJTIyJTNBMjM0Mjg3NjAzJTdEJTVE' found in file '/Users/damithch/Repos/git-mastery/git-mastery.github.io/lessons/ignore/exercise-ignoring-somethings.md'
2025-12-27T16:32:19.601Z - warn: You might have an invalid intra-link! Ignore this warning if it was intended.
'/companion-app/index.html?cv-focus=JTVCJTdCJTIydCUyMiUzQSUyMkRJViUyMiUyQyUyMmklMjIlM0EyMDIlMkMlMjJwJTIyJTNBJTIyY29udGVudC13cmFwcGVyJTIyJTJDJTIycyUyMiUzQSUyMlVwZGF0aW5nJTIwdGhlJTIwR2l0LU1hc3RlcnklMjBBcHAlMjBBcyUyMCUyMiUyQyUyMmglMjIlM0EtNDU1MzAzNDY5JTdEJTVE' found in file '/Users/damithch/Repos/git-mastery/git-mastery.github.io/lessons/ignore/exercise-ignoring-somethings.md'
2025-12-27T16:32:19.601Z - warn: You might have an invalid intra-link! Ignore this warning if it was intended.
'/companion-app/index.html?cv-focus=JTVCJTdCJTIydCUyMiUzQSUyMkRJViUyMiUyQyUyMmklMjIlM0EyMDAlMkMlMjJwJTIyJTNBJTIyY29udGVudC13cmFwcGVyJTIyJTJDJTIycyUyMiUzQSUyMkdpdC1NYXN0ZXJ5JTIwQXBwJTNBJTIwQ29tbWFuZHMlMjBDb21tYW4lMjIlMkMlMjJoJTIyJTNBMjM0Mjg3NjAzJTdEJTVE' found in file '/Users/damithch/Repos/git-mastery/git-mastery.github.io/lessons/fork/exercise-fork-repo.md'
2025-12-27T16:32:19.601Z - warn: You might have an invalid intra-link! Ignore this warning if it was intended.
'/companion-app/index.html?cv-focus=JTVCJTdCJTIydCUyMiUzQSUyMkRJViUyMiUyQyUyMmklMjIlM0EyMDIlMkMlMjJwJTIyJTNBJTIyY29udGVudC13cmFwcGVyJTIyJTJDJTIycyUyMiUzQSUyMlVwZGF0aW5nJTIwdGhlJTIwR2l0LU1hc3RlcnklMjBBcHAlMjBBcyUyMCUyMiUyQyUyMmglMjIlM0EtNDU1MzAzNDY5JTdEJTVE' found in file '/Users/damithch/Repos/git-mastery/git-mastery.github.io/lessons/fork/exercise-fork-repo.md'
2025-12-27T16:32:19.601Z - warn: You might have an invalid intra-link! Ignore this warning if it was intended.
'/companion-app/index.html?cv-focus=JTVCJTdCJTIydCUyMiUzQSUyMkRJViUyMiUyQyUyMmklMjIlM0EyMDAlMkMlMjJwJTIyJTNBJTIyY29udGVudC13cmFwcGVyJTIyJTJDJTIycyUyMiUzQSUyMkdpdC1NYXN0ZXJ5JTIwQXBwJTNBJTIwQ29tbWFuZHMlMjBDb21tYW4lMjIlMkMlMjJoJTIyJTNBMjM0Mjg3NjAzJTdEJTVE' found in file '/Users/damithch/Repos/git-mastery/git-mastery.github.io/lessons/diff/exercise-sensors-diff.md'
2025-12-27T16:32:19.601Z - warn: You might have an invalid intra-link! Ignore this warning if it was intended.
'/companion-app/index.html?cv-focus=JTVCJTdCJTIydCUyMiUzQSUyMkRJViUyMiUyQyUyMmklMjIlM0EyMDIlMkMlMjJwJTIyJTNBJTIyY29udGVudC13cmFwcGVyJTIyJTJDJTIycyUyMiUzQSUyMlVwZGF0aW5nJTIwdGhlJTIwR2l0LU1hc3RlcnklMjBBcHAlMjBBcyUyMCUyMiUyQyUyMmglMjIlM0EtNDU1MzAzNDY5JTdEJTVE' found in file '/Users/damithch/Repos/git-mastery/git-mastery.github.io/lessons/diff/exercise-sensors-diff.md'
2025-12-27T16:32:19.601Z - warn: You might have an invalid intra-link! Ignore this warning if it was intended.
'/companion-app/index.html?cv-focus=JTVCJTdCJTIydCUyMiUzQSUyMkRJViUyMiUyQyUyMmklMjIlM0EyMDAlMkMlMjJwJTIyJTNBJTIyY29udGVudC13cmFwcGVyJTIyJTJDJTIycyUyMiUzQSUyMkdpdC1NYXN0ZXJ5JTIwQXBwJTNBJTIwQ29tbWFuZHMlMjBDb21tYW4lMjIlMkMlMjJoJTIyJTNBMjM0Mjg3NjAzJTdEJTVE' found in file '/Users/damithch/Repos/git-mastery/git-mastery.github.io/lessons/createRemoteRepo/exercise-remote-control.md'
2025-12-27T16:32:19.601Z - warn: You might have an invalid intra-link! Ignore this warning if it was intended.
'/companion-app/index.html?cv-focus=JTVCJTdCJTIydCUyMiUzQSUyMkRJViUyMiUyQyUyMmklMjIlM0EyMDIlMkMlMjJwJTIyJTNBJTIyY29udGVudC13cmFwcGVyJTIyJTJDJTIycyUyMiUzQSUyMlVwZGF0aW5nJTIwdGhlJTIwR2l0LU1hc3RlcnklMjBBcHAlMjBBcyUyMCUyMiUyQyUyMmglMjIlM0EtNDU1MzAzNDY5JTdEJTVE' found in file '/Users/damithch/Repos/git-mastery/git-mastery.github.io/lessons/createRemoteRepo/exercise-remote-control.md'
2025-12-27T16:32:19.601Z - warn: You might have an invalid intra-link! Ignore this warning if it was intended.
'/companion-app/index.html?cv-focus=JTVCJTdCJTIydCUyMiUzQSUyMkRJViUyMiUyQyUyMmklMjIlM0EyMDAlMkMlMjJwJTIyJTNBJTIyY29udGVudC13cmFwcGVyJTIyJTJDJTIycyUyMiUzQSUyMkdpdC1NYXN0ZXJ5JTIwQXBwJTNBJTIwQ29tbWFuZHMlMjBDb21tYW4lMjIlMkMlMjJoJTIyJTNBMjM0Mjg3NjAzJTdEJTVE' found in file '/Users/damithch/Repos/git-mastery/git-mastery.github.io/lessons/commit/exercise-grocery-shopping.md'
2025-12-27T16:32:19.602Z - warn: You might have an invalid intra-link! Ignore this warning if it was intended.
'/companion-app/index.html?cv-focus=JTVCJTdCJTIydCUyMiUzQSUyMkRJViUyMiUyQyUyMmklMjIlM0EyMDIlMkMlMjJwJTIyJTNBJTIyY29udGVudC13cmFwcGVyJTIyJTJDJTIycyUyMiUzQSUyMlVwZGF0aW5nJTIwdGhlJTIwR2l0LU1hc3RlcnklMjBBcHAlMjBBcyUyMCUyMiUyQyUyMmglMjIlM0EtNDU1MzAzNDY5JTdEJTVE' found in file '/Users/damithch/Repos/git-mastery/git-mastery.github.io/lessons/commit/exercise-grocery-shopping.md'
2025-12-27T16:32:19.602Z - warn: You might have an invalid intra-link! Ignore this warning if it was intended.
'/companion-app/index.html?cv-focus=JTVCJTdCJTIydCUyMiUzQSUyMkRJViUyMiUyQyUyMmklMjIlM0EyMDAlMkMlMjJwJTIyJTNBJTIyY29udGVudC13cmFwcGVyJTIyJTJDJTIycyUyMiUzQSUyMkdpdC1NYXN0ZXJ5JTIwQXBwJTNBJTIwQ29tbWFuZHMlMjBDb21tYW4lMjIlMkMlMjJoJTIyJTNBMjM0Mjg3NjAzJTdEJTVE' found in file '/Users/damithch/Repos/git-mastery/git-mastery.github.io/lessons/clone/exercise-clone-repo.md'
2025-12-27T16:32:19.602Z - warn: You might have an invalid intra-link! Ignore this warning if it was intended.
'/companion-app/index.html?cv-focus=JTVCJTdCJTIydCUyMiUzQSUyMkRJViUyMiUyQyUyMmklMjIlM0EyMDIlMkMlMjJwJTIyJTNBJTIyY29udGVudC13cmFwcGVyJTIyJTJDJTIycyUyMiUzQSUyMlVwZGF0aW5nJTIwdGhlJTIwR2l0LU1hc3RlcnklMjBBcHAlMjBBcyUyMCUyMiUyQyUyMmglMjIlM0EtNDU1MzAzNDY5JTdEJTVE' found in file '/Users/damithch/Repos/git-mastery/git-mastery.github.io/lessons/clone/exercise-clone-repo.md'
2025-12-27T16:32:19.602Z - warn: You might have an invalid intra-link! Ignore this warning if it was intended.
'/companion-app/index.html?cv-focus=JTVCJTdCJTIydCUyMiUzQSUyMkRJViUyMiUyQyUyMmklMjIlM0EyMDAlMkMlMjJwJTIyJTNBJTIyY29udGVudC13cmFwcGVyJTIyJTJDJTIycyUyMiUzQSUyMkdpdC1NYXN0ZXJ5JTIwQXBwJTNBJTIwQ29tbWFuZHMlMjBDb21tYW4lMjIlMkMlMjJoJTIyJTNBMjM0Mjg3NjAzJTdEJTVE' found in file '/Users/damithch/Repos/git-mastery/git-mastery.github.io/lessons/checkout/exercise-sensors-checkout.md'
2025-12-27T16:32:19.602Z - warn: You might have an invalid intra-link! Ignore this warning if it was intended.
'/companion-app/index.html?cv-focus=JTVCJTdCJTIydCUyMiUzQSUyMkRJViUyMiUyQyUyMmklMjIlM0EyMDIlMkMlMjJwJTIyJTNBJTIyY29udGVudC13cmFwcGVyJTIyJTJDJTIycyUyMiUzQSUyMlVwZGF0aW5nJTIwdGhlJTIwR2l0LU1hc3RlcnklMjBBcHAlMjBBcyUyMCUyMiUyQyUyMmglMjIlM0EtNDU1MzAzNDY5JTdEJTVE' found in file '/Users/damithch/Repos/git-mastery/git-mastery.github.io/lessons/checkout/exercise-sensors-checkout.md'
2025-12-27T16:32:19.602Z - warn: You might have an invalid intra-link! Ignore this warning if it was intended.
'/companion-app/index.html?cv-focus=JTVCJTdCJTIydCUyMiUzQSUyMkRJViUyMiUyQyUyMmklMjIlM0EyMDAlMkMlMjJwJTIyJTNBJTIyY29udGVudC13cmFwcGVyJTIyJTJDJTIycyUyMiUzQSUyMkdpdC1NYXN0ZXJ5JTIwQXBwJTNBJTIwQ29tbWFuZHMlMjBDb21tYW4lMjIlMkMlMjJoJTIyJTNBMjM0Mjg3NjAzJTdEJTVE' found in file '/Users/damithch/Repos/git-mastery/git-mastery.github.io/lessons/branchRename/exercise-branch-rename.md'
2025-12-27T16:32:19.602Z - warn: You might have an invalid intra-link! Ignore this warning if it was intended.
'/companion-app/index.html?cv-focus=JTVCJTdCJTIydCUyMiUzQSUyMkRJViUyMiUyQyUyMmklMjIlM0EyMDIlMkMlMjJwJTIyJTNBJTIyY29udGVudC13cmFwcGVyJTIyJTJDJTIycyUyMiUzQSUyMlVwZGF0aW5nJTIwdGhlJTIwR2l0LU1hc3RlcnklMjBBcHAlMjBBcyUyMCUyMiUyQyUyMmglMjIlM0EtNDU1MzAzNDY5JTdEJTVE' found in file '/Users/damithch/Repos/git-mastery/git-mastery.github.io/lessons/branchRename/exercise-branch-rename.md'
2025-12-27T16:32:19.602Z - warn: You might have an invalid intra-link! Ignore this warning if it was intended.
'/companion-app/index.html?cv-focus=JTVCJTdCJTIydCUyMiUzQSUyMkRJViUyMiUyQyUyMmklMjIlM0EyMDAlMkMlMjJwJTIyJTNBJTIyY29udGVudC13cmFwcGVyJTIyJTJDJTIycyUyMiUzQSUyMkdpdC1NYXN0ZXJ5JTIwQXBwJTNBJTIwQ29tbWFuZHMlMjBDb21tYW4lMjIlMkMlMjJoJTIyJTNBMjM0Mjg3NjAzJTdEJTVE' found in file '/Users/damithch/Repos/git-mastery/git-mastery.github.io/lessons/branchDelete/exercise-mix-messy-graph.md'
2025-12-27T16:32:19.602Z - warn: You might have an invalid intra-link! Ignore this warning if it was intended.
'/companion-app/index.html?cv-focus=JTVCJTdCJTIydCUyMiUzQSUyMkRJViUyMiUyQyUyMmklMjIlM0EyMDIlMkMlMjJwJTIyJTNBJTIyY29udGVudC13cmFwcGVyJTIyJTJDJTIycyUyMiUzQSUyMlVwZGF0aW5nJTIwdGhlJTIwR2l0LU1hc3RlcnklMjBBcHAlMjBBcyUyMCUyMiUyQyUyMmglMjIlM0EtNDU1MzAzNDY5JTdEJTVE' found in file '/Users/damithch/Repos/git-mastery/git-mastery.github.io/lessons/branchDelete/exercise-mix-messy-graph.md'
2025-12-27T16:32:19.602Z - warn: You might have an invalid intra-link! Ignore this warning if it was intended.
'/companion-app/index.html?cv-focus=JTVCJTdCJTIydCUyMiUzQSUyMkRJViUyMiUyQyUyMmklMjIlM0EyMDAlMkMlMjJwJTIyJTNBJTIyY29udGVudC13cmFwcGVyJTIyJTJDJTIycyUyMiUzQSUyMkdpdC1NYXN0ZXJ5JTIwQXBwJTNBJTIwQ29tbWFuZHMlMjBDb21tYW4lMjIlMkMlMjJoJTIyJTNBMjM0Mjg3NjAzJTdEJTVE' found in file '/Users/damithch/Repos/git-mastery/git-mastery.github.io/lessons/branchDelete/exercise-mix-messy-docs.md'
2025-12-27T16:32:19.602Z - warn: You might have an invalid intra-link! Ignore this warning if it was intended.
'/companion-app/index.html?cv-focus=JTVCJTdCJTIydCUyMiUzQSUyMkRJViUyMiUyQyUyMmklMjIlM0EyMDIlMkMlMjJwJTIyJTNBJTIyY29udGVudC13cmFwcGVyJTIyJTJDJTIycyUyMiUzQSUyMlVwZGF0aW5nJTIwdGhlJTIwR2l0LU1hc3RlcnklMjBBcHAlMjBBcyUyMCUyMiUyQyUyMmglMjIlM0EtNDU1MzAzNDY5JTdEJTVE' found in file '/Users/damithch/Repos/git-mastery/git-mastery.github.io/lessons/branchDelete/exercise-mix-messy-docs.md'
2025-12-27T16:32:19.602Z - warn: You might have an invalid intra-link! Ignore this warning if it was intended.
'/companion-app/index.html?cv-focus=JTVCJTdCJTIydCUyMiUzQSUyMkRJViUyMiUyQyUyMmklMjIlM0EyMDAlMkMlMjJwJTIyJTNBJTIyY29udGVudC13cmFwcGVyJTIyJTJDJTIycyUyMiUzQSUyMkdpdC1NYXN0ZXJ5JTIwQXBwJTNBJTIwQ29tbWFuZHMlMjBDb21tYW4lMjIlMkMlMjJoJTIyJTNBMjM0Mjg3NjAzJTdEJTVE' found in file '/Users/damithch/Repos/git-mastery/git-mastery.github.io/lessons/branchDelete/exercise-branch-delete.md'
2025-12-27T16:32:19.602Z - warn: You might have an invalid intra-link! Ignore this warning if it was intended.
'/companion-app/index.html?cv-focus=JTVCJTdCJTIydCUyMiUzQSUyMkRJViUyMiUyQyUyMmklMjIlM0EyMDIlMkMlMjJwJTIyJTNBJTIyY29udGVudC13cmFwcGVyJTIyJTJDJTIycyUyMiUzQSUyMlVwZGF0aW5nJTIwdGhlJTIwR2l0LU1hc3RlcnklMjBBcHAlMjBBcyUyMCUyMiUyQyUyMmglMjIlM0EtNDU1MzAzNDY5JTdEJTVE' found in file '/Users/damithch/Repos/git-mastery/git-mastery.github.io/lessons/branchDelete/exercise-branch-delete.md'
2025-12-27T16:32:19.602Z - warn: You might have an invalid intra-link! Ignore this warning if it was intended.
'/companion-app/index.html?cv-focus=JTVCJTdCJTIydCUyMiUzQSUyMkRJViUyMiUyQyUyMmklMjIlM0EyMDAlMkMlMjJwJTIyJTNBJTIyY29udGVudC13cmFwcGVyJTIyJTJDJTIycyUyMiUzQSUyMkdpdC1NYXN0ZXJ5JTIwQXBwJTNBJTIwQ29tbWFuZHMlMjBDb21tYW4lMjIlMkMlMjJoJTIyJTNBMjM0Mjg3NjAzJTdEJTVE' found in file '/Users/damithch/Repos/git-mastery/git-mastery.github.io/lessons/branch/exercise-side-track.md'
2025-12-27T16:32:19.602Z - warn: You might have an invalid intra-link! Ignore this warning if it was intended.
'/companion-app/index.html?cv-focus=JTVCJTdCJTIydCUyMiUzQSUyMkRJViUyMiUyQyUyMmklMjIlM0EyMDIlMkMlMjJwJTIyJTNBJTIyY29udGVudC13cmFwcGVyJTIyJTJDJTIycyUyMiUzQSUyMlVwZGF0aW5nJTIwdGhlJTIwR2l0LU1hc3RlcnklMjBBcHAlMjBBcyUyMCUyMiUyQyUyMmglMjIlM0EtNDU1MzAzNDY5JTdEJTVE' found in file '/Users/damithch/Repos/git-mastery/git-mastery.github.io/lessons/branch/exercise-side-track.md'
2025-12-27T16:32:19.602Z - warn: You might have an invalid intra-link! Ignore this warning if it was intended.
'/companion-app/index.html?cv-focus=JTVCJTdCJTIydCUyMiUzQSUyMkRJViUyMiUyQyUyMmklMjIlM0EyMDAlMkMlMjJwJTIyJTNBJTIyY29udGVudC13cmFwcGVyJTIyJTJDJTIycyUyMiUzQSUyMkdpdC1NYXN0ZXJ5JTIwQXBwJTNBJTIwQ29tbWFuZHMlMjBDb21tYW4lMjIlMkMlMjJoJTIyJTNBMjM0Mjg3NjAzJTdEJTVE' found in file '/Users/damithch/Repos/git-mastery/git-mastery.github.io/lessons/branch/exercise-branch-previous.md'
2025-12-27T16:32:19.602Z - warn: You might have an invalid intra-link! Ignore this warning if it was intended.
'/companion-app/index.html?cv-focus=JTVCJTdCJTIydCUyMiUzQSUyMkRJViUyMiUyQyUyMmklMjIlM0EyMDIlMkMlMjJwJTIyJTNBJTIyY29udGVudC13cmFwcGVyJTIyJTJDJTIycyUyMiUzQSUyMlVwZGF0aW5nJTIwdGhlJTIwR2l0LU1hc3RlcnklMjBBcHAlMjBBcyUyMCUyMiUyQyUyMmglMjIlM0EtNDU1MzAzNDY5JTdEJTVE' found in file '/Users/damithch/Repos/git-mastery/git-mastery.github.io/lessons/branch/exercise-branch-previous.md'
2025-12-27T16:32:19.602Z - warn: You might have an invalid intra-link! Ignore this warning if it was intended.
'/companion-app/index.html?cv-focus=JTVCJTdCJTIydCUyMiUzQSUyMkRJViUyMiUyQyUyMmklMjIlM0EyMDAlMkMlMjJwJTIyJTNBJTIyY29udGVudC13cmFwcGVyJTIyJTJDJTIycyUyMiUzQSUyMkdpdC1NYXN0ZXJ5JTIwQXBwJTNBJTIwQ29tbWFuZHMlMjBDb21tYW4lMjIlMkMlMjJoJTIyJTNBMjM0Mjg3NjAzJTdEJTVE' found in file '/Users/damithch/Repos/git-mastery/git-mastery.github.io/lessons/branch/exercise-branch-compare.md'
2025-12-27T16:32:19.602Z - warn: You might have an invalid intra-link! Ignore this warning if it was intended.
'/companion-app/index.html?cv-focus=JTVCJTdCJTIydCUyMiUzQSUyMkRJViUyMiUyQyUyMmklMjIlM0EyMDIlMkMlMjJwJTIyJTNBJTIyY29udGVudC13cmFwcGVyJTIyJTJDJTIycyUyMiUzQSUyMlVwZGF0aW5nJTIwdGhlJTIwR2l0LU1hc3RlcnklMjBBcHAlMjBBcyUyMCUyMiUyQyUyMmglMjIlM0EtNDU1MzAzNDY5JTdEJTVE' found in file '/Users/damithch/Repos/git-mastery/git-mastery.github.io/lessons/branch/exercise-branch-compare.md'
2025-12-27T16:32:19.602Z - warn: You might have an invalid intra-link! Ignore this warning if it was intended.
'/lessons/prsCreate/' found in file '/Users/damithch/Repos/git-mastery/git-mastery.github.io/_markbind/layouts/lessons.md'
2025-12-27T16:32:19.603Z - warn: You might have an invalid intra-link! Ignore this warning if it was intended.
'/lessons/prsCreate/index.html' found in file '/Users/damithch/Repos/git-mastery/git-mastery.github.io/lessons/trail/text.md'
2025-12-27T16:32:19.603Z - warn: You might have an invalid intra-link! Ignore this warning if it was intended.
'/lessons/branch/images/listRemoteBranches.png' found in file '/Users/damithch/Repos/git-mastery/git-mastery.github.io/lessons/remoteBranches/sourcetree_4.md'
2025-12-27T16:32:19.604Z - info: Pages built
2025-12-27T16:32:19.678Z - info: Site data built
2025-12-27T16:32:19.678Z - info: Website generation complete! Total build time: 9.119s
2025-12-27T16:32:19.698Z - info: Serving "/Users/damithch/Repos/git-mastery/git-mastery.github.io/_site" at http://127.0.0.1:8080
2025-12-27T16:32:19.698Z - info: Press CTRL+C to stop ...
2025-12-27T16:34:17.676Z - info: Website generation started at 00:34:17
2025-12-27T16:34:17.791Z - info: Building assets...
