2025-12-23T06:17:35.466Z - info: Website generation started at 14:17:35
2025-12-23T06:17:35.646Z - info: Building assets...
2025-12-23T06:17:35.923Z - info: Assets built
2025-12-23T06:17:35.924Z - info: Generating pages...
2025-12-23T06:17:42.014Z - warn: You might have an invalid hash for intra-link! Ignore this warning if it was intended.'
  /lessons/commit#stagingFileDeletions' found in file '/Users/damithch/Repos/git-mastery/git-mastery.github.io/lessons/stage/text.md'
2025-12-23T06:17:42.014Z - warn: You might have an invalid hash for intra-link! Ignore this warning if it was intended.'
  /lessons/interactiveRebase#updateLastCommit' found in file '/Users/damithch/Repos/git-mastery/git-mastery.github.io/lessons/commit/text.md'
2025-12-23T06:17:42.014Z - warn: You might have an invalid hash for intra-link! Ignore this warning if it was intended.'
  /lessons/reset#resetUncommitedChanges' found in file '/Users/damithch/Repos/git-mastery/git-mastery.github.io/lessons/commit/text.md'
2025-12-23T06:17:42.014Z - warn: You might have an invalid hash for intra-link! Ignore this warning if it was intended.'
  /lessons/reset#undoRecentCommits' found in file '/Users/damithch/Repos/git-mastery/git-mastery.github.io/lessons/commit/text.md'
2025-12-23T06:17:42.014Z - warn: You might have an invalid hash for intra-link! Ignore this warning if it was intended.'
  /lessons/stage#unstagingChanges' found in file '/Users/damithch/Repos/git-mastery/git-mastery.github.io/lessons/commit/steps-stage-deletion-fragment.md'
2025-12-23T06:17:42.015Z - warn: You might have an invalid hash for intra-link! Ignore this warning if it was intended.'
  /lessons/interactiveRebase#updateLastCommit' found in file '/Users/damithch/Repos/git-mastery/git-mastery.github.io/lessons/reset/text.md'
2025-12-23T06:17:42.017Z - warn: You might have an invalid intra-link! Ignore this warning if it was intended.
'/lessons/branch/images/listRemoteBranches.png' found in file '/Users/damithch/Repos/git-mastery/git-mastery.github.io/lessons/remoteBranches/sourcetree_4.md'
2025-12-23T06:17:42.019Z - info: Pages built
2025-12-23T06:17:42.086Z - info: Site data built
2025-12-23T06:17:42.086Z - info: Website generation complete! Total build time: 6.849s
2025-12-23T06:17:42.086Z - info: Build success!
2025-12-23T06:17:49.727Z - info: The website has been deployed at: https://git-mastery.github.io/git-mastery.github.io
