2026-04-14T18:13:14.581Z - [32minfo[39m: Website generation (lazy) started at 02:13:14
2026-04-14T18:13:14.791Z - [32minfo[39m: Building assets...
2026-04-14T18:13:14.869Z - [32minfo[39m: Assets built
2026-04-14T18:13:14.870Z - [32minfo[39m: Generating landing page...
2026-04-14T18:13:14.939Z - [36mverbose[39m: Rendering page: /Users/damithch/Repos/git-mastery/git-mastery.github.io/index.md
2026-04-14T18:13:14.956Z - [32minfo[39m: Landing page built, other pages will be built as you navigate to them!
2026-04-14T18:13:15.031Z - [32minfo[39m: Site data built
2026-04-14T18:13:15.031Z - [32minfo[39m: Website generation (lazy) complete! Total build time: 0.549s
2026-04-14T18:13:15.042Z - [32minfo[39m: Serving "/Users/damithch/Repos/git-mastery/git-mastery.github.io/_site" at http://127.0.0.1:8080
2026-04-14T18:13:15.042Z - [32minfo[39m: Press CTRL+C to stop ...
2026-04-14T18:17:14.150Z - [32minfo[39m: Website generation (lazy) started at 02:17:14
2026-04-14T18:17:14.241Z - [32minfo[39m: Building assets...
2026-04-14T18:17:14.316Z - [32minfo[39m: Assets built
2026-04-14T18:17:14.317Z - [32minfo[39m: Generating landing page...
2026-04-14T18:17:14.389Z - [36mverbose[39m: Rendering page: /Users/damithch/Repos/git-mastery/git-mastery.github.io/index.md
2026-04-14T18:17:14.407Z - [32minfo[39m: Landing page built, other pages will be built as you navigate to them!
2026-04-14T18:17:14.477Z - [32minfo[39m: Site data built
2026-04-14T18:17:14.477Z - [32minfo[39m: Website generation (lazy) complete! Total build time: 0.408s
2026-04-14T18:17:14.487Z - [32minfo[39m: Serving "/Users/damithch/Repos/git-mastery/git-mastery.github.io/_site" at http://127.0.0.1:8080
2026-04-14T18:17:14.487Z - [32minfo[39m: Press CTRL+C to stop ...
2026-04-14T18:17:30.661Z - [32minfo[39m: Building /Users/damithch/Repos/git-mastery/git-mastery.github.io/lessons/index as some of its dependencies were changed since the last visit
2026-04-14T18:17:31.063Z - [36mverbose[39m: Rendering page: /Users/damithch/Repos/git-mastery/git-mastery.github.io/lessons/index.md
2026-04-14T18:17:31.082Z - [32minfo[39m: Site data built
2026-04-14T18:17:31.082Z - [32minfo[39m: Lazy website regeneration complete! Total build time: 0.421s
2026-04-14T18:26:54.134Z - [32minfo[39m: [02:26:54] Reload for file change: /Users/damithch/Repos/git-mastery/git-mastery.github.io/custardui.config.json
2026-04-14T18:26:54.138Z - [32minfo[39m: Synchronizing opened pages list before reload
2026-04-14T18:26:54.141Z - [32minfo[39m: Current opened pages, from most-to-least recent:
2026-04-14T18:26:54.142Z - [32minfo[39m: 1. lessons/index
2026-04-14T18:26:55.153Z - [32minfo[39m: Assets built
2026-04-14T18:34:48.885Z - [32minfo[39m: [02:34:48] Reload for file change: /Users/damithch/Repos/git-mastery/git-mastery.github.io/custardui.config.json
2026-04-14T18:34:48.888Z - [32minfo[39m: Synchronizing opened pages list before reload
2026-04-14T18:34:48.889Z - [32minfo[39m: Current opened pages, from most-to-least recent:
2026-04-14T18:34:48.889Z - [32minfo[39m: 1. lessons/index
2026-04-14T18:34:48.889Z - [32minfo[39m: 2. index
2026-04-14T18:34:49.896Z - [32minfo[39m: Assets built
2026-04-14T18:35:55.068Z - [32minfo[39m: Building /Users/damithch/Repos/git-mastery/git-mastery.github.io/lessons/remoteRepos/index as some of its dependencies were changed since the last visit
2026-04-14T18:35:55.162Z - [36mverbose[39m: Rendering page: /Users/damithch/Repos/git-mastery/git-mastery.github.io/lessons/remoteRepos/index.md
2026-04-14T18:35:55.182Z - [32minfo[39m: Site data built
2026-04-14T18:35:55.182Z - [32minfo[39m: Lazy website regeneration complete! Total build time: 0.115s
2026-04-14T18:39:34.657Z - [32minfo[39m: [02:39:34] Reload for file change: /Users/damithch/Repos/git-mastery/git-mastery.github.io/nus-cs2103-ay2526s2/nus-cs2103-ay2526s2.json
2026-04-14T18:39:34.663Z - [32minfo[39m: Synchronizing opened pages list before reload
2026-04-14T18:39:34.668Z - [32minfo[39m: Current opened pages, from most-to-least recent:
2026-04-14T18:39:34.668Z - [32minfo[39m: 1. lessons/index
2026-04-14T18:39:35.677Z - [32minfo[39m: Assets built
2026-04-14T18:41:28.844Z - [32minfo[39m: [02:41:28] Reload for file change: /Users/damithch/Repos/git-mastery/git-mastery.github.io/custardui.config.json
2026-04-14T18:41:28.845Z - [32minfo[39m: Synchronizing opened pages list before reload
2026-04-14T18:41:28.846Z - [32minfo[39m: Current opened pages, from most-to-least recent:
2026-04-14T18:41:28.846Z - [32minfo[39m: 1. lessons/index
2026-04-14T18:41:29.857Z - [32minfo[39m: Assets built
2026-04-14T18:42:40.785Z - [32minfo[39m: [02:42:40] Reload for file add: /Users/damithch/Repos/git-mastery/git-mastery.github.io/nus-cs2103-ay2526s2/nus-cs2113-ay2526s2.json
2026-04-14T18:42:40.787Z - [32minfo[39m: Synchronizing opened pages list before reload
2026-04-14T18:42:40.788Z - [32minfo[39m: Current opened pages, from most-to-least recent:
2026-04-14T18:42:40.789Z - [32minfo[39m: 1. lessons/index
2026-04-14T18:42:41.886Z - [32minfo[39m: Assets built
2026-04-14T18:44:20.938Z - [32minfo[39m: [02:44:20] Reload for file change: /Users/damithch/Repos/git-mastery/git-mastery.github.io/nus-cs2103-ay2526s2/nus-cs2113-ay2526s2.json
2026-04-14T18:44:20.939Z - [32minfo[39m: Synchronizing opened pages list before reload
2026-04-14T18:44:20.941Z - [32minfo[39m: Current opened pages, from most-to-least recent:
2026-04-14T18:44:20.941Z - [32minfo[39m: 1. lessons/index
2026-04-14T18:44:21.945Z - [32minfo[39m: Assets built
2026-04-14T18:44:53.115Z - [32minfo[39m: Website generation (lazy) started at 02:44:53
2026-04-14T18:44:53.200Z - [32minfo[39m: Building assets...
2026-04-14T18:44:53.275Z - [32minfo[39m: Assets built
2026-04-14T18:44:53.276Z - [32minfo[39m: Generating landing page...
2026-04-14T18:44:53.347Z - [36mverbose[39m: Rendering page: /Users/damithch/Repos/git-mastery/git-mastery.github.io/index.md
2026-04-14T18:44:53.366Z - [32minfo[39m: Landing page built, other pages will be built as you navigate to them!
2026-04-14T18:44:53.437Z - [32minfo[39m: Site data built
2026-04-14T18:44:53.437Z - [32minfo[39m: Website generation (lazy) complete! Total build time: 0.386s
2026-04-14T18:44:53.447Z - [32minfo[39m: Serving "/Users/damithch/Repos/git-mastery/git-mastery.github.io/_site" at http://127.0.0.1:8080
2026-04-14T18:44:53.447Z - [32minfo[39m: Press CTRL+C to stop ...
2026-04-14T18:48:03.845Z - [32minfo[39m: [02:48:03] Reload for file deletion: /Users/damithch/Repos/git-mastery/git-mastery.github.io/nus-cs2103-ay2526s2/nus-cs2113-ay2526s2.json
2026-04-14T18:48:03.846Z - [32minfo[39m: Synchronizing opened pages list before reload
2026-04-14T18:48:03.847Z - [32minfo[39m: Current opened pages, from most-to-least recent:
2026-04-14T18:48:03.847Z - [32minfo[39m: 1. index
2026-04-14T18:48:03.915Z - [32minfo[39m: [02:48:03] Reload for file add: /Users/damithch/Repos/git-mastery/git-mastery.github.io/nus-cs2113-ay2526s2/nus-cs2113-ay2526s2.json
2026-04-14T18:48:03.915Z - [32minfo[39m: Synchronizing opened pages list before reload
2026-04-14T18:48:03.915Z - [32minfo[39m: Current opened pages, from most-to-least recent:
2026-04-14T18:48:03.915Z - [32minfo[39m: 1. index
2026-04-14T18:48:04.920Z - [34mdebug[39m: Assets removed
2026-04-14T18:48:04.958Z - [32minfo[39m: Assets built
2026-04-14T18:52:21.127Z - [32minfo[39m: [02:52:21] Reload for file change: /Users/damithch/Repos/git-mastery/git-mastery.github.io/nus-cs2103-ay2526s2/nus-cs2103-ay2526s2.json
2026-04-14T18:52:21.128Z - [32minfo[39m: Synchronizing opened pages list before reload
2026-04-14T18:52:21.129Z - [32minfo[39m: Current opened pages, from most-to-least recent:
2026-04-14T18:52:21.129Z - [32minfo[39m: 1. index
2026-04-14T18:52:21.191Z - [32minfo[39m: [02:52:21] Reload for file change: /Users/damithch/Repos/git-mastery/git-mastery.github.io/nus-cs2113-ay2526s2/nus-cs2113-ay2526s2.json
2026-04-14T18:52:21.192Z - [32minfo[39m: Synchronizing opened pages list before reload
2026-04-14T18:52:21.192Z - [32minfo[39m: Current opened pages, from most-to-least recent:
2026-04-14T18:52:21.192Z - [32minfo[39m: 1. index
2026-04-14T18:52:21.217Z - [32minfo[39m: [02:52:21] Reload for file change: /Users/damithch/Repos/git-mastery/git-mastery.github.io/_markbind/layouts/navbar.md
2026-04-14T18:52:21.218Z - [32minfo[39m: Synchronizing opened pages list before reload
2026-04-14T18:52:21.218Z - [32minfo[39m: Current opened pages, from most-to-least recent:
2026-04-14T18:52:21.219Z - [32minfo[39m: 1. index
2026-04-14T18:52:22.155Z - [32minfo[39m: Assets built
2026-04-14T18:52:22.277Z - [32minfo[39m: Rebuilding 1 pages
2026-04-14T18:52:22.335Z - [36mverbose[39m: Rendering page: /Users/damithch/Repos/git-mastery/git-mastery.github.io/index.md
2026-04-14T18:52:22.343Z - [32minfo[39m: Site data built
2026-04-14T18:52:22.343Z - [32minfo[39m: Pages rebuilt
2026-04-14T18:52:22.343Z - [32minfo[39m: Website regeneration complete! Total build time: 0.077s
2026-04-14T18:52:56.033Z - [32minfo[39m: [02:52:56] Reload for file change: /Users/damithch/Repos/git-mastery/git-mastery.github.io/_markbind/layouts/navbar.md
2026-04-14T18:52:56.035Z - [32minfo[39m: Synchronizing opened pages list before reload
2026-04-14T18:52:56.038Z - [32minfo[39m: Current opened pages, from most-to-least recent:
2026-04-14T18:52:56.039Z - [32minfo[39m: 1. index
2026-04-14T18:52:57.061Z - [32minfo[39m: Rebuilding 1 pages
2026-04-14T18:52:57.113Z - [36mverbose[39m: Rendering page: /Users/damithch/Repos/git-mastery/git-mastery.github.io/index.md
2026-04-14T18:52:57.123Z - [32minfo[39m: Site data built
2026-04-14T18:52:57.124Z - [32minfo[39m: Pages rebuilt
2026-04-14T18:52:57.124Z - [32minfo[39m: Website regeneration complete! Total build time: 0.063s
2026-04-14T18:53:22.779Z - [32minfo[39m: [02:53:22] Reload for file change: /Users/damithch/Repos/git-mastery/git-mastery.github.io/nus-cs2103-ay2526s2/nus-cs2103-ay2526s2.json
2026-04-14T18:53:22.783Z - [32minfo[39m: Synchronizing opened pages list before reload
2026-04-14T18:53:22.784Z - [32minfo[39m: Current opened pages, from most-to-least recent:
2026-04-14T18:53:22.784Z - [32minfo[39m: 1. index
2026-04-14T18:53:22.784Z - [32minfo[39m: [02:53:22] Reload for file change: /Users/damithch/Repos/git-mastery/git-mastery.github.io/nus-cs2113-ay2526s2/nus-cs2113-ay2526s2.json
2026-04-14T18:53:22.785Z - [32minfo[39m: Synchronizing opened pages list before reload
2026-04-14T18:53:22.785Z - [32minfo[39m: Current opened pages, from most-to-least recent:
2026-04-14T18:53:22.785Z - [32minfo[39m: 1. index
2026-04-14T18:53:23.798Z - [32minfo[39m: Assets built
2026-04-14T18:54:15.599Z - [32minfo[39m: [02:54:15] Reload for file change: /Users/damithch/Repos/git-mastery/git-mastery.github.io/_markbind/plugins/custardui.js
2026-04-14T18:54:15.601Z - [32minfo[39m: Synchronizing opened pages list before reload
2026-04-14T18:54:15.602Z - [32minfo[39m: Current opened pages, from most-to-least recent:
2026-04-14T18:54:15.603Z - [32minfo[39m: 1. index
2026-04-14T18:54:16.609Z - [32minfo[39m: Assets built
2026-04-14T18:54:50.625Z - [32minfo[39m: Website generation (lazy) started at 02:54:50
2026-04-14T18:54:50.709Z - [32minfo[39m: Building assets...
2026-04-14T18:54:50.787Z - [32minfo[39m: Assets built
2026-04-14T18:54:50.787Z - [32minfo[39m: Generating landing page...
2026-04-14T18:54:50.856Z - [36mverbose[39m: Rendering page: /Users/damithch/Repos/git-mastery/git-mastery.github.io/index.md
2026-04-14T18:54:50.876Z - [32minfo[39m: Landing page built, other pages will be built as you navigate to them!
2026-04-14T18:54:50.948Z - [32minfo[39m: Site data built
2026-04-14T18:54:50.949Z - [32minfo[39m: Website generation (lazy) complete! Total build time: 0.39s
2026-04-14T18:54:50.959Z - [32minfo[39m: Serving "/Users/damithch/Repos/git-mastery/git-mastery.github.io/_site" at http://127.0.0.1:8080
2026-04-14T18:54:50.959Z - [32minfo[39m: Press CTRL+C to stop ...
2026-04-14T18:57:47.324Z - [32minfo[39m: Website generation started at 02:57:47
2026-04-14T18:57:47.395Z - [32minfo[39m: Building assets...
2026-04-14T18:57:47.475Z - [32minfo[39m: Assets built
2026-04-14T18:57:47.476Z - [32minfo[39m: Generating pages...
2026-04-14T18:57:47.972Z - [36mverbose[39m: Rendering page: /Users/damithch/Repos/git-mastery/git-mastery.github.io/faq/index.md
2026-04-14T18:57:47.982Z - [36mverbose[39m: Rendering page: /Users/damithch/Repos/git-mastery/git-mastery.github.io/exercises-directory/index.md
2026-04-14T18:57:48.009Z - [36mverbose[39m: Rendering page: /Users/damithch/Repos/git-mastery/git-mastery.github.io/about/index.md
2026-04-14T18:57:48.011Z - [36mverbose[39m: Rendering page: /Users/damithch/Repos/git-mastery/git-mastery.github.io/companion-app/index.md
2026-04-14T18:57:50.547Z - [36mverbose[39m: Rendering page: /Users/damithch/Repos/git-mastery/git-mastery.github.io/lessons/tag/exercise-tags-update.md
2026-04-14T18:57:50.553Z - [36mverbose[39m: Rendering page: /Users/damithch/Repos/git-mastery/git-mastery.github.io/lessons/trail/all.md
2026-04-14T18:57:50.794Z - [36mverbose[39m: Rendering page: /Users/damithch/Repos/git-mastery/git-mastery.github.io/lessons/tag/exercise-tags-push.md
2026-04-14T18:57:50.813Z - [36mverbose[39m: Rendering page: /Users/damithch/Repos/git-mastery/git-mastery.github.io/lessons/tag/exercise-tags-add.md
2026-04-14T18:57:50.864Z - [36mverbose[39m: Rendering page: /Users/damithch/Repos/git-mastery/git-mastery.github.io/lessons/stage/exercise-staging-intervention.md
2026-04-14T18:57:50.874Z - [36mverbose[39m: Rendering page: /Users/damithch/Repos/git-mastery/git-mastery.github.io/lessons/stage/exercise-stage-fright.md
2026-04-14T18:57:50.885Z - [36mverbose[39m: Rendering page: /Users/damithch/Repos/git-mastery/git-mastery.github.io/lessons/show/exercise-view-commits.md
2026-04-14T18:57:50.886Z - [36mverbose[39m: Rendering page: /Users/damithch/Repos/git-mastery/git-mastery.github.io/lessons/setRemote/exercise-link-me.md
2026-04-14T18:57:50.912Z - [36mverbose[39m: Rendering page: /Users/damithch/Repos/git-mastery/git-mastery.github.io/lessons/revert/exercise-sensors-revert.md
2026-04-14T18:57:50.914Z - [36mverbose[39m: Rendering page: /Users/damithch/Repos/git-mastery/git-mastery.github.io/lessons/reset/exercise-sensors-reset.md
2026-04-14T18:57:50.915Z - [36mverbose[39m: Rendering page: /Users/damithch/Repos/git-mastery/git-mastery.github.io/lessons/remoteBranchRename/exercise-remote-branch-rename.md
2026-04-14T18:57:50.923Z - [36mverbose[39m: Rendering page: /Users/damithch/Repos/git-mastery/git-mastery.github.io/lessons/remoteBranchRename/exercise-glossary-branch-rename.md
2026-04-14T18:57:50.941Z - [36mverbose[39m: Rendering page: /Users/damithch/Repos/git-mastery/git-mastery.github.io/lessons/remoteBranchPush/exercise-glossary-branch-push.md
2026-04-14T18:57:50.950Z - [36mverbose[39m: Rendering page: /Users/damithch/Repos/git-mastery/git-mastery.github.io/lessons/remoteBranchPull/exercise-glossary-branch-pull.md
2026-04-14T18:57:50.951Z - [36mverbose[39m: Rendering page: /Users/damithch/Repos/git-mastery/git-mastery.github.io/lessons/remoteBranchDelete/exercise-glossary-branch-delete.md
2026-04-14T18:57:50.959Z - [36mverbose[39m: Rendering page: /Users/damithch/Repos/git-mastery/git-mastery.github.io/lessons/push/exercise-push-over.md
2026-04-14T18:57:50.977Z - [36mverbose[39m: Rendering page: /Users/damithch/Repos/git-mastery/git-mastery.github.io/lessons/pull/exercise-fetch-and-pull.md
2026-04-14T18:57:50.988Z - [36mverbose[39m: Rendering page: /Users/damithch/Repos/git-mastery/git-mastery.github.io/lessons/merge/exercise-merge-undo.md
2026-04-14T18:57:50.990Z - [36mverbose[39m: Rendering page: /Users/damithch/Repos/git-mastery/git-mastery.github.io/lessons/mergeConflicts/exercise-conflict-mediator.md
2026-04-14T18:57:51.002Z - [36mverbose[39m: Rendering page: /Users/damithch/Repos/git-mastery/git-mastery.github.io/lessons/prsCreate/exercise-create-pr-from-main.md
2026-04-14T18:57:51.005Z - [36mverbose[39m: Rendering page: /Users/damithch/Repos/git-mastery/git-mastery.github.io/lessons/merge/exercise-merge-squash.md
2026-04-14T18:57:51.033Z - [36mverbose[39m: Rendering page: /Users/damithch/Repos/git-mastery/git-mastery.github.io/lessons/merge/exercise-branch-forward.md
2026-04-14T18:57:51.035Z - [36mverbose[39m: Rendering page: /Users/damithch/Repos/git-mastery/git-mastery.github.io/lessons/merge/exercise-ff-undo.md
2026-04-14T18:57:51.037Z - [36mverbose[39m: Rendering page: /Users/damithch/Repos/git-mastery/git-mastery.github.io/lessons/merge/exercise-branch-compare.md
2026-04-14T18:57:51.038Z - [36mverbose[39m: Rendering page: /Users/damithch/Repos/git-mastery/git-mastery.github.io/lessons/merge/exercise-branch-bender.md
2026-04-14T18:57:51.056Z - [36mverbose[39m: Rendering page: /Users/damithch/Repos/git-mastery/git-mastery.github.io/lessons/init/exercise-undo-init.md
2026-04-14T18:57:51.058Z - [36mverbose[39m: Rendering page: /Users/damithch/Repos/git-mastery/git-mastery.github.io/lessons/log/exercise-log-and-order.md
2026-04-14T18:57:51.066Z - [36mverbose[39m: Rendering page: /Users/damithch/Repos/git-mastery/git-mastery.github.io/lessons/init/exercise-under-control.md
2026-04-14T18:57:51.073Z - [36mverbose[39m: Rendering page: /Users/damithch/Repos/git-mastery/git-mastery.github.io/lessons/ignore/exercise-ignoring-somethings.md
2026-04-14T18:57:51.087Z - [36mverbose[39m: Rendering page: /Users/damithch/Repos/git-mastery/git-mastery.github.io/lessons/fork/exercise-fork-repo.md
2026-04-14T18:57:51.089Z - [36mverbose[39m: Rendering page: /Users/damithch/Repos/git-mastery/git-mastery.github.io/lessons/diff/exercise-sensors-diff.md
2026-04-14T18:57:51.097Z - [36mverbose[39m: Rendering page: /Users/damithch/Repos/git-mastery/git-mastery.github.io/lessons/createRemoteRepo/exercise-remote-control.md
2026-04-14T18:57:51.115Z - [36mverbose[39m: Rendering page: /Users/damithch/Repos/git-mastery/git-mastery.github.io/lessons/commit/exercise-grocery-shopping.md
2026-04-14T18:57:51.125Z - [36mverbose[39m: Rendering page: /Users/damithch/Repos/git-mastery/git-mastery.github.io/lessons/checkout/exercise-sensors-checkout.md
2026-04-14T18:57:51.127Z - [36mverbose[39m: Rendering page: /Users/damithch/Repos/git-mastery/git-mastery.github.io/lessons/clone/exercise-clone-repo.md
2026-04-14T18:57:51.138Z - [36mverbose[39m: Rendering page: /Users/damithch/Repos/git-mastery/git-mastery.github.io/lessons/branchRename/exercise-branch-rename.md
2026-04-14T18:57:51.157Z - [36mverbose[39m: Rendering page: /Users/damithch/Repos/git-mastery/git-mastery.github.io/lessons/branchDelete/exercise-mix-messy-graph.md
2026-04-14T18:57:51.170Z - [36mverbose[39m: Rendering page: /Users/damithch/Repos/git-mastery/git-mastery.github.io/lessons/branchDelete/exercise-branch-delete.md
2026-04-14T18:57:51.172Z - [36mverbose[39m: Rendering page: /Users/damithch/Repos/git-mastery/git-mastery.github.io/lessons/branchDelete/exercise-mix-messy-docs.md
2026-04-14T18:57:51.183Z - [36mverbose[39m: Rendering page: /Users/damithch/Repos/git-mastery/git-mastery.github.io/lessons/branch/exercise-side-track.md
2026-04-14T18:57:51.336Z - [36mverbose[39m: Rendering page: /Users/damithch/Repos/git-mastery/git-mastery.github.io/lessons/branch/exercise-branch-previous.md
2026-04-14T18:57:51.462Z - [36mverbose[39m: Rendering page: /Users/damithch/Repos/git-mastery/git-mastery.github.io/lessons/workflows/index.md
2026-04-14T18:57:51.812Z - [36mverbose[39m: Rendering page: /Users/damithch/Repos/git-mastery/git-mastery.github.io/lessons/trail/workingWithRemotes/index.md
2026-04-14T18:57:51.858Z - [36mverbose[39m: Rendering page: /Users/damithch/Repos/git-mastery/git-mastery.github.io/lessons/trail/workingWithPrs/index.md
2026-04-14T18:57:51.967Z - [36mverbose[39m: Rendering page: /Users/damithch/Repos/git-mastery/git-mastery.github.io/lessons/trail/usingRevisionHistory/index.md
2026-04-14T18:57:52.336Z - [36mverbose[39m: Rendering page: /Users/damithch/Repos/git-mastery/git-mastery.github.io/lessons/trail/syncingBranches/index.md
2026-04-14T18:57:52.400Z - [36mverbose[39m: Rendering page: /Users/damithch/Repos/git-mastery/git-mastery.github.io/lessons/trail/remoteBranches/index.md
2026-04-14T18:57:52.557Z - [36mverbose[39m: Rendering page: /Users/damithch/Repos/git-mastery/git-mastery.github.io/lessons/trail/recordingFolderHistory/index.md
2026-04-14T18:57:52.604Z - [36mverbose[39m: Rendering page: /Users/damithch/Repos/git-mastery/git-mastery.github.io/lessons/trail/managingProjects/index.md
2026-04-14T18:57:52.673Z - [36mverbose[39m: Rendering page: /Users/damithch/Repos/git-mastery/git-mastery.github.io/lessons/trail/index.md
2026-04-14T18:57:53.503Z - [36mverbose[39m: Rendering page: /Users/damithch/Repos/git-mastery/git-mastery.github.io/lessons/trail/fineTuningHistory/index.md
2026-04-14T18:57:53.539Z - [36mverbose[39m: Rendering page: /Users/damithch/Repos/git-mastery/git-mastery.github.io/lessons/trail/backingUpOnCloud/index.md
2026-04-14T18:57:53.580Z - [36mverbose[39m: Rendering page: /Users/damithch/Repos/git-mastery/git-mastery.github.io/lessons/trail/branchingLocally/index.md
2026-04-14T18:57:53.689Z - [36mverbose[39m: Rendering page: /Users/damithch/Repos/git-mastery/git-mastery.github.io/lessons/template/index.md
2026-04-14T18:57:53.818Z - [36mverbose[39m: Rendering page: /Users/damithch/Repos/git-mastery/git-mastery.github.io/lessons/tag/index.md
2026-04-14T18:57:53.829Z - [36mverbose[39m: Rendering page: /Users/damithch/Repos/git-mastery/git-mastery.github.io/lessons/syncByMerge/index.md
2026-04-14T18:57:53.832Z - [36mverbose[39m: Rendering page: /Users/damithch/Repos/git-mastery/git-mastery.github.io/lessons/syncByRebase/index.md
2026-04-14T18:57:53.886Z - [36mverbose[39m: Rendering page: /Users/damithch/Repos/git-mastery/git-mastery.github.io/lessons/stage/index.md
2026-04-14T18:57:53.956Z - [36mverbose[39m: Rendering page: /Users/damithch/Repos/git-mastery/git-mastery.github.io/lessons/show/index.md
2026-04-14T18:57:54.000Z - [36mverbose[39m: Rendering page: /Users/damithch/Repos/git-mastery/git-mastery.github.io/lessons/setRemote/index.md
2026-04-14T18:57:54.009Z - [36mverbose[39m: Rendering page: /Users/damithch/Repos/git-mastery/git-mastery.github.io/lessons/selectiveStage/index.md
2026-04-14T18:57:54.015Z - [36mverbose[39m: Rendering page: /Users/damithch/Repos/git-mastery/git-mastery.github.io/lessons/revert/index.md
2026-04-14T18:57:54.155Z - [36mverbose[39m: Rendering page: /Users/damithch/Repos/git-mastery/git-mastery.github.io/lessons/reset/index.md
2026-04-14T18:57:54.168Z - [36mverbose[39m: Rendering page: /Users/damithch/Repos/git-mastery/git-mastery.github.io/lessons/remoteBranchRename/index.md
2026-04-14T18:57:54.173Z - [36mverbose[39m: Rendering page: /Users/damithch/Repos/git-mastery/git-mastery.github.io/lessons/remoteRepos/index.md
2026-04-14T18:57:54.176Z - [36mverbose[39m: Rendering page: /Users/damithch/Repos/git-mastery/git-mastery.github.io/lessons/remoteBranchPush/index.md
2026-04-14T18:57:54.401Z - [36mverbose[39m: Rendering page: /Users/damithch/Repos/git-mastery/git-mastery.github.io/lessons/remoteBranchPull/index.md
2026-04-14T18:57:54.408Z - [36mverbose[39m: Rendering page: /Users/damithch/Repos/git-mastery/git-mastery.github.io/lessons/remoteBranchDelete/index.md
2026-04-14T18:57:54.415Z - [36mverbose[39m: Rendering page: /Users/damithch/Repos/git-mastery/git-mastery.github.io/lessons/pull/index.md
2026-04-14T18:57:54.428Z - [36mverbose[39m: Rendering page: /Users/damithch/Repos/git-mastery/git-mastery.github.io/lessons/push/index.md
2026-04-14T18:57:54.595Z - [36mverbose[39m: Rendering page: /Users/damithch/Repos/git-mastery/git-mastery.github.io/lessons/prsReview/index.md
2026-04-14T18:57:54.601Z - [36mverbose[39m: Rendering page: /Users/damithch/Repos/git-mastery/git-mastery.github.io/lessons/prsMerge/index.md
2026-04-14T18:57:54.607Z - [36mverbose[39m: Rendering page: /Users/damithch/Repos/git-mastery/git-mastery.github.io/lessons/otherPmFeatures/index.md
2026-04-14T18:57:54.611Z - [36mverbose[39m: Rendering page: /Users/damithch/Repos/git-mastery/git-mastery.github.io/lessons/prsCreate/index.md
2026-04-14T18:57:54.810Z - [36mverbose[39m: Rendering page: /Users/damithch/Repos/git-mastery/git-mastery.github.io/lessons/mergeConflicts/index.md
2026-04-14T18:57:54.817Z - [36mverbose[39m: Rendering page: /Users/damithch/Repos/git-mastery/git-mastery.github.io/lessons/merge/index.md
2026-04-14T18:57:54.829Z - [36mverbose[39m: Rendering page: /Users/damithch/Repos/git-mastery/git-mastery.github.io/lessons/log/index.md
2026-04-14T18:57:54.840Z - [36mverbose[39m: Rendering page: /Users/damithch/Repos/git-mastery/git-mastery.github.io/lessons/intro/index.md
2026-04-14T18:57:55.124Z - [36mverbose[39m: Rendering page: /Users/damithch/Repos/git-mastery/git-mastery.github.io/lessons/init/index.md
2026-04-14T18:57:55.132Z - [36mverbose[39m: Rendering page: /Users/damithch/Repos/git-mastery/git-mastery.github.io/lessons/interactiveRebase/index.md
2026-04-14T18:57:55.139Z - [36mverbose[39m: Rendering page: /Users/damithch/Repos/git-mastery/git-mastery.github.io/lessons/ignore/index.md
2026-04-14T18:57:55.148Z - [36mverbose[39m: Rendering page: /Users/damithch/Repos/git-mastery/git-mastery.github.io/lessons/index.md
2026-04-14T18:57:55.287Z - [36mverbose[39m: Rendering page: /Users/damithch/Repos/git-mastery/git-mastery.github.io/lessons/githubPrep/index.md
2026-04-14T18:57:55.294Z - [36mverbose[39m: Rendering page: /Users/damithch/Repos/git-mastery/git-mastery.github.io/lessons/gitPrep/index.md
2026-04-14T18:57:55.305Z - [36mverbose[39m: Rendering page: /Users/damithch/Repos/git-mastery/git-mastery.github.io/lessons/fork/index.md
2026-04-14T18:57:55.309Z - [36mverbose[39m: Rendering page: /Users/damithch/Repos/git-mastery/git-mastery.github.io/lessons/forkingWorkflow/index.md
2026-04-14T18:57:55.431Z - [36mverbose[39m: Rendering page: /Users/damithch/Repos/git-mastery/git-mastery.github.io/lessons/diff/index.md
2026-04-14T18:57:55.439Z - [36mverbose[39m: Rendering page: /Users/damithch/Repos/git-mastery/git-mastery.github.io/lessons/commitMessage/index.md
2026-04-14T18:57:55.444Z - [36mverbose[39m: Rendering page: /Users/damithch/Repos/git-mastery/git-mastery.github.io/lessons/createRemoteRepo/index.md
2026-04-14T18:57:55.449Z - [36mverbose[39m: Rendering page: /Users/damithch/Repos/git-mastery/git-mastery.github.io/lessons/commit/index.md
2026-04-14T18:57:55.559Z - [36mverbose[39m: Rendering page: /Users/damithch/Repos/git-mastery/git-mastery.github.io/lessons/clone/index.md
2026-04-14T18:57:55.564Z - [36mverbose[39m: Rendering page: /Users/damithch/Repos/git-mastery/git-mastery.github.io/lessons/cherryPick/index.md
2026-04-14T18:57:55.567Z - [36mverbose[39m: Rendering page: /Users/damithch/Repos/git-mastery/git-mastery.github.io/lessons/checkout/index.md
2026-04-14T18:57:55.575Z - [36mverbose[39m: Rendering page: /Users/damithch/Repos/git-mastery/git-mastery.github.io/lessons/branchRename/index.md
2026-04-14T18:57:55.710Z - [36mverbose[39m: Rendering page: /Users/damithch/Repos/git-mastery/git-mastery.github.io/lessons/branchDelete/index.md
2026-04-14T18:57:55.719Z - [36mverbose[39m: Rendering page: /Users/damithch/Repos/git-mastery/git-mastery.github.io/index.md
2026-04-14T18:57:55.720Z - [36mverbose[39m: Rendering page: /Users/damithch/Repos/git-mastery/git-mastery.github.io/lessons/branch/index.md
2026-04-14T18:57:55.737Z - [32minfo[39m: Pages built
2026-04-14T18:57:55.808Z - [32minfo[39m: Site data built
2026-04-14T18:57:55.808Z - [32minfo[39m: Website generation complete! Total build time: 8.56s
2026-04-14T18:57:55.808Z - [32minfo[39m: Build success!
2026-04-14T18:58:11.327Z - [32minfo[39m: GitHub Actions deployment initiated. Check status at: https://github.com/git-mastery/git-mastery.github.io/actions
2026-04-14T18:58:11.327Z - [32minfo[39m: The website will be deployed at: git-mastery.org
2026-04-14T19:00:01.168Z - [32minfo[39m: Website generation started at 03:00:01
2026-04-14T19:00:01.283Z - [32minfo[39m: Building assets...
2026-04-14T19:00:01.360Z - [32minfo[39m: Assets built
2026-04-14T19:00:01.361Z - [32minfo[39m: Generating pages...
2026-04-14T19:00:01.865Z - [36mverbose[39m: Rendering page: /Users/damithch/Repos/git-mastery/git-mastery.github.io/exercises-directory/index.md
2026-04-14T19:00:01.909Z - [36mverbose[39m: Rendering page: /Users/damithch/Repos/git-mastery/git-mastery.github.io/about/index.md
2026-04-14T19:00:01.911Z - [36mverbose[39m: Rendering page: /Users/damithch/Repos/git-mastery/git-mastery.github.io/faq/index.md
2026-04-14T19:00:01.913Z - [36mverbose[39m: Rendering page: /Users/damithch/Repos/git-mastery/git-mastery.github.io/companion-app/index.md
2026-04-14T19:00:04.450Z - [36mverbose[39m: Rendering page: /Users/damithch/Repos/git-mastery/git-mastery.github.io/lessons/tag/exercise-tags-update.md
2026-04-14T19:00:04.457Z - [36mverbose[39m: Rendering page: /Users/damithch/Repos/git-mastery/git-mastery.github.io/lessons/tag/exercise-tags-push.md
2026-04-14T19:00:04.459Z - [36mverbose[39m: Rendering page: /Users/damithch/Repos/git-mastery/git-mastery.github.io/lessons/tag/exercise-tags-add.md
2026-04-14T19:00:04.460Z - [36mverbose[39m: Rendering page: /Users/damithch/Repos/git-mastery/git-mastery.github.io/lessons/trail/all.md
2026-04-14T19:00:04.691Z - [36mverbose[39m: Rendering page: /Users/damithch/Repos/git-mastery/git-mastery.github.io/lessons/stage/exercise-staging-intervention.md
2026-04-14T19:00:04.698Z - [36mverbose[39m: Rendering page: /Users/damithch/Repos/git-mastery/git-mastery.github.io/lessons/show/exercise-view-commits.md
2026-04-14T19:00:04.700Z - [36mverbose[39m: Rendering page: /Users/damithch/Repos/git-mastery/git-mastery.github.io/lessons/stage/exercise-stage-fright.md
2026-04-14T19:00:04.710Z - [36mverbose[39m: Rendering page: /Users/damithch/Repos/git-mastery/git-mastery.github.io/lessons/setRemote/exercise-link-me.md
2026-04-14T19:00:04.732Z - [36mverbose[39m: Rendering page: /Users/damithch/Repos/git-mastery/git-mastery.github.io/lessons/reset/exercise-sensors-reset.md
2026-04-14T19:00:04.734Z - [36mverbose[39m: Rendering page: /Users/damithch/Repos/git-mastery/git-mastery.github.io/lessons/revert/exercise-sensors-revert.md
2026-04-14T19:00:04.736Z - [36mverbose[39m: Rendering page: /Users/damithch/Repos/git-mastery/git-mastery.github.io/lessons/remoteBranchRename/exercise-remote-branch-rename.md
2026-04-14T19:00:04.737Z - [36mverbose[39m: Rendering page: /Users/damithch/Repos/git-mastery/git-mastery.github.io/lessons/remoteBranchRename/exercise-glossary-branch-rename.md
2026-04-14T19:00:04.760Z - [36mverbose[39m: Rendering page: /Users/damithch/Repos/git-mastery/git-mastery.github.io/lessons/remoteBranchPush/exercise-glossary-branch-push.md
2026-04-14T19:00:04.762Z - [36mverbose[39m: Rendering page: /Users/damithch/Repos/git-mastery/git-mastery.github.io/lessons/remoteBranchPull/exercise-glossary-branch-pull.md
2026-04-14T19:00:04.769Z - [36mverbose[39m: Rendering page: /Users/damithch/Repos/git-mastery/git-mastery.github.io/lessons/remoteBranchDelete/exercise-glossary-branch-delete.md
2026-04-14T19:00:04.787Z - [36mverbose[39m: Rendering page: /Users/damithch/Repos/git-mastery/git-mastery.github.io/lessons/push/exercise-push-over.md
2026-04-14T19:00:04.796Z - [36mverbose[39m: Rendering page: /Users/damithch/Repos/git-mastery/git-mastery.github.io/lessons/prsCreate/exercise-create-pr-from-main.md
2026-04-14T19:00:04.803Z - [36mverbose[39m: Rendering page: /Users/damithch/Repos/git-mastery/git-mastery.github.io/lessons/pull/exercise-fetch-and-pull.md
2026-04-14T19:00:04.806Z - [36mverbose[39m: Rendering page: /Users/damithch/Repos/git-mastery/git-mastery.github.io/lessons/mergeConflicts/exercise-conflict-mediator.md
2026-04-14T19:00:04.813Z - [36mverbose[39m: Rendering page: /Users/damithch/Repos/git-mastery/git-mastery.github.io/lessons/merge/exercise-merge-undo.md
2026-04-14T19:00:04.831Z - [36mverbose[39m: Rendering page: /Users/damithch/Repos/git-mastery/git-mastery.github.io/lessons/merge/exercise-merge-squash.md
2026-04-14T19:00:04.833Z - [36mverbose[39m: Rendering page: /Users/damithch/Repos/git-mastery/git-mastery.github.io/lessons/merge/exercise-ff-undo.md
2026-04-14T19:00:04.835Z - [36mverbose[39m: Rendering page: /Users/damithch/Repos/git-mastery/git-mastery.github.io/lessons/merge/exercise-branch-compare.md
2026-04-14T19:00:04.836Z - [36mverbose[39m: Rendering page: /Users/damithch/Repos/git-mastery/git-mastery.github.io/lessons/merge/exercise-branch-forward.md
2026-04-14T19:00:04.855Z - [36mverbose[39m: Rendering page: /Users/damithch/Repos/git-mastery/git-mastery.github.io/lessons/merge/exercise-branch-bender.md
2026-04-14T19:00:04.862Z - [36mverbose[39m: Rendering page: /Users/damithch/Repos/git-mastery/git-mastery.github.io/lessons/log/exercise-log-and-order.md
2026-04-14T19:00:04.869Z - [36mverbose[39m: Rendering page: /Users/damithch/Repos/git-mastery/git-mastery.github.io/lessons/init/exercise-undo-init.md
2026-04-14T19:00:04.871Z - [36mverbose[39m: Rendering page: /Users/damithch/Repos/git-mastery/git-mastery.github.io/lessons/init/exercise-under-control.md
2026-04-14T19:00:04.885Z - [36mverbose[39m: Rendering page: /Users/damithch/Repos/git-mastery/git-mastery.github.io/lessons/ignore/exercise-ignoring-somethings.md
2026-04-14T19:00:04.893Z - [36mverbose[39m: Rendering page: /Users/damithch/Repos/git-mastery/git-mastery.github.io/lessons/fork/exercise-fork-repo.md
2026-04-14T19:00:04.900Z - [36mverbose[39m: Rendering page: /Users/damithch/Repos/git-mastery/git-mastery.github.io/lessons/diff/exercise-sensors-diff.md
2026-04-14T19:00:04.902Z - [36mverbose[39m: Rendering page: /Users/damithch/Repos/git-mastery/git-mastery.github.io/lessons/createRemoteRepo/exercise-remote-control.md
2026-04-14T19:00:04.924Z - [36mverbose[39m: Rendering page: /Users/damithch/Repos/git-mastery/git-mastery.github.io/lessons/commit/exercise-grocery-shopping.md
2026-04-14T19:00:04.926Z - [36mverbose[39m: Rendering page: /Users/damithch/Repos/git-mastery/git-mastery.github.io/lessons/clone/exercise-clone-repo.md
2026-04-14T19:00:04.928Z - [36mverbose[39m: Rendering page: /Users/damithch/Repos/git-mastery/git-mastery.github.io/lessons/checkout/exercise-sensors-checkout.md
2026-04-14T19:00:04.929Z - [36mverbose[39m: Rendering page: /Users/damithch/Repos/git-mastery/git-mastery.github.io/lessons/branchRename/exercise-branch-rename.md
2026-04-14T19:00:04.969Z - [36mverbose[39m: Rendering page: /Users/damithch/Repos/git-mastery/git-mastery.github.io/lessons/branchDelete/exercise-mix-messy-graph.md
2026-04-14T19:00:04.972Z - [36mverbose[39m: Rendering page: /Users/damithch/Repos/git-mastery/git-mastery.github.io/lessons/branchDelete/exercise-mix-messy-docs.md
2026-04-14T19:00:04.974Z - [36mverbose[39m: Rendering page: /Users/damithch/Repos/git-mastery/git-mastery.github.io/lessons/branchDelete/exercise-branch-delete.md
2026-04-14T19:00:04.975Z - [36mverbose[39m: Rendering page: /Users/damithch/Repos/git-mastery/git-mastery.github.io/lessons/branch/exercise-side-track.md
2026-04-14T19:00:05.254Z - [36mverbose[39m: Rendering page: /Users/damithch/Repos/git-mastery/git-mastery.github.io/lessons/branch/exercise-branch-previous.md
2026-04-14T19:00:05.257Z - [36mverbose[39m: Rendering page: /Users/damithch/Repos/git-mastery/git-mastery.github.io/lessons/workflows/index.md
2026-04-14T19:00:05.260Z - [36mverbose[39m: Rendering page: /Users/damithch/Repos/git-mastery/git-mastery.github.io/lessons/trail/workingWithRemotes/index.md
2026-04-14T19:00:05.611Z - [36mverbose[39m: Rendering page: /Users/damithch/Repos/git-mastery/git-mastery.github.io/lessons/trail/workingWithPrs/index.md
2026-04-14T19:00:05.738Z - [36mverbose[39m: Rendering page: /Users/damithch/Repos/git-mastery/git-mastery.github.io/lessons/trail/usingRevisionHistory/index.md
2026-04-14T19:00:06.114Z - [36mverbose[39m: Rendering page: /Users/damithch/Repos/git-mastery/git-mastery.github.io/lessons/trail/syncingBranches/index.md
2026-04-14T19:00:06.119Z - [36mverbose[39m: Rendering page: /Users/damithch/Repos/git-mastery/git-mastery.github.io/lessons/trail/remoteBranches/index.md
2026-04-14T19:00:06.373Z - [36mverbose[39m: Rendering page: /Users/damithch/Repos/git-mastery/git-mastery.github.io/lessons/trail/recordingFolderHistory/index.md
2026-04-14T19:00:06.419Z - [36mverbose[39m: Rendering page: /Users/damithch/Repos/git-mastery/git-mastery.github.io/lessons/trail/managingProjects/index.md
2026-04-14T19:00:06.425Z - [36mverbose[39m: Rendering page: /Users/damithch/Repos/git-mastery/git-mastery.github.io/lessons/trail/index.md
2026-04-14T19:00:06.710Z - [36mverbose[39m: Rendering page: /Users/damithch/Repos/git-mastery/git-mastery.github.io/lessons/trail/fineTuningHistory/index.md
2026-04-14T19:00:06.981Z - [36mverbose[39m: Rendering page: /Users/damithch/Repos/git-mastery/git-mastery.github.io/lessons/trail/branchingLocally/index.md
2026-04-14T19:00:07.015Z - [36mverbose[39m: Rendering page: /Users/damithch/Repos/git-mastery/git-mastery.github.io/lessons/template/index.md
2026-04-14T19:00:07.017Z - [36mverbose[39m: Rendering page: /Users/damithch/Repos/git-mastery/git-mastery.github.io/lessons/trail/backingUpOnCloud/index.md
2026-04-14T19:00:07.043Z - [36mverbose[39m: Rendering page: /Users/damithch/Repos/git-mastery/git-mastery.github.io/lessons/tag/index.md
2026-04-14T19:00:07.211Z - [36mverbose[39m: Rendering page: /Users/damithch/Repos/git-mastery/git-mastery.github.io/lessons/syncByMerge/index.md
2026-04-14T19:00:07.214Z - [36mverbose[39m: Rendering page: /Users/damithch/Repos/git-mastery/git-mastery.github.io/lessons/stage/index.md
2026-04-14T19:00:07.228Z - [36mverbose[39m: Rendering page: /Users/damithch/Repos/git-mastery/git-mastery.github.io/lessons/syncByRebase/index.md
2026-04-14T19:00:07.231Z - [36mverbose[39m: Rendering page: /Users/damithch/Repos/git-mastery/git-mastery.github.io/lessons/show/index.md
2026-04-14T19:00:07.390Z - [36mverbose[39m: Rendering page: /Users/damithch/Repos/git-mastery/git-mastery.github.io/lessons/selectiveStage/index.md
2026-04-14T19:00:07.393Z - [36mverbose[39m: Rendering page: /Users/damithch/Repos/git-mastery/git-mastery.github.io/lessons/setRemote/index.md
2026-04-14T19:00:07.400Z - [36mverbose[39m: Rendering page: /Users/damithch/Repos/git-mastery/git-mastery.github.io/lessons/revert/index.md
2026-04-14T19:00:07.405Z - [36mverbose[39m: Rendering page: /Users/damithch/Repos/git-mastery/git-mastery.github.io/lessons/reset/index.md
2026-04-14T19:00:07.501Z - [36mverbose[39m: Rendering page: /Users/damithch/Repos/git-mastery/git-mastery.github.io/lessons/remoteBranchRename/index.md
2026-04-14T19:00:07.505Z - [36mverbose[39m: Rendering page: /Users/damithch/Repos/git-mastery/git-mastery.github.io/lessons/remoteRepos/index.md
2026-04-14T19:00:07.510Z - [36mverbose[39m: Rendering page: /Users/damithch/Repos/git-mastery/git-mastery.github.io/lessons/remoteBranchPush/index.md
2026-04-14T19:00:07.514Z - [36mverbose[39m: Rendering page: /Users/damithch/Repos/git-mastery/git-mastery.github.io/lessons/remoteBranchPull/index.md
2026-04-14T19:00:07.721Z - [36mverbose[39m: Rendering page: /Users/damithch/Repos/git-mastery/git-mastery.github.io/lessons/remoteBranchDelete/index.md
2026-04-14T19:00:07.726Z - [36mverbose[39m: Rendering page: /Users/damithch/Repos/git-mastery/git-mastery.github.io/lessons/push/index.md
2026-04-14T19:00:07.736Z - [36mverbose[39m: Rendering page: /Users/damithch/Repos/git-mastery/git-mastery.github.io/lessons/pull/index.md
2026-04-14T19:00:07.752Z - [36mverbose[39m: Rendering page: /Users/damithch/Repos/git-mastery/git-mastery.github.io/lessons/prsReview/index.md
2026-04-14T19:00:07.895Z - [36mverbose[39m: Rendering page: /Users/damithch/Repos/git-mastery/git-mastery.github.io/lessons/prsCreate/index.md
2026-04-14T19:00:07.905Z - [36mverbose[39m: Rendering page: /Users/damithch/Repos/git-mastery/git-mastery.github.io/lessons/prsMerge/index.md
2026-04-14T19:00:07.910Z - [36mverbose[39m: Rendering page: /Users/damithch/Repos/git-mastery/git-mastery.github.io/lessons/otherPmFeatures/index.md
2026-04-14T19:00:07.912Z - [36mverbose[39m: Rendering page: /Users/damithch/Repos/git-mastery/git-mastery.github.io/lessons/mergeConflicts/index.md
2026-04-14T19:00:08.086Z - [36mverbose[39m: Rendering page: /Users/damithch/Repos/git-mastery/git-mastery.github.io/lessons/merge/index.md
2026-04-14T19:00:08.098Z - [36mverbose[39m: Rendering page: /Users/damithch/Repos/git-mastery/git-mastery.github.io/lessons/log/index.md
2026-04-14T19:00:08.108Z - [36mverbose[39m: Rendering page: /Users/damithch/Repos/git-mastery/git-mastery.github.io/lessons/interactiveRebase/index.md
2026-04-14T19:00:08.113Z - [36mverbose[39m: Rendering page: /Users/damithch/Repos/git-mastery/git-mastery.github.io/lessons/intro/index.md
2026-04-14T19:00:08.363Z - [36mverbose[39m: Rendering page: /Users/damithch/Repos/git-mastery/git-mastery.github.io/lessons/index.md
2026-04-14T19:00:08.369Z - [36mverbose[39m: Rendering page: /Users/damithch/Repos/git-mastery/git-mastery.github.io/lessons/init/index.md
2026-04-14T19:00:08.376Z - [36mverbose[39m: Rendering page: /Users/damithch/Repos/git-mastery/git-mastery.github.io/lessons/githubPrep/index.md
2026-04-14T19:00:08.381Z - [36mverbose[39m: Rendering page: /Users/damithch/Repos/git-mastery/git-mastery.github.io/lessons/ignore/index.md
2026-04-14T19:00:08.520Z - [36mverbose[39m: Rendering page: /Users/damithch/Repos/git-mastery/git-mastery.github.io/lessons/gitPrep/index.md
2026-04-14T19:00:08.533Z - [36mverbose[39m: Rendering page: /Users/damithch/Repos/git-mastery/git-mastery.github.io/lessons/forkingWorkflow/index.md
2026-04-14T19:00:08.537Z - [36mverbose[39m: Rendering page: /Users/damithch/Repos/git-mastery/git-mastery.github.io/lessons/fork/index.md
2026-04-14T19:00:08.553Z - [36mverbose[39m: Rendering page: /Users/damithch/Repos/git-mastery/git-mastery.github.io/lessons/diff/index.md
2026-04-14T19:00:08.617Z - [36mverbose[39m: Rendering page: /Users/damithch/Repos/git-mastery/git-mastery.github.io/lessons/createRemoteRepo/index.md
2026-04-14T19:00:08.639Z - [36mverbose[39m: Rendering page: /Users/damithch/Repos/git-mastery/git-mastery.github.io/lessons/commitMessage/index.md
2026-04-14T19:00:08.645Z - [36mverbose[39m: Rendering page: /Users/damithch/Repos/git-mastery/git-mastery.github.io/lessons/commit/index.md
2026-04-14T19:00:08.652Z - [36mverbose[39m: Rendering page: /Users/damithch/Repos/git-mastery/git-mastery.github.io/lessons/clone/index.md
2026-04-14T19:00:08.787Z - [36mverbose[39m: Rendering page: /Users/damithch/Repos/git-mastery/git-mastery.github.io/lessons/cherryPick/index.md
2026-04-14T19:00:08.790Z - [36mverbose[39m: Rendering page: /Users/damithch/Repos/git-mastery/git-mastery.github.io/lessons/branchRename/index.md
2026-04-14T19:00:08.794Z - [36mverbose[39m: Rendering page: /Users/damithch/Repos/git-mastery/git-mastery.github.io/lessons/checkout/index.md
2026-04-14T19:00:08.878Z - [36mverbose[39m: Rendering page: /Users/damithch/Repos/git-mastery/git-mastery.github.io/lessons/branchDelete/index.md
2026-04-14T19:00:08.888Z - [36mverbose[39m: Rendering page: /Users/damithch/Repos/git-mastery/git-mastery.github.io/index.md
2026-04-14T19:00:08.890Z - [36mverbose[39m: Rendering page: /Users/damithch/Repos/git-mastery/git-mastery.github.io/lessons/branch/index.md
2026-04-14T19:00:08.905Z - [32minfo[39m: Pages built
2026-04-14T19:00:08.977Z - [32minfo[39m: Site data built
2026-04-14T19:00:08.977Z - [32minfo[39m: Website generation complete! Total build time: 7.918s
2026-04-14T19:00:08.977Z - [32minfo[39m: Build success!
