2026-06-14T06:52:00.905Z - [32minfo[39m: Website generation (lazy) started at 14:52:00
2026-06-14T06:52:01.094Z - [32minfo[39m: Building assets...
2026-06-14T06:52:01.186Z - [32minfo[39m: Assets built
2026-06-14T06:52:01.187Z - [32minfo[39m: Generating landing page...
2026-06-14T06:52:01.263Z - [36mverbose[39m: Rendering page: /Users/damithch/Repos/git-mastery/git-mastery.github.io/index.md
2026-06-14T06:52:01.275Z - [32minfo[39m: Landing page built, other pages will be built as you navigate to them!
2026-06-14T06:52:01.352Z - [32minfo[39m: Site data built
2026-06-14T06:52:01.352Z - [32minfo[39m: Website generation (lazy) complete! Total build time: 0.551s
2026-06-14T06:52:01.362Z - [32minfo[39m: Serving "/Users/damithch/Repos/git-mastery/git-mastery.github.io/_site" at http://127.0.0.1:8080
2026-06-14T06:52:01.363Z - [32minfo[39m: Press CTRL+C to stop ...
2026-06-14T06:52:29.422Z - [32minfo[39m: Building /Users/damithch/Repos/git-mastery/git-mastery.github.io/lessons/index as some of its dependencies were changed since the last visit
2026-06-14T06:52:29.802Z - [36mverbose[39m: Rendering page: /Users/damithch/Repos/git-mastery/git-mastery.github.io/lessons/index.md
2026-06-14T06:52:29.819Z - [32minfo[39m: Site data built
2026-06-14T06:52:29.819Z - [32minfo[39m: Lazy website regeneration complete! Total build time: 0.397s
2026-06-14T06:52:44.239Z - [32minfo[39m: Building /Users/damithch/Repos/git-mastery/git-mastery.github.io/lessons/trail/branchingLocally/index as some of its dependencies were changed since the last visit
2026-06-14T06:52:44.729Z - [36mverbose[39m: Rendering page: /Users/damithch/Repos/git-mastery/git-mastery.github.io/lessons/trail/branchingLocally/index.md
2026-06-14T06:52:44.775Z - [32minfo[39m: Site data built
2026-06-14T06:52:44.775Z - [32minfo[39m: Lazy website regeneration complete! Total build time: 0.536s
2026-06-14T08:23:25.579Z - [32minfo[39m: Building /Users/damithch/Repos/git-mastery/git-mastery.github.io/lessons/branch/index as some of its dependencies were changed since the last visit
2026-06-14T08:23:25.840Z - [36mverbose[39m: Rendering page: /Users/damithch/Repos/git-mastery/git-mastery.github.io/lessons/branch/index.md
2026-06-14T08:23:25.856Z - [32minfo[39m: Site data built
2026-06-14T08:23:25.856Z - [32minfo[39m: Lazy website regeneration complete! Total build time: 0.283s
2026-06-14T08:25:57.063Z - [32minfo[39m: [16:25:57] Reload for file change: /Users/damithch/Repos/git-mastery/git-mastery.github.io/lessons/branch/text.md
2026-06-14T08:25:57.068Z - [32minfo[39m: Synchronizing opened pages list before reload
2026-06-14T08:25:57.069Z - [32minfo[39m: Current opened pages, from most-to-least recent:
2026-06-14T08:25:57.070Z - [32minfo[39m: 1. lessons/branch/index
2026-06-14T08:25:58.089Z - [32minfo[39m: Rebuilding 1 pages
2026-06-14T08:25:58.255Z - [36mverbose[39m: Rendering page: /Users/damithch/Repos/git-mastery/git-mastery.github.io/lessons/branch/index.md
2026-06-14T08:25:58.273Z - [32minfo[39m: Site data built
2026-06-14T08:25:58.273Z - [32minfo[39m: Pages rebuilt
2026-06-14T08:25:58.273Z - [32minfo[39m: Website regeneration complete! Total build time: 0.199s
2026-06-14T08:26:25.107Z - [32minfo[39m: [16:26:25] Reload for file change: /Users/damithch/Repos/git-mastery/git-mastery.github.io/lessons/branch/text.md
2026-06-14T08:26:25.108Z - [32minfo[39m: Synchronizing opened pages list before reload
2026-06-14T08:26:25.109Z - [32minfo[39m: Current opened pages, from most-to-least recent:
2026-06-14T08:26:25.109Z - [32minfo[39m: 1. lessons/branch/index
2026-06-14T08:26:26.115Z - [32minfo[39m: Rebuilding 1 pages
2026-06-14T08:26:26.301Z - [36mverbose[39m: Rendering page: /Users/damithch/Repos/git-mastery/git-mastery.github.io/lessons/branch/index.md
2026-06-14T08:26:26.316Z - [32minfo[39m: Site data built
2026-06-14T08:26:26.316Z - [32minfo[39m: Pages rebuilt
2026-06-14T08:26:26.316Z - [32minfo[39m: Website regeneration complete! Total build time: 0.202s
2026-06-14T09:03:37.677Z - [32minfo[39m: [17:03:37] Reload for file change: /Users/damithch/Repos/git-mastery/git-mastery.github.io/lessons/branch/text.md
2026-06-14T09:03:37.681Z - [32minfo[39m: Synchronizing opened pages list before reload
2026-06-14T09:03:37.684Z - [32minfo[39m: Current opened pages, from most-to-least recent:
2026-06-14T09:03:37.684Z - [32minfo[39m: 1. lessons/branch/index
2026-06-14T09:03:38.707Z - [32minfo[39m: Rebuilding 1 pages
2026-06-14T09:03:38.918Z - [36mverbose[39m: Rendering page: /Users/damithch/Repos/git-mastery/git-mastery.github.io/lessons/branch/index.md
2026-06-14T09:03:38.932Z - [32minfo[39m: Site data built
2026-06-14T09:03:38.932Z - [32minfo[39m: Pages rebuilt
2026-06-14T09:03:38.932Z - [32minfo[39m: Website regeneration complete! Total build time: 0.241s
2026-06-14T09:04:29.871Z - [32minfo[39m: [17:04:29] Reload for file change: /Users/damithch/Repos/git-mastery/git-mastery.github.io/lessons/branch/text.md
2026-06-14T09:04:29.872Z - [32minfo[39m: Synchronizing opened pages list before reload
2026-06-14T09:04:29.873Z - [32minfo[39m: Current opened pages, from most-to-least recent:
2026-06-14T09:04:29.873Z - [32minfo[39m: 1. lessons/branch/index
2026-06-14T09:04:30.879Z - [32minfo[39m: Rebuilding 1 pages
2026-06-14T09:04:31.104Z - [36mverbose[39m: Rendering page: /Users/damithch/Repos/git-mastery/git-mastery.github.io/lessons/branch/index.md
2026-06-14T09:04:31.123Z - [32minfo[39m: Site data built
2026-06-14T09:04:31.123Z - [32minfo[39m: Pages rebuilt
2026-06-14T09:04:31.123Z - [32minfo[39m: Website regeneration complete! Total build time: 0.247s
2026-06-14T09:06:01.163Z - [32minfo[39m: [17:06:01] Reload for file change: /Users/damithch/Repos/git-mastery/git-mastery.github.io/lessons/branch/text.md
2026-06-14T09:06:01.164Z - [32minfo[39m: Synchronizing opened pages list before reload
2026-06-14T09:06:01.164Z - [32minfo[39m: Current opened pages, from most-to-least recent:
2026-06-14T09:06:01.165Z - [32minfo[39m: 1. lessons/branch/index
2026-06-14T09:06:02.169Z - [32minfo[39m: Rebuilding 1 pages
2026-06-14T09:06:02.339Z - [36mverbose[39m: Rendering page: /Users/damithch/Repos/git-mastery/git-mastery.github.io/lessons/branch/index.md
2026-06-14T09:06:02.355Z - [32minfo[39m: Site data built
2026-06-14T09:06:02.355Z - [32minfo[39m: Pages rebuilt
2026-06-14T09:06:02.355Z - [32minfo[39m: Website regeneration complete! Total build time: 0.188s
2026-06-14T09:06:37.836Z - [32minfo[39m: [17:06:37] Reload for file change: /Users/damithch/Repos/git-mastery/git-mastery.github.io/lessons/branch/text.md
2026-06-14T09:06:37.837Z - [32minfo[39m: Synchronizing opened pages list before reload
2026-06-14T09:06:37.838Z - [32minfo[39m: Current opened pages, from most-to-least recent:
2026-06-14T09:06:37.838Z - [32minfo[39m: 1. lessons/branch/index
2026-06-14T09:06:38.841Z - [32minfo[39m: Rebuilding 1 pages
2026-06-14T09:06:39.036Z - [36mverbose[39m: Rendering page: /Users/damithch/Repos/git-mastery/git-mastery.github.io/lessons/branch/index.md
2026-06-14T09:06:39.051Z - [32minfo[39m: Site data built
2026-06-14T09:06:39.051Z - [32minfo[39m: Pages rebuilt
2026-06-14T09:06:39.051Z - [32minfo[39m: Website regeneration complete! Total build time: 0.211s
2026-06-14T09:06:49.232Z - [32minfo[39m: [17:06:49] Reload for file change: /Users/damithch/Repos/git-mastery/git-mastery.github.io/lessons/branch/text.md
2026-06-14T09:06:49.233Z - [32minfo[39m: Synchronizing opened pages list before reload
2026-06-14T09:06:49.235Z - [32minfo[39m: Current opened pages, from most-to-least recent:
2026-06-14T09:06:49.235Z - [32minfo[39m: 1. lessons/branch/index
2026-06-14T09:06:50.242Z - [32minfo[39m: Rebuilding 1 pages
2026-06-14T09:06:50.386Z - [36mverbose[39m: Rendering page: /Users/damithch/Repos/git-mastery/git-mastery.github.io/lessons/branch/index.md
2026-06-14T09:06:50.418Z - [32minfo[39m: Site data built
2026-06-14T09:06:50.418Z - [32minfo[39m: Pages rebuilt
2026-06-14T09:06:50.418Z - [32minfo[39m: Website regeneration complete! Total build time: 0.179s
2026-06-14T09:08:33.264Z - [32minfo[39m: [17:08:33] Reload for file add: /Users/damithch/Repos/git-mastery/git-mastery.github.io/lessons/branch/images/commitsHasABug.png
2026-06-14T09:08:33.265Z - [32minfo[39m: Synchronizing opened pages list before reload
2026-06-14T09:08:33.266Z - [32minfo[39m: Current opened pages, from most-to-least recent:
2026-06-14T09:08:33.266Z - [32minfo[39m: 1. lessons/branch/index
2026-06-14T09:08:34.321Z - [32minfo[39m: Assets built
2026-06-14T09:09:18.995Z - [32minfo[39m: [17:09:18] Reload for file change: /Users/damithch/Repos/git-mastery/git-mastery.github.io/lessons/branch/text.md
2026-06-14T09:09:18.996Z - [32minfo[39m: Synchronizing opened pages list before reload
2026-06-14T09:09:18.997Z - [32minfo[39m: Current opened pages, from most-to-least recent:
2026-06-14T09:09:18.998Z - [32minfo[39m: 1. lessons/branch/index
2026-06-14T09:09:20.000Z - [32minfo[39m: Rebuilding 1 pages
2026-06-14T09:09:20.180Z - [36mverbose[39m: Rendering page: /Users/damithch/Repos/git-mastery/git-mastery.github.io/lessons/branch/index.md
2026-06-14T09:09:20.195Z - [32minfo[39m: Site data built
2026-06-14T09:09:20.196Z - [32minfo[39m: Pages rebuilt
2026-06-14T09:09:20.196Z - [32minfo[39m: Website regeneration complete! Total build time: 0.197s
2026-06-14T09:09:52.838Z - [32minfo[39m: [17:09:52] Reload for file change: /Users/damithch/Repos/git-mastery/git-mastery.github.io/lessons/branch/text.md
2026-06-14T09:09:52.839Z - [32minfo[39m: Synchronizing opened pages list before reload
2026-06-14T09:09:52.839Z - [32minfo[39m: Current opened pages, from most-to-least recent:
2026-06-14T09:09:52.840Z - [32minfo[39m: 1. lessons/branch/index
2026-06-14T09:09:53.845Z - [32minfo[39m: Rebuilding 1 pages
2026-06-14T09:09:54.008Z - [36mverbose[39m: Rendering page: /Users/damithch/Repos/git-mastery/git-mastery.github.io/lessons/branch/index.md
2026-06-14T09:09:54.025Z - [32minfo[39m: Site data built
2026-06-14T09:09:54.026Z - [32minfo[39m: Pages rebuilt
2026-06-14T09:09:54.026Z - [32minfo[39m: Website regeneration complete! Total build time: 0.184s
2026-06-14T09:10:02.815Z - [32minfo[39m: [17:10:02] Reload for file change: /Users/damithch/Repos/git-mastery/git-mastery.github.io/lessons/branch/text.md
2026-06-14T09:10:02.815Z - [32minfo[39m: Synchronizing opened pages list before reload
2026-06-14T09:10:02.815Z - [32minfo[39m: Current opened pages, from most-to-least recent:
2026-06-14T09:10:02.815Z - [32minfo[39m: 1. lessons/branch/index
2026-06-14T09:10:03.819Z - [32minfo[39m: Rebuilding 1 pages
2026-06-14T09:10:04.005Z - [36mverbose[39m: Rendering page: /Users/damithch/Repos/git-mastery/git-mastery.github.io/lessons/branch/index.md
2026-06-14T09:10:04.022Z - [32minfo[39m: Site data built
2026-06-14T09:10:04.023Z - [32minfo[39m: Pages rebuilt
2026-06-14T09:10:04.023Z - [32minfo[39m: Website regeneration complete! Total build time: 0.206s
2026-06-14T09:11:32.159Z - [32minfo[39m: [17:11:32] Reload for file change: /Users/damithch/Repos/git-mastery/git-mastery.github.io/lessons/branch/images/commitsHasABug.png
2026-06-14T09:11:32.160Z - [32minfo[39m: Synchronizing opened pages list before reload
2026-06-14T09:11:32.160Z - [32minfo[39m: Current opened pages, from most-to-least recent:
2026-06-14T09:11:32.160Z - [32minfo[39m: 1. lessons/branch/index
2026-06-14T09:11:33.166Z - [32minfo[39m: Assets built
2026-06-14T09:12:25.410Z - [32minfo[39m: [17:12:25] Reload for file change: /Users/damithch/Repos/git-mastery/git-mastery.github.io/lessons/branch/text.md
2026-06-14T09:12:25.411Z - [32minfo[39m: Synchronizing opened pages list before reload
2026-06-14T09:12:25.412Z - [32minfo[39m: Current opened pages, from most-to-least recent:
2026-06-14T09:12:25.412Z - [32minfo[39m: 1. lessons/branch/index
2026-06-14T09:12:26.418Z - [32minfo[39m: Rebuilding 1 pages
2026-06-14T09:12:26.564Z - [36mverbose[39m: Rendering page: /Users/damithch/Repos/git-mastery/git-mastery.github.io/lessons/branch/index.md
2026-06-14T09:12:26.578Z - [32minfo[39m: Site data built
2026-06-14T09:12:26.578Z - [32minfo[39m: Pages rebuilt
2026-06-14T09:12:26.578Z - [32minfo[39m: Website regeneration complete! Total build time: 0.162s
2026-06-14T09:14:18.121Z - [32minfo[39m: [17:14:18] Reload for file change: /Users/damithch/Repos/git-mastery/git-mastery.github.io/lessons/branch/text.md
2026-06-14T09:14:18.122Z - [32minfo[39m: Synchronizing opened pages list before reload
2026-06-14T09:14:18.123Z - [32minfo[39m: Current opened pages, from most-to-least recent:
2026-06-14T09:14:18.123Z - [32minfo[39m: 1. lessons/branch/index
2026-06-14T09:14:19.128Z - [32minfo[39m: Rebuilding 1 pages
2026-06-14T09:14:19.338Z - [36mverbose[39m: Rendering page: /Users/damithch/Repos/git-mastery/git-mastery.github.io/lessons/branch/index.md
2026-06-14T09:14:19.353Z - [32minfo[39m: Site data built
2026-06-14T09:14:19.353Z - [32minfo[39m: Pages rebuilt
2026-06-14T09:14:19.353Z - [32minfo[39m: Website regeneration complete! Total build time: 0.228s
2026-06-14T09:14:35.875Z - [32minfo[39m: [17:14:35] Reload for file change: /Users/damithch/Repos/git-mastery/git-mastery.github.io/lessons/branch/text.md
2026-06-14T09:14:35.875Z - [32minfo[39m: Synchronizing opened pages list before reload
2026-06-14T09:14:35.875Z - [32minfo[39m: Current opened pages, from most-to-least recent:
2026-06-14T09:14:35.875Z - [32minfo[39m: 1. lessons/branch/index
2026-06-14T09:14:36.875Z - [32minfo[39m: Rebuilding 1 pages
2026-06-14T09:14:36.996Z - [36mverbose[39m: Rendering page: /Users/damithch/Repos/git-mastery/git-mastery.github.io/lessons/branch/index.md
2026-06-14T09:14:37.016Z - [32minfo[39m: Site data built
2026-06-14T09:14:37.016Z - [32minfo[39m: Pages rebuilt
2026-06-14T09:14:37.016Z - [32minfo[39m: Website regeneration complete! Total build time: 0.141s
2026-06-14T09:16:28.639Z - [32minfo[39m: [17:16:28] Reload for file change: /Users/damithch/Repos/git-mastery/git-mastery.github.io/lessons/branch/text.md
2026-06-14T09:16:28.640Z - [32minfo[39m: Synchronizing opened pages list before reload
2026-06-14T09:16:28.641Z - [32minfo[39m: Current opened pages, from most-to-least recent:
2026-06-14T09:16:28.641Z - [32minfo[39m: 1. lessons/branch/index
2026-06-14T09:16:29.647Z - [32minfo[39m: Rebuilding 1 pages
2026-06-14T09:16:29.843Z - [36mverbose[39m: Rendering page: /Users/damithch/Repos/git-mastery/git-mastery.github.io/lessons/branch/index.md
2026-06-14T09:16:29.862Z - [32minfo[39m: Site data built
2026-06-14T09:16:29.862Z - [32minfo[39m: Pages rebuilt
2026-06-14T09:16:29.862Z - [32minfo[39m: Website regeneration complete! Total build time: 0.218s
2026-06-14T09:16:58.604Z - [32minfo[39m: [17:16:58] Reload for file change: /Users/damithch/Repos/git-mastery/git-mastery.github.io/lessons/branch/text.md
2026-06-14T09:16:58.605Z - [32minfo[39m: Synchronizing opened pages list before reload
2026-06-14T09:16:58.605Z - [32minfo[39m: Current opened pages, from most-to-least recent:
2026-06-14T09:16:58.606Z - [32minfo[39m: 1. lessons/branch/index
2026-06-14T09:16:59.613Z - [32minfo[39m: Rebuilding 1 pages
2026-06-14T09:16:59.787Z - [36mverbose[39m: Rendering page: /Users/damithch/Repos/git-mastery/git-mastery.github.io/lessons/branch/index.md
2026-06-14T09:16:59.810Z - [32minfo[39m: Site data built
2026-06-14T09:16:59.810Z - [32minfo[39m: Pages rebuilt
2026-06-14T09:16:59.810Z - [32minfo[39m: Website regeneration complete! Total build time: 0.202s
2026-06-14T09:18:41.452Z - [32minfo[39m: [17:18:41] Reload for file change: /Users/damithch/Repos/git-mastery/git-mastery.github.io/lessons/branch/text.md
2026-06-14T09:18:41.453Z - [32minfo[39m: Synchronizing opened pages list before reload
2026-06-14T09:18:41.454Z - [32minfo[39m: Current opened pages, from most-to-least recent:
2026-06-14T09:18:41.454Z - [32minfo[39m: 1. lessons/branch/index
2026-06-14T09:18:42.459Z - [32minfo[39m: Rebuilding 1 pages
2026-06-14T09:18:42.671Z - [36mverbose[39m: Rendering page: /Users/damithch/Repos/git-mastery/git-mastery.github.io/lessons/branch/index.md
2026-06-14T09:18:42.688Z - [32minfo[39m: Site data built
2026-06-14T09:18:42.688Z - [32minfo[39m: Pages rebuilt
2026-06-14T09:18:42.688Z - [32minfo[39m: Website regeneration complete! Total build time: 0.23s
2026-06-14T09:19:18.664Z - [32minfo[39m: [17:19:18] Reload for file change: /Users/damithch/Repos/git-mastery/git-mastery.github.io/lessons/branch/text.md
2026-06-14T09:19:18.665Z - [32minfo[39m: Synchronizing opened pages list before reload
2026-06-14T09:19:18.667Z - [32minfo[39m: Current opened pages, from most-to-least recent:
2026-06-14T09:19:18.668Z - [32minfo[39m: 1. lessons/branch/index
2026-06-14T09:19:19.677Z - [32minfo[39m: Rebuilding 1 pages
2026-06-14T09:19:19.825Z - [36mverbose[39m: Rendering page: /Users/damithch/Repos/git-mastery/git-mastery.github.io/lessons/branch/index.md
2026-06-14T09:19:19.840Z - [32minfo[39m: Site data built
2026-06-14T09:19:19.840Z - [32minfo[39m: Pages rebuilt
2026-06-14T09:19:19.840Z - [32minfo[39m: Website regeneration complete! Total build time: 0.167s
2026-06-14T09:22:21.186Z - [32minfo[39m: [17:22:21] Reload for file change: /Users/damithch/Repos/git-mastery/git-mastery.github.io/lessons/branch/text.md
2026-06-14T09:22:21.187Z - [32minfo[39m: Synchronizing opened pages list before reload
2026-06-14T09:22:21.188Z - [32minfo[39m: Current opened pages, from most-to-least recent:
2026-06-14T09:22:21.188Z - [32minfo[39m: 1. lessons/branch/index
2026-06-14T09:22:22.193Z - [32minfo[39m: Rebuilding 1 pages
2026-06-14T09:22:22.400Z - [36mverbose[39m: Rendering page: /Users/damithch/Repos/git-mastery/git-mastery.github.io/lessons/branch/index.md
2026-06-14T09:22:22.415Z - [32minfo[39m: Site data built
2026-06-14T09:22:22.415Z - [32minfo[39m: Pages rebuilt
2026-06-14T09:22:22.415Z - [32minfo[39m: Website regeneration complete! Total build time: 0.224s
2026-06-14T09:22:47.692Z - [32minfo[39m: [17:22:47] Reload for file change: /Users/damithch/Repos/git-mastery/git-mastery.github.io/lessons/branch/text.md
2026-06-14T09:22:47.692Z - [32minfo[39m: Synchronizing opened pages list before reload
2026-06-14T09:22:47.692Z - [32minfo[39m: Current opened pages, from most-to-least recent:
2026-06-14T09:22:47.692Z - [32minfo[39m: 1. lessons/branch/index
2026-06-14T09:22:48.695Z - [32minfo[39m: Rebuilding 1 pages
2026-06-14T09:22:48.838Z - [36mverbose[39m: Rendering page: /Users/damithch/Repos/git-mastery/git-mastery.github.io/lessons/branch/index.md
2026-06-14T09:22:48.852Z - [32minfo[39m: Site data built
2026-06-14T09:22:48.852Z - [32minfo[39m: Pages rebuilt
2026-06-14T09:22:48.852Z - [32minfo[39m: Website regeneration complete! Total build time: 0.158s
2026-06-14T09:25:42.406Z - [32minfo[39m: [17:25:42] Reload for file change: /Users/damithch/Repos/git-mastery/git-mastery.github.io/lessons/branch/text.md
2026-06-14T09:25:42.408Z - [32minfo[39m: Synchronizing opened pages list before reload
2026-06-14T09:25:42.408Z - [32minfo[39m: Current opened pages, from most-to-least recent:
2026-06-14T09:25:42.409Z - [32minfo[39m: 1. lessons/branch/index
2026-06-14T09:25:43.416Z - [32minfo[39m: Rebuilding 1 pages
2026-06-14T09:25:43.613Z - [36mverbose[39m: Rendering page: /Users/damithch/Repos/git-mastery/git-mastery.github.io/lessons/branch/index.md
2026-06-14T09:25:43.628Z - [32minfo[39m: Site data built
2026-06-14T09:25:43.628Z - [32minfo[39m: Pages rebuilt
2026-06-14T09:25:43.628Z - [32minfo[39m: Website regeneration complete! Total build time: 0.216s
2026-06-14T09:27:23.774Z - [32minfo[39m: [17:27:23] Reload for file change: /Users/damithch/Repos/git-mastery/git-mastery.github.io/lessons/branch/text.md
2026-06-14T09:27:23.775Z - [32minfo[39m: Synchronizing opened pages list before reload
2026-06-14T09:27:23.777Z - [32minfo[39m: Current opened pages, from most-to-least recent:
2026-06-14T09:27:23.777Z - [32minfo[39m: 1. lessons/branch/index
2026-06-14T09:27:23.872Z - [32minfo[39m: [17:27:23] Reload for file change: /Users/damithch/Repos/git-mastery/git-mastery.github.io/lessons/branch/text.md
2026-06-14T09:27:23.873Z - [32minfo[39m: Synchronizing opened pages list before reload
2026-06-14T09:27:23.873Z - [32minfo[39m: Current opened pages, from most-to-least recent:
2026-06-14T09:27:23.873Z - [32minfo[39m: 1. lessons/branch/index
2026-06-14T09:27:24.781Z - [32minfo[39m: Rebuilding 1 pages
2026-06-14T09:27:24.951Z - [36mverbose[39m: Rendering page: /Users/damithch/Repos/git-mastery/git-mastery.github.io/lessons/branch/index.md
2026-06-14T09:27:24.967Z - [32minfo[39m: Site data built
2026-06-14T09:27:24.967Z - [32minfo[39m: Pages rebuilt
2026-06-14T09:27:24.967Z - [32minfo[39m: Website regeneration complete! Total build time: 0.188s
2026-06-14T09:31:01.725Z - [32minfo[39m: [17:31:01] Reload for file change: /Users/damithch/Repos/git-mastery/git-mastery.github.io/lessons/branch/text.md
2026-06-14T09:31:01.727Z - [32minfo[39m: Synchronizing opened pages list before reload
2026-06-14T09:31:01.727Z - [32minfo[39m: Current opened pages, from most-to-least recent:
2026-06-14T09:31:01.727Z - [32minfo[39m: 1. lessons/branch/index
2026-06-14T09:31:02.732Z - [32minfo[39m: Rebuilding 1 pages
2026-06-14T09:31:02.926Z - [36mverbose[39m: Rendering page: /Users/damithch/Repos/git-mastery/git-mastery.github.io/lessons/branch/index.md
2026-06-14T09:31:02.942Z - [32minfo[39m: Site data built
2026-06-14T09:31:02.942Z - [32minfo[39m: Pages rebuilt
2026-06-14T09:31:02.942Z - [32minfo[39m: Website regeneration complete! Total build time: 0.213s
2026-06-14T09:31:48.129Z - [32minfo[39m: [17:31:48] Reload for file change: /Users/damithch/Repos/git-mastery/git-mastery.github.io/lessons/branch/text.md
2026-06-14T09:31:48.130Z - [32minfo[39m: Synchronizing opened pages list before reload
2026-06-14T09:31:48.131Z - [32minfo[39m: Current opened pages, from most-to-least recent:
2026-06-14T09:31:48.132Z - [32minfo[39m: 1. lessons/branch/index
2026-06-14T09:31:49.138Z - [32minfo[39m: Rebuilding 1 pages
2026-06-14T09:31:49.309Z - [36mverbose[39m: Rendering page: /Users/damithch/Repos/git-mastery/git-mastery.github.io/lessons/branch/index.md
2026-06-14T09:31:49.324Z - [32minfo[39m: Site data built
2026-06-14T09:31:49.324Z - [32minfo[39m: Pages rebuilt
2026-06-14T09:31:49.324Z - [32minfo[39m: Website regeneration complete! Total build time: 0.19s
2026-06-14T09:33:35.411Z - [32minfo[39m: [17:33:35] Reload for file change: /Users/damithch/Repos/git-mastery/git-mastery.github.io/lessons/branch/text.md
2026-06-14T09:33:35.411Z - [32minfo[39m: Synchronizing opened pages list before reload
2026-06-14T09:33:35.412Z - [32minfo[39m: Current opened pages, from most-to-least recent:
2026-06-14T09:33:35.412Z - [32minfo[39m: 1. lessons/branch/index
2026-06-14T09:33:36.421Z - [32minfo[39m: Rebuilding 1 pages
2026-06-14T09:33:36.608Z - [36mverbose[39m: Rendering page: /Users/damithch/Repos/git-mastery/git-mastery.github.io/lessons/branch/index.md
2026-06-14T09:33:36.624Z - [32minfo[39m: Site data built
2026-06-14T09:33:36.624Z - [32minfo[39m: Pages rebuilt
2026-06-14T09:33:36.624Z - [32minfo[39m: Website regeneration complete! Total build time: 0.209s
2026-06-14T09:33:45.096Z - [32minfo[39m: [17:33:45] Reload for file change: /Users/damithch/Repos/git-mastery/git-mastery.github.io/lessons/branch/text.md
2026-06-14T09:33:45.096Z - [32minfo[39m: Synchronizing opened pages list before reload
2026-06-14T09:33:45.097Z - [32minfo[39m: Current opened pages, from most-to-least recent:
2026-06-14T09:33:45.097Z - [32minfo[39m: 1. lessons/branch/index
2026-06-14T09:33:46.102Z - [32minfo[39m: Rebuilding 1 pages
2026-06-14T09:33:46.224Z - [36mverbose[39m: Rendering page: /Users/damithch/Repos/git-mastery/git-mastery.github.io/lessons/branch/index.md
2026-06-14T09:33:46.244Z - [32minfo[39m: Site data built
2026-06-14T09:33:46.244Z - [32minfo[39m: Pages rebuilt
2026-06-14T09:33:46.244Z - [32minfo[39m: Website regeneration complete! Total build time: 0.144s
2026-06-14T09:33:59.941Z - [32minfo[39m: [17:33:59] Reload for file change: /Users/damithch/Repos/git-mastery/git-mastery.github.io/lessons/branch/text.md
2026-06-14T09:33:59.941Z - [32minfo[39m: Synchronizing opened pages list before reload
2026-06-14T09:33:59.942Z - [32minfo[39m: Current opened pages, from most-to-least recent:
2026-06-14T09:33:59.942Z - [32minfo[39m: 1. lessons/branch/index
2026-06-14T09:34:00.944Z - [32minfo[39m: Rebuilding 1 pages
2026-06-14T09:34:01.138Z - [36mverbose[39m: Rendering page: /Users/damithch/Repos/git-mastery/git-mastery.github.io/lessons/branch/index.md
2026-06-14T09:34:01.153Z - [32minfo[39m: Site data built
2026-06-14T09:34:01.153Z - [32minfo[39m: Pages rebuilt
2026-06-14T09:34:01.153Z - [32minfo[39m: Website regeneration complete! Total build time: 0.21s
2026-06-14T09:56:19.269Z - [32minfo[39m: [17:56:19] Reload for file add: /Users/damithch/Repos/git-mastery/git-mastery.github.io/lessons/branch/images/fixedMixed.png
2026-06-14T09:56:19.271Z - [32minfo[39m: Synchronizing opened pages list before reload
2026-06-14T09:56:19.273Z - [32minfo[39m: Current opened pages, from most-to-least recent:
2026-06-14T09:56:19.275Z - [32minfo[39m: 1. lessons/branch/index
2026-06-14T09:56:19.558Z - [32minfo[39m: [17:56:19] Reload for file change: /Users/damithch/Repos/git-mastery/git-mastery.github.io/lessons/branch/images/fixedMixed.png
2026-06-14T09:56:19.559Z - [32minfo[39m: Synchronizing opened pages list before reload
2026-06-14T09:56:19.559Z - [32minfo[39m: Current opened pages, from most-to-least recent:
2026-06-14T09:56:19.559Z - [32minfo[39m: 1. lessons/branch/index
2026-06-14T09:56:20.341Z - [32minfo[39m: Assets built
2026-06-14T09:56:35.397Z - [32minfo[39m: [17:56:35] Reload for file change: /Users/damithch/Repos/git-mastery/git-mastery.github.io/lessons/branch/text.md
2026-06-14T09:56:35.407Z - [32minfo[39m: Synchronizing opened pages list before reload
2026-06-14T09:56:35.408Z - [32minfo[39m: Current opened pages, from most-to-least recent:
2026-06-14T09:56:35.408Z - [32minfo[39m: 1. lessons/branch/index
2026-06-14T09:56:36.428Z - [32minfo[39m: Rebuilding 1 pages
2026-06-14T09:56:36.618Z - [36mverbose[39m: Rendering page: /Users/damithch/Repos/git-mastery/git-mastery.github.io/lessons/branch/index.md
2026-06-14T09:56:36.633Z - [32minfo[39m: Site data built
2026-06-14T09:56:36.633Z - [32minfo[39m: Pages rebuilt
2026-06-14T09:56:36.633Z - [32minfo[39m: Website regeneration complete! Total build time: 0.222s
2026-06-14T09:57:20.547Z - [32minfo[39m: [17:57:20] Reload for file change: /Users/damithch/Repos/git-mastery/git-mastery.github.io/lessons/branch/images/commitsHasABug.png
2026-06-14T09:57:20.548Z - [32minfo[39m: Synchronizing opened pages list before reload
2026-06-14T09:57:20.548Z - [32minfo[39m: Current opened pages, from most-to-least recent:
2026-06-14T09:57:20.548Z - [32minfo[39m: 1. lessons/branch/index
2026-06-14T09:57:21.559Z - [32minfo[39m: Assets built
2026-06-14T09:57:46.922Z - [32minfo[39m: [17:57:46] Reload for file add: /Users/damithch/Repos/git-mastery/git-mastery.github.io/lessons/branch/images/divergedTimelines.png
2026-06-14T09:57:46.923Z - [32minfo[39m: Synchronizing opened pages list before reload
2026-06-14T09:57:46.924Z - [32minfo[39m: Current opened pages, from most-to-least recent:
2026-06-14T09:57:46.924Z - [32minfo[39m: 1. lessons/branch/index
2026-06-14T09:57:47.975Z - [32minfo[39m: Assets built
2026-06-14T09:58:06.926Z - [32minfo[39m: [17:58:06] Reload for file change: /Users/damithch/Repos/git-mastery/git-mastery.github.io/lessons/branch/text.md
2026-06-14T09:58:06.928Z - [32minfo[39m: Synchronizing opened pages list before reload
2026-06-14T09:58:06.928Z - [32minfo[39m: Current opened pages, from most-to-least recent:
2026-06-14T09:58:06.929Z - [32minfo[39m: 1. lessons/branch/index
2026-06-14T09:58:07.934Z - [32minfo[39m: Rebuilding 1 pages
2026-06-14T09:58:08.149Z - [36mverbose[39m: Rendering page: /Users/damithch/Repos/git-mastery/git-mastery.github.io/lessons/branch/index.md
2026-06-14T09:58:08.174Z - [33mwarn[39m: You might have an invalid intra-link! Ignore this warning if it was intended.
'/lessons/branch/images/divergedTimelines.png.png' found in file '/Users/damithch/Repos/git-mastery/git-mastery.github.io/lessons/branch/text.md'
2026-06-14T09:58:08.174Z - [32minfo[39m: Site data built
2026-06-14T09:58:08.174Z - [32minfo[39m: Pages rebuilt
2026-06-14T09:58:08.174Z - [32minfo[39m: Website regeneration complete! Total build time: 0.242s
2026-06-14T09:58:17.427Z - [32minfo[39m: [17:58:17] Reload for file change: /Users/damithch/Repos/git-mastery/git-mastery.github.io/lessons/branch/text.md
2026-06-14T09:58:17.428Z - [32minfo[39m: Synchronizing opened pages list before reload
2026-06-14T09:58:17.428Z - [32minfo[39m: Current opened pages, from most-to-least recent:
2026-06-14T09:58:17.429Z - [32minfo[39m: 1. lessons/branch/index
2026-06-14T09:58:18.436Z - [32minfo[39m: Rebuilding 1 pages
2026-06-14T09:58:18.616Z - [36mverbose[39m: Rendering page: /Users/damithch/Repos/git-mastery/git-mastery.github.io/lessons/branch/index.md
2026-06-14T09:58:18.640Z - [32minfo[39m: Site data built
2026-06-14T09:58:18.640Z - [32minfo[39m: Pages rebuilt
2026-06-14T09:58:18.640Z - [32minfo[39m: Website regeneration complete! Total build time: 0.209s
2026-06-14T10:00:12.028Z - [32minfo[39m: [18:00:12] Reload for file add: /Users/damithch/Repos/git-mastery/git-mastery.github.io/lessons/branch/images/namedTimelines.png
2026-06-14T10:00:12.030Z - [32minfo[39m: Synchronizing opened pages list before reload
2026-06-14T10:00:12.030Z - [32minfo[39m: Current opened pages, from most-to-least recent:
2026-06-14T10:00:12.031Z - [32minfo[39m: 1. lessons/branch/index
2026-06-14T10:00:13.091Z - [32minfo[39m: Assets built
2026-06-14T10:00:30.243Z - [32minfo[39m: [18:00:30] Reload for file change: /Users/damithch/Repos/git-mastery/git-mastery.github.io/lessons/branch/text.md
2026-06-14T10:00:30.243Z - [32minfo[39m: Synchronizing opened pages list before reload
2026-06-14T10:00:30.244Z - [32minfo[39m: Current opened pages, from most-to-least recent:
2026-06-14T10:00:30.244Z - [32minfo[39m: 1. lessons/branch/index
2026-06-14T10:00:31.250Z - [32minfo[39m: Rebuilding 1 pages
2026-06-14T10:00:31.443Z - [36mverbose[39m: Rendering page: /Users/damithch/Repos/git-mastery/git-mastery.github.io/lessons/branch/index.md
2026-06-14T10:00:31.459Z - [32minfo[39m: Site data built
2026-06-14T10:00:31.459Z - [32minfo[39m: Pages rebuilt
2026-06-14T10:00:31.459Z - [32minfo[39m: Website regeneration complete! Total build time: 0.212s
2026-06-14T10:14:08.361Z - [32minfo[39m: [18:14:08] Reload for file change: /Users/damithch/Repos/git-mastery/git-mastery.github.io/lessons/branch/text.md
2026-06-14T10:14:08.362Z - [32minfo[39m: Synchronizing opened pages list before reload
2026-06-14T10:14:08.363Z - [32minfo[39m: Current opened pages, from most-to-least recent:
2026-06-14T10:14:08.363Z - [32minfo[39m: 1. lessons/branch/index
2026-06-14T10:14:08.363Z - [32minfo[39m: [18:14:08] Reload for file change: /Users/damithch/Repos/git-mastery/git-mastery.github.io/common/macros.njk
2026-06-14T10:14:08.363Z - [32minfo[39m: Synchronizing opened pages list before reload
2026-06-14T10:14:08.364Z - [32minfo[39m: Current opened pages, from most-to-least recent:
2026-06-14T10:14:08.364Z - [32minfo[39m: 1. lessons/branch/index
2026-06-14T10:14:09.442Z - [32minfo[39m: Rebuilding 1 pages
2026-06-14T10:14:09.567Z - [36mverbose[39m: Rendering page: /Users/damithch/Repos/git-mastery/git-mastery.github.io/lessons/branch/index.md
2026-06-14T10:14:09.594Z - [32minfo[39m: Site data built
2026-06-14T10:14:09.594Z - [32minfo[39m: Pages rebuilt
2026-06-14T10:14:09.594Z - [32minfo[39m: Website regeneration complete! Total build time: 0.153s
2026-06-14T10:14:29.330Z - [32minfo[39m: [18:14:29] Reload for file change: /Users/damithch/Repos/git-mastery/git-mastery.github.io/lessons/branch/text.md
2026-06-14T10:14:29.331Z - [32minfo[39m: Synchronizing opened pages list before reload
2026-06-14T10:14:29.331Z - [32minfo[39m: Current opened pages, from most-to-least recent:
2026-06-14T10:14:29.331Z - [32minfo[39m: 1. lessons/branch/index
2026-06-14T10:14:30.334Z - [32minfo[39m: Rebuilding 1 pages
2026-06-14T10:14:30.528Z - [36mverbose[39m: Rendering page: /Users/damithch/Repos/git-mastery/git-mastery.github.io/lessons/branch/index.md
2026-06-14T10:14:30.544Z - [32minfo[39m: Site data built
2026-06-14T10:14:30.544Z - [32minfo[39m: Pages rebuilt
2026-06-14T10:14:30.544Z - [32minfo[39m: Website regeneration complete! Total build time: 0.212s
2026-06-14T10:17:45.558Z - [32minfo[39m: [18:17:45] Reload for file change: /Users/damithch/Repos/git-mastery/git-mastery.github.io/lessons/branch/images/commitsHasABug.png
2026-06-14T10:17:45.559Z - [32minfo[39m: Synchronizing opened pages list before reload
2026-06-14T10:17:45.559Z - [32minfo[39m: Current opened pages, from most-to-least recent:
2026-06-14T10:17:45.560Z - [32minfo[39m: 1. lessons/branch/index
2026-06-14T10:17:46.574Z - [32minfo[39m: Assets built
2026-06-14T10:18:25.403Z - [32minfo[39m: [18:18:25] Reload for file deletion: /Users/damithch/Repos/git-mastery/git-mastery.github.io/lessons/branch/images/fixedMixed.png
2026-06-14T10:18:25.404Z - [32minfo[39m: Synchronizing opened pages list before reload
2026-06-14T10:18:25.404Z - [32minfo[39m: Current opened pages, from most-to-least recent:
2026-06-14T10:18:25.404Z - [32minfo[39m: 1. lessons/branch/index
2026-06-14T10:18:25.455Z - [32minfo[39m: [18:18:25] Reload for file add: /Users/damithch/Repos/git-mastery/git-mastery.github.io/lessons/branch/images/fixesMixed.png
2026-06-14T10:18:25.455Z - [32minfo[39m: Synchronizing opened pages list before reload
2026-06-14T10:18:25.455Z - [32minfo[39m: Current opened pages, from most-to-least recent:
2026-06-14T10:18:25.455Z - [32minfo[39m: 1. lessons/branch/index
2026-06-14T10:18:26.458Z - [34mdebug[39m: Assets removed
2026-06-14T10:18:26.481Z - [32minfo[39m: Assets built
2026-06-14T10:19:47.389Z - [32minfo[39m: [18:19:47] Reload for file change: /Users/damithch/Repos/git-mastery/git-mastery.github.io/lessons/branch/images/divergedTimelines.png
2026-06-14T10:19:47.391Z - [32minfo[39m: Synchronizing opened pages list before reload
2026-06-14T10:19:47.391Z - [32minfo[39m: Current opened pages, from most-to-least recent:
2026-06-14T10:19:47.392Z - [32minfo[39m: 1. lessons/branch/index
2026-06-14T10:19:48.400Z - [32minfo[39m: Assets built
2026-06-14T10:20:30.906Z - [32minfo[39m: [18:20:30] Reload for file change: /Users/damithch/Repos/git-mastery/git-mastery.github.io/lessons/branch/images/fixesMixed.png
2026-06-14T10:20:30.907Z - [32minfo[39m: Synchronizing opened pages list before reload
2026-06-14T10:20:30.907Z - [32minfo[39m: Current opened pages, from most-to-least recent:
2026-06-14T10:20:30.907Z - [32minfo[39m: 1. lessons/branch/index
2026-06-14T10:20:31.918Z - [32minfo[39m: Assets built
2026-06-14T10:20:59.882Z - [32minfo[39m: [18:20:59] Reload for file change: /Users/damithch/Repos/git-mastery/git-mastery.github.io/lessons/branch/images/namedTimelines.png
2026-06-14T10:20:59.883Z - [32minfo[39m: Synchronizing opened pages list before reload
2026-06-14T10:20:59.883Z - [32minfo[39m: Current opened pages, from most-to-least recent:
2026-06-14T10:20:59.883Z - [32minfo[39m: 1. lessons/branch/index
2026-06-14T10:21:00.891Z - [32minfo[39m: Assets built
2026-06-14T10:21:20.541Z - [32minfo[39m: [18:21:20] Reload for file change: /Users/damithch/Repos/git-mastery/git-mastery.github.io/lessons/branch/text.md
2026-06-14T10:21:20.542Z - [32minfo[39m: Synchronizing opened pages list before reload
2026-06-14T10:21:20.542Z - [32minfo[39m: Current opened pages, from most-to-least recent:
2026-06-14T10:21:20.543Z - [32minfo[39m: 1. lessons/branch/index
2026-06-14T10:21:21.552Z - [32minfo[39m: Rebuilding 1 pages
2026-06-14T10:21:21.715Z - [36mverbose[39m: Rendering page: /Users/damithch/Repos/git-mastery/git-mastery.github.io/lessons/branch/index.md
2026-06-14T10:21:21.731Z - [32minfo[39m: Site data built
2026-06-14T10:21:21.731Z - [32minfo[39m: Pages rebuilt
2026-06-14T10:21:21.731Z - [32minfo[39m: Website regeneration complete! Total build time: 0.184s
2026-06-14T10:54:30.082Z - [32minfo[39m: [18:54:30] Reload for file change: /Users/damithch/Repos/git-mastery/git-mastery.github.io/lessons/branch/text.md
2026-06-14T10:54:30.086Z - [32minfo[39m: Synchronizing opened pages list before reload
2026-06-14T10:54:30.087Z - [32minfo[39m: Current opened pages, from most-to-least recent:
2026-06-14T10:54:30.087Z - [32minfo[39m: 1. lessons/branch/index
2026-06-14T10:54:31.108Z - [32minfo[39m: Rebuilding 1 pages
2026-06-14T10:54:31.307Z - [36mverbose[39m: Rendering page: /Users/damithch/Repos/git-mastery/git-mastery.github.io/lessons/branch/index.md
2026-06-14T10:54:31.322Z - [32minfo[39m: Site data built
2026-06-14T10:54:31.322Z - [32minfo[39m: Pages rebuilt
2026-06-14T10:54:31.322Z - [32minfo[39m: Website regeneration complete! Total build time: 0.232s
2026-06-14T10:57:56.740Z - [32minfo[39m: [18:57:56] Reload for file change: /Users/damithch/Repos/git-mastery/git-mastery.github.io/lessons/branch/text.md
2026-06-14T10:57:56.740Z - [32minfo[39m: Synchronizing opened pages list before reload
2026-06-14T10:57:56.741Z - [32minfo[39m: Current opened pages, from most-to-least recent:
2026-06-14T10:57:56.741Z - [32minfo[39m: 1. lessons/branch/index
2026-06-14T10:57:57.743Z - [32minfo[39m: Rebuilding 1 pages
2026-06-14T10:57:57.912Z - [36mverbose[39m: Rendering page: /Users/damithch/Repos/git-mastery/git-mastery.github.io/lessons/branch/index.md
2026-06-14T10:57:57.935Z - [32minfo[39m: Site data built
2026-06-14T10:57:57.935Z - [32minfo[39m: Pages rebuilt
2026-06-14T10:57:57.935Z - [32minfo[39m: Website regeneration complete! Total build time: 0.193s
2026-06-14T11:09:00.994Z - [32minfo[39m: [19:09:00] Reload for file change: /Users/damithch/Repos/git-mastery/git-mastery.github.io/lessons/branch/text.md
2026-06-14T11:09:00.997Z - [32minfo[39m: Synchronizing opened pages list before reload
2026-06-14T11:09:00.998Z - [32minfo[39m: Current opened pages, from most-to-least recent:
2026-06-14T11:09:00.998Z - [32minfo[39m: 1. lessons/branch/index
2026-06-14T11:09:02.022Z - [32minfo[39m: Rebuilding 1 pages
2026-06-14T11:09:02.251Z - [36mverbose[39m: Rendering page: /Users/damithch/Repos/git-mastery/git-mastery.github.io/lessons/branch/index.md
2026-06-14T11:09:02.268Z - [32minfo[39m: Site data built
2026-06-14T11:09:02.268Z - [32minfo[39m: Pages rebuilt
2026-06-14T11:09:02.268Z - [32minfo[39m: Website regeneration complete! Total build time: 0.267s
2026-06-14T11:10:45.532Z - [32minfo[39m: [19:10:45] Reload for file change: /Users/damithch/Repos/git-mastery/git-mastery.github.io/lessons/branch/text.md
2026-06-14T11:10:45.533Z - [32minfo[39m: Synchronizing opened pages list before reload
2026-06-14T11:10:45.533Z - [32minfo[39m: Current opened pages, from most-to-least recent:
2026-06-14T11:10:45.533Z - [32minfo[39m: 1. lessons/branch/index
2026-06-14T11:10:46.540Z - [32minfo[39m: Rebuilding 1 pages
2026-06-14T11:10:46.758Z - [36mverbose[39m: Rendering page: /Users/damithch/Repos/git-mastery/git-mastery.github.io/lessons/branch/index.md
2026-06-14T11:10:46.777Z - [32minfo[39m: Site data built
2026-06-14T11:10:46.777Z - [32minfo[39m: Pages rebuilt
2026-06-14T11:10:46.777Z - [32minfo[39m: Website regeneration complete! Total build time: 0.241s
2026-06-14T11:16:11.205Z - [32minfo[39m: [19:16:11] Reload for file change: /Users/damithch/Repos/git-mastery/git-mastery.github.io/lessons/branch/text.md
2026-06-14T11:16:11.206Z - [32minfo[39m: Synchronizing opened pages list before reload
2026-06-14T11:16:11.206Z - [32minfo[39m: Current opened pages, from most-to-least recent:
2026-06-14T11:16:11.207Z - [32minfo[39m: 1. lessons/branch/index
2026-06-14T11:16:12.211Z - [32minfo[39m: Rebuilding 1 pages
2026-06-14T11:16:12.428Z - [36mverbose[39m: Rendering page: /Users/damithch/Repos/git-mastery/git-mastery.github.io/lessons/branch/index.md
2026-06-14T11:16:12.446Z - [32minfo[39m: Site data built
2026-06-14T11:16:12.446Z - [32minfo[39m: Pages rebuilt
2026-06-14T11:16:12.446Z - [32minfo[39m: Website regeneration complete! Total build time: 0.237s
2026-06-14T11:22:26.815Z - [32minfo[39m: [19:22:26] Reload for file change: /Users/damithch/Repos/git-mastery/git-mastery.github.io/lessons/branch/text.md
2026-06-14T11:22:26.816Z - [32minfo[39m: Synchronizing opened pages list before reload
2026-06-14T11:22:26.817Z - [32minfo[39m: Current opened pages, from most-to-least recent:
2026-06-14T11:22:26.817Z - [32minfo[39m: 1. lessons/branch/index
2026-06-14T11:22:27.825Z - [32minfo[39m: Rebuilding 1 pages
2026-06-14T11:22:27.972Z - [36mverbose[39m: Rendering page: /Users/damithch/Repos/git-mastery/git-mastery.github.io/lessons/branch/index.md
2026-06-14T11:22:27.990Z - [32minfo[39m: Site data built
2026-06-14T11:22:27.991Z - [32minfo[39m: Pages rebuilt
2026-06-14T11:22:27.991Z - [32minfo[39m: Website regeneration complete! Total build time: 0.171s
2026-06-14T11:23:21.756Z - [32minfo[39m: [19:23:21] Reload for file change: /Users/damithch/Repos/git-mastery/git-mastery.github.io/lessons/branch/text.md
2026-06-14T11:23:21.757Z - [32minfo[39m: Synchronizing opened pages list before reload
2026-06-14T11:23:21.758Z - [32minfo[39m: Current opened pages, from most-to-least recent:
2026-06-14T11:23:21.758Z - [32minfo[39m: 1. lessons/branch/index
2026-06-14T11:23:22.763Z - [32minfo[39m: Rebuilding 1 pages
2026-06-14T11:23:22.985Z - [36mverbose[39m: Rendering page: /Users/damithch/Repos/git-mastery/git-mastery.github.io/lessons/branch/index.md
2026-06-14T11:23:23.001Z - [32minfo[39m: Site data built
2026-06-14T11:23:23.001Z - [32minfo[39m: Pages rebuilt
2026-06-14T11:23:23.001Z - [32minfo[39m: Website regeneration complete! Total build time: 0.24s
2026-06-14T11:23:45.084Z - [32minfo[39m: [19:23:45] Reload for file change: /Users/damithch/Repos/git-mastery/git-mastery.github.io/lessons/branch/text.md
2026-06-14T11:23:45.084Z - [32minfo[39m: Synchronizing opened pages list before reload
2026-06-14T11:23:45.085Z - [32minfo[39m: Current opened pages, from most-to-least recent:
2026-06-14T11:23:45.085Z - [32minfo[39m: 1. lessons/branch/index
2026-06-14T11:23:46.088Z - [32minfo[39m: Rebuilding 1 pages
2026-06-14T11:23:46.233Z - [36mverbose[39m: Rendering page: /Users/damithch/Repos/git-mastery/git-mastery.github.io/lessons/branch/index.md
2026-06-14T11:23:46.254Z - [32minfo[39m: Site data built
2026-06-14T11:23:46.254Z - [32minfo[39m: Pages rebuilt
2026-06-14T11:23:46.254Z - [32minfo[39m: Website regeneration complete! Total build time: 0.167s
2026-06-14T11:24:08.233Z - [32minfo[39m: [19:24:08] Reload for file change: /Users/damithch/Repos/git-mastery/git-mastery.github.io/lessons/branch/text.md
2026-06-14T11:24:08.235Z - [32minfo[39m: Synchronizing opened pages list before reload
2026-06-14T11:24:08.236Z - [32minfo[39m: Current opened pages, from most-to-least recent:
2026-06-14T11:24:08.236Z - [32minfo[39m: 1. lessons/branch/index
2026-06-14T11:24:09.240Z - [32minfo[39m: Rebuilding 1 pages
2026-06-14T11:24:09.423Z - [36mverbose[39m: Rendering page: /Users/damithch/Repos/git-mastery/git-mastery.github.io/lessons/branch/index.md
2026-06-14T11:24:09.440Z - [32minfo[39m: Site data built
2026-06-14T11:24:09.440Z - [32minfo[39m: Pages rebuilt
2026-06-14T11:24:09.440Z - [32minfo[39m: Website regeneration complete! Total build time: 0.202s
2026-06-14T11:24:30.402Z - [32minfo[39m: [19:24:30] Reload for file change: /Users/damithch/Repos/git-mastery/git-mastery.github.io/lessons/branch/text.md
2026-06-14T11:24:30.403Z - [32minfo[39m: Synchronizing opened pages list before reload
2026-06-14T11:24:30.403Z - [32minfo[39m: Current opened pages, from most-to-least recent:
2026-06-14T11:24:30.403Z - [32minfo[39m: 1. lessons/branch/index
2026-06-14T11:24:31.406Z - [32minfo[39m: Rebuilding 1 pages
2026-06-14T11:24:31.577Z - [36mverbose[39m: Rendering page: /Users/damithch/Repos/git-mastery/git-mastery.github.io/lessons/branch/index.md
2026-06-14T11:24:31.590Z - [32minfo[39m: Site data built
2026-06-14T11:24:31.590Z - [32minfo[39m: Pages rebuilt
2026-06-14T11:24:31.590Z - [32minfo[39m: Website regeneration complete! Total build time: 0.186s
2026-06-14T11:26:38.212Z - [32minfo[39m: [19:26:38] Reload for file change: /Users/damithch/Repos/git-mastery/git-mastery.github.io/lessons/branch/text.md
2026-06-14T11:26:38.213Z - [32minfo[39m: Synchronizing opened pages list before reload
2026-06-14T11:26:38.214Z - [32minfo[39m: Current opened pages, from most-to-least recent:
2026-06-14T11:26:38.214Z - [32minfo[39m: 1. lessons/branch/index
2026-06-14T11:26:39.218Z - [32minfo[39m: Rebuilding 1 pages
2026-06-14T11:26:39.406Z - [36mverbose[39m: Rendering page: /Users/damithch/Repos/git-mastery/git-mastery.github.io/lessons/branch/index.md
2026-06-14T11:26:39.420Z - [32minfo[39m: Site data built
2026-06-14T11:26:39.420Z - [32minfo[39m: Pages rebuilt
2026-06-14T11:26:39.420Z - [32minfo[39m: Website regeneration complete! Total build time: 0.205s
2026-06-14T11:30:29.026Z - [32minfo[39m: [19:30:29] Reload for file change: /Users/damithch/Repos/git-mastery/git-mastery.github.io/lessons/branch/text.md
2026-06-14T11:30:29.029Z - [32minfo[39m: Synchronizing opened pages list before reload
2026-06-14T11:30:29.033Z - [32minfo[39m: Current opened pages, from most-to-least recent:
2026-06-14T11:30:29.034Z - [32minfo[39m: 1. lessons/branch/index
2026-06-14T11:30:30.040Z - [32minfo[39m: Rebuilding 1 pages
2026-06-14T11:30:30.232Z - [36mverbose[39m: Rendering page: /Users/damithch/Repos/git-mastery/git-mastery.github.io/lessons/branch/index.md
2026-06-14T11:30:30.252Z - [32minfo[39m: Site data built
2026-06-14T11:30:30.252Z - [32minfo[39m: Pages rebuilt
2026-06-14T11:30:30.252Z - [32minfo[39m: Website regeneration complete! Total build time: 0.214s
2026-06-14T11:30:46.265Z - [32minfo[39m: [19:30:46] Reload for file change: /Users/damithch/Repos/git-mastery/git-mastery.github.io/lessons/branch/text.md
2026-06-14T11:30:46.266Z - [32minfo[39m: Synchronizing opened pages list before reload
2026-06-14T11:30:46.266Z - [32minfo[39m: Current opened pages, from most-to-least recent:
2026-06-14T11:30:46.267Z - [32minfo[39m: 1. lessons/branch/index
2026-06-14T11:30:47.269Z - [32minfo[39m: Rebuilding 1 pages
2026-06-14T11:30:47.441Z - [36mverbose[39m: Rendering page: /Users/damithch/Repos/git-mastery/git-mastery.github.io/lessons/branch/index.md
2026-06-14T11:30:47.455Z - [32minfo[39m: Site data built
2026-06-14T11:30:47.455Z - [32minfo[39m: Pages rebuilt
2026-06-14T11:30:47.455Z - [32minfo[39m: Website regeneration complete! Total build time: 0.187s
2026-06-14T11:31:02.874Z - [32minfo[39m: [19:31:02] Reload for file change: /Users/damithch/Repos/git-mastery/git-mastery.github.io/lessons/branch/text.md
2026-06-14T11:31:02.876Z - [32minfo[39m: Synchronizing opened pages list before reload
2026-06-14T11:31:02.877Z - [32minfo[39m: Current opened pages, from most-to-least recent:
2026-06-14T11:31:02.877Z - [32minfo[39m: 1. lessons/branch/index
2026-06-14T11:31:03.883Z - [32minfo[39m: Rebuilding 1 pages
2026-06-14T11:31:04.021Z - [36mverbose[39m: Rendering page: /Users/damithch/Repos/git-mastery/git-mastery.github.io/lessons/branch/index.md
2026-06-14T11:31:04.044Z - [32minfo[39m: Site data built
2026-06-14T11:31:04.044Z - [32minfo[39m: Pages rebuilt
2026-06-14T11:31:04.044Z - [32minfo[39m: Website regeneration complete! Total build time: 0.164s
2026-06-14T11:32:46.003Z - [32minfo[39m: [19:32:45] Reload for file change: /Users/damithch/Repos/git-mastery/git-mastery.github.io/lessons/branch/text.md
2026-06-14T11:32:46.006Z - [32minfo[39m: Synchronizing opened pages list before reload
2026-06-14T11:32:46.011Z - [32minfo[39m: Current opened pages, from most-to-least recent:
2026-06-14T11:32:46.012Z - [32minfo[39m: 1. lessons/branch/index
2026-06-14T11:32:47.024Z - [32minfo[39m: Rebuilding 1 pages
2026-06-14T11:32:47.240Z - [36mverbose[39m: Rendering page: /Users/damithch/Repos/git-mastery/git-mastery.github.io/lessons/branch/index.md
2026-06-14T11:32:47.255Z - [32minfo[39m: Site data built
2026-06-14T11:32:47.255Z - [32minfo[39m: Pages rebuilt
2026-06-14T11:32:47.256Z - [32minfo[39m: Website regeneration complete! Total build time: 0.237s
2026-06-14T11:34:33.038Z - [32minfo[39m: [19:34:33] Reload for file change: /Users/damithch/Repos/git-mastery/git-mastery.github.io/lessons/branch/text.md
2026-06-14T11:34:33.040Z - [32minfo[39m: Synchronizing opened pages list before reload
2026-06-14T11:34:33.041Z - [32minfo[39m: Current opened pages, from most-to-least recent:
2026-06-14T11:34:33.041Z - [32minfo[39m: 1. lessons/branch/index
2026-06-14T11:34:34.045Z - [32minfo[39m: Rebuilding 1 pages
2026-06-14T11:34:34.203Z - [36mverbose[39m: Rendering page: /Users/damithch/Repos/git-mastery/git-mastery.github.io/lessons/branch/index.md
2026-06-14T11:34:34.218Z - [32minfo[39m: Site data built
2026-06-14T11:34:34.218Z - [32minfo[39m: Pages rebuilt
2026-06-14T11:34:34.218Z - [32minfo[39m: Website regeneration complete! Total build time: 0.175s
2026-06-14T11:35:30.182Z - [32minfo[39m: [19:35:30] Reload for file change: /Users/damithch/Repos/git-mastery/git-mastery.github.io/lessons/branch/text.md
2026-06-14T11:35:30.191Z - [32minfo[39m: Synchronizing opened pages list before reload
2026-06-14T11:35:30.195Z - [32minfo[39m: Current opened pages, from most-to-least recent:
2026-06-14T11:35:30.195Z - [32minfo[39m: 1. lessons/branch/index
2026-06-14T11:35:31.201Z - [32minfo[39m: Rebuilding 1 pages
2026-06-14T11:35:31.421Z - [36mverbose[39m: Rendering page: /Users/damithch/Repos/git-mastery/git-mastery.github.io/lessons/branch/index.md
2026-06-14T11:35:31.439Z - [32minfo[39m: Site data built
2026-06-14T11:35:31.439Z - [32minfo[39m: Pages rebuilt
2026-06-14T11:35:31.439Z - [32minfo[39m: Website regeneration complete! Total build time: 0.241s
2026-06-14T11:36:26.203Z - [32minfo[39m: [19:36:26] Reload for file change: /Users/damithch/Repos/git-mastery/git-mastery.github.io/common/macros.njk
2026-06-14T11:36:26.205Z - [32minfo[39m: Synchronizing opened pages list before reload
2026-06-14T11:36:26.206Z - [32minfo[39m: Current opened pages, from most-to-least recent:
2026-06-14T11:36:26.206Z - [32minfo[39m: 1. lessons/branch/index
2026-06-14T11:36:27.296Z - [32minfo[39m: Rebuilding 1 pages
2026-06-14T11:36:27.422Z - [36mverbose[39m: Rendering page: /Users/damithch/Repos/git-mastery/git-mastery.github.io/lessons/branch/index.md
2026-06-14T11:36:27.443Z - [32minfo[39m: Site data built
2026-06-14T11:36:27.443Z - [32minfo[39m: Pages rebuilt
2026-06-14T11:36:27.443Z - [32minfo[39m: Website regeneration complete! Total build time: 0.148s
2026-06-14T11:39:25.078Z - [32minfo[39m: [19:39:25] Reload for file change: /Users/damithch/Repos/git-mastery/git-mastery.github.io/lessons/branch/text.md
2026-06-14T11:39:25.081Z - [32minfo[39m: Synchronizing opened pages list before reload
2026-06-14T11:39:25.082Z - [32minfo[39m: Current opened pages, from most-to-least recent:
2026-06-14T11:39:25.082Z - [32minfo[39m: 1. lessons/branch/index
2026-06-14T11:39:26.089Z - [32minfo[39m: Rebuilding 1 pages
2026-06-14T11:39:26.296Z - [36mverbose[39m: Rendering page: /Users/damithch/Repos/git-mastery/git-mastery.github.io/lessons/branch/index.md
2026-06-14T11:39:26.312Z - [32minfo[39m: Site data built
2026-06-14T11:39:26.312Z - [32minfo[39m: Pages rebuilt
2026-06-14T11:39:26.312Z - [32minfo[39m: Website regeneration complete! Total build time: 0.226s
2026-06-14T11:40:40.118Z - [32minfo[39m: [19:40:40] Reload for file change: /Users/damithch/Repos/git-mastery/git-mastery.github.io/lessons/branch/text.md
2026-06-14T11:40:40.120Z - [32minfo[39m: Synchronizing opened pages list before reload
2026-06-14T11:40:40.121Z - [32minfo[39m: Current opened pages, from most-to-least recent:
2026-06-14T11:40:40.121Z - [32minfo[39m: 1. lessons/branch/index
2026-06-14T11:40:41.128Z - [32minfo[39m: Rebuilding 1 pages
2026-06-14T11:40:41.326Z - [36mverbose[39m: Rendering page: /Users/damithch/Repos/git-mastery/git-mastery.github.io/lessons/branch/index.md
2026-06-14T11:40:41.342Z - [32minfo[39m: Site data built
2026-06-14T11:40:41.342Z - [32minfo[39m: Pages rebuilt
2026-06-14T11:40:41.342Z - [32minfo[39m: Website regeneration complete! Total build time: 0.217s
2026-06-14T11:41:46.094Z - [32minfo[39m: [19:41:46] Reload for file change: /Users/damithch/Repos/git-mastery/git-mastery.github.io/lessons/branch/text.md
2026-06-14T11:41:46.096Z - [32minfo[39m: Synchronizing opened pages list before reload
2026-06-14T11:41:46.097Z - [32minfo[39m: Current opened pages, from most-to-least recent:
2026-06-14T11:41:46.097Z - [32minfo[39m: 1. lessons/branch/index
2026-06-14T11:41:47.103Z - [32minfo[39m: Rebuilding 1 pages
2026-06-14T11:41:47.298Z - [36mverbose[39m: Rendering page: /Users/damithch/Repos/git-mastery/git-mastery.github.io/lessons/branch/index.md
2026-06-14T11:41:47.316Z - [32minfo[39m: Site data built
2026-06-14T11:41:47.316Z - [32minfo[39m: Pages rebuilt
2026-06-14T11:41:47.316Z - [32minfo[39m: Website regeneration complete! Total build time: 0.215s
2026-06-14T11:42:16.862Z - [32minfo[39m: [19:42:16] Reload for file change: /Users/damithch/Repos/git-mastery/git-mastery.github.io/lessons/branch/text.md
2026-06-14T11:42:16.866Z - [32minfo[39m: Synchronizing opened pages list before reload
2026-06-14T11:42:16.868Z - [32minfo[39m: Current opened pages, from most-to-least recent:
2026-06-14T11:42:16.869Z - [32minfo[39m: 1. lessons/branch/index
2026-06-14T11:42:17.874Z - [32minfo[39m: Rebuilding 1 pages
2026-06-14T11:42:18.036Z - [36mverbose[39m: Rendering page: /Users/damithch/Repos/git-mastery/git-mastery.github.io/lessons/branch/index.md
2026-06-14T11:42:18.050Z - [32minfo[39m: Site data built
2026-06-14T11:42:18.050Z - [32minfo[39m: Pages rebuilt
2026-06-14T11:42:18.050Z - [32minfo[39m: Website regeneration complete! Total build time: 0.18s
2026-06-14T11:43:49.921Z - [32minfo[39m: [19:43:49] Reload for file change: /Users/damithch/Repos/git-mastery/git-mastery.github.io/lessons/branch/text.md
2026-06-14T11:43:49.923Z - [32minfo[39m: Synchronizing opened pages list before reload
2026-06-14T11:43:49.924Z - [32minfo[39m: Current opened pages, from most-to-least recent:
2026-06-14T11:43:49.924Z - [32minfo[39m: 1. lessons/branch/index
2026-06-14T11:43:50.931Z - [32minfo[39m: Rebuilding 1 pages
2026-06-14T11:43:51.129Z - [36mverbose[39m: Rendering page: /Users/damithch/Repos/git-mastery/git-mastery.github.io/lessons/branch/index.md
2026-06-14T11:43:51.144Z - [32minfo[39m: Site data built
2026-06-14T11:43:51.144Z - [32minfo[39m: Pages rebuilt
2026-06-14T11:43:51.144Z - [32minfo[39m: Website regeneration complete! Total build time: 0.216s
2026-06-14T11:44:06.755Z - [32minfo[39m: [19:44:06] Reload for file change: /Users/damithch/Repos/git-mastery/git-mastery.github.io/lessons/branch/text.md
2026-06-14T11:44:06.756Z - [32minfo[39m: Synchronizing opened pages list before reload
2026-06-14T11:44:06.756Z - [32minfo[39m: Current opened pages, from most-to-least recent:
2026-06-14T11:44:06.757Z - [32minfo[39m: 1. lessons/branch/index
2026-06-14T11:44:07.760Z - [32minfo[39m: Rebuilding 1 pages
2026-06-14T11:44:07.929Z - [36mverbose[39m: Rendering page: /Users/damithch/Repos/git-mastery/git-mastery.github.io/lessons/branch/index.md
2026-06-14T11:44:07.954Z - [32minfo[39m: Site data built
2026-06-14T11:44:07.954Z - [32minfo[39m: Pages rebuilt
2026-06-14T11:44:07.954Z - [32minfo[39m: Website regeneration complete! Total build time: 0.195s
2026-06-14T13:40:25.987Z - [32minfo[39m: [21:40:25] Reload for file change: /Users/damithch/Repos/git-mastery/git-mastery.github.io/lessons/branch/text.md
2026-06-14T13:40:25.993Z - [32minfo[39m: Synchronizing opened pages list before reload
2026-06-14T13:40:25.993Z - [32minfo[39m: Current opened pages, from most-to-least recent:
2026-06-14T13:40:25.994Z - [32minfo[39m: 1. lessons/branch/index
2026-06-14T13:40:27.014Z - [32minfo[39m: Rebuilding 1 pages
2026-06-14T13:40:27.263Z - [36mverbose[39m: Rendering page: /Users/damithch/Repos/git-mastery/git-mastery.github.io/lessons/branch/index.md
2026-06-14T13:40:27.283Z - [32minfo[39m: Site data built
2026-06-14T13:40:27.283Z - [32minfo[39m: Pages rebuilt
2026-06-14T13:40:27.283Z - [32minfo[39m: Website regeneration complete! Total build time: 0.285s
2026-06-14T13:40:50.280Z - [32minfo[39m: [21:40:50] Reload for file change: /Users/damithch/Repos/git-mastery/git-mastery.github.io/lessons/branch/text.md
2026-06-14T13:40:50.284Z - [32minfo[39m: Synchronizing opened pages list before reload
2026-06-14T13:40:50.286Z - [32minfo[39m: Current opened pages, from most-to-least recent:
2026-06-14T13:40:50.286Z - [32minfo[39m: 1. lessons/branch/index
2026-06-14T13:40:51.293Z - [32minfo[39m: Rebuilding 1 pages
2026-06-14T13:40:51.450Z - [36mverbose[39m: Rendering page: /Users/damithch/Repos/git-mastery/git-mastery.github.io/lessons/branch/index.md
2026-06-14T13:40:51.464Z - [32minfo[39m: Site data built
2026-06-14T13:40:51.464Z - [32minfo[39m: Pages rebuilt
2026-06-14T13:40:51.464Z - [32minfo[39m: Website regeneration complete! Total build time: 0.173s
2026-06-14T13:42:28.364Z - [32minfo[39m: [21:42:28] Reload for file change: /Users/damithch/Repos/git-mastery/git-mastery.github.io/lessons/branch/text.md
2026-06-14T13:42:28.366Z - [32minfo[39m: Synchronizing opened pages list before reload
2026-06-14T13:42:28.366Z - [32minfo[39m: Current opened pages, from most-to-least recent:
2026-06-14T13:42:28.366Z - [32minfo[39m: 1. lessons/branch/index
2026-06-14T13:42:29.371Z - [32minfo[39m: Rebuilding 1 pages
2026-06-14T13:42:29.575Z - [36mverbose[39m: Rendering page: /Users/damithch/Repos/git-mastery/git-mastery.github.io/lessons/branch/index.md
2026-06-14T13:42:29.591Z - [32minfo[39m: Site data built
2026-06-14T13:42:29.591Z - [32minfo[39m: Pages rebuilt
2026-06-14T13:42:29.591Z - [32minfo[39m: Website regeneration complete! Total build time: 0.223s
2026-06-14T13:43:17.175Z - [32minfo[39m: [21:43:17] Reload for file change: /Users/damithch/Repos/git-mastery/git-mastery.github.io/lessons/branch/text.md
2026-06-14T13:43:17.178Z - [32minfo[39m: Synchronizing opened pages list before reload
2026-06-14T13:43:17.179Z - [32minfo[39m: Current opened pages, from most-to-least recent:
2026-06-14T13:43:17.179Z - [32minfo[39m: 1. lessons/branch/index
2026-06-14T13:43:18.186Z - [32minfo[39m: Rebuilding 1 pages
2026-06-14T13:43:18.350Z - [36mverbose[39m: Rendering page: /Users/damithch/Repos/git-mastery/git-mastery.github.io/lessons/branch/index.md
2026-06-14T13:43:18.364Z - [32minfo[39m: Site data built
2026-06-14T13:43:18.364Z - [32minfo[39m: Pages rebuilt
2026-06-14T13:43:18.364Z - [32minfo[39m: Website regeneration complete! Total build time: 0.181s
2026-06-14T13:43:45.476Z - [32minfo[39m: [21:43:45] Reload for file change: /Users/damithch/Repos/git-mastery/git-mastery.github.io/lessons/branch/text.md
2026-06-14T13:43:45.477Z - [32minfo[39m: Synchronizing opened pages list before reload
2026-06-14T13:43:45.477Z - [32minfo[39m: Current opened pages, from most-to-least recent:
2026-06-14T13:43:45.477Z - [32minfo[39m: 1. lessons/branch/index
2026-06-14T13:43:46.484Z - [32minfo[39m: Rebuilding 1 pages
2026-06-14T13:43:46.715Z - [36mverbose[39m: Rendering page: /Users/damithch/Repos/git-mastery/git-mastery.github.io/lessons/branch/index.md
2026-06-14T13:43:46.730Z - [32minfo[39m: Site data built
2026-06-14T13:43:46.730Z - [32minfo[39m: Pages rebuilt
2026-06-14T13:43:46.730Z - [32minfo[39m: Website regeneration complete! Total build time: 0.249s
2026-06-14T13:45:04.239Z - [32minfo[39m: [21:45:04] Reload for file change: /Users/damithch/Repos/git-mastery/git-mastery.github.io/lessons/branch/text.md
2026-06-14T13:45:04.240Z - [32minfo[39m: Synchronizing opened pages list before reload
2026-06-14T13:45:04.241Z - [32minfo[39m: Current opened pages, from most-to-least recent:
2026-06-14T13:45:04.241Z - [32minfo[39m: 1. lessons/branch/index
2026-06-14T13:45:05.245Z - [32minfo[39m: Rebuilding 1 pages
2026-06-14T13:45:05.425Z - [36mverbose[39m: Rendering page: /Users/damithch/Repos/git-mastery/git-mastery.github.io/lessons/branch/index.md
2026-06-14T13:45:05.440Z - [32minfo[39m: Site data built
2026-06-14T13:45:05.440Z - [32minfo[39m: Pages rebuilt
2026-06-14T13:45:05.440Z - [32minfo[39m: Website regeneration complete! Total build time: 0.198s
2026-06-14T13:45:14.325Z - [32minfo[39m: [21:45:14] Reload for file change: /Users/damithch/Repos/git-mastery/git-mastery.github.io/lessons/branch/text.md
2026-06-14T13:45:14.325Z - [32minfo[39m: Synchronizing opened pages list before reload
2026-06-14T13:45:14.325Z - [32minfo[39m: Current opened pages, from most-to-least recent:
2026-06-14T13:45:14.325Z - [32minfo[39m: 1. lessons/branch/index
2026-06-14T13:45:15.327Z - [32minfo[39m: Rebuilding 1 pages
2026-06-14T13:45:15.509Z - [36mverbose[39m: Rendering page: /Users/damithch/Repos/git-mastery/git-mastery.github.io/lessons/branch/index.md
2026-06-14T13:45:15.525Z - [32minfo[39m: Site data built
2026-06-14T13:45:15.525Z - [32minfo[39m: Pages rebuilt
2026-06-14T13:45:15.525Z - [32minfo[39m: Website regeneration complete! Total build time: 0.2s
2026-06-14T14:25:01.091Z - [32minfo[39m: [22:25:01] Reload for file change: /Users/damithch/Repos/git-mastery/git-mastery.github.io/lessons/branch/text.md
2026-06-14T14:25:01.094Z - [32minfo[39m: Synchronizing opened pages list before reload
2026-06-14T14:25:01.095Z - [32minfo[39m: Current opened pages, from most-to-least recent:
2026-06-14T14:25:01.095Z - [32minfo[39m: 1. lessons/branch/index
2026-06-14T14:25:02.115Z - [32minfo[39m: Rebuilding 1 pages
2026-06-14T14:25:02.281Z - [36mverbose[39m: Rendering page: /Users/damithch/Repos/git-mastery/git-mastery.github.io/lessons/branch/index.md
2026-06-14T14:25:02.296Z - [32minfo[39m: Site data built
2026-06-14T14:25:02.296Z - [32minfo[39m: Pages rebuilt
2026-06-14T14:25:02.296Z - [32minfo[39m: Website regeneration complete! Total build time: 0.198s
2026-06-14T14:25:07.827Z - [32minfo[39m: [22:25:07] Reload for file change: /Users/damithch/Repos/git-mastery/git-mastery.github.io/lessons/branch/text.md
2026-06-14T14:25:07.828Z - [32minfo[39m: Synchronizing opened pages list before reload
2026-06-14T14:25:07.828Z - [32minfo[39m: Current opened pages, from most-to-least recent:
2026-06-14T14:25:07.828Z - [32minfo[39m: 1. lessons/branch/index
2026-06-14T14:25:08.833Z - [32minfo[39m: Rebuilding 1 pages
2026-06-14T14:25:08.984Z - [36mverbose[39m: Rendering page: /Users/damithch/Repos/git-mastery/git-mastery.github.io/lessons/branch/index.md
2026-06-14T14:25:09.009Z - [32minfo[39m: Site data built
2026-06-14T14:25:09.009Z - [32minfo[39m: Pages rebuilt
2026-06-14T14:25:09.010Z - [32minfo[39m: Website regeneration complete! Total build time: 0.178s
2026-06-14T14:25:39.309Z - [32minfo[39m: [22:25:39] Reload for file change: /Users/damithch/Repos/git-mastery/git-mastery.github.io/lessons/branch/text.md
2026-06-14T14:25:39.311Z - [32minfo[39m: Synchronizing opened pages list before reload
2026-06-14T14:25:39.312Z - [32minfo[39m: Current opened pages, from most-to-least recent:
2026-06-14T14:25:39.313Z - [32minfo[39m: 1. lessons/branch/index
2026-06-14T14:25:40.318Z - [32minfo[39m: Rebuilding 1 pages
2026-06-14T14:25:40.527Z - [36mverbose[39m: Rendering page: /Users/damithch/Repos/git-mastery/git-mastery.github.io/lessons/branch/index.md
2026-06-14T14:25:40.547Z - [32minfo[39m: Site data built
2026-06-14T14:25:40.547Z - [32minfo[39m: Pages rebuilt
2026-06-14T14:25:40.547Z - [32minfo[39m: Website regeneration complete! Total build time: 0.232s
2026-06-14T14:25:50.310Z - [32minfo[39m: [22:25:50] Reload for file change: /Users/damithch/Repos/git-mastery/git-mastery.github.io/lessons/branch/text.md
2026-06-14T14:25:50.312Z - [32minfo[39m: Synchronizing opened pages list before reload
2026-06-14T14:25:50.313Z - [32minfo[39m: Current opened pages, from most-to-least recent:
2026-06-14T14:25:50.313Z - [32minfo[39m: 1. lessons/branch/index
2026-06-14T14:25:51.319Z - [32minfo[39m: Rebuilding 1 pages
2026-06-14T14:25:51.459Z - [36mverbose[39m: Rendering page: /Users/damithch/Repos/git-mastery/git-mastery.github.io/lessons/branch/index.md
2026-06-14T14:25:51.478Z - [32minfo[39m: Site data built
2026-06-14T14:25:51.478Z - [32minfo[39m: Pages rebuilt
2026-06-14T14:25:51.478Z - [32minfo[39m: Website regeneration complete! Total build time: 0.162s
2026-06-14T14:35:35.494Z - [32minfo[39m: [22:35:35] Reload for file add: /Users/damithch/Repos/git-mastery/git-mastery.github.io/lessons/branch/images/reachableCommitsInABranch.png
2026-06-14T14:35:35.496Z - [32minfo[39m: Synchronizing opened pages list before reload
2026-06-14T14:35:35.496Z - [32minfo[39m: Current opened pages, from most-to-least recent:
2026-06-14T14:35:35.496Z - [32minfo[39m: 1. lessons/branch/index
2026-06-14T14:35:35.791Z - [32minfo[39m: [22:35:35] Reload for file change: /Users/damithch/Repos/git-mastery/git-mastery.github.io/lessons/branch/images/reachableCommitsInABranch.png
2026-06-14T14:35:35.791Z - [32minfo[39m: Synchronizing opened pages list before reload
2026-06-14T14:35:35.791Z - [32minfo[39m: Current opened pages, from most-to-least recent:
2026-06-14T14:35:35.791Z - [32minfo[39m: 1. lessons/branch/index
2026-06-14T14:35:36.571Z - [32minfo[39m: Assets built
2026-06-14T14:36:10.692Z - [32minfo[39m: [22:36:10] Reload for file change: /Users/damithch/Repos/git-mastery/git-mastery.github.io/lessons/branch/images/reachableCommitsInABranch.png
2026-06-14T14:36:10.693Z - [32minfo[39m: Synchronizing opened pages list before reload
2026-06-14T14:36:10.694Z - [32minfo[39m: Current opened pages, from most-to-least recent:
2026-06-14T14:36:10.695Z - [32minfo[39m: 1. lessons/branch/index
2026-06-14T14:36:11.706Z - [32minfo[39m: Assets built
2026-06-14T14:39:52.413Z - [32minfo[39m: [22:39:52] Reload for file change: /Users/damithch/Repos/git-mastery/git-mastery.github.io/lessons/branch/text.md
2026-06-14T14:39:52.415Z - [32minfo[39m: Synchronizing opened pages list before reload
2026-06-14T14:39:52.416Z - [32minfo[39m: Current opened pages, from most-to-least recent:
2026-06-14T14:39:52.417Z - [32minfo[39m: 1. lessons/branch/index
2026-06-14T14:39:53.443Z - [32minfo[39m: Rebuilding 1 pages
2026-06-14T14:39:53.648Z - [36mverbose[39m: Rendering page: /Users/damithch/Repos/git-mastery/git-mastery.github.io/lessons/branch/index.md
2026-06-14T14:39:53.668Z - [32minfo[39m: Site data built
2026-06-14T14:39:53.668Z - [32minfo[39m: Pages rebuilt
2026-06-14T14:39:53.668Z - [32minfo[39m: Website regeneration complete! Total build time: 0.248s
2026-06-14T14:42:32.705Z - [32minfo[39m: [22:42:32] Reload for file change: /Users/damithch/Repos/git-mastery/git-mastery.github.io/lessons/branch/text.md
2026-06-14T14:42:32.706Z - [32minfo[39m: Synchronizing opened pages list before reload
2026-06-14T14:42:32.708Z - [32minfo[39m: Current opened pages, from most-to-least recent:
2026-06-14T14:42:32.708Z - [32minfo[39m: 1. lessons/branch/index
2026-06-14T14:42:33.723Z - [32minfo[39m: Rebuilding 1 pages
2026-06-14T14:42:33.912Z - [36mverbose[39m: Rendering page: /Users/damithch/Repos/git-mastery/git-mastery.github.io/lessons/branch/index.md
2026-06-14T14:42:33.929Z - [32minfo[39m: Site data built
2026-06-14T14:42:33.929Z - [32minfo[39m: Pages rebuilt
2026-06-14T14:42:33.929Z - [32minfo[39m: Website regeneration complete! Total build time: 0.208s
2026-06-14T14:44:54.486Z - [32minfo[39m: [22:44:54] Reload for file change: /Users/damithch/Repos/git-mastery/git-mastery.github.io/lessons/branch/images/reachableCommitsInABranch.png
2026-06-14T14:44:54.488Z - [32minfo[39m: Synchronizing opened pages list before reload
2026-06-14T14:44:54.489Z - [32minfo[39m: Current opened pages, from most-to-least recent:
2026-06-14T14:44:54.489Z - [32minfo[39m: 1. lessons/branch/index
2026-06-14T14:44:55.503Z - [32minfo[39m: Assets built
2026-06-14T14:45:18.533Z - [32minfo[39m: [22:45:18] Reload for file change: /Users/damithch/Repos/git-mastery/git-mastery.github.io/lessons/branch/images/reachableCommitsInABranch.png
2026-06-14T14:45:18.534Z - [32minfo[39m: Synchronizing opened pages list before reload
2026-06-14T14:45:18.535Z - [32minfo[39m: Current opened pages, from most-to-least recent:
2026-06-14T14:45:18.535Z - [32minfo[39m: 1. lessons/branch/index
2026-06-14T14:45:19.541Z - [32minfo[39m: Assets built
2026-06-14T14:46:18.026Z - [32minfo[39m: [22:46:18] Reload for file change: /Users/damithch/Repos/git-mastery/git-mastery.github.io/lessons/branch/text.md
2026-06-14T14:46:18.027Z - [32minfo[39m: Synchronizing opened pages list before reload
2026-06-14T14:46:18.027Z - [32minfo[39m: Current opened pages, from most-to-least recent:
2026-06-14T14:46:18.028Z - [32minfo[39m: 1. lessons/branch/index
2026-06-14T14:46:19.042Z - [32minfo[39m: Rebuilding 1 pages
2026-06-14T14:46:19.254Z - [36mverbose[39m: Rendering page: /Users/damithch/Repos/git-mastery/git-mastery.github.io/lessons/branch/index.md
2026-06-14T14:46:19.273Z - [32minfo[39m: Site data built
2026-06-14T14:46:19.273Z - [32minfo[39m: Pages rebuilt
2026-06-14T14:46:19.273Z - [32minfo[39m: Website regeneration complete! Total build time: 0.243s
2026-06-14T14:55:56.129Z - [32minfo[39m: [22:55:56] Reload for file add: /Users/damithch/Repos/git-mastery/git-mastery.github.io/lessons/branch/images/headRef.png
2026-06-14T14:55:56.132Z - [32minfo[39m: Synchronizing opened pages list before reload
2026-06-14T14:55:56.132Z - [32minfo[39m: Current opened pages, from most-to-least recent:
2026-06-14T14:55:56.133Z - [32minfo[39m: 1. lessons/branch/index
2026-06-14T14:55:57.225Z - [32minfo[39m: Assets built
2026-06-14T14:56:23.797Z - [32minfo[39m: [22:56:23] Reload for file change: /Users/damithch/Repos/git-mastery/git-mastery.github.io/lessons/branch/images/headRef.png
2026-06-14T14:56:23.798Z - [32minfo[39m: Synchronizing opened pages list before reload
2026-06-14T14:56:23.799Z - [32minfo[39m: Current opened pages, from most-to-least recent:
2026-06-14T14:56:23.799Z - [32minfo[39m: 1. lessons/branch/index
2026-06-14T14:56:24.805Z - [32minfo[39m: Assets built
2026-06-14T14:57:00.348Z - [32minfo[39m: [22:57:00] Reload for file change: /Users/damithch/Repos/git-mastery/git-mastery.github.io/lessons/branch/text.md
2026-06-14T14:57:00.350Z - [32minfo[39m: Synchronizing opened pages list before reload
2026-06-14T14:57:00.351Z - [32minfo[39m: Current opened pages, from most-to-least recent:
2026-06-14T14:57:00.351Z - [32minfo[39m: 1. lessons/branch/index
2026-06-14T14:57:01.354Z - [32minfo[39m: Rebuilding 1 pages
2026-06-14T14:57:01.523Z - [36mverbose[39m: Rendering page: /Users/damithch/Repos/git-mastery/git-mastery.github.io/lessons/branch/index.md
2026-06-14T14:57:01.542Z - [32minfo[39m: Site data built
2026-06-14T14:57:01.543Z - [32minfo[39m: Pages rebuilt
2026-06-14T14:57:01.543Z - [32minfo[39m: Website regeneration complete! Total build time: 0.19s
2026-06-14T14:58:19.077Z - [32minfo[39m: [22:58:19] Reload for file change: /Users/damithch/Repos/git-mastery/git-mastery.github.io/lessons/branch/text.md
2026-06-14T14:58:19.078Z - [32minfo[39m: Synchronizing opened pages list before reload
2026-06-14T14:58:19.079Z - [32minfo[39m: Current opened pages, from most-to-least recent:
2026-06-14T14:58:19.079Z - [32minfo[39m: 1. lessons/branch/index
2026-06-14T14:58:20.083Z - [32minfo[39m: Rebuilding 1 pages
2026-06-14T14:58:20.275Z - [36mverbose[39m: Rendering page: /Users/damithch/Repos/git-mastery/git-mastery.github.io/lessons/branch/index.md
2026-06-14T14:58:20.292Z - [32minfo[39m: Site data built
2026-06-14T14:58:20.292Z - [32minfo[39m: Pages rebuilt
2026-06-14T14:58:20.292Z - [32minfo[39m: Website regeneration complete! Total build time: 0.211s
2026-06-14T14:58:56.566Z - [32minfo[39m: [22:58:56] Reload for file change: /Users/damithch/Repos/git-mastery/git-mastery.github.io/lessons/branch/text.md
2026-06-14T14:58:56.568Z - [32minfo[39m: Synchronizing opened pages list before reload
2026-06-14T14:58:56.569Z - [32minfo[39m: Current opened pages, from most-to-least recent:
2026-06-14T14:58:56.569Z - [32minfo[39m: 1. lessons/branch/index
2026-06-14T14:58:57.575Z - [32minfo[39m: Rebuilding 1 pages
2026-06-14T14:58:57.736Z - [36mverbose[39m: Rendering page: /Users/damithch/Repos/git-mastery/git-mastery.github.io/lessons/branch/index.md
2026-06-14T14:58:57.750Z - [32minfo[39m: Site data built
2026-06-14T14:58:57.750Z - [32minfo[39m: Pages rebuilt
2026-06-14T14:58:57.750Z - [32minfo[39m: Website regeneration complete! Total build time: 0.177s
2026-06-14T15:00:09.332Z - [32minfo[39m: [23:00:09] Reload for file change: /Users/damithch/Repos/git-mastery/git-mastery.github.io/lessons/branch/text.md
2026-06-14T15:00:09.333Z - [32minfo[39m: Synchronizing opened pages list before reload
2026-06-14T15:00:09.334Z - [32minfo[39m: Current opened pages, from most-to-least recent:
2026-06-14T15:00:09.334Z - [32minfo[39m: 1. lessons/branch/index
2026-06-14T15:00:10.347Z - [32minfo[39m: Rebuilding 1 pages
2026-06-14T15:00:10.554Z - [36mverbose[39m: Rendering page: /Users/damithch/Repos/git-mastery/git-mastery.github.io/lessons/branch/index.md
2026-06-14T15:00:10.571Z - [32minfo[39m: Site data built
2026-06-14T15:00:10.571Z - [32minfo[39m: Pages rebuilt
2026-06-14T15:00:10.571Z - [32minfo[39m: Website regeneration complete! Total build time: 0.235s
2026-06-14T15:00:56.146Z - [32minfo[39m: [23:00:56] Reload for file change: /Users/damithch/Repos/git-mastery/git-mastery.github.io/lessons/branch/text.md
2026-06-14T15:00:56.148Z - [32minfo[39m: Synchronizing opened pages list before reload
2026-06-14T15:00:56.148Z - [32minfo[39m: Current opened pages, from most-to-least recent:
2026-06-14T15:00:56.149Z - [32minfo[39m: 1. lessons/branch/index
2026-06-14T15:00:57.152Z - [32minfo[39m: Rebuilding 1 pages
2026-06-14T15:00:57.302Z - [36mverbose[39m: Rendering page: /Users/damithch/Repos/git-mastery/git-mastery.github.io/lessons/branch/index.md
2026-06-14T15:00:57.317Z - [32minfo[39m: Site data built
2026-06-14T15:00:57.317Z - [32minfo[39m: Pages rebuilt
2026-06-14T15:00:57.317Z - [32minfo[39m: Website regeneration complete! Total build time: 0.167s
2026-06-14T15:02:07.492Z - [32minfo[39m: [23:02:07] Reload for file change: /Users/damithch/Repos/git-mastery/git-mastery.github.io/lessons/branch/text.md
2026-06-14T15:02:07.494Z - [32minfo[39m: Synchronizing opened pages list before reload
2026-06-14T15:02:07.496Z - [32minfo[39m: Current opened pages, from most-to-least recent:
2026-06-14T15:02:07.496Z - [32minfo[39m: 1. lessons/branch/index
2026-06-14T15:02:08.497Z - [32minfo[39m: Rebuilding 1 pages
2026-06-14T15:02:08.680Z - [36mverbose[39m: Rendering page: /Users/damithch/Repos/git-mastery/git-mastery.github.io/lessons/branch/index.md
2026-06-14T15:02:08.697Z - [32minfo[39m: Site data built
2026-06-14T15:02:08.697Z - [32minfo[39m: Pages rebuilt
2026-06-14T15:02:08.697Z - [32minfo[39m: Website regeneration complete! Total build time: 0.201s
2026-06-14T15:03:00.603Z - [32minfo[39m: [23:03:00] Reload for file change: /Users/damithch/Repos/git-mastery/git-mastery.github.io/lessons/branch/text.md
2026-06-14T15:03:00.605Z - [32minfo[39m: Synchronizing opened pages list before reload
2026-06-14T15:03:00.605Z - [32minfo[39m: Current opened pages, from most-to-least recent:
2026-06-14T15:03:00.606Z - [32minfo[39m: 1. lessons/branch/index
2026-06-14T15:03:01.610Z - [32minfo[39m: Rebuilding 1 pages
2026-06-14T15:03:01.788Z - [36mverbose[39m: Rendering page: /Users/damithch/Repos/git-mastery/git-mastery.github.io/lessons/branch/index.md
2026-06-14T15:03:01.804Z - [32minfo[39m: Site data built
2026-06-14T15:03:01.804Z - [32minfo[39m: Pages rebuilt
2026-06-14T15:03:01.804Z - [32minfo[39m: Website regeneration complete! Total build time: 0.196s
2026-06-14T15:03:40.215Z - [32minfo[39m: [23:03:40] Reload for file change: /Users/damithch/Repos/git-mastery/git-mastery.github.io/lessons/branch/text.md
2026-06-14T15:03:40.216Z - [32minfo[39m: Synchronizing opened pages list before reload
2026-06-14T15:03:40.216Z - [32minfo[39m: Current opened pages, from most-to-least recent:
2026-06-14T15:03:40.216Z - [32minfo[39m: 1. lessons/branch/index
2026-06-14T15:03:41.220Z - [32minfo[39m: Rebuilding 1 pages
2026-06-14T15:03:41.442Z - [36mverbose[39m: Rendering page: /Users/damithch/Repos/git-mastery/git-mastery.github.io/lessons/branch/index.md
2026-06-14T15:03:41.464Z - [32minfo[39m: Site data built
2026-06-14T15:03:41.464Z - [32minfo[39m: Pages rebuilt
2026-06-14T15:03:41.464Z - [32minfo[39m: Website regeneration complete! Total build time: 0.246s
2026-06-14T15:04:49.320Z - [32minfo[39m: [23:04:49] Reload for file change: /Users/damithch/Repos/git-mastery/git-mastery.github.io/lessons/branch/text.md
2026-06-14T15:04:49.323Z - [32minfo[39m: Synchronizing opened pages list before reload
2026-06-14T15:04:49.323Z - [32minfo[39m: Current opened pages, from most-to-least recent:
2026-06-14T15:04:49.324Z - [32minfo[39m: 1. lessons/branch/index
2026-06-14T15:04:50.329Z - [32minfo[39m: Rebuilding 1 pages
2026-06-14T15:04:50.527Z - [36mverbose[39m: Rendering page: /Users/damithch/Repos/git-mastery/git-mastery.github.io/lessons/branch/index.md
2026-06-14T15:04:50.543Z - [32minfo[39m: Site data built
2026-06-14T15:04:50.543Z - [32minfo[39m: Pages rebuilt
2026-06-14T15:04:50.543Z - [32minfo[39m: Website regeneration complete! Total build time: 0.217s
2026-06-14T15:06:31.017Z - [32minfo[39m: [23:06:31] Reload for file change: /Users/damithch/Repos/git-mastery/git-mastery.github.io/lessons/branch/text.md
2026-06-14T15:06:31.025Z - [32minfo[39m: Synchronizing opened pages list before reload
2026-06-14T15:06:31.025Z - [32minfo[39m: Current opened pages, from most-to-least recent:
2026-06-14T15:06:31.025Z - [32minfo[39m: 1. lessons/branch/index
2026-06-14T15:06:32.047Z - [32minfo[39m: Rebuilding 1 pages
2026-06-14T15:06:32.238Z - [36mverbose[39m: Rendering page: /Users/damithch/Repos/git-mastery/git-mastery.github.io/lessons/branch/index.md
2026-06-14T15:06:32.255Z - [32minfo[39m: Site data built
2026-06-14T15:06:32.255Z - [32minfo[39m: Pages rebuilt
2026-06-14T15:06:32.255Z - [32minfo[39m: Website regeneration complete! Total build time: 0.227s
2026-06-14T15:06:44.935Z - [32minfo[39m: [23:06:44] Reload for file change: /Users/damithch/Repos/git-mastery/git-mastery.github.io/lessons/branch/text.md
2026-06-14T15:06:44.936Z - [32minfo[39m: Synchronizing opened pages list before reload
2026-06-14T15:06:44.937Z - [32minfo[39m: Current opened pages, from most-to-least recent:
2026-06-14T15:06:44.937Z - [32minfo[39m: 1. lessons/branch/index
2026-06-14T15:06:45.943Z - [32minfo[39m: Rebuilding 1 pages
2026-06-14T15:06:46.112Z - [36mverbose[39m: Rendering page: /Users/damithch/Repos/git-mastery/git-mastery.github.io/lessons/branch/index.md
2026-06-14T15:06:46.134Z - [32minfo[39m: Site data built
2026-06-14T15:06:46.134Z - [32minfo[39m: Pages rebuilt
2026-06-14T15:06:46.134Z - [32minfo[39m: Website regeneration complete! Total build time: 0.195s
2026-06-14T15:07:08.404Z - [32minfo[39m: [23:07:08] Reload for file change: /Users/damithch/Repos/git-mastery/git-mastery.github.io/lessons/branch/text.md
2026-06-14T15:07:08.436Z - [32minfo[39m: Synchronizing opened pages list before reload
2026-06-14T15:07:08.439Z - [32minfo[39m: Current opened pages, from most-to-least recent:
2026-06-14T15:07:08.439Z - [32minfo[39m: 1. lessons/branch/index
2026-06-14T15:07:09.442Z - [32minfo[39m: Rebuilding 1 pages
2026-06-14T15:07:09.647Z - [36mverbose[39m: Rendering page: /Users/damithch/Repos/git-mastery/git-mastery.github.io/lessons/branch/index.md
2026-06-14T15:07:09.665Z - [32minfo[39m: Site data built
2026-06-14T15:07:09.665Z - [32minfo[39m: Pages rebuilt
2026-06-14T15:07:09.665Z - [32minfo[39m: Website regeneration complete! Total build time: 0.225s
2026-06-14T15:07:54.834Z - [32minfo[39m: [23:07:54] Reload for file change: /Users/damithch/Repos/git-mastery/git-mastery.github.io/lessons/branch/text.md
2026-06-14T15:07:54.835Z - [32minfo[39m: Synchronizing opened pages list before reload
2026-06-14T15:07:54.836Z - [32minfo[39m: Current opened pages, from most-to-least recent:
2026-06-14T15:07:54.836Z - [32minfo[39m: 1. lessons/branch/index
2026-06-14T15:07:55.842Z - [32minfo[39m: Rebuilding 1 pages
2026-06-14T15:07:56.014Z - [36mverbose[39m: Rendering page: /Users/damithch/Repos/git-mastery/git-mastery.github.io/lessons/branch/index.md
2026-06-14T15:07:56.030Z - [32minfo[39m: Site data built
2026-06-14T15:07:56.030Z - [32minfo[39m: Pages rebuilt
2026-06-14T15:07:56.030Z - [32minfo[39m: Website regeneration complete! Total build time: 0.19s
2026-06-14T15:09:28.759Z - [32minfo[39m: [23:09:28] Reload for file change: /Users/damithch/Repos/git-mastery/git-mastery.github.io/lessons/branch/text.md
2026-06-14T15:09:28.760Z - [32minfo[39m: Synchronizing opened pages list before reload
2026-06-14T15:09:28.760Z - [32minfo[39m: Current opened pages, from most-to-least recent:
2026-06-14T15:09:28.760Z - [32minfo[39m: 1. lessons/branch/index
2026-06-14T15:09:29.766Z - [32minfo[39m: Rebuilding 1 pages
2026-06-14T15:09:29.961Z - [36mverbose[39m: Rendering page: /Users/damithch/Repos/git-mastery/git-mastery.github.io/lessons/branch/index.md
2026-06-14T15:09:29.978Z - [32minfo[39m: Site data built
2026-06-14T15:09:29.978Z - [32minfo[39m: Pages rebuilt
2026-06-14T15:09:29.978Z - [32minfo[39m: Website regeneration complete! Total build time: 0.214s
2026-06-14T15:44:07.315Z - [32minfo[39m: [23:44:07] Reload for file change: /Users/damithch/Repos/git-mastery/git-mastery.github.io/lessons/branch/text.md
2026-06-14T15:44:07.318Z - [32minfo[39m: Synchronizing opened pages list before reload
2026-06-14T15:44:07.319Z - [32minfo[39m: Current opened pages, from most-to-least recent:
2026-06-14T15:44:07.319Z - [32minfo[39m: 1. lessons/branch/index
2026-06-14T15:44:07.321Z - [32minfo[39m: [23:44:07] Reload for file change: /Users/damithch/Repos/git-mastery/git-mastery.github.io/_markbind/variables.md
2026-06-14T15:44:07.321Z - [32minfo[39m: Synchronizing opened pages list before reload
2026-06-14T15:44:07.321Z - [32minfo[39m: Current opened pages, from most-to-least recent:
2026-06-14T15:44:07.321Z - [32minfo[39m: 1. lessons/branch/index
2026-06-14T15:44:08.357Z - [33mwarn[39m: Rebuilding all pages as variables file was changed, or the --force-reload flag was set
2026-06-14T15:44:08.370Z - [32minfo[39m: Rebuilding 1 pages
2026-06-14T15:44:08.512Z - [36mverbose[39m: Rendering page: /Users/damithch/Repos/git-mastery/git-mastery.github.io/lessons/branch/index.md
2026-06-14T15:44:08.528Z - [32minfo[39m: Site data built
2026-06-14T15:44:08.528Z - [32minfo[39m: Pages rebuilt
2026-06-14T15:44:08.528Z - [32minfo[39m: Website regeneration complete! Total build time: 0.205s
2026-06-14T15:44:26.582Z - [32minfo[39m: [23:44:26] Reload for file change: /Users/damithch/Repos/git-mastery/git-mastery.github.io/lessons/branch/text.md
2026-06-14T15:44:26.583Z - [32minfo[39m: Synchronizing opened pages list before reload
2026-06-14T15:44:26.583Z - [32minfo[39m: Current opened pages, from most-to-least recent:
2026-06-14T15:44:26.583Z - [32minfo[39m: 1. lessons/branch/index
2026-06-14T15:44:27.592Z - [32minfo[39m: Rebuilding 1 pages
2026-06-14T15:44:27.789Z - [36mverbose[39m: Rendering page: /Users/damithch/Repos/git-mastery/git-mastery.github.io/lessons/branch/index.md
2026-06-14T15:44:27.807Z - [32minfo[39m: Site data built
2026-06-14T15:44:27.807Z - [32minfo[39m: Pages rebuilt
2026-06-14T15:44:27.807Z - [32minfo[39m: Website regeneration complete! Total build time: 0.222s
2026-06-14T15:45:01.559Z - [32minfo[39m: [23:45:01] Reload for file change: /Users/damithch/Repos/git-mastery/git-mastery.github.io/common/macros.njk
2026-06-14T15:45:01.561Z - [32minfo[39m: Synchronizing opened pages list before reload
2026-06-14T15:45:01.562Z - [32minfo[39m: Current opened pages, from most-to-least recent:
2026-06-14T15:45:01.563Z - [32minfo[39m: 1. lessons/branch/index
2026-06-14T15:45:02.655Z - [32minfo[39m: Rebuilding 1 pages
2026-06-14T15:45:02.768Z - [36mverbose[39m: Rendering page: /Users/damithch/Repos/git-mastery/git-mastery.github.io/lessons/branch/index.md
2026-06-14T15:45:02.787Z - [32minfo[39m: Site data built
2026-06-14T15:45:02.787Z - [32minfo[39m: Pages rebuilt
2026-06-14T15:45:02.787Z - [32minfo[39m: Website regeneration complete! Total build time: 0.133s
2026-06-14T15:46:09.058Z - [32minfo[39m: [23:46:09] Reload for file change: /Users/damithch/Repos/git-mastery/git-mastery.github.io/common/macros.njk
2026-06-14T15:46:09.059Z - [32minfo[39m: Synchronizing opened pages list before reload
2026-06-14T15:46:09.060Z - [32minfo[39m: Current opened pages, from most-to-least recent:
2026-06-14T15:46:09.060Z - [32minfo[39m: 1. lessons/branch/index
2026-06-14T15:46:10.162Z - [32minfo[39m: Rebuilding 1 pages
2026-06-14T15:46:10.320Z - [36mverbose[39m: Rendering page: /Users/damithch/Repos/git-mastery/git-mastery.github.io/lessons/branch/index.md
2026-06-14T15:46:10.338Z - [32minfo[39m: Site data built
2026-06-14T15:46:10.338Z - [32minfo[39m: Pages rebuilt
2026-06-14T15:46:10.338Z - [32minfo[39m: Website regeneration complete! Total build time: 0.177s
2026-06-14T15:46:45.129Z - [32minfo[39m: [23:46:45] Reload for file change: /Users/damithch/Repos/git-mastery/git-mastery.github.io/common/macros.njk
2026-06-14T15:46:45.133Z - [32minfo[39m: Synchronizing opened pages list before reload
2026-06-14T15:46:45.135Z - [32minfo[39m: Current opened pages, from most-to-least recent:
2026-06-14T15:46:45.136Z - [32minfo[39m: 1. lessons/branch/index
2026-06-14T15:46:46.241Z - [32minfo[39m: Rebuilding 1 pages
2026-06-14T15:46:46.360Z - [36mverbose[39m: Rendering page: /Users/damithch/Repos/git-mastery/git-mastery.github.io/lessons/branch/index.md
2026-06-14T15:46:46.377Z - [32minfo[39m: Site data built
2026-06-14T15:46:46.377Z - [32minfo[39m: Pages rebuilt
2026-06-14T15:46:46.377Z - [32minfo[39m: Website regeneration complete! Total build time: 0.136s
2026-06-14T15:46:56.958Z - [32minfo[39m: [23:46:56] Reload for file change: /Users/damithch/Repos/git-mastery/git-mastery.github.io/common/macros.njk
2026-06-14T15:46:56.960Z - [32minfo[39m: Synchronizing opened pages list before reload
2026-06-14T15:46:56.960Z - [32minfo[39m: Current opened pages, from most-to-least recent:
2026-06-14T15:46:56.960Z - [32minfo[39m: 1. lessons/branch/index
2026-06-14T15:46:58.028Z - [32minfo[39m: Rebuilding 1 pages
2026-06-14T15:46:58.159Z - [36mverbose[39m: Rendering page: /Users/damithch/Repos/git-mastery/git-mastery.github.io/lessons/branch/index.md
2026-06-14T15:46:58.175Z - [32minfo[39m: Site data built
2026-06-14T15:46:58.176Z - [32minfo[39m: Pages rebuilt
2026-06-14T15:46:58.176Z - [32minfo[39m: Website regeneration complete! Total build time: 0.149s
2026-06-14T15:51:58.757Z - [32minfo[39m: [23:51:58] Reload for file change: /Users/damithch/Repos/git-mastery/git-mastery.github.io/lessons/branch/text.md
2026-06-14T15:51:58.758Z - [32minfo[39m: Synchronizing opened pages list before reload
2026-06-14T15:51:58.760Z - [32minfo[39m: Current opened pages, from most-to-least recent:
2026-06-14T15:51:58.760Z - [32minfo[39m: 1. lessons/branch/index
2026-06-14T15:51:59.764Z - [32minfo[39m: Rebuilding 1 pages
2026-06-14T15:51:59.909Z - [36mverbose[39m: Rendering page: /Users/damithch/Repos/git-mastery/git-mastery.github.io/lessons/branch/index.md
2026-06-14T15:51:59.926Z - [32minfo[39m: Site data built
2026-06-14T15:51:59.926Z - [32minfo[39m: Pages rebuilt
2026-06-14T15:51:59.926Z - [32minfo[39m: Website regeneration complete! Total build time: 0.164s
