2026-01-20T16:02:49.371Z - info: [00:02:49] Reload for file change: /Users/damithch/Repos/git-mastery/git-mastery.github.io/lessons/commit/text.md
2026-01-20T16:02:49.460Z - info: Synchronizing opened pages list before reload
2026-01-20T16:02:49.464Z - info: Current opened pages, from most-to-least recent:
2026-01-20T16:02:49.464Z - info: 1. lessons/commit/index
2026-01-20T16:02:50.513Z - info: Rebuilding 1 pages
2026-01-20T16:02:50.680Z - warn: You might have an invalid intra-link! Ignore this warning if it was intended.
'/companion-app/index.html?cv-focus=app-commands' found in file '/Users/damithch/Repos/git-mastery/git-mastery.github.io/lessons/commit/text.md'
2026-01-20T16:02:50.681Z - warn: You might have an invalid intra-link! Ignore this warning if it was intended.
'/companion-app/index.html?cv-highlight=updating-app' found in file '/Users/damithch/Repos/git-mastery/git-mastery.github.io/lessons/commit/text.md'
2026-01-20T16:02:50.681Z - warn: You might have an invalid hash for intra-link! Ignore this warning if it was intended.'
  /lessons/interactiveRebase#updateLastCommit' found in file '/Users/damithch/Repos/git-mastery/git-mastery.github.io/lessons/commit/text.md'
2026-01-20T16:02:50.681Z - warn: You might have an invalid hash for intra-link! Ignore this warning if it was intended.'
  /lessons/reset#resetUncommitedChanges' found in file '/Users/damithch/Repos/git-mastery/git-mastery.github.io/lessons/commit/text.md'
2026-01-20T16:02:50.681Z - warn: You might have an invalid hash for intra-link! Ignore this warning if it was intended.'
  /lessons/reset#undoRecentCommits' found in file '/Users/damithch/Repos/git-mastery/git-mastery.github.io/lessons/commit/text.md'
2026-01-20T16:02:50.681Z - warn: You might have an invalid hash for intra-link! Ignore this warning if it was intended.'
  /lessons/stage#unstagingChanges' found in file '/Users/damithch/Repos/git-mastery/git-mastery.github.io/lessons/commit/steps-stage-deletion-fragment.md'
2026-01-20T16:02:50.681Z - info: Site data built
2026-01-20T16:02:50.681Z - info: Pages rebuilt
2026-01-20T16:02:50.681Z - info: Website regeneration complete! Total build time: 0.184s
2026-01-20T16:06:29.419Z - info: [00:06:29] Reload for file change: /Users/damithch/Repos/git-mastery/git-mastery.github.io/lessons/commit/text.md
2026-01-20T16:06:29.420Z - info: Synchronizing opened pages list before reload
2026-01-20T16:06:29.421Z - info: Current opened pages, from most-to-least recent:
2026-01-20T16:06:29.421Z - info: 1. lessons/commit/index
2026-01-20T16:06:30.426Z - info: Rebuilding 1 pages
2026-01-20T16:06:30.607Z - warn: You might have an invalid intra-link! Ignore this warning if it was intended.
'/companion-app/index.html?cv-focus=app-commands' found in file '/Users/damithch/Repos/git-mastery/git-mastery.github.io/lessons/commit/text.md'
2026-01-20T16:06:30.608Z - warn: You might have an invalid intra-link! Ignore this warning if it was intended.
'/companion-app/index.html?cv-highlight=updating-app' found in file '/Users/damithch/Repos/git-mastery/git-mastery.github.io/lessons/commit/text.md'
2026-01-20T16:06:30.608Z - warn: You might have an invalid hash for intra-link! Ignore this warning if it was intended.'
  /lessons/interactiveRebase#updateLastCommit' found in file '/Users/damithch/Repos/git-mastery/git-mastery.github.io/lessons/commit/text.md'
2026-01-20T16:06:30.608Z - warn: You might have an invalid hash for intra-link! Ignore this warning if it was intended.'
  /lessons/reset#resetUncommitedChanges' found in file '/Users/damithch/Repos/git-mastery/git-mastery.github.io/lessons/commit/text.md'
2026-01-20T16:06:30.608Z - warn: You might have an invalid hash for intra-link! Ignore this warning if it was intended.'
  /lessons/reset#undoRecentCommits' found in file '/Users/damithch/Repos/git-mastery/git-mastery.github.io/lessons/commit/text.md'
2026-01-20T16:06:30.608Z - warn: You might have an invalid hash for intra-link! Ignore this warning if it was intended.'
  /lessons/stage#unstagingChanges' found in file '/Users/damithch/Repos/git-mastery/git-mastery.github.io/lessons/commit/steps-stage-deletion-fragment.md'
2026-01-20T16:06:30.608Z - info: Site data built
2026-01-20T16:06:30.608Z - info: Pages rebuilt
2026-01-20T16:06:30.608Z - info: Website regeneration complete! Total build time: 0.185s
2026-01-20T16:06:40.258Z - info: [00:06:40] Reload for file change: /Users/damithch/Repos/git-mastery/git-mastery.github.io/lessons/commit/text.md
2026-01-20T16:06:40.262Z - info: Synchronizing opened pages list before reload
2026-01-20T16:06:40.262Z - info: Current opened pages, from most-to-least recent:
2026-01-20T16:06:40.263Z - info: 1. lessons/commit/index
2026-01-20T16:06:41.266Z - info: Rebuilding 1 pages
2026-01-20T16:06:41.395Z - warn: You might have an invalid intra-link! Ignore this warning if it was intended.
'/companion-app/index.html?cv-focus=app-commands' found in file '/Users/damithch/Repos/git-mastery/git-mastery.github.io/lessons/commit/text.md'
2026-01-20T16:06:41.395Z - warn: You might have an invalid intra-link! Ignore this warning if it was intended.
'/companion-app/index.html?cv-highlight=updating-app' found in file '/Users/damithch/Repos/git-mastery/git-mastery.github.io/lessons/commit/text.md'
2026-01-20T16:06:41.395Z - warn: You might have an invalid hash for intra-link! Ignore this warning if it was intended.'
  /lessons/interactiveRebase#updateLastCommit' found in file '/Users/damithch/Repos/git-mastery/git-mastery.github.io/lessons/commit/text.md'
2026-01-20T16:06:41.395Z - warn: You might have an invalid hash for intra-link! Ignore this warning if it was intended.'
  /lessons/reset#resetUncommitedChanges' found in file '/Users/damithch/Repos/git-mastery/git-mastery.github.io/lessons/commit/text.md'
2026-01-20T16:06:41.395Z - warn: You might have an invalid hash for intra-link! Ignore this warning if it was intended.'
  /lessons/reset#undoRecentCommits' found in file '/Users/damithch/Repos/git-mastery/git-mastery.github.io/lessons/commit/text.md'
2026-01-20T16:06:41.395Z - warn: You might have an invalid hash for intra-link! Ignore this warning if it was intended.'
  /lessons/stage#unstagingChanges' found in file '/Users/damithch/Repos/git-mastery/git-mastery.github.io/lessons/commit/steps-stage-deletion-fragment.md'
2026-01-20T16:06:41.396Z - info: Site data built
2026-01-20T16:06:41.396Z - info: Pages rebuilt
2026-01-20T16:06:41.396Z - info: Website regeneration complete! Total build time: 0.132s
2026-01-20T16:06:58.628Z - info: [00:06:58] Reload for file change: /Users/damithch/Repos/git-mastery/git-mastery.github.io/lessons/commit/text.md
2026-01-20T16:06:58.630Z - info: Synchronizing opened pages list before reload
2026-01-20T16:06:58.630Z - info: Current opened pages, from most-to-least recent:
2026-01-20T16:06:58.631Z - info: 1. lessons/commit/index
2026-01-20T16:06:59.638Z - info: Rebuilding 1 pages
2026-01-20T16:06:59.798Z - warn: You might have an invalid intra-link! Ignore this warning if it was intended.
'/companion-app/index.html?cv-focus=app-commands' found in file '/Users/damithch/Repos/git-mastery/git-mastery.github.io/lessons/commit/text.md'
2026-01-20T16:06:59.798Z - warn: You might have an invalid intra-link! Ignore this warning if it was intended.
'/companion-app/index.html?cv-highlight=updating-app' found in file '/Users/damithch/Repos/git-mastery/git-mastery.github.io/lessons/commit/text.md'
2026-01-20T16:06:59.798Z - warn: You might have an invalid hash for intra-link! Ignore this warning if it was intended.'
  /lessons/interactiveRebase#updateLastCommit' found in file '/Users/damithch/Repos/git-mastery/git-mastery.github.io/lessons/commit/text.md'
2026-01-20T16:06:59.798Z - warn: You might have an invalid hash for intra-link! Ignore this warning if it was intended.'
  /lessons/reset#resetUncommitedChanges' found in file '/Users/damithch/Repos/git-mastery/git-mastery.github.io/lessons/commit/text.md'
2026-01-20T16:06:59.798Z - warn: You might have an invalid hash for intra-link! Ignore this warning if it was intended.'
  /lessons/reset#undoRecentCommits' found in file '/Users/damithch/Repos/git-mastery/git-mastery.github.io/lessons/commit/text.md'
2026-01-20T16:06:59.798Z - warn: You might have an invalid hash for intra-link! Ignore this warning if it was intended.'
  /lessons/stage#unstagingChanges' found in file '/Users/damithch/Repos/git-mastery/git-mastery.github.io/lessons/commit/steps-stage-deletion-fragment.md'
2026-01-20T16:06:59.798Z - info: Site data built
2026-01-20T16:06:59.798Z - info: Pages rebuilt
2026-01-20T16:06:59.798Z - info: Website regeneration complete! Total build time: 0.163s
2026-01-20T16:08:35.462Z - info: [00:08:35] Reload for file change: /Users/damithch/Repos/git-mastery/git-mastery.github.io/lessons/commit/text.md
2026-01-20T16:08:35.464Z - info: Synchronizing opened pages list before reload
2026-01-20T16:08:35.464Z - info: Current opened pages, from most-to-least recent:
2026-01-20T16:08:35.465Z - info: 1. lessons/commit/index
2026-01-20T16:08:36.469Z - info: Rebuilding 1 pages
2026-01-20T16:08:36.642Z - warn: You might have an invalid intra-link! Ignore this warning if it was intended.
'/companion-app/index.html?cv-focus=app-commands' found in file '/Users/damithch/Repos/git-mastery/git-mastery.github.io/lessons/commit/text.md'
2026-01-20T16:08:36.642Z - warn: You might have an invalid intra-link! Ignore this warning if it was intended.
'/companion-app/index.html?cv-highlight=updating-app' found in file '/Users/damithch/Repos/git-mastery/git-mastery.github.io/lessons/commit/text.md'
2026-01-20T16:08:36.642Z - warn: You might have an invalid hash for intra-link! Ignore this warning if it was intended.'
  /lessons/interactiveRebase#updateLastCommit' found in file '/Users/damithch/Repos/git-mastery/git-mastery.github.io/lessons/commit/text.md'
2026-01-20T16:08:36.642Z - warn: You might have an invalid hash for intra-link! Ignore this warning if it was intended.'
  /lessons/reset#resetUncommitedChanges' found in file '/Users/damithch/Repos/git-mastery/git-mastery.github.io/lessons/commit/text.md'
2026-01-20T16:08:36.642Z - warn: You might have an invalid hash for intra-link! Ignore this warning if it was intended.'
  /lessons/reset#undoRecentCommits' found in file '/Users/damithch/Repos/git-mastery/git-mastery.github.io/lessons/commit/text.md'
2026-01-20T16:08:36.644Z - warn: You might have an invalid hash for intra-link! Ignore this warning if it was intended.'
  /lessons/stage#unstagingChanges' found in file '/Users/damithch/Repos/git-mastery/git-mastery.github.io/lessons/commit/steps-stage-deletion-fragment.md'
2026-01-20T16:08:36.644Z - info: Site data built
2026-01-20T16:08:36.644Z - info: Pages rebuilt
2026-01-20T16:08:36.644Z - info: Website regeneration complete! Total build time: 0.176s
2026-01-20T16:11:48.954Z - info: [00:11:48] Reload for file change: /Users/damithch/Repos/git-mastery/git-mastery.github.io/lessons/commit/text.md
2026-01-20T16:11:48.961Z - info: Synchronizing opened pages list before reload
2026-01-20T16:11:48.962Z - info: Current opened pages, from most-to-least recent:
2026-01-20T16:11:48.962Z - info: 1. lessons/commit/index
2026-01-20T16:11:49.967Z - info: Rebuilding 1 pages
2026-01-20T16:11:50.156Z - warn: You might have an invalid intra-link! Ignore this warning if it was intended.
'/companion-app/index.html?cv-focus=app-commands' found in file '/Users/damithch/Repos/git-mastery/git-mastery.github.io/lessons/commit/text.md'
2026-01-20T16:11:50.156Z - warn: You might have an invalid intra-link! Ignore this warning if it was intended.
'/companion-app/index.html?cv-highlight=updating-app' found in file '/Users/damithch/Repos/git-mastery/git-mastery.github.io/lessons/commit/text.md'
2026-01-20T16:11:50.156Z - warn: You might have an invalid hash for intra-link! Ignore this warning if it was intended.'
  /lessons/interactiveRebase#updateLastCommit' found in file '/Users/damithch/Repos/git-mastery/git-mastery.github.io/lessons/commit/text.md'
2026-01-20T16:11:50.156Z - warn: You might have an invalid hash for intra-link! Ignore this warning if it was intended.'
  /lessons/reset#resetUncommitedChanges' found in file '/Users/damithch/Repos/git-mastery/git-mastery.github.io/lessons/commit/text.md'
2026-01-20T16:11:50.156Z - warn: You might have an invalid hash for intra-link! Ignore this warning if it was intended.'
  /lessons/reset#undoRecentCommits' found in file '/Users/damithch/Repos/git-mastery/git-mastery.github.io/lessons/commit/text.md'
2026-01-20T16:11:50.156Z - warn: You might have an invalid hash for intra-link! Ignore this warning if it was intended.'
  /lessons/stage#unstagingChanges' found in file '/Users/damithch/Repos/git-mastery/git-mastery.github.io/lessons/commit/steps-stage-deletion-fragment.md'
2026-01-20T16:11:50.157Z - info: Site data built
2026-01-20T16:11:50.157Z - info: Pages rebuilt
2026-01-20T16:11:50.157Z - info: Website regeneration complete! Total build time: 0.192s
2026-01-20T16:12:26.148Z - info: [00:12:26] Reload for file change: /Users/damithch/Repos/git-mastery/git-mastery.github.io/lessons/commit/text.md
2026-01-20T16:12:26.151Z - info: Synchronizing opened pages list before reload
2026-01-20T16:12:26.154Z - info: Current opened pages, from most-to-least recent:
2026-01-20T16:12:26.158Z - info: 1. lessons/commit/index
2026-01-20T16:12:27.172Z - info: Rebuilding 1 pages
2026-01-20T16:12:27.350Z - warn: You might have an invalid intra-link! Ignore this warning if it was intended.
'/companion-app/index.html?cv-focus=app-commands' found in file '/Users/damithch/Repos/git-mastery/git-mastery.github.io/lessons/commit/text.md'
2026-01-20T16:12:27.350Z - warn: You might have an invalid intra-link! Ignore this warning if it was intended.
'/companion-app/index.html?cv-highlight=updating-app' found in file '/Users/damithch/Repos/git-mastery/git-mastery.github.io/lessons/commit/text.md'
2026-01-20T16:12:27.350Z - warn: You might have an invalid hash for intra-link! Ignore this warning if it was intended.'
  /lessons/interactiveRebase#updateLastCommit' found in file '/Users/damithch/Repos/git-mastery/git-mastery.github.io/lessons/commit/text.md'
2026-01-20T16:12:27.350Z - warn: You might have an invalid hash for intra-link! Ignore this warning if it was intended.'
  /lessons/reset#resetUncommitedChanges' found in file '/Users/damithch/Repos/git-mastery/git-mastery.github.io/lessons/commit/text.md'
2026-01-20T16:12:27.350Z - warn: You might have an invalid hash for intra-link! Ignore this warning if it was intended.'
  /lessons/reset#undoRecentCommits' found in file '/Users/damithch/Repos/git-mastery/git-mastery.github.io/lessons/commit/text.md'
2026-01-20T16:12:27.350Z - warn: You might have an invalid hash for intra-link! Ignore this warning if it was intended.'
  /lessons/stage#unstagingChanges' found in file '/Users/damithch/Repos/git-mastery/git-mastery.github.io/lessons/commit/steps-stage-deletion-fragment.md'
2026-01-20T16:12:27.351Z - info: Site data built
2026-01-20T16:12:27.351Z - info: Pages rebuilt
2026-01-20T16:12:27.351Z - info: Website regeneration complete! Total build time: 0.181s
2026-01-20T16:17:40.673Z - info: [00:17:40] Reload for file change: /Users/damithch/Repos/git-mastery/git-mastery.github.io/lessons/commit/text.md
2026-01-20T16:17:40.674Z - info: Synchronizing opened pages list before reload
2026-01-20T16:17:40.675Z - info: Current opened pages, from most-to-least recent:
2026-01-20T16:17:40.678Z - info: 1. lessons/commit/index
2026-01-20T16:17:41.697Z - info: Rebuilding 1 pages
2026-01-20T16:17:41.899Z - warn: You might have an invalid intra-link! Ignore this warning if it was intended.
'/companion-app/index.html?cv-focus=app-commands' found in file '/Users/damithch/Repos/git-mastery/git-mastery.github.io/lessons/commit/text.md'
2026-01-20T16:17:41.900Z - warn: You might have an invalid intra-link! Ignore this warning if it was intended.
'/companion-app/index.html?cv-highlight=updating-app' found in file '/Users/damithch/Repos/git-mastery/git-mastery.github.io/lessons/commit/text.md'
2026-01-20T16:17:41.900Z - warn: You might have an invalid hash for intra-link! Ignore this warning if it was intended.'
  /lessons/interactiveRebase#updateLastCommit' found in file '/Users/damithch/Repos/git-mastery/git-mastery.github.io/lessons/commit/text.md'
2026-01-20T16:17:41.900Z - warn: You might have an invalid hash for intra-link! Ignore this warning if it was intended.'
  /lessons/reset#resetUncommitedChanges' found in file '/Users/damithch/Repos/git-mastery/git-mastery.github.io/lessons/commit/text.md'
2026-01-20T16:17:41.900Z - warn: You might have an invalid hash for intra-link! Ignore this warning if it was intended.'
  /lessons/reset#undoRecentCommits' found in file '/Users/damithch/Repos/git-mastery/git-mastery.github.io/lessons/commit/text.md'
2026-01-20T16:17:41.900Z - warn: You might have an invalid hash for intra-link! Ignore this warning if it was intended.'
  /lessons/stage#unstagingChanges' found in file '/Users/damithch/Repos/git-mastery/git-mastery.github.io/lessons/commit/steps-stage-deletion-fragment.md'
2026-01-20T16:17:41.900Z - info: Site data built
2026-01-20T16:17:41.900Z - info: Pages rebuilt
2026-01-20T16:17:41.900Z - info: Website regeneration complete! Total build time: 0.207s
2026-01-20T16:18:19.826Z - info: [00:18:19] Reload for file change: /Users/damithch/Repos/git-mastery/git-mastery.github.io/lessons/commit/text.md
2026-01-20T16:18:19.830Z - info: Synchronizing opened pages list before reload
2026-01-20T16:18:19.835Z - info: Current opened pages, from most-to-least recent:
2026-01-20T16:18:19.838Z - info: 1. lessons/commit/index
2026-01-20T16:18:20.848Z - info: Rebuilding 1 pages
2026-01-20T16:18:21.031Z - warn: You might have an invalid intra-link! Ignore this warning if it was intended.
'/companion-app/index.html?cv-focus=app-commands' found in file '/Users/damithch/Repos/git-mastery/git-mastery.github.io/lessons/commit/text.md'
2026-01-20T16:18:21.031Z - warn: You might have an invalid intra-link! Ignore this warning if it was intended.
'/companion-app/index.html?cv-highlight=updating-app' found in file '/Users/damithch/Repos/git-mastery/git-mastery.github.io/lessons/commit/text.md'
2026-01-20T16:18:21.031Z - warn: You might have an invalid hash for intra-link! Ignore this warning if it was intended.'
  /lessons/interactiveRebase#updateLastCommit' found in file '/Users/damithch/Repos/git-mastery/git-mastery.github.io/lessons/commit/text.md'
2026-01-20T16:18:21.031Z - warn: You might have an invalid hash for intra-link! Ignore this warning if it was intended.'
  /lessons/reset#resetUncommitedChanges' found in file '/Users/damithch/Repos/git-mastery/git-mastery.github.io/lessons/commit/text.md'
2026-01-20T16:18:21.031Z - warn: You might have an invalid hash for intra-link! Ignore this warning if it was intended.'
  /lessons/reset#undoRecentCommits' found in file '/Users/damithch/Repos/git-mastery/git-mastery.github.io/lessons/commit/text.md'
2026-01-20T16:18:21.031Z - warn: You might have an invalid hash for intra-link! Ignore this warning if it was intended.'
  /lessons/stage#unstagingChanges' found in file '/Users/damithch/Repos/git-mastery/git-mastery.github.io/lessons/commit/steps-stage-deletion-fragment.md'
2026-01-20T16:18:21.032Z - info: Site data built
2026-01-20T16:18:21.032Z - info: Pages rebuilt
2026-01-20T16:18:21.032Z - info: Website regeneration complete! Total build time: 0.186s
2026-01-20T16:18:49.457Z - info: [00:18:49] Reload for file change: /Users/damithch/Repos/git-mastery/git-mastery.github.io/lessons/commit/text.md
2026-01-20T16:18:49.458Z - info: Synchronizing opened pages list before reload
2026-01-20T16:18:49.462Z - info: Current opened pages, from most-to-least recent:
2026-01-20T16:18:49.463Z - info: 1. lessons/commit/index
2026-01-20T16:18:50.472Z - info: Rebuilding 1 pages
2026-01-20T16:18:50.642Z - warn: You might have an invalid intra-link! Ignore this warning if it was intended.
'/companion-app/index.html?cv-focus=app-commands' found in file '/Users/damithch/Repos/git-mastery/git-mastery.github.io/lessons/commit/text.md'
2026-01-20T16:18:50.642Z - warn: You might have an invalid intra-link! Ignore this warning if it was intended.
'/companion-app/index.html?cv-highlight=updating-app' found in file '/Users/damithch/Repos/git-mastery/git-mastery.github.io/lessons/commit/text.md'
2026-01-20T16:18:50.642Z - warn: You might have an invalid hash for intra-link! Ignore this warning if it was intended.'
  /lessons/interactiveRebase#updateLastCommit' found in file '/Users/damithch/Repos/git-mastery/git-mastery.github.io/lessons/commit/text.md'
2026-01-20T16:18:50.642Z - warn: You might have an invalid hash for intra-link! Ignore this warning if it was intended.'
  /lessons/reset#resetUncommitedChanges' found in file '/Users/damithch/Repos/git-mastery/git-mastery.github.io/lessons/commit/text.md'
2026-01-20T16:18:50.642Z - warn: You might have an invalid hash for intra-link! Ignore this warning if it was intended.'
  /lessons/reset#undoRecentCommits' found in file '/Users/damithch/Repos/git-mastery/git-mastery.github.io/lessons/commit/text.md'
2026-01-20T16:18:50.642Z - warn: You might have an invalid hash for intra-link! Ignore this warning if it was intended.'
  /lessons/stage#unstagingChanges' found in file '/Users/damithch/Repos/git-mastery/git-mastery.github.io/lessons/commit/steps-stage-deletion-fragment.md'
2026-01-20T16:18:50.642Z - info: Site data built
2026-01-20T16:18:50.642Z - info: Pages rebuilt
2026-01-20T16:18:50.642Z - info: Website regeneration complete! Total build time: 0.172s
2026-01-20T16:19:26.618Z - info: [00:19:26] Reload for file change: /Users/damithch/Repos/git-mastery/git-mastery.github.io/lessons/commit/text.md
2026-01-20T16:19:26.619Z - info: Synchronizing opened pages list before reload
2026-01-20T16:19:26.619Z - info: Current opened pages, from most-to-least recent:
2026-01-20T16:19:26.619Z - info: 1. lessons/commit/index
2026-01-20T16:19:27.634Z - info: Rebuilding 1 pages
2026-01-20T16:19:27.806Z - warn: You might have an invalid intra-link! Ignore this warning if it was intended.
'/companion-app/index.html?cv-focus=app-commands' found in file '/Users/damithch/Repos/git-mastery/git-mastery.github.io/lessons/commit/text.md'
2026-01-20T16:19:27.806Z - warn: You might have an invalid intra-link! Ignore this warning if it was intended.
'/companion-app/index.html?cv-highlight=updating-app' found in file '/Users/damithch/Repos/git-mastery/git-mastery.github.io/lessons/commit/text.md'
2026-01-20T16:19:27.806Z - warn: You might have an invalid hash for intra-link! Ignore this warning if it was intended.'
  /lessons/interactiveRebase#updateLastCommit' found in file '/Users/damithch/Repos/git-mastery/git-mastery.github.io/lessons/commit/text.md'
2026-01-20T16:19:27.806Z - warn: You might have an invalid hash for intra-link! Ignore this warning if it was intended.'
  /lessons/reset#resetUncommitedChanges' found in file '/Users/damithch/Repos/git-mastery/git-mastery.github.io/lessons/commit/text.md'
2026-01-20T16:19:27.806Z - warn: You might have an invalid hash for intra-link! Ignore this warning if it was intended.'
  /lessons/reset#undoRecentCommits' found in file '/Users/damithch/Repos/git-mastery/git-mastery.github.io/lessons/commit/text.md'
2026-01-20T16:19:27.806Z - warn: You might have an invalid hash for intra-link! Ignore this warning if it was intended.'
  /lessons/stage#unstagingChanges' found in file '/Users/damithch/Repos/git-mastery/git-mastery.github.io/lessons/commit/steps-stage-deletion-fragment.md'
2026-01-20T16:19:27.807Z - info: Site data built
2026-01-20T16:19:27.807Z - info: Pages rebuilt
2026-01-20T16:19:27.807Z - info: Website regeneration complete! Total build time: 0.177s
2026-01-20T16:20:42.781Z - info: [00:20:42] Reload for file change: /Users/damithch/Repos/git-mastery/git-mastery.github.io/lessons/commit/text.md
2026-01-20T16:20:42.784Z - info: Synchronizing opened pages list before reload
2026-01-20T16:20:42.788Z - info: Current opened pages, from most-to-least recent:
2026-01-20T16:20:42.790Z - info: 1. lessons/commit/index
2026-01-20T16:20:43.824Z - info: Rebuilding 1 pages
2026-01-20T16:20:43.974Z - warn: You might have an invalid intra-link! Ignore this warning if it was intended.
'/companion-app/index.html?cv-focus=app-commands' found in file '/Users/damithch/Repos/git-mastery/git-mastery.github.io/lessons/commit/text.md'
2026-01-20T16:20:43.974Z - warn: You might have an invalid intra-link! Ignore this warning if it was intended.
'/companion-app/index.html?cv-highlight=updating-app' found in file '/Users/damithch/Repos/git-mastery/git-mastery.github.io/lessons/commit/text.md'
2026-01-20T16:20:43.974Z - warn: You might have an invalid hash for intra-link! Ignore this warning if it was intended.'
  /lessons/interactiveRebase#updateLastCommit' found in file '/Users/damithch/Repos/git-mastery/git-mastery.github.io/lessons/commit/text.md'
2026-01-20T16:20:43.974Z - warn: You might have an invalid hash for intra-link! Ignore this warning if it was intended.'
  /lessons/reset#resetUncommitedChanges' found in file '/Users/damithch/Repos/git-mastery/git-mastery.github.io/lessons/commit/text.md'
2026-01-20T16:20:43.974Z - warn: You might have an invalid hash for intra-link! Ignore this warning if it was intended.'
  /lessons/reset#undoRecentCommits' found in file '/Users/damithch/Repos/git-mastery/git-mastery.github.io/lessons/commit/text.md'
2026-01-20T16:20:43.974Z - warn: You might have an invalid hash for intra-link! Ignore this warning if it was intended.'
  /lessons/stage#unstagingChanges' found in file '/Users/damithch/Repos/git-mastery/git-mastery.github.io/lessons/commit/steps-stage-deletion-fragment.md'
2026-01-20T16:20:43.974Z - info: Site data built
2026-01-20T16:20:43.974Z - info: Pages rebuilt
2026-01-20T16:20:43.974Z - info: Website regeneration complete! Total build time: 0.159s
2026-01-20T16:21:24.001Z - info: [00:21:23] Reload for file change: /Users/damithch/Repos/git-mastery/git-mastery.github.io/lessons/commit/text.md
2026-01-20T16:21:24.009Z - info: Synchronizing opened pages list before reload
2026-01-20T16:21:24.011Z - info: Current opened pages, from most-to-least recent:
2026-01-20T16:21:24.012Z - info: 1. lessons/commit/index
2026-01-20T16:21:25.021Z - info: Rebuilding 1 pages
2026-01-20T16:21:25.196Z - warn: You might have an invalid intra-link! Ignore this warning if it was intended.
'/companion-app/index.html?cv-focus=app-commands' found in file '/Users/damithch/Repos/git-mastery/git-mastery.github.io/lessons/commit/text.md'
2026-01-20T16:21:25.196Z - warn: You might have an invalid intra-link! Ignore this warning if it was intended.
'/companion-app/index.html?cv-highlight=updating-app' found in file '/Users/damithch/Repos/git-mastery/git-mastery.github.io/lessons/commit/text.md'
2026-01-20T16:21:25.196Z - warn: You might have an invalid hash for intra-link! Ignore this warning if it was intended.'
  /lessons/interactiveRebase#updateLastCommit' found in file '/Users/damithch/Repos/git-mastery/git-mastery.github.io/lessons/commit/text.md'
2026-01-20T16:21:25.196Z - warn: You might have an invalid hash for intra-link! Ignore this warning if it was intended.'
  /lessons/reset#resetUncommitedChanges' found in file '/Users/damithch/Repos/git-mastery/git-mastery.github.io/lessons/commit/text.md'
2026-01-20T16:21:25.196Z - warn: You might have an invalid hash for intra-link! Ignore this warning if it was intended.'
  /lessons/reset#undoRecentCommits' found in file '/Users/damithch/Repos/git-mastery/git-mastery.github.io/lessons/commit/text.md'
2026-01-20T16:21:25.196Z - warn: You might have an invalid hash for intra-link! Ignore this warning if it was intended.'
  /lessons/stage#unstagingChanges' found in file '/Users/damithch/Repos/git-mastery/git-mastery.github.io/lessons/commit/steps-stage-deletion-fragment.md'
2026-01-20T16:21:25.197Z - info: Site data built
2026-01-20T16:21:25.197Z - info: Pages rebuilt
2026-01-20T16:21:25.197Z - info: Website regeneration complete! Total build time: 0.178s
2026-01-20T16:23:40.632Z - info: [00:23:40] Reload for file change: /Users/damithch/Repos/git-mastery/git-mastery.github.io/lessons/commit/text.md
2026-01-20T16:23:40.635Z - info: Synchronizing opened pages list before reload
2026-01-20T16:23:40.640Z - info: Current opened pages, from most-to-least recent:
2026-01-20T16:23:40.641Z - info: 1. lessons/commit/index
2026-01-20T16:23:41.651Z - info: Rebuilding 1 pages
2026-01-20T16:23:41.787Z - warn: You might have an invalid intra-link! Ignore this warning if it was intended.
'/companion-app/index.html?cv-focus=app-commands' found in file '/Users/damithch/Repos/git-mastery/git-mastery.github.io/lessons/commit/text.md'
2026-01-20T16:23:41.787Z - warn: You might have an invalid intra-link! Ignore this warning if it was intended.
'/companion-app/index.html?cv-highlight=updating-app' found in file '/Users/damithch/Repos/git-mastery/git-mastery.github.io/lessons/commit/text.md'
2026-01-20T16:23:41.787Z - warn: You might have an invalid hash for intra-link! Ignore this warning if it was intended.'
  /lessons/interactiveRebase#updateLastCommit' found in file '/Users/damithch/Repos/git-mastery/git-mastery.github.io/lessons/commit/text.md'
2026-01-20T16:23:41.787Z - warn: You might have an invalid hash for intra-link! Ignore this warning if it was intended.'
  /lessons/reset#resetUncommitedChanges' found in file '/Users/damithch/Repos/git-mastery/git-mastery.github.io/lessons/commit/text.md'
2026-01-20T16:23:41.787Z - warn: You might have an invalid hash for intra-link! Ignore this warning if it was intended.'
  /lessons/reset#undoRecentCommits' found in file '/Users/damithch/Repos/git-mastery/git-mastery.github.io/lessons/commit/text.md'
2026-01-20T16:23:41.787Z - warn: You might have an invalid hash for intra-link! Ignore this warning if it was intended.'
  /lessons/stage#unstagingChanges' found in file '/Users/damithch/Repos/git-mastery/git-mastery.github.io/lessons/commit/steps-stage-deletion-fragment.md'
2026-01-20T16:23:41.787Z - info: Site data built
2026-01-20T16:23:41.787Z - info: Pages rebuilt
2026-01-20T16:23:41.787Z - info: Website regeneration complete! Total build time: 0.138s
2026-01-20T16:26:38.513Z - info: [00:26:38] Reload for file change: /Users/damithch/Repos/git-mastery/git-mastery.github.io/lessons/commit/text.md
2026-01-20T16:26:38.515Z - info: Synchronizing opened pages list before reload
2026-01-20T16:26:38.517Z - info: Current opened pages, from most-to-least recent:
2026-01-20T16:26:38.518Z - info: 1. lessons/commit/index
2026-01-20T16:26:39.527Z - info: Rebuilding 1 pages
2026-01-20T16:26:39.681Z - warn: You might have an invalid intra-link! Ignore this warning if it was intended.
'/companion-app/index.html?cv-focus=app-commands' found in file '/Users/damithch/Repos/git-mastery/git-mastery.github.io/lessons/commit/text.md'
2026-01-20T16:26:39.682Z - warn: You might have an invalid intra-link! Ignore this warning if it was intended.
'/companion-app/index.html?cv-highlight=updating-app' found in file '/Users/damithch/Repos/git-mastery/git-mastery.github.io/lessons/commit/text.md'
2026-01-20T16:26:39.682Z - warn: You might have an invalid hash for intra-link! Ignore this warning if it was intended.'
  /lessons/interactiveRebase#updateLastCommit' found in file '/Users/damithch/Repos/git-mastery/git-mastery.github.io/lessons/commit/text.md'
2026-01-20T16:26:39.682Z - warn: You might have an invalid hash for intra-link! Ignore this warning if it was intended.'
  /lessons/reset#resetUncommitedChanges' found in file '/Users/damithch/Repos/git-mastery/git-mastery.github.io/lessons/commit/text.md'
2026-01-20T16:26:39.682Z - warn: You might have an invalid hash for intra-link! Ignore this warning if it was intended.'
  /lessons/reset#undoRecentCommits' found in file '/Users/damithch/Repos/git-mastery/git-mastery.github.io/lessons/commit/text.md'
2026-01-20T16:26:39.682Z - warn: You might have an invalid hash for intra-link! Ignore this warning if it was intended.'
  /lessons/stage#unstagingChanges' found in file '/Users/damithch/Repos/git-mastery/git-mastery.github.io/lessons/commit/steps-stage-deletion-fragment.md'
2026-01-20T16:26:39.682Z - info: Site data built
2026-01-20T16:26:39.682Z - info: Pages rebuilt
2026-01-20T16:26:39.682Z - info: Website regeneration complete! Total build time: 0.158s
2026-01-20T16:27:05.915Z - info: [00:27:05] Reload for file change: /Users/damithch/Repos/git-mastery/git-mastery.github.io/lessons/commit/text.md
2026-01-20T16:27:05.917Z - info: Synchronizing opened pages list before reload
2026-01-20T16:27:05.918Z - info: Current opened pages, from most-to-least recent:
2026-01-20T16:27:05.918Z - info: 1. lessons/commit/index
2026-01-20T16:27:06.944Z - info: Rebuilding 1 pages
2026-01-20T16:27:07.080Z - warn: You might have an invalid intra-link! Ignore this warning if it was intended.
'/companion-app/index.html?cv-focus=app-commands' found in file '/Users/damithch/Repos/git-mastery/git-mastery.github.io/lessons/commit/text.md'
2026-01-20T16:27:07.080Z - warn: You might have an invalid intra-link! Ignore this warning if it was intended.
'/companion-app/index.html?cv-highlight=updating-app' found in file '/Users/damithch/Repos/git-mastery/git-mastery.github.io/lessons/commit/text.md'
2026-01-20T16:27:07.080Z - warn: You might have an invalid hash for intra-link! Ignore this warning if it was intended.'
  /lessons/interactiveRebase#updateLastCommit' found in file '/Users/damithch/Repos/git-mastery/git-mastery.github.io/lessons/commit/text.md'
2026-01-20T16:27:07.080Z - warn: You might have an invalid hash for intra-link! Ignore this warning if it was intended.'
  /lessons/reset#resetUncommitedChanges' found in file '/Users/damithch/Repos/git-mastery/git-mastery.github.io/lessons/commit/text.md'
2026-01-20T16:27:07.080Z - warn: You might have an invalid hash for intra-link! Ignore this warning if it was intended.'
  /lessons/reset#undoRecentCommits' found in file '/Users/damithch/Repos/git-mastery/git-mastery.github.io/lessons/commit/text.md'
2026-01-20T16:27:07.080Z - warn: You might have an invalid hash for intra-link! Ignore this warning if it was intended.'
  /lessons/stage#unstagingChanges' found in file '/Users/damithch/Repos/git-mastery/git-mastery.github.io/lessons/commit/steps-stage-deletion-fragment.md'
2026-01-20T16:27:07.081Z - info: Site data built
2026-01-20T16:27:07.081Z - info: Pages rebuilt
2026-01-20T16:27:07.081Z - info: Website regeneration complete! Total build time: 0.153s
2026-01-20T16:29:00.931Z - info: [00:29:00] Reload for file change: /Users/damithch/Repos/git-mastery/git-mastery.github.io/lessons/commit/text.md
2026-01-20T16:29:00.934Z - info: Synchronizing opened pages list before reload
2026-01-20T16:29:00.935Z - info: Current opened pages, from most-to-least recent:
2026-01-20T16:29:00.936Z - info: 1. lessons/commit/index
2026-01-20T16:29:01.944Z - info: Rebuilding 1 pages
2026-01-20T16:29:02.125Z - warn: You might have an invalid intra-link! Ignore this warning if it was intended.
'/companion-app/index.html?cv-focus=app-commands' found in file '/Users/damithch/Repos/git-mastery/git-mastery.github.io/lessons/commit/text.md'
2026-01-20T16:29:02.125Z - warn: You might have an invalid intra-link! Ignore this warning if it was intended.
'/companion-app/index.html?cv-highlight=updating-app' found in file '/Users/damithch/Repos/git-mastery/git-mastery.github.io/lessons/commit/text.md'
2026-01-20T16:29:02.125Z - warn: You might have an invalid hash for intra-link! Ignore this warning if it was intended.'
  /lessons/interactiveRebase#updateLastCommit' found in file '/Users/damithch/Repos/git-mastery/git-mastery.github.io/lessons/commit/text.md'
2026-01-20T16:29:02.125Z - warn: You might have an invalid hash for intra-link! Ignore this warning if it was intended.'
  /lessons/reset#resetUncommitedChanges' found in file '/Users/damithch/Repos/git-mastery/git-mastery.github.io/lessons/commit/text.md'
2026-01-20T16:29:02.125Z - warn: You might have an invalid hash for intra-link! Ignore this warning if it was intended.'
  /lessons/reset#undoRecentCommits' found in file '/Users/damithch/Repos/git-mastery/git-mastery.github.io/lessons/commit/text.md'
2026-01-20T16:29:02.125Z - warn: You might have an invalid hash for intra-link! Ignore this warning if it was intended.'
  /lessons/stage#unstagingChanges' found in file '/Users/damithch/Repos/git-mastery/git-mastery.github.io/lessons/commit/steps-stage-deletion-fragment.md'
2026-01-20T16:29:02.126Z - info: Site data built
2026-01-20T16:29:02.126Z - info: Pages rebuilt
2026-01-20T16:29:02.126Z - info: Website regeneration complete! Total build time: 0.184s
2026-01-20T16:29:23.889Z - info: [00:29:23] Reload for file change: /Users/damithch/Repos/git-mastery/git-mastery.github.io/lessons/commit/text.md
2026-01-20T16:29:23.890Z - info: Synchronizing opened pages list before reload
2026-01-20T16:29:23.892Z - info: Current opened pages, from most-to-least recent:
2026-01-20T16:29:23.893Z - info: 1. lessons/commit/index
2026-01-20T16:29:24.898Z - info: Rebuilding 1 pages
2026-01-20T16:29:25.035Z - warn: You might have an invalid intra-link! Ignore this warning if it was intended.
'/companion-app/index.html?cv-focus=app-commands' found in file '/Users/damithch/Repos/git-mastery/git-mastery.github.io/lessons/commit/text.md'
2026-01-20T16:29:25.036Z - warn: You might have an invalid intra-link! Ignore this warning if it was intended.
'/companion-app/index.html?cv-highlight=updating-app' found in file '/Users/damithch/Repos/git-mastery/git-mastery.github.io/lessons/commit/text.md'
2026-01-20T16:29:25.036Z - warn: You might have an invalid hash for intra-link! Ignore this warning if it was intended.'
  /lessons/interactiveRebase#updateLastCommit' found in file '/Users/damithch/Repos/git-mastery/git-mastery.github.io/lessons/commit/text.md'
2026-01-20T16:29:25.036Z - warn: You might have an invalid hash for intra-link! Ignore this warning if it was intended.'
  /lessons/reset#resetUncommitedChanges' found in file '/Users/damithch/Repos/git-mastery/git-mastery.github.io/lessons/commit/text.md'
2026-01-20T16:29:25.036Z - warn: You might have an invalid hash for intra-link! Ignore this warning if it was intended.'
  /lessons/reset#undoRecentCommits' found in file '/Users/damithch/Repos/git-mastery/git-mastery.github.io/lessons/commit/text.md'
2026-01-20T16:29:25.036Z - warn: You might have an invalid hash for intra-link! Ignore this warning if it was intended.'
  /lessons/stage#unstagingChanges' found in file '/Users/damithch/Repos/git-mastery/git-mastery.github.io/lessons/commit/steps-stage-deletion-fragment.md'
2026-01-20T16:29:25.036Z - info: Site data built
2026-01-20T16:29:25.036Z - info: Pages rebuilt
2026-01-20T16:29:25.036Z - info: Website regeneration complete! Total build time: 0.14s
2026-01-20T16:32:30.391Z - info: [00:32:30] Reload for file change: /Users/damithch/Repos/git-mastery/git-mastery.github.io/lessons/commit/text.md
2026-01-20T16:32:30.398Z - info: Synchronizing opened pages list before reload
2026-01-20T16:32:30.399Z - info: Current opened pages, from most-to-least recent:
2026-01-20T16:32:30.399Z - info: 1. lessons/commit/index
2026-01-20T16:32:31.404Z - info: Rebuilding 1 pages
2026-01-20T16:32:31.558Z - warn: You might have an invalid intra-link! Ignore this warning if it was intended.
'/companion-app/index.html?cv-focus=app-commands' found in file '/Users/damithch/Repos/git-mastery/git-mastery.github.io/lessons/commit/text.md'
2026-01-20T16:32:31.558Z - warn: You might have an invalid intra-link! Ignore this warning if it was intended.
'/companion-app/index.html?cv-highlight=updating-app' found in file '/Users/damithch/Repos/git-mastery/git-mastery.github.io/lessons/commit/text.md'
2026-01-20T16:32:31.558Z - warn: You might have an invalid hash for intra-link! Ignore this warning if it was intended.'
  /lessons/interactiveRebase#updateLastCommit' found in file '/Users/damithch/Repos/git-mastery/git-mastery.github.io/lessons/commit/text.md'
2026-01-20T16:32:31.558Z - warn: You might have an invalid hash for intra-link! Ignore this warning if it was intended.'
  /lessons/reset#resetUncommitedChanges' found in file '/Users/damithch/Repos/git-mastery/git-mastery.github.io/lessons/commit/text.md'
2026-01-20T16:32:31.558Z - warn: You might have an invalid hash for intra-link! Ignore this warning if it was intended.'
  /lessons/reset#undoRecentCommits' found in file '/Users/damithch/Repos/git-mastery/git-mastery.github.io/lessons/commit/text.md'
2026-01-20T16:32:31.558Z - warn: You might have an invalid hash for intra-link! Ignore this warning if it was intended.'
  /lessons/stage#unstagingChanges' found in file '/Users/damithch/Repos/git-mastery/git-mastery.github.io/lessons/commit/steps-stage-deletion-fragment.md'
2026-01-20T16:32:31.559Z - info: Site data built
2026-01-20T16:32:31.559Z - info: Pages rebuilt
2026-01-20T16:32:31.559Z - info: Website regeneration complete! Total build time: 0.157s
2026-01-20T16:33:33.774Z - info: [00:33:33] Reload for file change: /Users/damithch/Repos/git-mastery/git-mastery.github.io/lessons/commit/text.md
2026-01-20T16:33:33.775Z - info: Synchronizing opened pages list before reload
2026-01-20T16:33:33.775Z - info: Current opened pages, from most-to-least recent:
2026-01-20T16:33:33.775Z - info: 1. lessons/commit/index
2026-01-20T16:33:34.781Z - info: Rebuilding 1 pages
2026-01-20T16:33:34.936Z - warn: You might have an invalid intra-link! Ignore this warning if it was intended.
'/companion-app/index.html?cv-focus=app-commands' found in file '/Users/damithch/Repos/git-mastery/git-mastery.github.io/lessons/commit/text.md'
2026-01-20T16:33:34.936Z - warn: You might have an invalid intra-link! Ignore this warning if it was intended.
'/companion-app/index.html?cv-highlight=updating-app' found in file '/Users/damithch/Repos/git-mastery/git-mastery.github.io/lessons/commit/text.md'
2026-01-20T16:33:34.936Z - warn: You might have an invalid hash for intra-link! Ignore this warning if it was intended.'
  /lessons/interactiveRebase#updateLastCommit' found in file '/Users/damithch/Repos/git-mastery/git-mastery.github.io/lessons/commit/text.md'
2026-01-20T16:33:34.936Z - warn: You might have an invalid hash for intra-link! Ignore this warning if it was intended.'
  /lessons/reset#resetUncommitedChanges' found in file '/Users/damithch/Repos/git-mastery/git-mastery.github.io/lessons/commit/text.md'
2026-01-20T16:33:34.936Z - warn: You might have an invalid hash for intra-link! Ignore this warning if it was intended.'
  /lessons/reset#undoRecentCommits' found in file '/Users/damithch/Repos/git-mastery/git-mastery.github.io/lessons/commit/text.md'
2026-01-20T16:33:34.936Z - warn: You might have an invalid hash for intra-link! Ignore this warning if it was intended.'
  /lessons/stage#unstagingChanges' found in file '/Users/damithch/Repos/git-mastery/git-mastery.github.io/lessons/commit/steps-stage-deletion-fragment.md'
2026-01-20T16:33:34.936Z - info: Site data built
2026-01-20T16:33:34.936Z - info: Pages rebuilt
2026-01-20T16:33:34.936Z - info: Website regeneration complete! Total build time: 0.158s
2026-01-20T16:35:00.539Z - info: [00:35:00] Reload for file change: /Users/damithch/Repos/git-mastery/git-mastery.github.io/lessons/commit/folder-commit-location-fragment.md
2026-01-20T16:35:00.549Z - info: Synchronizing opened pages list before reload
2026-01-20T16:35:00.556Z - info: Current opened pages, from most-to-least recent:
2026-01-20T16:35:00.561Z - info: 1. lessons/commit/index
2026-01-20T16:35:01.626Z - info: Rebuilding 1 pages
2026-01-20T16:35:01.821Z - warn: You might have an invalid intra-link! Ignore this warning if it was intended.
'/companion-app/index.html?cv-focus=app-commands' found in file '/Users/damithch/Repos/git-mastery/git-mastery.github.io/lessons/commit/text.md'
2026-01-20T16:35:01.821Z - warn: You might have an invalid intra-link! Ignore this warning if it was intended.
'/companion-app/index.html?cv-highlight=updating-app' found in file '/Users/damithch/Repos/git-mastery/git-mastery.github.io/lessons/commit/text.md'
2026-01-20T16:35:01.821Z - warn: You might have an invalid hash for intra-link! Ignore this warning if it was intended.'
  /lessons/interactiveRebase#updateLastCommit' found in file '/Users/damithch/Repos/git-mastery/git-mastery.github.io/lessons/commit/text.md'
2026-01-20T16:35:01.821Z - warn: You might have an invalid hash for intra-link! Ignore this warning if it was intended.'
  /lessons/reset#resetUncommitedChanges' found in file '/Users/damithch/Repos/git-mastery/git-mastery.github.io/lessons/commit/text.md'
2026-01-20T16:35:01.821Z - warn: You might have an invalid hash for intra-link! Ignore this warning if it was intended.'
  /lessons/reset#undoRecentCommits' found in file '/Users/damithch/Repos/git-mastery/git-mastery.github.io/lessons/commit/text.md'
2026-01-20T16:35:01.821Z - warn: You might have an invalid hash for intra-link! Ignore this warning if it was intended.'
  /lessons/stage#unstagingChanges' found in file '/Users/damithch/Repos/git-mastery/git-mastery.github.io/lessons/commit/steps-stage-deletion-fragment.md'
2026-01-20T16:35:01.822Z - info: Site data built
2026-01-20T16:35:01.822Z - info: Pages rebuilt
2026-01-20T16:35:01.822Z - info: Website regeneration complete! Total build time: 0.198s
2026-01-20T16:35:38.590Z - info: Website generation started at 00:35:38
2026-01-20T16:35:38.712Z - info: Building assets...
