2025-12-21T17:42:28.235Z - info: Website generation started at 01:42:28
2025-12-21T17:42:28.420Z - info: Building assets...
2025-12-21T17:42:28.694Z - info: Assets built
2025-12-21T17:42:28.694Z - info: Generating pages...
2025-12-21T17:42:36.270Z - warn: You might have an invalid hash for intra-link! Ignore this warning if it was intended.'
  /lessons/commit#stagingFileDeletions' found in file '/Users/damithch/Repos/git-mastery/git-mastery.github.io/lessons/stage/text.md'
2025-12-21T17:42:36.270Z - warn: You might have an invalid hash for intra-link! Ignore this warning if it was intended.'
  /lessons/interactiveRebase#updateLastCommit' found in file '/Users/damithch/Repos/git-mastery/git-mastery.github.io/lessons/commit/text.md'
2025-12-21T17:42:36.270Z - warn: You might have an invalid hash for intra-link! Ignore this warning if it was intended.'
  /lessons/reset#resetUncommitedChanges' found in file '/Users/damithch/Repos/git-mastery/git-mastery.github.io/lessons/commit/text.md'
2025-12-21T17:42:36.270Z - warn: You might have an invalid hash for intra-link! Ignore this warning if it was intended.'
  /lessons/reset#undoRecentCommits' found in file '/Users/damithch/Repos/git-mastery/git-mastery.github.io/lessons/commit/text.md'
2025-12-21T17:42:36.270Z - warn: You might have an invalid hash for intra-link! Ignore this warning if it was intended.'
  /lessons/stage#unstagingChanges' found in file '/Users/damithch/Repos/git-mastery/git-mastery.github.io/lessons/commit/steps-stage-deletion-fragment.md'
2025-12-21T17:42:36.271Z - warn: You might have an invalid hash for intra-link! Ignore this warning if it was intended.'
  /lessons/interactiveRebase#updateLastCommit' found in file '/Users/damithch/Repos/git-mastery/git-mastery.github.io/lessons/reset/text.md'
2025-12-21T17:42:36.273Z - warn: You might have an invalid intra-link! Ignore this warning if it was intended.
'/lessons/branch/images/listRemoteBranches.png' found in file '/Users/damithch/Repos/git-mastery/git-mastery.github.io/lessons/remoteBranches/sourcetree_4.md'
2025-12-21T17:42:36.274Z - info: Pages built
2025-12-21T17:42:36.352Z - info: Site data built
2025-12-21T17:42:36.352Z - info: Website generation complete! Total build time: 8.337s
2025-12-21T17:42:36.352Z - info: Build success!
2025-12-21T17:42:44.063Z - info: The website has been deployed at: https://git-mastery.github.io/git-mastery.github.io
