2026-02-16T11:20:14.081Z - info: Website generation (lazy) started at 19:20:13
2026-02-16T11:20:14.349Z - info: Building assets...
2026-02-16T11:20:14.422Z - info: Assets built
2026-02-16T11:20:14.422Z - info: Generating landing page...
2026-02-16T11:20:14.528Z - info: Landing page built, other pages will be built as you navigate to them!
2026-02-16T11:20:14.607Z - info: Site data built
2026-02-16T11:20:14.607Z - info: Website generation (lazy) complete! Total build time: 0.637s
2026-02-16T11:20:14.623Z - info: Serving "/Users/damithch/Repos/git-mastery/git-mastery.github.io/_site" at http://127.0.0.1:8080
2026-02-16T11:20:14.623Z - info: Press CTRL+C to stop ...
2026-02-16T11:20:21.448Z - info: Building /Users/damithch/Repos/git-mastery/git-mastery.github.io/lessons/index as some of its dependencies were changed since the last visit
2026-02-16T11:20:21.790Z - info: Site data built
2026-02-16T11:20:21.790Z - info: Lazy website regeneration complete! Total build time: 0.342s
2026-02-16T11:20:51.708Z - info: Building /Users/damithch/Repos/git-mastery/git-mastery.github.io/lessons/trail/remoteBranches/index as some of its dependencies were changed since the last visit
2026-02-16T11:20:51.948Z - info: Site data built
2026-02-16T11:20:51.948Z - info: Lazy website regeneration complete! Total build time: 0.241s
2026-02-16T11:27:10.419Z - info: [19:27:10] Reload for file change: /Users/damithch/Repos/git-mastery/git-mastery.github.io/lessons/remoteBranchPull/text.md
2026-02-16T11:27:10.424Z - info: Synchronizing opened pages list before reload
2026-02-16T11:27:10.425Z - info: Current opened pages, from most-to-least recent:
2026-02-16T11:27:10.425Z - info: 1. lessons/trail/remoteBranches/index
2026-02-16T11:27:11.444Z - info: Rebuilding 1 pages
2026-02-16T11:27:11.683Z - info: Site data built
2026-02-16T11:27:11.683Z - info: Pages rebuilt
2026-02-16T11:27:11.683Z - info: Website regeneration complete! Total build time: 0.251s
2026-02-16T11:29:02.458Z - info: [19:29:02] Reload for file change: /Users/damithch/Repos/git-mastery/git-mastery.github.io/lessons/remoteBranchPull/text.md
2026-02-16T11:29:02.462Z - info: Synchronizing opened pages list before reload
2026-02-16T11:29:02.465Z - info: Current opened pages, from most-to-least recent:
2026-02-16T11:29:02.465Z - info: 1. lessons/trail/remoteBranches/index
2026-02-16T11:29:03.470Z - info: Rebuilding 1 pages
2026-02-16T11:29:03.702Z - info: Site data built
2026-02-16T11:29:03.702Z - info: Pages rebuilt
2026-02-16T11:29:03.702Z - info: Website regeneration complete! Total build time: 0.234s
2026-02-16T11:29:48.285Z - info: [19:29:48] Reload for file change: /Users/damithch/Repos/git-mastery/git-mastery.github.io/lessons/remoteBranchPull/text.md
2026-02-16T11:29:48.289Z - info: Synchronizing opened pages list before reload
2026-02-16T11:29:48.289Z - info: Current opened pages, from most-to-least recent:
2026-02-16T11:29:48.289Z - info: 1. lessons/trail/remoteBranches/index
2026-02-16T11:29:49.294Z - info: Rebuilding 1 pages
2026-02-16T11:29:49.522Z - info: Site data built
2026-02-16T11:29:49.522Z - info: Pages rebuilt
2026-02-16T11:29:49.522Z - info: Website regeneration complete! Total build time: 0.23s
2026-02-16T11:31:20.276Z - info: [19:31:20] Reload for file change: /Users/damithch/Repos/git-mastery/git-mastery.github.io/lessons/remoteBranchPull/text.md
2026-02-16T11:31:20.282Z - info: Synchronizing opened pages list before reload
2026-02-16T11:31:20.286Z - info: Current opened pages, from most-to-least recent:
2026-02-16T11:31:20.287Z - info: 1. lessons/trail/remoteBranches/index
2026-02-16T11:31:21.298Z - info: Rebuilding 1 pages
2026-02-16T11:31:21.551Z - info: Site data built
2026-02-16T11:31:21.551Z - info: Pages rebuilt
2026-02-16T11:31:21.551Z - info: Website regeneration complete! Total build time: 0.256s
2026-02-16T11:31:59.177Z - info: [19:31:59] Reload for file change: /Users/damithch/Repos/git-mastery/git-mastery.github.io/lessons/remoteBranchPull/text.md
2026-02-16T11:31:59.179Z - info: Synchronizing opened pages list before reload
2026-02-16T11:31:59.182Z - info: Current opened pages, from most-to-least recent:
2026-02-16T11:31:59.182Z - info: 1. lessons/trail/remoteBranches/index
2026-02-16T11:32:00.185Z - info: Rebuilding 1 pages
2026-02-16T11:32:00.423Z - info: Site data built
2026-02-16T11:32:00.423Z - info: Pages rebuilt
2026-02-16T11:32:00.423Z - info: Website regeneration complete! Total build time: 0.239s
2026-02-16T11:32:51.875Z - info: [19:32:51] Reload for file change: /Users/damithch/Repos/git-mastery/git-mastery.github.io/lessons/remoteBranchPull/text.md
2026-02-16T11:32:51.879Z - info: Synchronizing opened pages list before reload
2026-02-16T11:32:51.880Z - info: Current opened pages, from most-to-least recent:
2026-02-16T11:32:51.881Z - info: 1. lessons/trail/remoteBranches/index
2026-02-16T11:32:52.886Z - info: Rebuilding 1 pages
2026-02-16T11:32:53.126Z - info: Site data built
2026-02-16T11:32:53.126Z - info: Pages rebuilt
2026-02-16T11:32:53.126Z - info: Website regeneration complete! Total build time: 0.243s
2026-02-16T11:33:18.333Z - info: [19:33:18] Reload for file change: /Users/damithch/Repos/git-mastery/git-mastery.github.io/lessons/remoteBranchPull/text.md
2026-02-16T11:33:18.335Z - info: Synchronizing opened pages list before reload
2026-02-16T11:33:18.336Z - info: Current opened pages, from most-to-least recent:
2026-02-16T11:33:18.336Z - info: 1. lessons/trail/remoteBranches/index
2026-02-16T11:33:19.344Z - info: Rebuilding 1 pages
2026-02-16T11:33:19.574Z - info: Site data built
2026-02-16T11:33:19.574Z - info: Pages rebuilt
2026-02-16T11:33:19.574Z - info: Website regeneration complete! Total build time: 0.232s
2026-02-16T11:34:33.564Z - info: [19:34:33] Reload for file change: /Users/damithch/Repos/git-mastery/git-mastery.github.io/lessons/remoteBranchPull/text.md
2026-02-16T11:34:33.573Z - info: Synchronizing opened pages list before reload
2026-02-16T11:34:33.592Z - info: Current opened pages, from most-to-least recent:
2026-02-16T11:34:33.601Z - info: 1. lessons/trail/remoteBranches/index
2026-02-16T11:34:34.622Z - info: Rebuilding 1 pages
2026-02-16T11:34:34.860Z - info: Site data built
2026-02-16T11:34:34.860Z - info: Pages rebuilt
2026-02-16T11:34:34.860Z - info: Website regeneration complete! Total build time: 0.241s
2026-02-16T11:36:26.614Z - info: [19:36:26] Reload for file change: /Users/damithch/Repos/git-mastery/git-mastery.github.io/lessons/remoteBranchPull/text.md
2026-02-16T11:36:26.615Z - info: Synchronizing opened pages list before reload
2026-02-16T11:36:26.615Z - info: Current opened pages, from most-to-least recent:
2026-02-16T11:36:26.615Z - info: 1. lessons/trail/remoteBranches/index
2026-02-16T11:36:27.622Z - info: Rebuilding 1 pages
2026-02-16T11:36:27.875Z - info: Site data built
2026-02-16T11:36:27.875Z - info: Pages rebuilt
2026-02-16T11:36:27.875Z - info: Website regeneration complete! Total build time: 0.256s
2026-02-16T11:38:53.290Z - info: [19:38:53] Reload for file change: /Users/damithch/Repos/git-mastery/git-mastery.github.io/lessons/remoteBranchPull/text.md
2026-02-16T11:38:53.294Z - info: Synchronizing opened pages list before reload
2026-02-16T11:38:53.303Z - info: Current opened pages, from most-to-least recent:
2026-02-16T11:38:53.303Z - info: 1. lessons/trail/remoteBranches/index
2026-02-16T11:38:54.308Z - info: Rebuilding 1 pages
2026-02-16T11:38:54.547Z - info: Site data built
2026-02-16T11:38:54.547Z - info: Pages rebuilt
2026-02-16T11:38:54.547Z - info: Website regeneration complete! Total build time: 0.241s
2026-02-16T11:40:18.863Z - info: [19:40:18] Reload for file change: /Users/damithch/Repos/git-mastery/git-mastery.github.io/lessons/remoteBranchPull/text.md
2026-02-16T11:40:18.865Z - info: Synchronizing opened pages list before reload
2026-02-16T11:40:18.866Z - info: Current opened pages, from most-to-least recent:
2026-02-16T11:40:18.866Z - info: 1. lessons/trail/remoteBranches/index
2026-02-16T11:40:19.872Z - info: Rebuilding 1 pages
2026-02-16T11:40:20.116Z - info: Site data built
2026-02-16T11:40:20.116Z - info: Pages rebuilt
2026-02-16T11:40:20.116Z - info: Website regeneration complete! Total build time: 0.246s
2026-02-16T11:41:42.655Z - info: Building /Users/damithch/Repos/git-mastery/git-mastery.github.io/lessons/init/index as some of its dependencies were changed since the last visit
2026-02-16T11:41:43.010Z - info: Site data built
2026-02-16T11:41:43.010Z - info: Lazy website regeneration complete! Total build time: 0.357s
2026-02-16T11:44:00.839Z - info: [19:44:00] Reload for file change: /Users/damithch/Repos/git-mastery/git-mastery.github.io/lessons/init/exercise-under-control.md
2026-02-16T11:44:00.841Z - info: Synchronizing opened pages list before reload
2026-02-16T11:44:00.841Z - info: Current opened pages, from most-to-least recent:
2026-02-16T11:44:00.842Z - info: 1. lessons/init/index
2026-02-16T11:44:01.847Z - info: Rebuilding 1 pages
2026-02-16T11:44:01.999Z - info: Site data built
2026-02-16T11:44:01.999Z - info: Pages rebuilt
2026-02-16T11:44:01.999Z - info: Website regeneration complete! Total build time: 0.155s
2026-02-16T11:47:29.381Z - info: [19:47:29] Reload for file change: /Users/damithch/Repos/git-mastery/git-mastery.github.io/lessons/init/exercise-under-control.md
2026-02-16T11:47:29.383Z - info: Synchronizing opened pages list before reload
2026-02-16T11:47:29.384Z - info: Current opened pages, from most-to-least recent:
2026-02-16T11:47:29.384Z - info: 1. lessons/init/index
2026-02-16T11:47:30.412Z - info: Rebuilding 1 pages
2026-02-16T11:47:30.569Z - info: Site data built
2026-02-16T11:47:30.569Z - info: Pages rebuilt
2026-02-16T11:47:30.569Z - info: Website regeneration complete! Total build time: 0.179s
2026-02-16T11:50:41.403Z - info: [19:50:41] Reload for file change: /Users/damithch/Repos/git-mastery/git-mastery.github.io/lessons/init/steps-init-repo-fragment.md
2026-02-16T11:50:41.411Z - info: Synchronizing opened pages list before reload
2026-02-16T11:50:41.412Z - info: Current opened pages, from most-to-least recent:
2026-02-16T11:50:41.413Z - info: 1. lessons/init/index
2026-02-16T11:50:42.435Z - info: Rebuilding 1 pages
2026-02-16T11:50:42.597Z - info: Site data built
2026-02-16T11:50:42.598Z - info: Pages rebuilt
2026-02-16T11:50:42.598Z - info: Website regeneration complete! Total build time: 0.18s
2026-02-16T11:53:34.525Z - info: [19:53:34] Reload for file change: /Users/damithch/Repos/git-mastery/git-mastery.github.io/lessons/init/steps-init-repo-fragment.md
2026-02-16T11:53:34.527Z - info: Synchronizing opened pages list before reload
2026-02-16T11:53:34.529Z - info: Current opened pages, from most-to-least recent:
2026-02-16T11:53:34.529Z - info: 1. lessons/init/index
2026-02-16T11:53:35.543Z - info: Rebuilding 1 pages
2026-02-16T11:53:35.722Z - info: Site data built
2026-02-16T11:53:35.722Z - info: Pages rebuilt
2026-02-16T11:53:35.722Z - info: Website regeneration complete! Total build time: 0.183s
2026-02-16T11:54:14.571Z - info: [19:54:14] Reload for file change: /Users/damithch/Repos/git-mastery/git-mastery.github.io/lessons/init/steps-init-repo-fragment.md
2026-02-16T11:54:14.572Z - info: Synchronizing opened pages list before reload
2026-02-16T11:54:14.573Z - info: Current opened pages, from most-to-least recent:
2026-02-16T11:54:14.574Z - info: 1. lessons/init/index
2026-02-16T11:54:15.578Z - info: Rebuilding 1 pages
2026-02-16T11:54:15.741Z - info: Site data built
2026-02-16T11:54:15.741Z - info: Pages rebuilt
2026-02-16T11:54:15.741Z - info: Website regeneration complete! Total build time: 0.165s
2026-02-16T11:58:28.690Z - info: [19:58:28] Reload for file add: /Users/damithch/Repos/git-mastery/git-mastery.github.io/lessons/init/images/sourcetreeChooseFolder.png
2026-02-16T11:58:28.691Z - info: Synchronizing opened pages list before reload
2026-02-16T11:58:28.692Z - info: Current opened pages, from most-to-least recent:
2026-02-16T11:58:28.692Z - info: 1. lessons/init/index
2026-02-16T11:58:29.742Z - info: Assets built
2026-02-16T11:59:23.980Z - info: [19:59:23] Reload for file change: /Users/damithch/Repos/git-mastery/git-mastery.github.io/lessons/init/steps-init-repo-fragment.md
2026-02-16T11:59:23.995Z - info: Synchronizing opened pages list before reload
2026-02-16T11:59:23.996Z - info: Current opened pages, from most-to-least recent:
2026-02-16T11:59:23.996Z - info: 1. lessons/init/index
2026-02-16T11:59:25.017Z - info: Rebuilding 1 pages
2026-02-16T11:59:25.186Z - info: Site data built
2026-02-16T11:59:25.186Z - info: Pages rebuilt
2026-02-16T11:59:25.186Z - info: Website regeneration complete! Total build time: 0.185s
2026-02-16T12:02:15.048Z - info: [20:02:15] Reload for file add: /Users/damithch/Repos/git-mastery/git-mastery.github.io/lessons/init/images/sourcetreeRepoCreationDialog.png
2026-02-16T12:02:15.049Z - info: Synchronizing opened pages list before reload
2026-02-16T12:02:15.049Z - info: Current opened pages, from most-to-least recent:
2026-02-16T12:02:15.050Z - info: 1. lessons/init/index
2026-02-16T12:02:16.113Z - info: Assets built
2026-02-16T12:02:36.031Z - info: [20:02:36] Reload for file change: /Users/damithch/Repos/git-mastery/git-mastery.github.io/lessons/init/steps-init-repo-fragment.md
2026-02-16T12:02:36.033Z - info: Synchronizing opened pages list before reload
2026-02-16T12:02:36.037Z - info: Current opened pages, from most-to-least recent:
2026-02-16T12:02:36.038Z - info: 1. lessons/init/index
2026-02-16T12:02:37.047Z - info: Rebuilding 1 pages
2026-02-16T12:02:37.222Z - info: Site data built
2026-02-16T12:02:37.222Z - info: Pages rebuilt
2026-02-16T12:02:37.222Z - info: Website regeneration complete! Total build time: 0.178s
2026-02-16T12:03:06.413Z - info: Website generation started at 20:03:06
2026-02-16T12:03:06.549Z - info: Building assets...
2026-02-16T12:03:06.642Z - info: Assets built
2026-02-16T12:03:06.642Z - info: Generating pages...
2026-02-16T12:03:14.322Z - warn: You might have an invalid hash for intra-link! Ignore this warning if it was intended.'
  /lessons/commit#stagingFileDeletions' found in file '/Users/damithch/Repos/git-mastery/git-mastery.github.io/lessons/stage/text.md'
2026-02-16T12:03:14.323Z - warn: You might have an invalid hash for intra-link! Ignore this warning if it was intended.'
  /lessons/interactiveRebase#updateLastCommit' found in file '/Users/damithch/Repos/git-mastery/git-mastery.github.io/lessons/commit/text.md'
2026-02-16T12:03:14.323Z - warn: You might have an invalid hash for intra-link! Ignore this warning if it was intended.'
  /lessons/reset#resetUncommitedChanges' found in file '/Users/damithch/Repos/git-mastery/git-mastery.github.io/lessons/commit/text.md'
2026-02-16T12:03:14.323Z - warn: You might have an invalid hash for intra-link! Ignore this warning if it was intended.'
  /lessons/reset#undoRecentCommits' found in file '/Users/damithch/Repos/git-mastery/git-mastery.github.io/lessons/commit/text.md'
2026-02-16T12:03:14.323Z - warn: You might have an invalid hash for intra-link! Ignore this warning if it was intended.'
  /lessons/stage#unstagingChanges' found in file '/Users/damithch/Repos/git-mastery/git-mastery.github.io/lessons/commit/steps-stage-deletion-fragment.md'
2026-02-16T12:03:14.324Z - warn: You might have an invalid hash for intra-link! Ignore this warning if it was intended.'
  /lessons/interactiveRebase#updateLastCommit' found in file '/Users/damithch/Repos/git-mastery/git-mastery.github.io/lessons/reset/text.md'
2026-02-16T12:03:14.325Z - warn: You might have an invalid intra-link! Ignore this warning if it was intended.
'/lessons/branch/images/listRemoteBranches.png' found in file '/Users/damithch/Repos/git-mastery/git-mastery.github.io/lessons/remoteBranches/sourcetree_4.md'
2026-02-16T12:03:14.326Z - info: Pages built
2026-02-16T12:03:14.395Z - info: Site data built
2026-02-16T12:03:14.395Z - info: Website generation complete! Total build time: 8.114s
2026-02-16T12:03:14.395Z - info: Build success!
2026-02-16T12:03:22.819Z - info: The website has been deployed at: git-mastery.org
2026-02-16T12:11:21.213Z - info: Website generation started at 20:11:21
2026-02-16T12:11:21.324Z - info: Building assets...
2026-02-16T12:11:21.395Z - info: Assets built
2026-02-16T12:11:21.395Z - info: Generating pages...
2026-02-16T12:11:30.325Z - warn: You might have an invalid intra-link! Ignore this warning if it was intended.
'/lessons/branch/images/listRemoteBranches.png' found in file '/Users/damithch/Repos/git-mastery/git-mastery.github.io/lessons/remoteBranches/sourcetree_4.md'
2026-02-16T12:11:30.326Z - info: Pages built
2026-02-16T12:11:30.396Z - info: Site data built
2026-02-16T12:11:30.396Z - info: Website generation complete! Total build time: 9.286s
2026-02-16T12:11:30.407Z - info: Serving "/Users/damithch/Repos/git-mastery/git-mastery.github.io/_site" at http://127.0.0.1:8080
2026-02-16T12:11:30.407Z - info: Press CTRL+C to stop ...
2026-02-16T12:12:30.611Z - info: [20:12:30] Reload for file change: /Users/damithch/Repos/git-mastery/git-mastery.github.io/common/macros.njk
2026-02-16T12:12:31.713Z - info: Rebuilding 100 pages
2026-02-16T12:12:39.228Z - warn: You might have an invalid intra-link! Ignore this warning if it was intended.
'/lessons/branch/images/listRemoteBranches.png' found in file '/Users/damithch/Repos/git-mastery/git-mastery.github.io/lessons/remoteBranches/sourcetree_4.md'
2026-02-16T12:12:39.229Z - info: Site data built
2026-02-16T12:12:39.229Z - info: Pages rebuilt
2026-02-16T12:12:39.229Z - info: Website regeneration complete! Total build time: 7.517s
2026-02-16T12:14:11.228Z - info: [20:14:11] Reload for file change: /Users/damithch/Repos/git-mastery/git-mastery.github.io/common/macros.njk
2026-02-16T12:14:12.362Z - info: Rebuilding 100 pages
2026-02-16T12:14:19.442Z - warn: You might have an invalid intra-link! Ignore this warning if it was intended.
'/lessons/branch/images/listRemoteBranches.png' found in file '/Users/damithch/Repos/git-mastery/git-mastery.github.io/lessons/remoteBranches/sourcetree_4.md'
2026-02-16T12:14:19.443Z - info: Site data built
2026-02-16T12:14:19.443Z - info: Pages rebuilt
2026-02-16T12:14:19.443Z - info: Website regeneration complete! Total build time: 7.081s
2026-02-16T12:14:56.384Z - info: [20:14:56] Reload for file change: /Users/damithch/Repos/git-mastery/git-mastery.github.io/common/macros.njk
2026-02-16T12:14:57.576Z - info: Rebuilding 100 pages
2026-02-16T12:15:04.945Z - warn: You might have an invalid intra-link! Ignore this warning if it was intended.
'/lessons/branch/images/listRemoteBranches.png' found in file '/Users/damithch/Repos/git-mastery/git-mastery.github.io/lessons/remoteBranches/sourcetree_4.md'
2026-02-16T12:15:04.946Z - info: Site data built
2026-02-16T12:15:04.947Z - info: Pages rebuilt
2026-02-16T12:15:04.947Z - info: Website regeneration complete! Total build time: 7.372s
2026-02-16T12:15:33.075Z - info: [20:15:33] Reload for file change: /Users/damithch/Repos/git-mastery/git-mastery.github.io/common/macros.njk
2026-02-16T12:15:34.195Z - info: Rebuilding 100 pages
2026-02-16T12:15:41.807Z - warn: You might have an invalid hash for intra-link! Ignore this warning if it was intended.'
  /lessons/commit/index.html#stagingFileDeletions' found in file '/Users/damithch/Repos/git-mastery/git-mastery.github.io/lessons/stage/text.md'
2026-02-16T12:15:41.807Z - warn: You might have an invalid hash for intra-link! Ignore this warning if it was intended.'
  /lessons/interactiveRebase/index.html#updateLastCommit' found in file '/Users/damithch/Repos/git-mastery/git-mastery.github.io/lessons/commit/text.md'
2026-02-16T12:15:41.807Z - warn: You might have an invalid hash for intra-link! Ignore this warning if it was intended.'
  /lessons/reset/index.html#resetUncommitedChanges' found in file '/Users/damithch/Repos/git-mastery/git-mastery.github.io/lessons/commit/text.md'
2026-02-16T12:15:41.807Z - warn: You might have an invalid hash for intra-link! Ignore this warning if it was intended.'
  /lessons/reset/index.html#undoRecentCommits' found in file '/Users/damithch/Repos/git-mastery/git-mastery.github.io/lessons/commit/text.md'
2026-02-16T12:15:41.807Z - warn: You might have an invalid hash for intra-link! Ignore this warning if it was intended.'
  /lessons/stage/index.html#unstagingChanges' found in file '/Users/damithch/Repos/git-mastery/git-mastery.github.io/lessons/commit/steps-stage-deletion-fragment.md'
2026-02-16T12:15:41.808Z - warn: You might have an invalid hash for intra-link! Ignore this warning if it was intended.'
  /lessons/interactiveRebase/index.html#updateLastCommit' found in file '/Users/damithch/Repos/git-mastery/git-mastery.github.io/lessons/reset/text.md'
2026-02-16T12:15:41.809Z - warn: You might have an invalid intra-link! Ignore this warning if it was intended.
'/lessons/branch/images/listRemoteBranches.png' found in file '/Users/damithch/Repos/git-mastery/git-mastery.github.io/lessons/remoteBranches/sourcetree_4.md'
2026-02-16T12:15:41.811Z - info: Site data built
2026-02-16T12:15:41.811Z - info: Pages rebuilt
2026-02-16T12:15:41.811Z - info: Website regeneration complete! Total build time: 7.621s
2026-02-16T12:18:30.650Z - info: [20:18:30] Reload for file change: /Users/damithch/Repos/git-mastery/git-mastery.github.io/common/macros.njk
2026-02-16T12:18:31.740Z - info: Rebuilding 100 pages
2026-02-16T12:18:38.843Z - warn: You might have an invalid hash for intra-link! Ignore this warning if it was intended.'
  /lessons/stage/index.html#unstagingChanges' found in file '/Users/damithch/Repos/git-mastery/git-mastery.github.io/lessons/commit/steps-stage-deletion-fragment.md'
2026-02-16T12:18:38.845Z - warn: You might have an invalid intra-link! Ignore this warning if it was intended.
'/lessons/branch/images/listRemoteBranches.png' found in file '/Users/damithch/Repos/git-mastery/git-mastery.github.io/lessons/remoteBranches/sourcetree_4.md'
2026-02-16T12:18:38.846Z - info: Site data built
2026-02-16T12:18:38.846Z - info: Pages rebuilt
2026-02-16T12:18:38.846Z - info: Website regeneration complete! Total build time: 7.11s
2026-02-16T12:18:59.829Z - info: Website generation started at 20:18:59
2026-02-16T12:18:59.919Z - info: Building assets...
2026-02-16T12:18:59.994Z - info: Assets built
2026-02-16T12:18:59.994Z - info: Generating pages...
2026-02-16T12:19:08.327Z - warn: You might have an invalid hash for intra-link! Ignore this warning if it was intended.'
  /lessons/stage/index.html#unstagingChanges' found in file '/Users/damithch/Repos/git-mastery/git-mastery.github.io/lessons/commit/steps-stage-deletion-fragment.md'
2026-02-16T12:19:08.329Z - warn: You might have an invalid intra-link! Ignore this warning if it was intended.
'/lessons/branch/images/listRemoteBranches.png' found in file '/Users/damithch/Repos/git-mastery/git-mastery.github.io/lessons/remoteBranches/sourcetree_4.md'
2026-02-16T12:19:08.331Z - info: Pages built
2026-02-16T12:19:08.401Z - info: Site data built
2026-02-16T12:19:08.401Z - info: Website generation complete! Total build time: 8.653s
2026-02-16T12:19:08.414Z - info: Serving "/Users/damithch/Repos/git-mastery/git-mastery.github.io/_site" at http://127.0.0.1:8080
2026-02-16T12:19:08.414Z - info: Press CTRL+C to stop ...
2026-02-16T12:21:30.643Z - info: [20:21:30] Reload for file change: /Users/damithch/Repos/git-mastery/git-mastery.github.io/common/macros.njk
2026-02-16T12:21:31.731Z - info: Rebuilding 100 pages
2026-02-16T12:21:39.054Z - warn: You might have an invalid hash for intra-link! Ignore this warning if it was intended.'
  /lessons/stage/index.html#unstagingChanges' found in file '/Users/damithch/Repos/git-mastery/git-mastery.github.io/lessons/commit/steps-stage-deletion-fragment.md'
2026-02-16T12:21:39.057Z - warn: You might have an invalid intra-link! Ignore this warning if it was intended.
'/lessons/branch/images/listRemoteBranches.png' found in file '/Users/damithch/Repos/git-mastery/git-mastery.github.io/lessons/remoteBranches/sourcetree_4.md'
2026-02-16T12:21:39.058Z - info: Site data built
2026-02-16T12:21:39.058Z - info: Pages rebuilt
2026-02-16T12:21:39.058Z - info: Website regeneration complete! Total build time: 7.329s
2026-02-16T12:22:49.668Z - info: [20:22:49] Reload for file change: /Users/damithch/Repos/git-mastery/git-mastery.github.io/common/macros.njk
2026-02-16T12:22:50.784Z - info: Rebuilding 100 pages
2026-02-16T12:22:58.372Z - warn: You might have an invalid hash for intra-link! Ignore this warning if it was intended.'
  /lessons/commit/index.html#stagingFileDeletions' found in file '/Users/damithch/Repos/git-mastery/git-mastery.github.io/lessons/stage/text.md'
2026-02-16T12:22:58.374Z - warn: You might have an invalid hash for intra-link! Ignore this warning if it was intended.'
  /lessons/interactiveRebase/index.html#updateLastCommit' found in file '/Users/damithch/Repos/git-mastery/git-mastery.github.io/lessons/commit/text.md'
2026-02-16T12:22:58.374Z - warn: You might have an invalid hash for intra-link! Ignore this warning if it was intended.'
  /lessons/reset/index.html#resetUncommitedChanges' found in file '/Users/damithch/Repos/git-mastery/git-mastery.github.io/lessons/commit/text.md'
2026-02-16T12:22:58.375Z - warn: You might have an invalid hash for intra-link! Ignore this warning if it was intended.'
  /lessons/reset/index.html#undoRecentCommits' found in file '/Users/damithch/Repos/git-mastery/git-mastery.github.io/lessons/commit/text.md'
2026-02-16T12:22:58.375Z - warn: You might have an invalid hash for intra-link! Ignore this warning if it was intended.'
  /lessons/stage/index.html#unstagingChanges' found in file '/Users/damithch/Repos/git-mastery/git-mastery.github.io/lessons/commit/steps-stage-deletion-fragment.md'
2026-02-16T12:22:58.377Z - warn: You might have an invalid hash for intra-link! Ignore this warning if it was intended.'
  /lessons/interactiveRebase/index.html#updateLastCommit' found in file '/Users/damithch/Repos/git-mastery/git-mastery.github.io/lessons/reset/text.md'
2026-02-16T12:22:58.380Z - warn: You might have an invalid intra-link! Ignore this warning if it was intended.
'/lessons/branch/images/listRemoteBranches.png' found in file '/Users/damithch/Repos/git-mastery/git-mastery.github.io/lessons/remoteBranches/sourcetree_4.md'
2026-02-16T12:22:58.382Z - info: Site data built
2026-02-16T12:22:58.382Z - info: Pages rebuilt
2026-02-16T12:22:58.382Z - info: Website regeneration complete! Total build time: 7.609s
2026-02-16T12:23:36.990Z - info: [20:23:36] Reload for file change: /Users/damithch/Repos/git-mastery/git-mastery.github.io/common/macros.njk
2026-02-16T12:23:38.074Z - info: Rebuilding 100 pages
2026-02-16T12:23:45.430Z - warn: You might have an invalid hash for intra-link! Ignore this warning if it was intended.'
  /lessons/commit/index.html#stagingFileDeletions' found in file '/Users/damithch/Repos/git-mastery/git-mastery.github.io/lessons/stage/text.md'
2026-02-16T12:23:45.431Z - warn: You might have an invalid hash for intra-link! Ignore this warning if it was intended.'
  /lessons/interactiveRebase/index.html#updateLastCommit' found in file '/Users/damithch/Repos/git-mastery/git-mastery.github.io/lessons/commit/text.md'
2026-02-16T12:23:45.431Z - warn: You might have an invalid hash for intra-link! Ignore this warning if it was intended.'
  /lessons/reset/index.html#resetUncommitedChanges' found in file '/Users/damithch/Repos/git-mastery/git-mastery.github.io/lessons/commit/text.md'
2026-02-16T12:23:45.431Z - warn: You might have an invalid hash for intra-link! Ignore this warning if it was intended.'
  /lessons/reset/index.html#undoRecentCommits' found in file '/Users/damithch/Repos/git-mastery/git-mastery.github.io/lessons/commit/text.md'
2026-02-16T12:23:45.431Z - warn: You might have an invalid hash for intra-link! Ignore this warning if it was intended.'
  /lessons/stage/index.html#unstagingChanges' found in file '/Users/damithch/Repos/git-mastery/git-mastery.github.io/lessons/commit/steps-stage-deletion-fragment.md'
2026-02-16T12:23:45.432Z - warn: You might have an invalid hash for intra-link! Ignore this warning if it was intended.'
  /lessons/interactiveRebase/index.html#updateLastCommit' found in file '/Users/damithch/Repos/git-mastery/git-mastery.github.io/lessons/reset/text.md'
2026-02-16T12:23:45.433Z - warn: You might have an invalid intra-link! Ignore this warning if it was intended.
'/lessons/branch/images/listRemoteBranches.png' found in file '/Users/damithch/Repos/git-mastery/git-mastery.github.io/lessons/remoteBranches/sourcetree_4.md'
2026-02-16T12:23:45.434Z - info: Site data built
2026-02-16T12:23:45.434Z - info: Pages rebuilt
2026-02-16T12:23:45.434Z - info: Website regeneration complete! Total build time: 7.361s
2026-02-16T12:26:10.689Z - info: [20:26:10] Reload for file change: /Users/damithch/Repos/git-mastery/git-mastery.github.io/common/macros.njk
2026-02-16T12:26:11.786Z - info: Rebuilding 100 pages
2026-02-16T12:26:19.206Z - warn: You might have an invalid intra-link! Ignore this warning if it was intended.
'/lessons/branch/images/listRemoteBranches.png' found in file '/Users/damithch/Repos/git-mastery/git-mastery.github.io/lessons/remoteBranches/sourcetree_4.md'
2026-02-16T12:26:19.207Z - info: Site data built
2026-02-16T12:26:19.207Z - info: Pages rebuilt
2026-02-16T12:26:19.208Z - info: Website regeneration complete! Total build time: 7.425s
2026-02-16T12:27:22.565Z - info: Website generation started at 20:27:22
2026-02-16T12:27:22.669Z - info: Building assets...
2026-02-16T12:27:22.749Z - info: Assets built
2026-02-16T12:27:22.750Z - info: Generating pages...
2026-02-16T12:27:31.825Z - warn: You might have an invalid intra-link! Ignore this warning if it was intended.
'/lessons/branch/images/listRemoteBranches.png' found in file '/Users/damithch/Repos/git-mastery/git-mastery.github.io/lessons/remoteBranches/sourcetree_4.md'
2026-02-16T12:27:31.825Z - info: Pages built
2026-02-16T12:27:31.900Z - info: Site data built
2026-02-16T12:27:31.901Z - info: Website generation complete! Total build time: 9.442s
2026-02-16T12:27:31.901Z - info: Build success!
2026-02-16T12:27:39.883Z - info: The website has been deployed at: git-mastery.org
2026-02-16T12:33:10.108Z - info: Website generation started at 20:33:09
2026-02-16T12:33:10.221Z - info: Building assets...
2026-02-16T12:33:10.292Z - info: Assets built
2026-02-16T12:33:10.293Z - info: Generating pages...
2026-02-16T12:33:17.867Z - info: Pages built
2026-02-16T12:33:17.940Z - info: Site data built
2026-02-16T12:33:17.940Z - info: Website generation complete! Total build time: 7.946s
2026-02-16T12:33:17.940Z - info: Build success!
2026-02-16T12:33:23.442Z - info: Website generation started at 20:33:23
2026-02-16T12:33:23.535Z - info: Building assets...
2026-02-16T12:33:23.605Z - info: Assets built
2026-02-16T12:33:23.606Z - info: Generating pages...
2026-02-16T12:33:31.403Z - info: Pages built
2026-02-16T12:33:31.468Z - info: Site data built
2026-02-16T12:33:31.468Z - info: Website generation complete! Total build time: 8.096s
2026-02-16T12:33:31.468Z - info: Build success!
2026-02-16T12:33:40.482Z - info: The website has been deployed at: git-mastery.org
