2026-02-12T14:38:19.634Z - info: Website generation started at 22:38:19
2026-02-12T14:38:19.789Z - info: Building assets...
2026-02-12T14:38:19.863Z - info: Assets built
2026-02-12T14:38:19.863Z - info: Generating pages...
2026-02-12T14:38:27.267Z - warn: You might have an invalid hash for intra-link! Ignore this warning if it was intended.'
  /lessons/commit#stagingFileDeletions' found in file '/Users/damithch/Repos/git-mastery/git-mastery.github.io/lessons/stage/text.md'
2026-02-12T14:38:27.267Z - warn: You might have an invalid hash for intra-link! Ignore this warning if it was intended.'
  /lessons/interactiveRebase#updateLastCommit' found in file '/Users/damithch/Repos/git-mastery/git-mastery.github.io/lessons/commit/text.md'
2026-02-12T14:38:27.268Z - warn: You might have an invalid hash for intra-link! Ignore this warning if it was intended.'
  /lessons/reset#resetUncommitedChanges' found in file '/Users/damithch/Repos/git-mastery/git-mastery.github.io/lessons/commit/text.md'
2026-02-12T14:38:27.268Z - warn: You might have an invalid hash for intra-link! Ignore this warning if it was intended.'
  /lessons/reset#undoRecentCommits' found in file '/Users/damithch/Repos/git-mastery/git-mastery.github.io/lessons/commit/text.md'
2026-02-12T14:38:27.268Z - warn: You might have an invalid hash for intra-link! Ignore this warning if it was intended.'
  /lessons/stage#unstagingChanges' found in file '/Users/damithch/Repos/git-mastery/git-mastery.github.io/lessons/commit/steps-stage-deletion-fragment.md'
2026-02-12T14:38:27.269Z - warn: You might have an invalid hash for intra-link! Ignore this warning if it was intended.'
  /lessons/interactiveRebase#updateLastCommit' found in file '/Users/damithch/Repos/git-mastery/git-mastery.github.io/lessons/reset/text.md'
2026-02-12T14:38:27.270Z - warn: You might have an invalid intra-link! Ignore this warning if it was intended.
'/lessons/branch/images/listRemoteBranches.png' found in file '/Users/damithch/Repos/git-mastery/git-mastery.github.io/lessons/remoteBranches/sourcetree_4.md'
2026-02-12T14:38:27.271Z - info: Pages built
2026-02-12T14:38:27.343Z - info: Site data built
2026-02-12T14:38:27.343Z - info: Website generation complete! Total build time: 7.811s
2026-02-12T14:38:27.343Z - info: Build success!
2026-02-12T14:38:35.696Z - info: The website has been deployed at: git-mastery.org
