2025-12-07T16:08:48.613Z - info: [00:08:48] Reload for file change: /Users/damithch/Repos/git-mastery/git-mastery.github.io/lessons/pull/text.md
2025-12-07T16:08:48.625Z - info: Synchronizing opened pages list before reload
2025-12-07T16:08:48.628Z - info: Current opened pages, from most-to-least recent:
2025-12-07T16:08:48.628Z - info: 1. lessons/pull/index
2025-12-07T16:08:49.638Z - info: Rebuilding 1 pages
2025-12-07T16:08:49.797Z - info: Site data built
2025-12-07T16:08:49.797Z - info: Pages rebuilt
2025-12-07T16:08:49.797Z - info: Website regeneration complete! Total build time: 0.161s
2025-12-07T16:09:55.478Z - info: [00:09:55] Reload for file change: /Users/damithch/Repos/git-mastery/git-mastery.github.io/lessons/pull/text.md
2025-12-07T16:09:55.480Z - info: Synchronizing opened pages list before reload
2025-12-07T16:09:55.481Z - info: Current opened pages, from most-to-least recent:
2025-12-07T16:09:55.481Z - info: 1. lessons/pull/index
2025-12-07T16:09:56.491Z - info: Rebuilding 1 pages
2025-12-07T16:09:56.650Z - info: Site data built
2025-12-07T16:09:56.650Z - info: Pages rebuilt
2025-12-07T16:09:56.650Z - info: Website regeneration complete! Total build time: 0.161s
2025-12-07T16:10:48.798Z - info: [00:10:48] Reload for file change: /Users/damithch/Repos/git-mastery/git-mastery.github.io/lessons/pull/text.md
2025-12-07T16:10:48.799Z - info: Synchronizing opened pages list before reload
2025-12-07T16:10:48.800Z - info: Current opened pages, from most-to-least recent:
2025-12-07T16:10:48.800Z - info: 1. lessons/pull/index
2025-12-07T16:10:49.806Z - info: Rebuilding 1 pages
2025-12-07T16:10:49.956Z - info: Site data built
2025-12-07T16:10:49.957Z - info: Pages rebuilt
2025-12-07T16:10:49.957Z - info: Website regeneration complete! Total build time: 0.154s
2025-12-07T16:16:35.989Z - info: [00:16:35] Reload for file change: /Users/damithch/Repos/git-mastery/git-mastery.github.io/lessons/pull/text.md
2025-12-07T16:16:35.990Z - info: Synchronizing opened pages list before reload
2025-12-07T16:16:35.991Z - info: Current opened pages, from most-to-least recent:
2025-12-07T16:16:35.991Z - info: 1. lessons/pull/index
2025-12-07T16:16:35.993Z - info: [00:16:35] Reload for file change: /Users/damithch/Repos/git-mastery/git-mastery.github.io/common/macros.njk
2025-12-07T16:16:35.994Z - info: Synchronizing opened pages list before reload
2025-12-07T16:16:35.994Z - info: Current opened pages, from most-to-least recent:
2025-12-07T16:16:35.994Z - info: 1. lessons/pull/index
2025-12-07T16:16:37.074Z - info: Rebuilding 1 pages
2025-12-07T16:16:37.167Z - info: Site data built
2025-12-07T16:16:37.167Z - info: Pages rebuilt
2025-12-07T16:16:37.167Z - info: Website regeneration complete! Total build time: 0.093s
2025-12-07T16:17:13.646Z - info: [00:17:13] Reload for file change: /Users/damithch/Repos/git-mastery/git-mastery.github.io/lessons/pull/text.md
2025-12-07T16:17:13.647Z - info: Synchronizing opened pages list before reload
2025-12-07T16:17:13.647Z - info: Current opened pages, from most-to-least recent:
2025-12-07T16:17:13.647Z - info: 1. lessons/pull/index
2025-12-07T16:17:14.652Z - info: Rebuilding 1 pages
2025-12-07T16:17:14.802Z - info: Site data built
2025-12-07T16:17:14.803Z - info: Pages rebuilt
2025-12-07T16:17:14.803Z - info: Website regeneration complete! Total build time: 0.152s
2025-12-07T16:18:23.998Z - info: [00:18:23] Reload for file change: /Users/damithch/Repos/git-mastery/git-mastery.github.io/lessons/pull/text.md
2025-12-07T16:18:24.000Z - info: Synchronizing opened pages list before reload
2025-12-07T16:18:24.000Z - info: Current opened pages, from most-to-least recent:
2025-12-07T16:18:24.001Z - info: 1. lessons/pull/index
2025-12-07T16:18:25.014Z - info: Rebuilding 1 pages
2025-12-07T16:18:25.163Z - info: Site data built
2025-12-07T16:18:25.164Z - info: Pages rebuilt
2025-12-07T16:18:25.164Z - info: Website regeneration complete! Total build time: 0.152s
2025-12-07T16:21:24.908Z - info: [00:21:24] Reload for file change: /Users/damithch/Repos/git-mastery/git-mastery.github.io/lessons/pull/text.md
2025-12-07T16:21:24.909Z - info: Synchronizing opened pages list before reload
2025-12-07T16:21:24.909Z - info: Current opened pages, from most-to-least recent:
2025-12-07T16:21:24.910Z - info: 1. lessons/pull/index
2025-12-07T16:21:25.919Z - info: Rebuilding 1 pages
2025-12-07T16:21:26.060Z - info: Site data built
2025-12-07T16:21:26.060Z - info: Pages rebuilt
2025-12-07T16:21:26.060Z - info: Website regeneration complete! Total build time: 0.144s
2025-12-07T16:21:36.632Z - info: [00:21:36] Reload for file change: /Users/damithch/Repos/git-mastery/git-mastery.github.io/lessons/pull/text.md
2025-12-07T16:21:36.632Z - info: Synchronizing opened pages list before reload
2025-12-07T16:21:36.632Z - info: Current opened pages, from most-to-least recent:
2025-12-07T16:21:36.632Z - info: 1. lessons/pull/index
2025-12-07T16:21:37.635Z - info: Rebuilding 1 pages
2025-12-07T16:21:37.750Z - info: Site data built
2025-12-07T16:21:37.750Z - info: Pages rebuilt
2025-12-07T16:21:37.750Z - info: Website regeneration complete! Total build time: 0.116s
2025-12-07T16:22:12.063Z - info: [00:22:12] Reload for file change: /Users/damithch/Repos/git-mastery/git-mastery.github.io/lessons/pull/text.md
2025-12-07T16:22:12.067Z - info: Synchronizing opened pages list before reload
2025-12-07T16:22:12.070Z - info: Current opened pages, from most-to-least recent:
2025-12-07T16:22:12.071Z - info: 1. lessons/pull/index
2025-12-07T16:22:13.085Z - info: Rebuilding 1 pages
2025-12-07T16:22:13.209Z - info: Site data built
2025-12-07T16:22:13.209Z - info: Pages rebuilt
2025-12-07T16:22:13.209Z - info: Website regeneration complete! Total build time: 0.132s
2025-12-07T16:22:46.800Z - info: [00:22:46] Reload for file change: /Users/damithch/Repos/git-mastery/git-mastery.github.io/lessons/pull/text.md
2025-12-07T16:22:46.804Z - info: Synchronizing opened pages list before reload
2025-12-07T16:22:46.805Z - info: Current opened pages, from most-to-least recent:
2025-12-07T16:22:46.805Z - info: 1. lessons/pull/index
2025-12-07T16:22:47.809Z - info: Rebuilding 1 pages
2025-12-07T16:22:47.971Z - info: Site data built
2025-12-07T16:22:47.971Z - info: Pages rebuilt
2025-12-07T16:22:47.971Z - info: Website regeneration complete! Total build time: 0.164s
2025-12-07T16:23:28.934Z - info: [00:23:28] Reload for file change: /Users/damithch/Repos/git-mastery/git-mastery.github.io/lessons/pull/text.md
2025-12-07T16:23:28.935Z - info: Synchronizing opened pages list before reload
2025-12-07T16:23:28.936Z - info: Current opened pages, from most-to-least recent:
2025-12-07T16:23:28.936Z - info: 1. lessons/pull/index
2025-12-07T16:23:29.941Z - info: Rebuilding 1 pages
2025-12-07T16:23:30.090Z - info: Site data built
2025-12-07T16:23:30.090Z - info: Pages rebuilt
2025-12-07T16:23:30.090Z - info: Website regeneration complete! Total build time: 0.152s
2025-12-07T16:24:51.617Z - info: [00:24:51] Reload for file change: /Users/damithch/Repos/git-mastery/git-mastery.github.io/lessons/pull/text.md
2025-12-07T16:24:51.620Z - info: Synchronizing opened pages list before reload
2025-12-07T16:24:51.621Z - info: Current opened pages, from most-to-least recent:
2025-12-07T16:24:51.621Z - info: 1. lessons/pull/index
2025-12-07T16:24:52.634Z - info: Rebuilding 1 pages
2025-12-07T16:24:52.790Z - info: Site data built
2025-12-07T16:24:52.790Z - info: Pages rebuilt
2025-12-07T16:24:52.790Z - info: Website regeneration complete! Total build time: 0.159s
2025-12-07T16:25:14.256Z - info: [00:25:14] Reload for file change: /Users/damithch/Repos/git-mastery/git-mastery.github.io/lessons/pull/text.md
2025-12-07T16:25:14.257Z - info: Synchronizing opened pages list before reload
2025-12-07T16:25:14.258Z - info: Current opened pages, from most-to-least recent:
2025-12-07T16:25:14.258Z - info: 1. lessons/pull/index
2025-12-07T16:25:15.261Z - info: Rebuilding 1 pages
2025-12-07T16:25:15.448Z - info: Site data built
2025-12-07T16:25:15.448Z - info: Pages rebuilt
2025-12-07T16:25:15.448Z - info: Website regeneration complete! Total build time: 0.189s
2025-12-07T16:26:41.178Z - info: [00:26:41] Reload for file change: /Users/damithch/Repos/git-mastery/git-mastery.github.io/lessons/pull/text.md
2025-12-07T16:26:41.179Z - info: Synchronizing opened pages list before reload
2025-12-07T16:26:41.180Z - info: Current opened pages, from most-to-least recent:
2025-12-07T16:26:41.180Z - info: 1. lessons/pull/index
2025-12-07T16:26:42.191Z - info: Rebuilding 1 pages
2025-12-07T16:26:42.334Z - info: Site data built
2025-12-07T16:26:42.334Z - info: Pages rebuilt
2025-12-07T16:26:42.334Z - info: Website regeneration complete! Total build time: 0.147s
2025-12-07T16:26:54.208Z - info: [00:26:54] Reload for file change: /Users/damithch/Repos/git-mastery/git-mastery.github.io/lessons/pull/text.md
2025-12-07T16:26:54.208Z - info: Synchronizing opened pages list before reload
2025-12-07T16:26:54.209Z - info: Current opened pages, from most-to-least recent:
2025-12-07T16:26:54.209Z - info: 1. lessons/pull/index
2025-12-07T16:26:55.212Z - info: Rebuilding 1 pages
2025-12-07T16:26:55.356Z - info: Site data built
2025-12-07T16:26:55.356Z - info: Pages rebuilt
2025-12-07T16:26:55.356Z - info: Website regeneration complete! Total build time: 0.145s
2025-12-07T16:27:22.359Z - info: [00:27:22] Reload for file change: /Users/damithch/Repos/git-mastery/git-mastery.github.io/lessons/pull/text.md
2025-12-07T16:27:22.361Z - info: Synchronizing opened pages list before reload
2025-12-07T16:27:22.362Z - info: Current opened pages, from most-to-least recent:
2025-12-07T16:27:22.362Z - info: 1. lessons/pull/index
2025-12-07T16:27:23.370Z - info: Rebuilding 1 pages
2025-12-07T16:27:23.523Z - info: Site data built
2025-12-07T16:27:23.523Z - info: Pages rebuilt
2025-12-07T16:27:23.523Z - info: Website regeneration complete! Total build time: 0.155s
2025-12-07T16:27:50.744Z - info: [00:27:50] Reload for file change: /Users/damithch/Repos/git-mastery/git-mastery.github.io/lessons/pull/text.md
2025-12-07T16:27:50.746Z - info: Synchronizing opened pages list before reload
2025-12-07T16:27:50.746Z - info: Current opened pages, from most-to-least recent:
2025-12-07T16:27:50.747Z - info: 1. lessons/pull/index
2025-12-07T16:27:51.752Z - info: Rebuilding 1 pages
2025-12-07T16:27:51.913Z - info: Site data built
2025-12-07T16:27:51.913Z - info: Pages rebuilt
2025-12-07T16:27:51.913Z - info: Website regeneration complete! Total build time: 0.163s
2025-12-07T16:28:51.827Z - info: [00:28:51] Reload for file change: /Users/damithch/Repos/git-mastery/git-mastery.github.io/lessons/pull/text.md
2025-12-07T16:28:51.828Z - info: Synchronizing opened pages list before reload
2025-12-07T16:28:51.828Z - info: Current opened pages, from most-to-least recent:
2025-12-07T16:28:51.829Z - info: 1. lessons/pull/index
2025-12-07T16:28:52.834Z - info: Rebuilding 1 pages
2025-12-07T16:28:52.991Z - info: Site data built
2025-12-07T16:28:52.991Z - info: Pages rebuilt
2025-12-07T16:28:52.991Z - info: Website regeneration complete! Total build time: 0.158s
2025-12-07T16:30:05.001Z - info: [00:30:04] Reload for file change: /Users/damithch/Repos/git-mastery/git-mastery.github.io/lessons/pull/text.md
2025-12-07T16:30:05.003Z - info: Synchronizing opened pages list before reload
2025-12-07T16:30:05.004Z - info: Current opened pages, from most-to-least recent:
2025-12-07T16:30:05.004Z - info: 1. lessons/pull/index
2025-12-07T16:30:06.009Z - info: Rebuilding 1 pages
2025-12-07T16:30:06.146Z - info: Site data built
2025-12-07T16:30:06.146Z - info: Pages rebuilt
2025-12-07T16:30:06.146Z - info: Website regeneration complete! Total build time: 0.138s
2025-12-07T16:31:22.560Z - info: [00:31:22] Reload for file change: /Users/damithch/Repos/git-mastery/git-mastery.github.io/lessons/pull/text.md
2025-12-07T16:31:22.566Z - info: Synchronizing opened pages list before reload
2025-12-07T16:31:22.567Z - info: Current opened pages, from most-to-least recent:
2025-12-07T16:31:22.567Z - info: 1. lessons/pull/index
2025-12-07T16:31:23.578Z - info: Rebuilding 1 pages
2025-12-07T16:31:23.733Z - info: Site data built
2025-12-07T16:31:23.733Z - info: Pages rebuilt
2025-12-07T16:31:23.733Z - info: Website regeneration complete! Total build time: 0.161s
2025-12-07T16:31:32.891Z - info: [00:31:32] Reload for file change: /Users/damithch/Repos/git-mastery/git-mastery.github.io/lessons/pull/text.md
2025-12-07T16:31:32.892Z - info: Synchronizing opened pages list before reload
2025-12-07T16:31:32.892Z - info: Current opened pages, from most-to-least recent:
2025-12-07T16:31:32.892Z - info: 1. lessons/pull/index
2025-12-07T16:31:33.895Z - info: Rebuilding 1 pages
2025-12-07T16:31:34.030Z - info: Site data built
2025-12-07T16:31:34.030Z - info: Pages rebuilt
2025-12-07T16:31:34.030Z - info: Website regeneration complete! Total build time: 0.136s
2025-12-07T16:32:27.195Z - info: [00:32:27] Reload for file change: /Users/damithch/Repos/git-mastery/git-mastery.github.io/lessons/pull/text.md
2025-12-07T16:32:27.196Z - info: Synchronizing opened pages list before reload
2025-12-07T16:32:27.196Z - info: Current opened pages, from most-to-least recent:
2025-12-07T16:32:27.197Z - info: 1. lessons/pull/index
2025-12-07T16:32:28.201Z - info: Rebuilding 1 pages
2025-12-07T16:32:28.343Z - info: Site data built
2025-12-07T16:32:28.343Z - info: Pages rebuilt
2025-12-07T16:32:28.343Z - info: Website regeneration complete! Total build time: 0.144s
2025-12-07T16:33:02.826Z - info: [00:33:02] Reload for file change: /Users/damithch/Repos/git-mastery/git-mastery.github.io/lessons/pull/text.md
2025-12-07T16:33:02.827Z - info: Synchronizing opened pages list before reload
2025-12-07T16:33:02.827Z - info: Current opened pages, from most-to-least recent:
2025-12-07T16:33:02.828Z - info: 1. lessons/pull/index
2025-12-07T16:33:03.837Z - info: Rebuilding 1 pages
2025-12-07T16:33:03.993Z - info: Site data built
2025-12-07T16:33:03.993Z - info: Pages rebuilt
2025-12-07T16:33:03.993Z - info: Website regeneration complete! Total build time: 0.159s
2025-12-07T16:33:12.041Z - info: [00:33:12] Reload for file change: /Users/damithch/Repos/git-mastery/git-mastery.github.io/lessons/pull/text.md
2025-12-07T16:33:12.041Z - info: Synchronizing opened pages list before reload
2025-12-07T16:33:12.041Z - info: Current opened pages, from most-to-least recent:
2025-12-07T16:33:12.041Z - info: 1. lessons/pull/index
2025-12-07T16:33:13.045Z - info: Rebuilding 1 pages
2025-12-07T16:33:13.186Z - info: Site data built
2025-12-07T16:33:13.186Z - info: Pages rebuilt
2025-12-07T16:33:13.186Z - info: Website regeneration complete! Total build time: 0.144s
2025-12-07T16:33:27.697Z - info: [00:33:27] Reload for file change: /Users/damithch/Repos/git-mastery/git-mastery.github.io/lessons/pull/text.md
2025-12-07T16:33:27.700Z - info: Synchronizing opened pages list before reload
2025-12-07T16:33:27.701Z - info: Current opened pages, from most-to-least recent:
2025-12-07T16:33:27.702Z - info: 1. lessons/pull/index
2025-12-07T16:33:28.706Z - info: Rebuilding 1 pages
2025-12-07T16:33:28.863Z - info: Site data built
2025-12-07T16:33:28.863Z - info: Pages rebuilt
2025-12-07T16:33:28.863Z - info: Website regeneration complete! Total build time: 0.159s
2025-12-07T16:37:23.970Z - info: [00:37:23] Reload for file change: /Users/damithch/Repos/git-mastery/git-mastery.github.io/lessons/pull/text.md
2025-12-07T16:37:23.970Z - info: Synchronizing opened pages list before reload
2025-12-07T16:37:23.971Z - info: Current opened pages, from most-to-least recent:
2025-12-07T16:37:23.971Z - info: 1. lessons/pull/index
2025-12-07T16:37:24.975Z - info: Rebuilding 1 pages
2025-12-07T16:37:25.100Z - info: Site data built
2025-12-07T16:37:25.100Z - info: Pages rebuilt
2025-12-07T16:37:25.100Z - info: Website regeneration complete! Total build time: 0.128s
2025-12-07T16:38:02.514Z - info: [00:38:02] Reload for file change: /Users/damithch/Repos/git-mastery/git-mastery.github.io/lessons/pull/text.md
2025-12-07T16:38:02.516Z - info: Synchronizing opened pages list before reload
2025-12-07T16:38:02.519Z - info: Current opened pages, from most-to-least recent:
2025-12-07T16:38:02.519Z - info: 1. lessons/pull/index
2025-12-07T16:38:03.540Z - info: Rebuilding 1 pages
2025-12-07T16:38:03.698Z - info: Site data built
2025-12-07T16:38:03.698Z - info: Pages rebuilt
2025-12-07T16:38:03.698Z - info: Website regeneration complete! Total build time: 0.161s
2025-12-07T16:42:53.131Z - info: [00:42:53] Reload for file change: /Users/damithch/Repos/git-mastery/git-mastery.github.io/lessons/pull/text.md
2025-12-07T16:42:53.133Z - info: Synchronizing opened pages list before reload
2025-12-07T16:42:53.134Z - info: Current opened pages, from most-to-least recent:
2025-12-07T16:42:53.135Z - info: 1. lessons/pull/index
2025-12-07T16:42:54.140Z - info: Rebuilding 1 pages
2025-12-07T16:42:54.304Z - info: Site data built
2025-12-07T16:42:54.304Z - info: Pages rebuilt
2025-12-07T16:42:54.304Z - info: Website regeneration complete! Total build time: 0.166s
2025-12-07T16:43:31.017Z - info: [00:43:31] Reload for file change: /Users/damithch/Repos/git-mastery/git-mastery.github.io/lessons/pull/text.md
2025-12-07T16:43:31.023Z - info: Synchronizing opened pages list before reload
2025-12-07T16:43:31.027Z - info: Current opened pages, from most-to-least recent:
2025-12-07T16:43:31.028Z - info: 1. lessons/pull/index
2025-12-07T16:43:32.036Z - info: Rebuilding 1 pages
2025-12-07T16:43:32.190Z - info: Site data built
2025-12-07T16:43:32.191Z - info: Pages rebuilt
2025-12-07T16:43:32.191Z - info: Website regeneration complete! Total build time: 0.157s
2025-12-07T16:45:38.952Z - info: [00:45:38] Reload for file change: /Users/damithch/Repos/git-mastery/git-mastery.github.io/lessons/pull/text.md
2025-12-07T16:45:38.954Z - info: Synchronizing opened pages list before reload
2025-12-07T16:45:38.956Z - info: Current opened pages, from most-to-least recent:
2025-12-07T16:45:38.956Z - info: 1. lessons/pull/index
2025-12-07T16:45:39.962Z - info: Rebuilding 1 pages
2025-12-07T16:45:40.113Z - info: Site data built
2025-12-07T16:45:40.113Z - info: Pages rebuilt
2025-12-07T16:45:40.113Z - info: Website regeneration complete! Total build time: 0.154s
2025-12-07T16:45:52.995Z - info: [00:45:52] Reload for file change: /Users/damithch/Repos/git-mastery/git-mastery.github.io/lessons/pull/text.md
2025-12-07T16:45:52.995Z - info: Synchronizing opened pages list before reload
2025-12-07T16:45:52.996Z - info: Current opened pages, from most-to-least recent:
2025-12-07T16:45:52.996Z - info: 1. lessons/pull/index
2025-12-07T16:45:53.998Z - info: Rebuilding 1 pages
2025-12-07T16:45:54.118Z - info: Site data built
2025-12-07T16:45:54.118Z - info: Pages rebuilt
2025-12-07T16:45:54.118Z - info: Website regeneration complete! Total build time: 0.121s
2025-12-07T16:46:22.643Z - info: [00:46:22] Reload for file change: /Users/damithch/Repos/git-mastery/git-mastery.github.io/lessons/pull/text.md
2025-12-07T16:46:22.644Z - info: Synchronizing opened pages list before reload
2025-12-07T16:46:22.644Z - info: Current opened pages, from most-to-least recent:
2025-12-07T16:46:22.645Z - info: 1. lessons/pull/index
2025-12-07T16:46:23.647Z - info: Rebuilding 1 pages
2025-12-07T16:46:23.797Z - info: Site data built
2025-12-07T16:46:23.797Z - info: Pages rebuilt
2025-12-07T16:46:23.797Z - info: Website regeneration complete! Total build time: 0.151s
2025-12-07T16:49:29.674Z - info: [00:49:29] Reload for file change: /Users/damithch/Repos/git-mastery/git-mastery.github.io/lessons/pull/text.md
2025-12-07T16:49:29.677Z - info: Synchronizing opened pages list before reload
2025-12-07T16:49:29.678Z - info: Current opened pages, from most-to-least recent:
2025-12-07T16:49:29.678Z - info: 1. lessons/pull/index
2025-12-07T16:49:29.683Z - info: [00:49:29] Reload for file change: /Users/damithch/Repos/git-mastery/git-mastery.github.io/_markbind/variables.md
2025-12-07T16:49:29.684Z - info: Synchronizing opened pages list before reload
2025-12-07T16:49:29.684Z - info: Current opened pages, from most-to-least recent:
2025-12-07T16:49:29.684Z - info: 1. lessons/pull/index
2025-12-07T16:49:30.718Z - warn: Rebuilding all pages as variables file was changed, or the --force-reload flag was set
2025-12-07T16:49:30.718Z - info: Rebuilding 1 pages
2025-12-07T16:49:30.874Z - info: Site data built
2025-12-07T16:49:30.874Z - info: Pages rebuilt
2025-12-07T16:49:30.874Z - info: Website regeneration complete! Total build time: 0.186s
2025-12-07T16:50:05.573Z - info: [00:50:05] Reload for file change: /Users/damithch/Repos/git-mastery/git-mastery.github.io/_markbind/variables.md
2025-12-07T16:50:05.574Z - info: Synchronizing opened pages list before reload
2025-12-07T16:50:05.575Z - info: Current opened pages, from most-to-least recent:
2025-12-07T16:50:05.575Z - info: 1. lessons/pull/index
2025-12-07T16:50:06.614Z - warn: Rebuilding all pages as variables file was changed, or the --force-reload flag was set
2025-12-07T16:50:06.615Z - info: Rebuilding 1 pages
2025-12-07T16:50:06.745Z - info: Site data built
2025-12-07T16:50:06.745Z - info: Pages rebuilt
2025-12-07T16:50:06.745Z - info: Website regeneration complete! Total build time: 0.164s
2025-12-07T16:51:34.787Z - info: [00:51:34] Reload for file change: /Users/damithch/Repos/git-mastery/git-mastery.github.io/lessons/pull/text.md
2025-12-07T16:51:34.789Z - info: Synchronizing opened pages list before reload
2025-12-07T16:51:34.789Z - info: Current opened pages, from most-to-least recent:
2025-12-07T16:51:34.789Z - info: 1. lessons/pull/index
2025-12-07T16:51:35.793Z - info: Rebuilding 1 pages
2025-12-07T16:51:35.939Z - info: Site data built
2025-12-07T16:51:35.939Z - info: Pages rebuilt
2025-12-07T16:51:35.939Z - info: Website regeneration complete! Total build time: 0.148s
2025-12-07T17:15:40.126Z - info: [01:15:40] Reload for file change: /Users/damithch/Repos/git-mastery/git-mastery.github.io/lessons/pull/text.md
2025-12-07T17:15:40.127Z - info: Synchronizing opened pages list before reload
2025-12-07T17:15:40.127Z - info: Current opened pages, from most-to-least recent:
2025-12-07T17:15:40.128Z - info: 1. lessons/pull/index
2025-12-07T17:15:41.143Z - info: Rebuilding 1 pages
2025-12-07T17:15:41.278Z - info: Site data built
2025-12-07T17:15:41.278Z - info: Pages rebuilt
2025-12-07T17:15:41.278Z - info: Website regeneration complete! Total build time: 0.146s
2025-12-07T17:16:15.863Z - info: [01:16:15] Reload for file change: /Users/damithch/Repos/git-mastery/git-mastery.github.io/lessons/pull/text.md
2025-12-07T17:16:15.864Z - info: Synchronizing opened pages list before reload
2025-12-07T17:16:15.864Z - info: Current opened pages, from most-to-least recent:
2025-12-07T17:16:15.864Z - info: 1. lessons/pull/index
2025-12-07T17:16:16.869Z - info: Rebuilding 1 pages
2025-12-07T17:16:17.033Z - info: Site data built
2025-12-07T17:16:17.033Z - info: Pages rebuilt
2025-12-07T17:16:17.033Z - info: Website regeneration complete! Total build time: 0.166s
2025-12-07T17:18:28.469Z - info: [01:18:28] Reload for file change: /Users/damithch/Repos/git-mastery/git-mastery.github.io/lessons/pull/text.md
2025-12-07T17:18:28.470Z - info: Synchronizing opened pages list before reload
2025-12-07T17:18:28.470Z - info: Current opened pages, from most-to-least recent:
2025-12-07T17:18:28.470Z - info: 1. lessons/pull/index
2025-12-07T17:18:29.479Z - info: Rebuilding 1 pages
2025-12-07T17:18:29.650Z - info: Site data built
2025-12-07T17:18:29.650Z - info: Pages rebuilt
2025-12-07T17:18:29.650Z - info: Website regeneration complete! Total build time: 0.177s
2025-12-07T17:18:43.357Z - info: [01:18:43] Reload for file change: /Users/damithch/Repos/git-mastery/git-mastery.github.io/lessons/pull/text.md
2025-12-07T17:18:43.357Z - info: Synchronizing opened pages list before reload
2025-12-07T17:18:43.357Z - info: Current opened pages, from most-to-least recent:
2025-12-07T17:18:43.357Z - info: 1. lessons/pull/index
2025-12-07T17:18:44.361Z - info: Rebuilding 1 pages
2025-12-07T17:18:44.511Z - info: Site data built
2025-12-07T17:18:44.511Z - info: Pages rebuilt
2025-12-07T17:18:44.511Z - info: Website regeneration complete! Total build time: 0.152s
2025-12-07T17:20:24.777Z - info: [01:20:24] Reload for file change: /Users/damithch/Repos/git-mastery/git-mastery.github.io/lessons/pull/text.md
2025-12-07T17:20:24.778Z - info: Synchronizing opened pages list before reload
2025-12-07T17:20:24.779Z - info: Current opened pages, from most-to-least recent:
2025-12-07T17:20:24.779Z - info: 1. lessons/pull/index
2025-12-07T17:20:25.784Z - info: Rebuilding 1 pages
2025-12-07T17:20:25.962Z - info: Site data built
2025-12-07T17:20:25.962Z - info: Pages rebuilt
2025-12-07T17:20:25.962Z - info: Website regeneration complete! Total build time: 0.18s
2025-12-07T17:20:48.297Z - info: [01:20:48] Reload for file change: /Users/damithch/Repos/git-mastery/git-mastery.github.io/lessons/pull/text.md
2025-12-07T17:20:48.298Z - info: Synchronizing opened pages list before reload
2025-12-07T17:20:48.299Z - info: Current opened pages, from most-to-least recent:
2025-12-07T17:20:48.299Z - info: 1. lessons/pull/index
2025-12-07T17:20:49.304Z - info: Rebuilding 1 pages
2025-12-07T17:20:49.458Z - info: Site data built
2025-12-07T17:20:49.458Z - info: Pages rebuilt
2025-12-07T17:20:49.458Z - info: Website regeneration complete! Total build time: 0.156s
2025-12-07T17:22:00.453Z - info: [01:22:00] Reload for file change: /Users/damithch/Repos/git-mastery/git-mastery.github.io/lessons/pull/text.md
2025-12-07T17:22:00.454Z - info: Synchronizing opened pages list before reload
2025-12-07T17:22:00.454Z - info: Current opened pages, from most-to-least recent:
2025-12-07T17:22:00.454Z - info: 1. lessons/pull/index
2025-12-07T17:22:01.459Z - info: Rebuilding 1 pages
2025-12-07T17:22:01.628Z - info: Site data built
2025-12-07T17:22:01.629Z - info: Pages rebuilt
2025-12-07T17:22:01.629Z - info: Website regeneration complete! Total build time: 0.172s
2025-12-07T17:22:13.111Z - info: [01:22:13] Reload for file change: /Users/damithch/Repos/git-mastery/git-mastery.github.io/lessons/pull/text.md
2025-12-07T17:22:13.113Z - info: Synchronizing opened pages list before reload
2025-12-07T17:22:13.113Z - info: Current opened pages, from most-to-least recent:
2025-12-07T17:22:13.113Z - info: 1. lessons/pull/index
2025-12-07T17:22:14.115Z - info: Rebuilding 1 pages
2025-12-07T17:22:14.260Z - info: Site data built
2025-12-07T17:22:14.260Z - info: Pages rebuilt
2025-12-07T17:22:14.260Z - info: Website regeneration complete! Total build time: 0.146s
2025-12-07T17:22:21.196Z - info: [01:22:21] Reload for file change: /Users/damithch/Repos/git-mastery/git-mastery.github.io/lessons/pull/text.md
2025-12-07T17:22:21.196Z - info: Synchronizing opened pages list before reload
2025-12-07T17:22:21.197Z - info: Current opened pages, from most-to-least recent:
2025-12-07T17:22:21.197Z - info: 1. lessons/pull/index
2025-12-07T17:22:22.199Z - info: Rebuilding 1 pages
2025-12-07T17:22:22.313Z - info: Site data built
2025-12-07T17:22:22.313Z - info: Pages rebuilt
2025-12-07T17:22:22.313Z - info: Website regeneration complete! Total build time: 0.115s
2025-12-07T17:23:08.315Z - info: [01:23:08] Reload for file change: /Users/damithch/Repos/git-mastery/git-mastery.github.io/lessons/pull/text.md
2025-12-07T17:23:08.317Z - info: Synchronizing opened pages list before reload
2025-12-07T17:23:08.318Z - info: Current opened pages, from most-to-least recent:
2025-12-07T17:23:08.318Z - info: 1. lessons/pull/index
2025-12-07T17:23:09.322Z - info: Rebuilding 1 pages
2025-12-07T17:23:09.484Z - info: Site data built
2025-12-07T17:23:09.484Z - info: Pages rebuilt
2025-12-07T17:23:09.484Z - info: Website regeneration complete! Total build time: 0.163s
2025-12-07T18:06:56.639Z - info: [02:06:56] Reload for file change: /Users/damithch/Repos/git-mastery/git-mastery.github.io/lessons/pull/text.md
2025-12-07T18:06:56.642Z - info: Synchronizing opened pages list before reload
2025-12-07T18:06:56.642Z - info: Current opened pages, from most-to-least recent:
2025-12-07T18:06:56.642Z - info: 1. lessons/pull/index
2025-12-07T18:06:57.663Z - info: Rebuilding 1 pages
2025-12-07T18:06:57.818Z - info: Site data built
2025-12-07T18:06:57.819Z - info: Pages rebuilt
2025-12-07T18:06:57.819Z - info: Website regeneration complete! Total build time: 0.172s
2025-12-07T18:07:22.898Z - info: [02:07:22] Reload for file change: /Users/damithch/Repos/git-mastery/git-mastery.github.io/lessons/pull/text.md
2025-12-07T18:07:22.898Z - info: Synchronizing opened pages list before reload
2025-12-07T18:07:22.898Z - info: Current opened pages, from most-to-least recent:
2025-12-07T18:07:22.898Z - info: 1. lessons/pull/index
2025-12-07T18:07:23.901Z - info: Rebuilding 1 pages
2025-12-07T18:07:24.046Z - info: Site data built
2025-12-07T18:07:24.046Z - info: Pages rebuilt
2025-12-07T18:07:24.046Z - info: Website regeneration complete! Total build time: 0.146s
2025-12-07T18:13:40.774Z - info: [02:13:40] Reload for file change: /Users/damithch/Repos/git-mastery/git-mastery.github.io/lessons/pull/text.md
2025-12-07T18:13:40.776Z - info: Synchronizing opened pages list before reload
2025-12-07T18:13:40.776Z - info: Current opened pages, from most-to-least recent:
2025-12-07T18:13:40.777Z - info: 1. lessons/pull/index
2025-12-07T18:13:41.782Z - info: Rebuilding 1 pages
2025-12-07T18:13:41.931Z - info: Site data built
2025-12-07T18:13:41.931Z - info: Pages rebuilt
2025-12-07T18:13:41.931Z - info: Website regeneration complete! Total build time: 0.151s
2025-12-07T18:17:35.844Z - info: [02:17:35] Reload for file change: /Users/damithch/Repos/git-mastery/git-mastery.github.io/lessons/pull/text.md
2025-12-07T18:17:35.845Z - info: Synchronizing opened pages list before reload
2025-12-07T18:17:35.846Z - info: Current opened pages, from most-to-least recent:
2025-12-07T18:17:35.846Z - info: 1. lessons/pull/index
2025-12-07T18:17:36.851Z - info: Rebuilding 1 pages
2025-12-07T18:17:37.007Z - info: Site data built
2025-12-07T18:17:37.007Z - info: Pages rebuilt
2025-12-07T18:17:37.007Z - info: Website regeneration complete! Total build time: 0.157s
2025-12-07T18:18:26.440Z - info: [02:18:26] Reload for file change: /Users/damithch/Repos/git-mastery/git-mastery.github.io/lessons/pull/text.md
2025-12-07T18:18:26.441Z - info: Synchronizing opened pages list before reload
2025-12-07T18:18:26.441Z - info: No pages are currently opened
2025-12-07T18:18:27.445Z - info: No pages needed to be rebuilt
2025-12-07T18:18:33.294Z - info: Building /Users/damithch/Repos/git-mastery/git-mastery.github.io/lessons/pull/index as some of its dependencies were changed since the last visit
2025-12-07T18:18:33.452Z - info: Site data built
2025-12-07T18:18:33.452Z - info: Lazy website regeneration complete! Total build time: 0.159s
2025-12-07T18:21:56.388Z - info: [02:21:56] Reload for file change: /Users/damithch/Repos/git-mastery/git-mastery.github.io/lessons/pull/text.md
2025-12-07T18:21:56.390Z - info: Synchronizing opened pages list before reload
2025-12-07T18:21:56.391Z - info: Current opened pages, from most-to-least recent:
2025-12-07T18:21:56.391Z - info: 1. lessons/pull/index
2025-12-07T18:21:57.396Z - info: Rebuilding 1 pages
2025-12-07T18:21:57.553Z - info: Site data built
2025-12-07T18:21:57.553Z - info: Pages rebuilt
2025-12-07T18:21:57.553Z - info: Website regeneration complete! Total build time: 0.159s
2025-12-07T18:28:24.516Z - info: [02:28:24] Reload for file change: /Users/damithch/Repos/git-mastery/git-mastery.github.io/lessons/createRemoteRepo/text.md
2025-12-07T18:28:24.517Z - info: Synchronizing opened pages list before reload
2025-12-07T18:28:24.517Z - info: Current opened pages, from most-to-least recent:
2025-12-07T18:28:24.518Z - info: 1. lessons/pull/index
2025-12-07T18:28:25.527Z - info: No pages needed to be rebuilt
2025-12-07T18:28:27.143Z - info: [02:28:27] Reload for file change: /Users/damithch/Repos/git-mastery/git-mastery.github.io/lessons/createRemoteRepo/text.md
2025-12-07T18:28:27.146Z - info: Synchronizing opened pages list before reload
2025-12-07T18:28:27.146Z - info: Current opened pages, from most-to-least recent:
2025-12-07T18:28:27.146Z - info: 1. lessons/pull/index
2025-12-07T18:28:28.149Z - info: No pages needed to be rebuilt
2025-12-07T18:28:54.567Z - info: [02:28:54] Reload for file change: /Users/damithch/Repos/git-mastery/git-mastery.github.io/lessons/ignore/cli-ignore-file-fragment.md
2025-12-07T18:28:54.567Z - info: Synchronizing opened pages list before reload
2025-12-07T18:28:54.567Z - info: Current opened pages, from most-to-least recent:
2025-12-07T18:28:54.568Z - info: 1. lessons/pull/index
2025-12-07T18:28:55.572Z - info: Assets built
2025-12-07T18:30:01.048Z - info: [02:30:01] Reload for file change: /Users/damithch/Repos/git-mastery/git-mastery.github.io/lessons/push/cli-after-pushing-to-empty-remote-fragment.md
2025-12-07T18:30:01.049Z - info: Synchronizing opened pages list before reload
2025-12-07T18:30:01.050Z - info: Current opened pages, from most-to-least recent:
2025-12-07T18:30:01.050Z - info: 1. lessons/pull/index
2025-12-07T18:30:02.052Z - info: Assets built
2025-12-07T18:30:05.990Z - info: [02:30:05] Reload for file change: /Users/damithch/Repos/git-mastery/git-mastery.github.io/lessons/push/cli-subsequent-push-fragment.md
2025-12-07T18:30:05.991Z - info: Synchronizing opened pages list before reload
2025-12-07T18:30:05.991Z - info: Current opened pages, from most-to-least recent:
2025-12-07T18:30:05.991Z - info: 1. lessons/pull/index
2025-12-07T18:30:06.993Z - info: Assets built
2025-12-07T18:30:45.922Z - info: [02:30:45] Reload for file change: /Users/damithch/Repos/git-mastery/git-mastery.github.io/lessons/push/text.md
2025-12-07T18:30:45.922Z - info: Synchronizing opened pages list before reload
2025-12-07T18:30:45.922Z - info: Current opened pages, from most-to-least recent:
2025-12-07T18:30:45.922Z - info: 1. lessons/pull/index
2025-12-07T18:30:46.925Z - info: No pages needed to be rebuilt
2025-12-07T18:31:01.758Z - info: [02:31:01] Reload for file change: /Users/damithch/Repos/git-mastery/git-mastery.github.io/lessons/push/text.md
2025-12-07T18:31:01.759Z - info: Synchronizing opened pages list before reload
2025-12-07T18:31:01.759Z - info: Current opened pages, from most-to-least recent:
2025-12-07T18:31:01.759Z - info: 1. lessons/pull/index
2025-12-07T18:31:02.761Z - info: No pages needed to be rebuilt
2025-12-07T18:31:16.194Z - info: [02:31:16] Reload for file change: /Users/damithch/Repos/git-mastery/git-mastery.github.io/lessons/push/text.md
2025-12-07T18:31:16.194Z - info: Synchronizing opened pages list before reload
2025-12-07T18:31:16.194Z - info: Current opened pages, from most-to-least recent:
2025-12-07T18:31:16.194Z - info: 1. lessons/pull/index
2025-12-07T18:31:17.197Z - info: No pages needed to be rebuilt
2025-12-07T18:31:24.661Z - info: [02:31:24] Reload for file change: /Users/damithch/Repos/git-mastery/git-mastery.github.io/lessons/push/text.md
2025-12-07T18:31:24.661Z - info: Synchronizing opened pages list before reload
2025-12-07T18:31:24.661Z - info: Current opened pages, from most-to-least recent:
2025-12-07T18:31:24.661Z - info: 1. lessons/pull/index
2025-12-07T18:31:25.663Z - info: No pages needed to be rebuilt
2025-12-07T18:32:09.027Z - info: [02:32:09] Reload for file change: /Users/damithch/Repos/git-mastery/git-mastery.github.io/lessons/setRemote/text.md
2025-12-07T18:32:09.027Z - info: Synchronizing opened pages list before reload
2025-12-07T18:32:09.028Z - info: Current opened pages, from most-to-least recent:
2025-12-07T18:32:09.028Z - info: 1. lessons/pull/index
2025-12-07T18:32:10.031Z - info: Rebuilding 1 pages
2025-12-07T18:32:10.207Z - info: Site data built
2025-12-07T18:32:10.207Z - info: Pages rebuilt
2025-12-07T18:32:10.207Z - info: Website regeneration complete! Total build time: 0.178s
2025-12-07T18:32:19.661Z - info: [02:32:19] Reload for file change: /Users/damithch/Repos/git-mastery/git-mastery.github.io/lessons/setRemote/text.md
2025-12-07T18:32:19.661Z - info: Synchronizing opened pages list before reload
2025-12-07T18:32:19.661Z - info: Current opened pages, from most-to-least recent:
2025-12-07T18:32:19.661Z - info: 1. lessons/pull/index
2025-12-07T18:32:20.665Z - info: Rebuilding 1 pages
2025-12-07T18:32:20.807Z - info: Site data built
2025-12-07T18:32:20.807Z - info: Pages rebuilt
2025-12-07T18:32:20.807Z - info: Website regeneration complete! Total build time: 0.144s
2025-12-07T18:32:49.205Z - info: Building /Users/damithch/Repos/git-mastery/git-mastery.github.io/lessons/trail/backingUpOnCloud/index as some of its dependencies were changed since the last visit
2025-12-07T18:32:49.489Z - info: Site data built
2025-12-07T18:32:49.489Z - info: Lazy website regeneration complete! Total build time: 0.284s
2025-12-07T18:34:13.442Z - info: [02:34:13] Reload for file change: /Users/damithch/Repos/git-mastery/git-mastery.github.io/lessons/ignore/text.md
2025-12-07T18:34:13.454Z - info: Synchronizing opened pages list before reload
2025-12-07T18:34:13.458Z - info: Current opened pages, from most-to-least recent:
2025-12-07T18:34:13.459Z - info: 1. lessons/trail/backingUpOnCloud/index
2025-12-07T18:34:14.467Z - info: Rebuilding 1 pages
2025-12-07T18:34:14.756Z - info: Site data built
2025-12-07T18:34:14.756Z - info: Pages rebuilt
2025-12-07T18:34:14.756Z - info: Website regeneration complete! Total build time: 0.291s
2025-12-07T18:36:40.922Z - info: [02:36:40] Reload for file change: /Users/damithch/Repos/git-mastery/git-mastery.github.io/lessons/ignore/text.md
2025-12-07T18:36:40.924Z - info: Synchronizing opened pages list before reload
2025-12-07T18:36:40.924Z - info: Current opened pages, from most-to-least recent:
2025-12-07T18:36:40.924Z - info: 1. lessons/trail/backingUpOnCloud/index
2025-12-07T18:36:41.932Z - info: Rebuilding 1 pages
2025-12-07T18:36:42.210Z - info: Site data built
2025-12-07T18:36:42.210Z - info: Pages rebuilt
2025-12-07T18:36:42.210Z - info: Website regeneration complete! Total build time: 0.28s
2025-12-07T18:49:33.143Z - info: [02:49:33] Reload for file change: /Users/damithch/Repos/git-mastery/git-mastery.github.io/lessons/setRemote/text.md
2025-12-07T18:49:33.147Z - info: Synchronizing opened pages list before reload
2025-12-07T18:49:33.148Z - info: Current opened pages, from most-to-least recent:
2025-12-07T18:49:33.148Z - info: 1. lessons/trail/backingUpOnCloud/index
2025-12-07T18:49:34.156Z - info: Rebuilding 1 pages
2025-12-07T18:49:34.436Z - info: Site data built
2025-12-07T18:49:34.436Z - info: Pages rebuilt
2025-12-07T18:49:34.436Z - info: Website regeneration complete! Total build time: 0.282s
2025-12-07T18:50:52.520Z - info: [02:50:52] Reload for file change: /Users/damithch/Repos/git-mastery/git-mastery.github.io/lessons/setRemote/text.md
2025-12-07T18:50:52.524Z - info: Synchronizing opened pages list before reload
2025-12-07T18:50:52.528Z - info: Current opened pages, from most-to-least recent:
2025-12-07T18:50:52.528Z - info: 1. lessons/trail/backingUpOnCloud/index
2025-12-07T18:50:53.533Z - info: Rebuilding 1 pages
2025-12-07T18:50:53.818Z - info: Site data built
2025-12-07T18:50:53.818Z - info: Pages rebuilt
2025-12-07T18:50:53.818Z - info: Website regeneration complete! Total build time: 0.287s
2025-12-07T18:51:09.438Z - info: [02:51:09] Reload for file change: /Users/damithch/Repos/git-mastery/git-mastery.github.io/lessons/setRemote/text.md
2025-12-07T18:51:09.439Z - info: Synchronizing opened pages list before reload
2025-12-07T18:51:09.439Z - info: Current opened pages, from most-to-least recent:
2025-12-07T18:51:09.439Z - info: 1. lessons/trail/backingUpOnCloud/index
2025-12-07T18:51:10.441Z - info: Rebuilding 1 pages
2025-12-07T18:51:10.704Z - info: Site data built
2025-12-07T18:51:10.704Z - info: Pages rebuilt
2025-12-07T18:51:10.704Z - info: Website regeneration complete! Total build time: 0.264s
2025-12-07T18:52:36.421Z - info: [02:52:36] Reload for file change: /Users/damithch/Repos/git-mastery/git-mastery.github.io/lessons/push/text.md
2025-12-07T18:52:36.422Z - info: Synchronizing opened pages list before reload
2025-12-07T18:52:36.423Z - info: Current opened pages, from most-to-least recent:
2025-12-07T18:52:36.423Z - info: 1. lessons/trail/backingUpOnCloud/index
2025-12-07T18:52:37.435Z - info: Rebuilding 1 pages
2025-12-07T18:52:37.747Z - info: Site data built
2025-12-07T18:52:37.747Z - info: Pages rebuilt
2025-12-07T18:52:37.747Z - info: Website regeneration complete! Total build time: 0.318s
2025-12-07T18:54:33.523Z - info: [02:54:33] Reload for file change: /Users/damithch/Repos/git-mastery/git-mastery.github.io/lessons/push/text.md
2025-12-07T18:54:33.524Z - info: Synchronizing opened pages list before reload
2025-12-07T18:54:33.525Z - info: Current opened pages, from most-to-least recent:
2025-12-07T18:54:33.525Z - info: 1. lessons/trail/backingUpOnCloud/index
2025-12-07T18:54:34.533Z - info: Rebuilding 1 pages
2025-12-07T18:54:34.818Z - info: Site data built
2025-12-07T18:54:34.818Z - info: Pages rebuilt
2025-12-07T18:54:34.818Z - info: Website regeneration complete! Total build time: 0.288s
2025-12-07T18:54:54.362Z - info: [02:54:54] Reload for file change: /Users/damithch/Repos/git-mastery/git-mastery.github.io/lessons/push/text.md
2025-12-07T18:54:54.364Z - info: Synchronizing opened pages list before reload
2025-12-07T18:54:54.365Z - info: Current opened pages, from most-to-least recent:
2025-12-07T18:54:54.365Z - info: 1. lessons/trail/backingUpOnCloud/index
2025-12-07T18:54:55.371Z - info: Rebuilding 1 pages
2025-12-07T18:54:55.642Z - info: Site data built
2025-12-07T18:54:55.642Z - info: Pages rebuilt
2025-12-07T18:54:55.642Z - info: Website regeneration complete! Total build time: 0.275s
2025-12-07T18:55:43.778Z - info: [02:55:43] Reload for file change: /Users/damithch/Repos/git-mastery/git-mastery.github.io/lessons/push/text.md
2025-12-07T18:55:43.779Z - info: Synchronizing opened pages list before reload
2025-12-07T18:55:43.779Z - info: Current opened pages, from most-to-least recent:
2025-12-07T18:55:43.779Z - info: 1. lessons/trail/backingUpOnCloud/index
2025-12-07T18:55:44.783Z - info: Rebuilding 1 pages
2025-12-07T18:55:45.069Z - info: Site data built
2025-12-07T18:55:45.069Z - info: Pages rebuilt
2025-12-07T18:55:45.069Z - info: Website regeneration complete! Total build time: 0.287s
2025-12-07T18:56:27.636Z - info: [02:56:27] Reload for file change: /Users/damithch/Repos/git-mastery/git-mastery.github.io/lessons/push/text.md
2025-12-07T18:56:27.638Z - info: Synchronizing opened pages list before reload
2025-12-07T18:56:27.638Z - info: Current opened pages, from most-to-least recent:
2025-12-07T18:56:27.638Z - info: 1. lessons/trail/backingUpOnCloud/index
2025-12-07T18:56:28.642Z - info: Rebuilding 1 pages
2025-12-07T18:56:28.915Z - info: Site data built
2025-12-07T18:56:28.915Z - info: Pages rebuilt
2025-12-07T18:56:28.915Z - info: Website regeneration complete! Total build time: 0.275s
2025-12-07T18:58:03.007Z - info: [02:58:03] Reload for file change: /Users/damithch/Repos/git-mastery/git-mastery.github.io/lessons/createRemoteRepo/text.md
2025-12-07T18:58:03.010Z - info: Synchronizing opened pages list before reload
2025-12-07T18:58:03.011Z - info: Current opened pages, from most-to-least recent:
2025-12-07T18:58:03.011Z - info: 1. lessons/trail/backingUpOnCloud/index
2025-12-07T18:58:04.019Z - info: Rebuilding 1 pages
2025-12-07T18:58:04.293Z - info: Site data built
2025-12-07T18:58:04.293Z - info: Pages rebuilt
2025-12-07T18:58:04.293Z - info: Website regeneration complete! Total build time: 0.277s
2025-12-07T18:58:11.121Z - info: [02:58:11] Reload for file change: /Users/damithch/Repos/git-mastery/git-mastery.github.io/lessons/createRemoteRepo/text.md
2025-12-07T18:58:11.122Z - info: Synchronizing opened pages list before reload
2025-12-07T18:58:11.122Z - info: Current opened pages, from most-to-least recent:
2025-12-07T18:58:11.123Z - info: 1. lessons/trail/backingUpOnCloud/index
2025-12-07T18:58:12.124Z - info: Rebuilding 1 pages
2025-12-07T18:58:12.348Z - info: Site data built
2025-12-07T18:58:12.348Z - info: Pages rebuilt
2025-12-07T18:58:12.348Z - info: Website regeneration complete! Total build time: 0.225s
2025-12-07T18:59:43.702Z - info: [02:59:43] Reload for file change: /Users/damithch/Repos/git-mastery/git-mastery.github.io/lessons/createRemoteRepo/text.md
2025-12-07T18:59:43.705Z - info: Synchronizing opened pages list before reload
2025-12-07T18:59:43.706Z - info: Current opened pages, from most-to-least recent:
2025-12-07T18:59:43.706Z - info: 1. lessons/trail/backingUpOnCloud/index
2025-12-07T18:59:44.717Z - info: Rebuilding 1 pages
2025-12-07T18:59:45.011Z - info: Site data built
2025-12-07T18:59:45.011Z - info: Pages rebuilt
2025-12-07T18:59:45.011Z - info: Website regeneration complete! Total build time: 0.301s
2025-12-07T19:00:33.723Z - info: [03:00:33] Reload for file change: /Users/damithch/Repos/git-mastery/git-mastery.github.io/lessons/setRemote/text.md
2025-12-07T19:00:33.724Z - info: Synchronizing opened pages list before reload
2025-12-07T19:00:33.725Z - info: Current opened pages, from most-to-least recent:
2025-12-07T19:00:33.725Z - info: 1. lessons/trail/backingUpOnCloud/index
2025-12-07T19:00:34.731Z - info: Rebuilding 1 pages
2025-12-07T19:00:35.007Z - info: Site data built
2025-12-07T19:00:35.007Z - info: Pages rebuilt
2025-12-07T19:00:35.007Z - info: Website regeneration complete! Total build time: 0.279s
2025-12-07T19:01:07.875Z - info: [03:01:07] Reload for file change: /Users/damithch/Repos/git-mastery/git-mastery.github.io/lessons/setRemote/text.md
2025-12-07T19:01:07.875Z - info: Synchronizing opened pages list before reload
2025-12-07T19:01:07.876Z - info: Current opened pages, from most-to-least recent:
2025-12-07T19:01:07.876Z - info: 1. lessons/trail/backingUpOnCloud/index
2025-12-07T19:01:08.880Z - info: Rebuilding 1 pages
2025-12-07T19:01:09.147Z - info: Site data built
2025-12-07T19:01:09.147Z - info: Pages rebuilt
2025-12-07T19:01:09.147Z - info: Website regeneration complete! Total build time: 0.269s
2025-12-07T19:01:22.847Z - info: [03:01:22] Reload for file change: /Users/damithch/Repos/git-mastery/git-mastery.github.io/lessons/setRemote/text.md
2025-12-07T19:01:22.848Z - info: Synchronizing opened pages list before reload
2025-12-07T19:01:22.848Z - info: Current opened pages, from most-to-least recent:
2025-12-07T19:01:22.848Z - info: 1. lessons/trail/backingUpOnCloud/index
2025-12-07T19:01:23.851Z - info: Rebuilding 1 pages
2025-12-07T19:01:24.108Z - info: Site data built
2025-12-07T19:01:24.108Z - info: Pages rebuilt
2025-12-07T19:01:24.109Z - info: Website regeneration complete! Total build time: 0.259s
2025-12-07T19:02:49.330Z - info: Website generation started at 03:02:49
2025-12-07T19:02:49.435Z - info: Building assets...
