2025-11-27T06:22:02.111Z - info: Website generation started at 14:22:01
2025-11-27T06:22:02.244Z - info: Building assets...
2025-11-27T06:22:02.493Z - info: Assets built
2025-11-27T06:22:02.494Z - info: Generating pages...
2025-11-27T06:22:05.726Z - warn: You might have an invalid hash for intra-link! Ignore this warning if it was intended.'
  /lessons/commit#stagingFileDeletions' found in file '/Users/damithch/Repos/git-mastery/git-mastery.github.io/lessons/stage/text.md'
2025-11-27T06:22:05.726Z - warn: You might have an invalid hash for intra-link! Ignore this warning if it was intended.'
  /lessons/stage#unstagingChanges' found in file '/Users/damithch/Repos/git-mastery/git-mastery.github.io/lessons/commit/detour-stagingFileDeletions-fragment.md'
2025-11-27T06:22:05.726Z - warn: You might have an invalid hash for intra-link! Ignore this warning if it was intended.'
  /lessons/interactiveRebase#updateLastCommit' found in file '/Users/damithch/Repos/git-mastery/git-mastery.github.io/lessons/commit/text.md'
2025-11-27T06:22:05.726Z - warn: You might have an invalid hash for intra-link! Ignore this warning if it was intended.'
  /lessons/reset#resetUncommitedChanges' found in file '/Users/damithch/Repos/git-mastery/git-mastery.github.io/lessons/commit/text.md'
2025-11-27T06:22:05.726Z - warn: You might have an invalid hash for intra-link! Ignore this warning if it was intended.'
  /lessons/reset#undoRecentCommits' found in file '/Users/damithch/Repos/git-mastery/git-mastery.github.io/lessons/commit/text.md'
2025-11-27T06:22:05.727Z - warn: You might have an invalid hash for intra-link! Ignore this warning if it was intended.'
  /lessons/interactiveRebase#updateLastCommit' found in file '/Users/damithch/Repos/git-mastery/git-mastery.github.io/lessons/reset/text.md'
2025-11-27T06:22:05.729Z - warn: You might have an invalid intra-link! Ignore this warning if it was intended.
'/lessons/branch/images/listRemoteBranches.png' found in file '/Users/damithch/Repos/git-mastery/git-mastery.github.io/lessons/remoteBranches/sourcetree_4.md'
2025-11-27T06:22:05.729Z - info: Pages built
2025-11-27T06:22:05.798Z - info: Site data built
2025-11-27T06:22:05.798Z - info: Website generation complete! Total build time: 3.922s
2025-11-27T06:22:05.798Z - info: Build success!
2025-11-27T06:22:13.184Z - info: The website has been deployed at: https://git-mastery.github.io/git-mastery.github.io
2025-11-27T06:23:02.814Z - info: Website generation started at 14:23:02
2025-11-27T06:23:02.905Z - info: Building assets...
2025-11-27T06:23:03.137Z - info: Assets built
2025-11-27T06:23:03.137Z - info: Generating pages...
2025-11-27T06:23:06.544Z - warn: You might have an invalid hash for intra-link! Ignore this warning if it was intended.'
  /lessons/commit#stagingFileDeletions' found in file '/Users/damithch/Repos/git-mastery/git-mastery.github.io/lessons/stage/text.md'
2025-11-27T06:23:06.544Z - warn: You might have an invalid hash for intra-link! Ignore this warning if it was intended.'
  /lessons/stage#unstagingChanges' found in file '/Users/damithch/Repos/git-mastery/git-mastery.github.io/lessons/commit/detour-stagingFileDeletions-fragment.md'
2025-11-27T06:23:06.545Z - warn: You might have an invalid hash for intra-link! Ignore this warning if it was intended.'
  /lessons/interactiveRebase#updateLastCommit' found in file '/Users/damithch/Repos/git-mastery/git-mastery.github.io/lessons/commit/text.md'
2025-11-27T06:23:06.545Z - warn: You might have an invalid hash for intra-link! Ignore this warning if it was intended.'
  /lessons/reset#resetUncommitedChanges' found in file '/Users/damithch/Repos/git-mastery/git-mastery.github.io/lessons/commit/text.md'
2025-11-27T06:23:06.545Z - warn: You might have an invalid hash for intra-link! Ignore this warning if it was intended.'
  /lessons/reset#undoRecentCommits' found in file '/Users/damithch/Repos/git-mastery/git-mastery.github.io/lessons/commit/text.md'
2025-11-27T06:23:06.546Z - warn: You might have an invalid hash for intra-link! Ignore this warning if it was intended.'
  /lessons/interactiveRebase#updateLastCommit' found in file '/Users/damithch/Repos/git-mastery/git-mastery.github.io/lessons/reset/text.md'
2025-11-27T06:23:06.547Z - warn: You might have an invalid intra-link! Ignore this warning if it was intended.
'/lessons/branch/images/listRemoteBranches.png' found in file '/Users/damithch/Repos/git-mastery/git-mastery.github.io/lessons/remoteBranches/sourcetree_4.md'
2025-11-27T06:23:06.549Z - info: Pages built
2025-11-27T06:23:06.613Z - info: Site data built
2025-11-27T06:23:06.613Z - info: Website generation complete! Total build time: 3.952s
2025-11-27T06:23:06.613Z - info: Build success!
2025-11-27T06:23:13.012Z - info: The website has been deployed at: https://git-mastery.github.io/git-mastery.github.io
