2025-12-16T16:13:20.662Z - info: Website generation started at 00:13:20
2025-12-16T16:13:20.840Z - info: Building assets...
2025-12-16T16:13:21.084Z - info: Assets built
2025-12-16T16:13:21.085Z - info: Generating pages...
2025-12-16T16:13:28.792Z - warn: You might have an invalid hash for intra-link! Ignore this warning if it was intended.'
  /lessons/commit#stagingFileDeletions' found in file '/Users/damithch/Repos/git-mastery/git-mastery.github.io/lessons/stage/text.md'
2025-12-16T16:13:28.792Z - warn: You might have an invalid hash for intra-link! Ignore this warning if it was intended.'
  /lessons/interactiveRebase#updateLastCommit' found in file '/Users/damithch/Repos/git-mastery/git-mastery.github.io/lessons/commit/text.md'
2025-12-16T16:13:28.792Z - warn: You might have an invalid hash for intra-link! Ignore this warning if it was intended.'
  /lessons/reset#resetUncommitedChanges' found in file '/Users/damithch/Repos/git-mastery/git-mastery.github.io/lessons/commit/text.md'
2025-12-16T16:13:28.792Z - warn: You might have an invalid hash for intra-link! Ignore this warning if it was intended.'
  /lessons/reset#undoRecentCommits' found in file '/Users/damithch/Repos/git-mastery/git-mastery.github.io/lessons/commit/text.md'
2025-12-16T16:13:28.792Z - warn: You might have an invalid hash for intra-link! Ignore this warning if it was intended.'
  /lessons/stage#unstagingChanges' found in file '/Users/damithch/Repos/git-mastery/git-mastery.github.io/lessons/commit/steps-stage-deletion-fragment.md'
2025-12-16T16:13:28.794Z - warn: You might have an invalid hash for intra-link! Ignore this warning if it was intended.'
  /lessons/interactiveRebase#updateLastCommit' found in file '/Users/damithch/Repos/git-mastery/git-mastery.github.io/lessons/reset/text.md'
2025-12-16T16:13:28.795Z - warn: You might have an invalid intra-link! Ignore this warning if it was intended.
'/lessons/branch/images/listRemoteBranches.png' found in file '/Users/damithch/Repos/git-mastery/git-mastery.github.io/lessons/remoteBranches/sourcetree_4.md'
2025-12-16T16:13:28.798Z - info: Pages built
2025-12-16T16:13:28.900Z - info: Site data built
2025-12-16T16:13:28.900Z - info: Website generation complete! Total build time: 8.416s
2025-12-16T16:13:28.912Z - info: Serving "/Users/damithch/Repos/git-mastery/git-mastery.github.io/_site" at http://127.0.0.1:8080
2025-12-16T16:13:28.912Z - info: Press CTRL+C to stop ...
2025-12-16T16:13:48.682Z - info: [00:13:48] Reload for file change: /Users/damithch/Repos/git-mastery/git-mastery.github.io/common/macros.njk
2025-12-16T16:13:49.744Z - info: Rebuilding 94 pages
2025-12-16T16:13:55.935Z - warn: You might have an invalid hash for intra-link! Ignore this warning if it was intended.'
  /lessons/commit#stagingFileDeletions' found in file '/Users/damithch/Repos/git-mastery/git-mastery.github.io/lessons/stage/text.md'
2025-12-16T16:13:55.935Z - warn: You might have an invalid hash for intra-link! Ignore this warning if it was intended.'
  /lessons/interactiveRebase#updateLastCommit' found in file '/Users/damithch/Repos/git-mastery/git-mastery.github.io/lessons/commit/text.md'
2025-12-16T16:13:55.935Z - warn: You might have an invalid hash for intra-link! Ignore this warning if it was intended.'
  /lessons/reset#resetUncommitedChanges' found in file '/Users/damithch/Repos/git-mastery/git-mastery.github.io/lessons/commit/text.md'
2025-12-16T16:13:55.935Z - warn: You might have an invalid hash for intra-link! Ignore this warning if it was intended.'
  /lessons/reset#undoRecentCommits' found in file '/Users/damithch/Repos/git-mastery/git-mastery.github.io/lessons/commit/text.md'
2025-12-16T16:13:55.935Z - warn: You might have an invalid hash for intra-link! Ignore this warning if it was intended.'
  /lessons/stage#unstagingChanges' found in file '/Users/damithch/Repos/git-mastery/git-mastery.github.io/lessons/commit/steps-stage-deletion-fragment.md'
2025-12-16T16:13:55.936Z - warn: You might have an invalid hash for intra-link! Ignore this warning if it was intended.'
  /lessons/interactiveRebase#updateLastCommit' found in file '/Users/damithch/Repos/git-mastery/git-mastery.github.io/lessons/reset/text.md'
2025-12-16T16:13:55.937Z - warn: You might have an invalid intra-link! Ignore this warning if it was intended.
'/lessons/branch/images/listRemoteBranches.png' found in file '/Users/damithch/Repos/git-mastery/git-mastery.github.io/lessons/remoteBranches/sourcetree_4.md'
2025-12-16T16:13:55.938Z - info: Site data built
2025-12-16T16:13:55.938Z - info: Pages rebuilt
2025-12-16T16:13:55.938Z - info: Website regeneration complete! Total build time: 6.195s
2025-12-16T16:15:49.064Z - info: [00:15:49] Reload for file change: /Users/damithch/Repos/git-mastery/git-mastery.github.io/lessons/init/steps-init-repo-fragment.md
2025-12-16T16:15:50.088Z - info: Rebuilding 3 pages
2025-12-16T16:15:52.457Z - warn: You might have an invalid hash for intra-link! Ignore this warning if it was intended.'
  /lessons/commit#stagingFileDeletions' found in file '/Users/damithch/Repos/git-mastery/git-mastery.github.io/lessons/stage/text.md'
2025-12-16T16:15:52.457Z - warn: You might have an invalid hash for intra-link! Ignore this warning if it was intended.'
  /lessons/interactiveRebase#updateLastCommit' found in file '/Users/damithch/Repos/git-mastery/git-mastery.github.io/lessons/commit/text.md'
2025-12-16T16:15:52.457Z - warn: You might have an invalid hash for intra-link! Ignore this warning if it was intended.'
  /lessons/reset#resetUncommitedChanges' found in file '/Users/damithch/Repos/git-mastery/git-mastery.github.io/lessons/commit/text.md'
2025-12-16T16:15:52.457Z - warn: You might have an invalid hash for intra-link! Ignore this warning if it was intended.'
  /lessons/reset#undoRecentCommits' found in file '/Users/damithch/Repos/git-mastery/git-mastery.github.io/lessons/commit/text.md'
2025-12-16T16:15:52.457Z - warn: You might have an invalid hash for intra-link! Ignore this warning if it was intended.'
  /lessons/stage#unstagingChanges' found in file '/Users/damithch/Repos/git-mastery/git-mastery.github.io/lessons/commit/steps-stage-deletion-fragment.md'
2025-12-16T16:15:52.458Z - warn: You might have an invalid hash for intra-link! Ignore this warning if it was intended.'
  /lessons/interactiveRebase#updateLastCommit' found in file '/Users/damithch/Repos/git-mastery/git-mastery.github.io/lessons/reset/text.md'
2025-12-16T16:15:52.462Z - info: Site data built
2025-12-16T16:15:52.462Z - info: Pages rebuilt
2025-12-16T16:15:52.462Z - info: Website regeneration complete! Total build time: 2.378s
2025-12-16T17:04:10.416Z - info: [01:04:10] Reload for file change: /Users/damithch/Repos/git-mastery/git-mastery.github.io/lessons/init/text.md
2025-12-16T17:04:11.441Z - info: Rebuilding 5 pages
2025-12-16T17:04:14.018Z - warn: You might have an invalid hash for intra-link! Ignore this warning if it was intended.'
  /lessons/commit#stagingFileDeletions' found in file '/Users/damithch/Repos/git-mastery/git-mastery.github.io/lessons/stage/text.md'
2025-12-16T17:04:14.018Z - warn: You might have an invalid hash for intra-link! Ignore this warning if it was intended.'
  /lessons/interactiveRebase#updateLastCommit' found in file '/Users/damithch/Repos/git-mastery/git-mastery.github.io/lessons/commit/text.md'
2025-12-16T17:04:14.018Z - warn: You might have an invalid hash for intra-link! Ignore this warning if it was intended.'
  /lessons/reset#resetUncommitedChanges' found in file '/Users/damithch/Repos/git-mastery/git-mastery.github.io/lessons/commit/text.md'
2025-12-16T17:04:14.018Z - warn: You might have an invalid hash for intra-link! Ignore this warning if it was intended.'
  /lessons/reset#undoRecentCommits' found in file '/Users/damithch/Repos/git-mastery/git-mastery.github.io/lessons/commit/text.md'
2025-12-16T17:04:14.018Z - warn: You might have an invalid hash for intra-link! Ignore this warning if it was intended.'
  /lessons/stage#unstagingChanges' found in file '/Users/damithch/Repos/git-mastery/git-mastery.github.io/lessons/commit/steps-stage-deletion-fragment.md'
2025-12-16T17:04:14.019Z - warn: You might have an invalid hash for intra-link! Ignore this warning if it was intended.'
  /lessons/interactiveRebase#updateLastCommit' found in file '/Users/damithch/Repos/git-mastery/git-mastery.github.io/lessons/reset/text.md'
2025-12-16T17:04:14.021Z - info: Site data built
2025-12-16T17:04:14.021Z - info: Pages rebuilt
2025-12-16T17:04:14.021Z - info: Website regeneration complete! Total build time: 2.594s
2025-12-16T17:05:00.161Z - info: [01:05:00] Reload for file change: /Users/damithch/Repos/git-mastery/git-mastery.github.io/common/macros.njk
2025-12-16T17:05:01.269Z - info: Rebuilding 94 pages
2025-12-16T17:05:06.965Z - warn: You might have an invalid hash for intra-link! Ignore this warning if it was intended.'
  /lessons/commit#stagingFileDeletions' found in file '/Users/damithch/Repos/git-mastery/git-mastery.github.io/lessons/stage/text.md'
2025-12-16T17:05:06.965Z - warn: You might have an invalid hash for intra-link! Ignore this warning if it was intended.'
  /lessons/interactiveRebase#updateLastCommit' found in file '/Users/damithch/Repos/git-mastery/git-mastery.github.io/lessons/commit/text.md'
2025-12-16T17:05:06.965Z - warn: You might have an invalid hash for intra-link! Ignore this warning if it was intended.'
  /lessons/reset#resetUncommitedChanges' found in file '/Users/damithch/Repos/git-mastery/git-mastery.github.io/lessons/commit/text.md'
2025-12-16T17:05:06.965Z - warn: You might have an invalid hash for intra-link! Ignore this warning if it was intended.'
  /lessons/reset#undoRecentCommits' found in file '/Users/damithch/Repos/git-mastery/git-mastery.github.io/lessons/commit/text.md'
2025-12-16T17:05:06.965Z - warn: You might have an invalid hash for intra-link! Ignore this warning if it was intended.'
  /lessons/stage#unstagingChanges' found in file '/Users/damithch/Repos/git-mastery/git-mastery.github.io/lessons/commit/steps-stage-deletion-fragment.md'
2025-12-16T17:05:06.966Z - warn: You might have an invalid hash for intra-link! Ignore this warning if it was intended.'
  /lessons/interactiveRebase#updateLastCommit' found in file '/Users/damithch/Repos/git-mastery/git-mastery.github.io/lessons/reset/text.md'
2025-12-16T17:05:06.967Z - warn: You might have an invalid intra-link! Ignore this warning if it was intended.
'/lessons/branch/images/listRemoteBranches.png' found in file '/Users/damithch/Repos/git-mastery/git-mastery.github.io/lessons/remoteBranches/sourcetree_4.md'
2025-12-16T17:05:06.968Z - info: Site data built
2025-12-16T17:05:06.968Z - info: Pages rebuilt
2025-12-16T17:05:06.968Z - info: Website regeneration complete! Total build time: 5.7s
2025-12-16T17:15:55.696Z - info: [01:15:55] Reload for file change: /Users/damithch/Repos/git-mastery/git-mastery.github.io/common/macros.njk
2025-12-16T17:15:56.789Z - info: Rebuilding 94 pages
2025-12-16T17:16:03.050Z - warn: You might have an invalid hash for intra-link! Ignore this warning if it was intended.'
  /lessons/commit#stagingFileDeletions' found in file '/Users/damithch/Repos/git-mastery/git-mastery.github.io/lessons/stage/text.md'
2025-12-16T17:16:03.051Z - warn: You might have an invalid hash for intra-link! Ignore this warning if it was intended.'
  /lessons/interactiveRebase#updateLastCommit' found in file '/Users/damithch/Repos/git-mastery/git-mastery.github.io/lessons/commit/text.md'
2025-12-16T17:16:03.051Z - warn: You might have an invalid hash for intra-link! Ignore this warning if it was intended.'
  /lessons/reset#resetUncommitedChanges' found in file '/Users/damithch/Repos/git-mastery/git-mastery.github.io/lessons/commit/text.md'
2025-12-16T17:16:03.051Z - warn: You might have an invalid hash for intra-link! Ignore this warning if it was intended.'
  /lessons/reset#undoRecentCommits' found in file '/Users/damithch/Repos/git-mastery/git-mastery.github.io/lessons/commit/text.md'
2025-12-16T17:16:03.052Z - warn: You might have an invalid hash for intra-link! Ignore this warning if it was intended.'
  /lessons/stage#unstagingChanges' found in file '/Users/damithch/Repos/git-mastery/git-mastery.github.io/lessons/commit/steps-stage-deletion-fragment.md'
2025-12-16T17:16:03.052Z - warn: You might have an invalid hash for intra-link! Ignore this warning if it was intended.'
  /lessons/interactiveRebase#updateLastCommit' found in file '/Users/damithch/Repos/git-mastery/git-mastery.github.io/lessons/reset/text.md'
2025-12-16T17:16:03.054Z - warn: You might have an invalid intra-link! Ignore this warning if it was intended.
'/lessons/branch/images/listRemoteBranches.png' found in file '/Users/damithch/Repos/git-mastery/git-mastery.github.io/lessons/remoteBranches/sourcetree_4.md'
2025-12-16T17:16:03.055Z - info: Site data built
2025-12-16T17:16:03.055Z - info: Pages rebuilt
2025-12-16T17:16:03.055Z - info: Website regeneration complete! Total build time: 6.27s
2025-12-16T17:16:36.727Z - info: [01:16:36] Reload for file change: /Users/damithch/Repos/git-mastery/git-mastery.github.io/common/macros.njk
2025-12-16T17:16:37.823Z - info: Rebuilding 94 pages
2025-12-16T17:16:43.447Z - warn: You might have an invalid hash for intra-link! Ignore this warning if it was intended.'
  /lessons/commit#stagingFileDeletions' found in file '/Users/damithch/Repos/git-mastery/git-mastery.github.io/lessons/stage/text.md'
2025-12-16T17:16:43.447Z - warn: You might have an invalid hash for intra-link! Ignore this warning if it was intended.'
  /lessons/interactiveRebase#updateLastCommit' found in file '/Users/damithch/Repos/git-mastery/git-mastery.github.io/lessons/commit/text.md'
2025-12-16T17:16:43.447Z - warn: You might have an invalid hash for intra-link! Ignore this warning if it was intended.'
  /lessons/reset#resetUncommitedChanges' found in file '/Users/damithch/Repos/git-mastery/git-mastery.github.io/lessons/commit/text.md'
2025-12-16T17:16:43.447Z - warn: You might have an invalid hash for intra-link! Ignore this warning if it was intended.'
  /lessons/reset#undoRecentCommits' found in file '/Users/damithch/Repos/git-mastery/git-mastery.github.io/lessons/commit/text.md'
2025-12-16T17:16:43.447Z - warn: You might have an invalid hash for intra-link! Ignore this warning if it was intended.'
  /lessons/stage#unstagingChanges' found in file '/Users/damithch/Repos/git-mastery/git-mastery.github.io/lessons/commit/steps-stage-deletion-fragment.md'
2025-12-16T17:16:43.448Z - warn: You might have an invalid hash for intra-link! Ignore this warning if it was intended.'
  /lessons/interactiveRebase#updateLastCommit' found in file '/Users/damithch/Repos/git-mastery/git-mastery.github.io/lessons/reset/text.md'
2025-12-16T17:16:43.450Z - warn: You might have an invalid intra-link! Ignore this warning if it was intended.
'/lessons/branch/images/listRemoteBranches.png' found in file '/Users/damithch/Repos/git-mastery/git-mastery.github.io/lessons/remoteBranches/sourcetree_4.md'
2025-12-16T17:16:43.451Z - info: Site data built
2025-12-16T17:16:43.451Z - info: Pages rebuilt
2025-12-16T17:16:43.451Z - info: Website regeneration complete! Total build time: 5.629s
2025-12-16T17:17:16.450Z - info: [01:17:16] Reload for file change: /Users/damithch/Repos/git-mastery/git-mastery.github.io/common/macros.njk
2025-12-16T17:17:17.533Z - info: Rebuilding 94 pages
2025-12-16T17:17:23.349Z - warn: You might have an invalid hash for intra-link! Ignore this warning if it was intended.'
  /lessons/commit#stagingFileDeletions' found in file '/Users/damithch/Repos/git-mastery/git-mastery.github.io/lessons/stage/text.md'
2025-12-16T17:17:23.349Z - warn: You might have an invalid hash for intra-link! Ignore this warning if it was intended.'
  /lessons/interactiveRebase#updateLastCommit' found in file '/Users/damithch/Repos/git-mastery/git-mastery.github.io/lessons/commit/text.md'
2025-12-16T17:17:23.349Z - warn: You might have an invalid hash for intra-link! Ignore this warning if it was intended.'
  /lessons/reset#resetUncommitedChanges' found in file '/Users/damithch/Repos/git-mastery/git-mastery.github.io/lessons/commit/text.md'
2025-12-16T17:17:23.349Z - warn: You might have an invalid hash for intra-link! Ignore this warning if it was intended.'
  /lessons/reset#undoRecentCommits' found in file '/Users/damithch/Repos/git-mastery/git-mastery.github.io/lessons/commit/text.md'
2025-12-16T17:17:23.349Z - warn: You might have an invalid hash for intra-link! Ignore this warning if it was intended.'
  /lessons/stage#unstagingChanges' found in file '/Users/damithch/Repos/git-mastery/git-mastery.github.io/lessons/commit/steps-stage-deletion-fragment.md'
2025-12-16T17:17:23.350Z - warn: You might have an invalid hash for intra-link! Ignore this warning if it was intended.'
  /lessons/interactiveRebase#updateLastCommit' found in file '/Users/damithch/Repos/git-mastery/git-mastery.github.io/lessons/reset/text.md'
2025-12-16T17:17:23.351Z - warn: You might have an invalid intra-link! Ignore this warning if it was intended.
'/lessons/branch/images/listRemoteBranches.png' found in file '/Users/damithch/Repos/git-mastery/git-mastery.github.io/lessons/remoteBranches/sourcetree_4.md'
2025-12-16T17:17:23.352Z - info: Site data built
2025-12-16T17:17:23.352Z - info: Pages rebuilt
2025-12-16T17:17:23.352Z - info: Website regeneration complete! Total build time: 5.819s
2025-12-16T17:18:10.963Z - info: [01:18:10] Reload for file change: /Users/damithch/Repos/git-mastery/git-mastery.github.io/common/macros.njk
2025-12-16T17:18:12.040Z - info: Rebuilding 94 pages
2025-12-16T17:18:17.837Z - warn: You might have an invalid hash for intra-link! Ignore this warning if it was intended.'
  /lessons/commit#stagingFileDeletions' found in file '/Users/damithch/Repos/git-mastery/git-mastery.github.io/lessons/stage/text.md'
2025-12-16T17:18:17.837Z - warn: You might have an invalid hash for intra-link! Ignore this warning if it was intended.'
  /lessons/interactiveRebase#updateLastCommit' found in file '/Users/damithch/Repos/git-mastery/git-mastery.github.io/lessons/commit/text.md'
2025-12-16T17:18:17.837Z - warn: You might have an invalid hash for intra-link! Ignore this warning if it was intended.'
  /lessons/reset#resetUncommitedChanges' found in file '/Users/damithch/Repos/git-mastery/git-mastery.github.io/lessons/commit/text.md'
2025-12-16T17:18:17.837Z - warn: You might have an invalid hash for intra-link! Ignore this warning if it was intended.'
  /lessons/reset#undoRecentCommits' found in file '/Users/damithch/Repos/git-mastery/git-mastery.github.io/lessons/commit/text.md'
2025-12-16T17:18:17.837Z - warn: You might have an invalid hash for intra-link! Ignore this warning if it was intended.'
  /lessons/stage#unstagingChanges' found in file '/Users/damithch/Repos/git-mastery/git-mastery.github.io/lessons/commit/steps-stage-deletion-fragment.md'
2025-12-16T17:18:17.838Z - warn: You might have an invalid hash for intra-link! Ignore this warning if it was intended.'
  /lessons/interactiveRebase#updateLastCommit' found in file '/Users/damithch/Repos/git-mastery/git-mastery.github.io/lessons/reset/text.md'
2025-12-16T17:18:17.839Z - warn: You might have an invalid intra-link! Ignore this warning if it was intended.
'/lessons/branch/images/listRemoteBranches.png' found in file '/Users/damithch/Repos/git-mastery/git-mastery.github.io/lessons/remoteBranches/sourcetree_4.md'
2025-12-16T17:18:17.840Z - info: Site data built
2025-12-16T17:18:17.840Z - info: Pages rebuilt
2025-12-16T17:18:17.840Z - info: Website regeneration complete! Total build time: 5.801s
2025-12-16T17:18:21.747Z - info: Website generation (lazy) started at 01:18:21
2025-12-16T17:18:21.853Z - info: Building assets...
2025-12-16T17:18:22.130Z - info: Assets built
2025-12-16T17:18:22.130Z - info: Generating landing page...
2025-12-16T17:18:22.214Z - info: Landing page built, other pages will be built as you navigate to them!
2025-12-16T17:18:22.298Z - info: Site data built
2025-12-16T17:18:22.298Z - info: Website generation (lazy) complete! Total build time: 0.729s
2025-12-16T17:18:22.307Z - info: Serving "/Users/damithch/Repos/git-mastery/git-mastery.github.io/_site" at http://127.0.0.1:8080
2025-12-16T17:18:22.307Z - info: Press CTRL+C to stop ...
2025-12-16T17:18:25.882Z - info: Building /Users/damithch/Repos/git-mastery/git-mastery.github.io/lessons/index as some of its dependencies were changed since the last visit
2025-12-16T17:18:26.566Z - info: Site data built
2025-12-16T17:18:26.566Z - info: Lazy website regeneration complete! Total build time: 0.684s
2025-12-16T17:18:39.865Z - info: Building /Users/damithch/Repos/git-mastery/git-mastery.github.io/lessons/stage/index as some of its dependencies were changed since the last visit
2025-12-16T17:18:40.126Z - warn: You might have an invalid hash for intra-link! Ignore this warning if it was intended.'
  /companion-app/index.html#git-mastery-app-commands' found in file '/Users/damithch/Repos/git-mastery/git-mastery.github.io/lessons/stage/text.md'
2025-12-16T17:18:40.126Z - warn: You might have an invalid hash for intra-link! Ignore this warning if it was intended.'
  /companion-app/index.html#updating-the-git-mastery-app' found in file '/Users/damithch/Repos/git-mastery/git-mastery.github.io/lessons/stage/text.md'
2025-12-16T17:18:40.126Z - warn: You might have an invalid hash for intra-link! Ignore this warning if it was intended.'
  /lessons/commit#stagingFileDeletions' found in file '/Users/damithch/Repos/git-mastery/git-mastery.github.io/lessons/stage/text.md'
2025-12-16T17:18:40.126Z - warn: You might have an invalid hash for intra-link! Ignore this warning if it was intended.'
  /companion-app/index.html#git-mastery-app-commands' found in file '/Users/damithch/Repos/git-mastery/git-mastery.github.io/lessons/stage/detour-unstagingChanges-fragment.md'
2025-12-16T17:18:40.126Z - warn: You might have an invalid hash for intra-link! Ignore this warning if it was intended.'
  /companion-app/index.html#updating-the-git-mastery-app' found in file '/Users/damithch/Repos/git-mastery/git-mastery.github.io/lessons/stage/detour-unstagingChanges-fragment.md'
2025-12-16T17:18:40.127Z - info: Site data built
2025-12-16T17:18:40.127Z - info: Lazy website regeneration complete! Total build time: 0.262s
2025-12-16T17:19:04.512Z - info: [01:19:04] Reload for file change: /Users/damithch/Repos/git-mastery/git-mastery.github.io/common/macros.njk
2025-12-16T17:19:04.513Z - info: Synchronizing opened pages list before reload
2025-12-16T17:19:04.516Z - info: Current opened pages, from most-to-least recent:
2025-12-16T17:19:04.516Z - info: 1. lessons/stage/index
2025-12-16T17:19:05.602Z - info: Rebuilding 1 pages
2025-12-16T17:19:05.796Z - warn: You might have an invalid hash for intra-link! Ignore this warning if it was intended.'
  /companion-app/index.html#git-mastery-app-commands' found in file '/Users/damithch/Repos/git-mastery/git-mastery.github.io/lessons/stage/text.md'
2025-12-16T17:19:05.797Z - warn: You might have an invalid hash for intra-link! Ignore this warning if it was intended.'
  /companion-app/index.html#updating-the-git-mastery-app' found in file '/Users/damithch/Repos/git-mastery/git-mastery.github.io/lessons/stage/text.md'
2025-12-16T17:19:05.797Z - warn: You might have an invalid hash for intra-link! Ignore this warning if it was intended.'
  /lessons/commit#stagingFileDeletions' found in file '/Users/damithch/Repos/git-mastery/git-mastery.github.io/lessons/stage/text.md'
2025-12-16T17:19:05.797Z - warn: You might have an invalid hash for intra-link! Ignore this warning if it was intended.'
  /companion-app/index.html#git-mastery-app-commands' found in file '/Users/damithch/Repos/git-mastery/git-mastery.github.io/lessons/stage/detour-unstagingChanges-fragment.md'
2025-12-16T17:19:05.797Z - warn: You might have an invalid hash for intra-link! Ignore this warning if it was intended.'
  /companion-app/index.html#updating-the-git-mastery-app' found in file '/Users/damithch/Repos/git-mastery/git-mastery.github.io/lessons/stage/detour-unstagingChanges-fragment.md'
2025-12-16T17:19:05.797Z - info: Site data built
2025-12-16T17:19:05.797Z - info: Pages rebuilt
2025-12-16T17:19:05.798Z - info: Website regeneration complete! Total build time: 0.197s
2025-12-16T17:20:25.591Z - info: [01:20:25] Reload for file change: /Users/damithch/Repos/git-mastery/git-mastery.github.io/common/macros.njk
2025-12-16T17:20:25.595Z - info: Synchronizing opened pages list before reload
2025-12-16T17:20:25.597Z - info: Current opened pages, from most-to-least recent:
2025-12-16T17:20:25.598Z - info: 1. lessons/stage/index
2025-12-16T17:20:26.687Z - info: Rebuilding 1 pages
2025-12-16T17:20:26.891Z - warn: You might have an invalid hash for intra-link! Ignore this warning if it was intended.'
  /companion-app/index.html#git-mastery-app-commands' found in file '/Users/damithch/Repos/git-mastery/git-mastery.github.io/lessons/stage/text.md'
2025-12-16T17:20:26.891Z - warn: You might have an invalid hash for intra-link! Ignore this warning if it was intended.'
  /companion-app/index.html#updating-the-git-mastery-app' found in file '/Users/damithch/Repos/git-mastery/git-mastery.github.io/lessons/stage/text.md'
2025-12-16T17:20:26.891Z - warn: You might have an invalid hash for intra-link! Ignore this warning if it was intended.'
  /lessons/commit#stagingFileDeletions' found in file '/Users/damithch/Repos/git-mastery/git-mastery.github.io/lessons/stage/text.md'
2025-12-16T17:20:26.891Z - warn: You might have an invalid hash for intra-link! Ignore this warning if it was intended.'
  /companion-app/index.html#git-mastery-app-commands' found in file '/Users/damithch/Repos/git-mastery/git-mastery.github.io/lessons/stage/detour-unstagingChanges-fragment.md'
2025-12-16T17:20:26.891Z - warn: You might have an invalid hash for intra-link! Ignore this warning if it was intended.'
  /companion-app/index.html#updating-the-git-mastery-app' found in file '/Users/damithch/Repos/git-mastery/git-mastery.github.io/lessons/stage/detour-unstagingChanges-fragment.md'
2025-12-16T17:20:26.892Z - info: Site data built
2025-12-16T17:20:26.892Z - info: Pages rebuilt
2025-12-16T17:20:26.892Z - info: Website regeneration complete! Total build time: 0.205s
2025-12-16T17:21:15.390Z - info: [01:21:15] Reload for file change: /Users/damithch/Repos/git-mastery/git-mastery.github.io/common/macros.njk
2025-12-16T17:21:15.391Z - info: Synchronizing opened pages list before reload
2025-12-16T17:21:15.392Z - info: Current opened pages, from most-to-least recent:
2025-12-16T17:21:15.392Z - info: 1. lessons/stage/index
2025-12-16T17:21:16.476Z - info: Rebuilding 1 pages
2025-12-16T17:21:16.675Z - warn: You might have an invalid hash for intra-link! Ignore this warning if it was intended.'
  /companion-app/index.html#git-mastery-app-commands' found in file '/Users/damithch/Repos/git-mastery/git-mastery.github.io/lessons/stage/text.md'
2025-12-16T17:21:16.675Z - warn: You might have an invalid hash for intra-link! Ignore this warning if it was intended.'
  /companion-app/index.html#updating-the-git-mastery-app' found in file '/Users/damithch/Repos/git-mastery/git-mastery.github.io/lessons/stage/text.md'
2025-12-16T17:21:16.675Z - warn: You might have an invalid hash for intra-link! Ignore this warning if it was intended.'
  /lessons/commit#stagingFileDeletions' found in file '/Users/damithch/Repos/git-mastery/git-mastery.github.io/lessons/stage/text.md'
2025-12-16T17:21:16.676Z - warn: You might have an invalid hash for intra-link! Ignore this warning if it was intended.'
  /companion-app/index.html#git-mastery-app-commands' found in file '/Users/damithch/Repos/git-mastery/git-mastery.github.io/lessons/stage/detour-unstagingChanges-fragment.md'
2025-12-16T17:21:16.676Z - warn: You might have an invalid hash for intra-link! Ignore this warning if it was intended.'
  /companion-app/index.html#updating-the-git-mastery-app' found in file '/Users/damithch/Repos/git-mastery/git-mastery.github.io/lessons/stage/detour-unstagingChanges-fragment.md'
2025-12-16T17:21:16.677Z - info: Site data built
2025-12-16T17:21:16.677Z - info: Pages rebuilt
2025-12-16T17:21:16.677Z - info: Website regeneration complete! Total build time: 0.201s
2025-12-16T17:23:41.624Z - info: [01:23:41] Reload for file change: /Users/damithch/Repos/git-mastery/git-mastery.github.io/common/macros.njk
2025-12-16T17:23:41.627Z - info: Synchronizing opened pages list before reload
2025-12-16T17:23:41.627Z - info: Current opened pages, from most-to-least recent:
2025-12-16T17:23:41.628Z - info: 1. lessons/stage/index
2025-12-16T17:23:42.706Z - info: Rebuilding 1 pages
2025-12-16T17:23:42.900Z - warn: You might have an invalid hash for intra-link! Ignore this warning if it was intended.'
  /companion-app/index.html#git-mastery-app-commands' found in file '/Users/damithch/Repos/git-mastery/git-mastery.github.io/lessons/stage/text.md'
2025-12-16T17:23:42.900Z - warn: You might have an invalid hash for intra-link! Ignore this warning if it was intended.'
  /companion-app/index.html#updating-the-git-mastery-app' found in file '/Users/damithch/Repos/git-mastery/git-mastery.github.io/lessons/stage/text.md'
2025-12-16T17:23:42.900Z - warn: You might have an invalid hash for intra-link! Ignore this warning if it was intended.'
  /lessons/commit#stagingFileDeletions' found in file '/Users/damithch/Repos/git-mastery/git-mastery.github.io/lessons/stage/text.md'
2025-12-16T17:23:42.900Z - warn: You might have an invalid hash for intra-link! Ignore this warning if it was intended.'
  /companion-app/index.html#git-mastery-app-commands' found in file '/Users/damithch/Repos/git-mastery/git-mastery.github.io/lessons/stage/detour-unstagingChanges-fragment.md'
2025-12-16T17:23:42.900Z - warn: You might have an invalid hash for intra-link! Ignore this warning if it was intended.'
  /companion-app/index.html#updating-the-git-mastery-app' found in file '/Users/damithch/Repos/git-mastery/git-mastery.github.io/lessons/stage/detour-unstagingChanges-fragment.md'
2025-12-16T17:23:42.901Z - info: Site data built
2025-12-16T17:23:42.901Z - info: Pages rebuilt
2025-12-16T17:23:42.901Z - info: Website regeneration complete! Total build time: 0.196s
2025-12-16T17:26:03.711Z - info: [01:26:03] Reload for file change: /Users/damithch/Repos/git-mastery/git-mastery.github.io/lessons/stage/text.md
2025-12-16T17:26:03.714Z - info: Synchronizing opened pages list before reload
2025-12-16T17:26:03.717Z - info: Current opened pages, from most-to-least recent:
2025-12-16T17:26:03.717Z - info: 1. lessons/stage/index
2025-12-16T17:26:04.728Z - info: Rebuilding 1 pages
2025-12-16T17:26:04.981Z - warn: You might have an invalid hash for intra-link! Ignore this warning if it was intended.'
  /companion-app/index.html#git-mastery-app-commands' found in file '/Users/damithch/Repos/git-mastery/git-mastery.github.io/lessons/stage/text.md'
2025-12-16T17:26:04.981Z - warn: You might have an invalid hash for intra-link! Ignore this warning if it was intended.'
  /companion-app/index.html#updating-the-git-mastery-app' found in file '/Users/damithch/Repos/git-mastery/git-mastery.github.io/lessons/stage/text.md'
2025-12-16T17:26:04.981Z - warn: You might have an invalid hash for intra-link! Ignore this warning if it was intended.'
  /lessons/commit#stagingFileDeletions' found in file '/Users/damithch/Repos/git-mastery/git-mastery.github.io/lessons/stage/text.md'
2025-12-16T17:26:04.981Z - warn: You might have an invalid hash for intra-link! Ignore this warning if it was intended.'
  /companion-app/index.html#git-mastery-app-commands' found in file '/Users/damithch/Repos/git-mastery/git-mastery.github.io/lessons/stage/detour-unstagingChanges-fragment.md'
2025-12-16T17:26:04.981Z - warn: You might have an invalid hash for intra-link! Ignore this warning if it was intended.'
  /companion-app/index.html#updating-the-git-mastery-app' found in file '/Users/damithch/Repos/git-mastery/git-mastery.github.io/lessons/stage/detour-unstagingChanges-fragment.md'
2025-12-16T17:26:04.982Z - info: Site data built
2025-12-16T17:26:04.982Z - info: Pages rebuilt
2025-12-16T17:26:04.982Z - info: Website regeneration complete! Total build time: 0.256s
2025-12-16T17:27:04.183Z - info: [01:27:04] Reload for file change: /Users/damithch/Repos/git-mastery/git-mastery.github.io/lessons/stage/text.md
2025-12-16T17:27:04.188Z - info: Synchronizing opened pages list before reload
2025-12-16T17:27:04.189Z - info: Current opened pages, from most-to-least recent:
2025-12-16T17:27:04.189Z - info: 1. lessons/stage/index
2025-12-16T17:27:05.197Z - info: Rebuilding 1 pages
2025-12-16T17:27:05.488Z - warn: You might have an invalid hash for intra-link! Ignore this warning if it was intended.'
  /companion-app/index.html#git-mastery-app-commands' found in file '/Users/damithch/Repos/git-mastery/git-mastery.github.io/lessons/stage/text.md'
2025-12-16T17:27:05.488Z - warn: You might have an invalid hash for intra-link! Ignore this warning if it was intended.'
  /companion-app/index.html#updating-the-git-mastery-app' found in file '/Users/damithch/Repos/git-mastery/git-mastery.github.io/lessons/stage/text.md'
2025-12-16T17:27:05.488Z - warn: You might have an invalid hash for intra-link! Ignore this warning if it was intended.'
  /lessons/commit#stagingFileDeletions' found in file '/Users/damithch/Repos/git-mastery/git-mastery.github.io/lessons/stage/text.md'
2025-12-16T17:27:05.488Z - warn: You might have an invalid hash for intra-link! Ignore this warning if it was intended.'
  /companion-app/index.html#git-mastery-app-commands' found in file '/Users/damithch/Repos/git-mastery/git-mastery.github.io/lessons/stage/detour-unstagingChanges-fragment.md'
2025-12-16T17:27:05.488Z - warn: You might have an invalid hash for intra-link! Ignore this warning if it was intended.'
  /companion-app/index.html#updating-the-git-mastery-app' found in file '/Users/damithch/Repos/git-mastery/git-mastery.github.io/lessons/stage/detour-unstagingChanges-fragment.md'
2025-12-16T17:27:05.489Z - info: Site data built
2025-12-16T17:27:05.489Z - info: Pages rebuilt
2025-12-16T17:27:05.489Z - info: Website regeneration complete! Total build time: 0.294s
2025-12-16T17:27:37.748Z - info: [01:27:37] Reload for file change: /Users/damithch/Repos/git-mastery/git-mastery.github.io/lessons/stage/text.md
2025-12-16T17:27:37.749Z - info: Synchronizing opened pages list before reload
2025-12-16T17:27:37.749Z - info: Current opened pages, from most-to-least recent:
2025-12-16T17:27:37.749Z - info: 1. lessons/stage/index
2025-12-16T17:27:37.750Z - info: [01:27:37] Reload for file change: /Users/damithch/Repos/git-mastery/git-mastery.github.io/common/macros.njk
2025-12-16T17:27:37.750Z - info: Synchronizing opened pages list before reload
2025-12-16T17:27:37.750Z - info: Current opened pages, from most-to-least recent:
2025-12-16T17:27:37.750Z - info: 1. lessons/stage/index
2025-12-16T17:27:38.827Z - info: Rebuilding 1 pages
2025-12-16T17:27:39.025Z - warn: You might have an invalid hash for intra-link! Ignore this warning if it was intended.'
  /companion-app/index.html#git-mastery-app-commands' found in file '/Users/damithch/Repos/git-mastery/git-mastery.github.io/lessons/stage/text.md'
2025-12-16T17:27:39.025Z - warn: You might have an invalid hash for intra-link! Ignore this warning if it was intended.'
  /companion-app/index.html#updating-the-git-mastery-app' found in file '/Users/damithch/Repos/git-mastery/git-mastery.github.io/lessons/stage/text.md'
2025-12-16T17:27:39.025Z - warn: You might have an invalid hash for intra-link! Ignore this warning if it was intended.'
  /lessons/commit#stagingFileDeletions' found in file '/Users/damithch/Repos/git-mastery/git-mastery.github.io/lessons/stage/text.md'
2025-12-16T17:27:39.025Z - warn: You might have an invalid hash for intra-link! Ignore this warning if it was intended.'
  /companion-app/index.html#git-mastery-app-commands' found in file '/Users/damithch/Repos/git-mastery/git-mastery.github.io/lessons/stage/detour-unstagingChanges-fragment.md'
2025-12-16T17:27:39.025Z - warn: You might have an invalid hash for intra-link! Ignore this warning if it was intended.'
  /companion-app/index.html#updating-the-git-mastery-app' found in file '/Users/damithch/Repos/git-mastery/git-mastery.github.io/lessons/stage/detour-unstagingChanges-fragment.md'
2025-12-16T17:27:39.026Z - info: Site data built
2025-12-16T17:27:39.026Z - info: Pages rebuilt
2025-12-16T17:27:39.026Z - info: Website regeneration complete! Total build time: 0.2s
2025-12-16T17:28:35.181Z - info: [01:28:35] Reload for file change: /Users/damithch/Repos/git-mastery/git-mastery.github.io/common/macros.njk
2025-12-16T17:28:35.181Z - info: Synchronizing opened pages list before reload
2025-12-16T17:28:35.182Z - info: Current opened pages, from most-to-least recent:
2025-12-16T17:28:35.182Z - info: 1. lessons/stage/index
2025-12-16T17:28:36.261Z - info: Rebuilding 1 pages
2025-12-16T17:28:36.458Z - warn: You might have an invalid hash for intra-link! Ignore this warning if it was intended.'
  /companion-app/index.html#git-mastery-app-commands' found in file '/Users/damithch/Repos/git-mastery/git-mastery.github.io/lessons/stage/text.md'
2025-12-16T17:28:36.458Z - warn: You might have an invalid hash for intra-link! Ignore this warning if it was intended.'
  /companion-app/index.html#updating-the-git-mastery-app' found in file '/Users/damithch/Repos/git-mastery/git-mastery.github.io/lessons/stage/text.md'
2025-12-16T17:28:36.458Z - warn: You might have an invalid hash for intra-link! Ignore this warning if it was intended.'
  /lessons/commit#stagingFileDeletions' found in file '/Users/damithch/Repos/git-mastery/git-mastery.github.io/lessons/stage/text.md'
2025-12-16T17:28:36.458Z - warn: You might have an invalid hash for intra-link! Ignore this warning if it was intended.'
  /companion-app/index.html#git-mastery-app-commands' found in file '/Users/damithch/Repos/git-mastery/git-mastery.github.io/lessons/stage/detour-unstagingChanges-fragment.md'
2025-12-16T17:28:36.458Z - warn: You might have an invalid hash for intra-link! Ignore this warning if it was intended.'
  /companion-app/index.html#updating-the-git-mastery-app' found in file '/Users/damithch/Repos/git-mastery/git-mastery.github.io/lessons/stage/detour-unstagingChanges-fragment.md'
2025-12-16T17:28:36.459Z - info: Site data built
2025-12-16T17:28:36.459Z - info: Pages rebuilt
2025-12-16T17:28:36.459Z - info: Website regeneration complete! Total build time: 0.199s
2025-12-16T17:30:33.243Z - info: [01:30:33] Reload for file change: /Users/damithch/Repos/git-mastery/git-mastery.github.io/lessons/stage/text.md
2025-12-16T17:30:33.245Z - info: Synchronizing opened pages list before reload
2025-12-16T17:30:33.246Z - info: Current opened pages, from most-to-least recent:
2025-12-16T17:30:33.246Z - info: 1. lessons/stage/index
2025-12-16T17:30:34.254Z - info: Rebuilding 1 pages
2025-12-16T17:30:34.509Z - warn: You might have an invalid hash for intra-link! Ignore this warning if it was intended.'
  /companion-app/index.html#git-mastery-app-commands' found in file '/Users/damithch/Repos/git-mastery/git-mastery.github.io/lessons/stage/text.md'
2025-12-16T17:30:34.509Z - warn: You might have an invalid hash for intra-link! Ignore this warning if it was intended.'
  /companion-app/index.html#updating-the-git-mastery-app' found in file '/Users/damithch/Repos/git-mastery/git-mastery.github.io/lessons/stage/text.md'
2025-12-16T17:30:34.509Z - warn: You might have an invalid hash for intra-link! Ignore this warning if it was intended.'
  /lessons/commit#stagingFileDeletions' found in file '/Users/damithch/Repos/git-mastery/git-mastery.github.io/lessons/stage/text.md'
2025-12-16T17:30:34.509Z - warn: You might have an invalid hash for intra-link! Ignore this warning if it was intended.'
  /companion-app/index.html#git-mastery-app-commands' found in file '/Users/damithch/Repos/git-mastery/git-mastery.github.io/lessons/stage/detour-unstagingChanges-fragment.md'
2025-12-16T17:30:34.509Z - warn: You might have an invalid hash for intra-link! Ignore this warning if it was intended.'
  /companion-app/index.html#updating-the-git-mastery-app' found in file '/Users/damithch/Repos/git-mastery/git-mastery.github.io/lessons/stage/detour-unstagingChanges-fragment.md'
2025-12-16T17:30:34.511Z - info: Site data built
2025-12-16T17:30:34.511Z - info: Pages rebuilt
2025-12-16T17:30:34.511Z - info: Website regeneration complete! Total build time: 0.259s
2025-12-16T17:30:45.374Z - info: [01:30:45] Reload for file change: /Users/damithch/Repos/git-mastery/git-mastery.github.io/lessons/stage/text.md
2025-12-16T17:30:45.375Z - info: Synchronizing opened pages list before reload
2025-12-16T17:30:45.375Z - info: Current opened pages, from most-to-least recent:
2025-12-16T17:30:45.376Z - info: 1. lessons/stage/index
2025-12-16T17:30:46.382Z - info: Rebuilding 1 pages
2025-12-16T17:30:46.625Z - warn: You might have an invalid hash for intra-link! Ignore this warning if it was intended.'
  /companion-app/index.html#git-mastery-app-commands' found in file '/Users/damithch/Repos/git-mastery/git-mastery.github.io/lessons/stage/text.md'
2025-12-16T17:30:46.626Z - warn: You might have an invalid hash for intra-link! Ignore this warning if it was intended.'
  /companion-app/index.html#updating-the-git-mastery-app' found in file '/Users/damithch/Repos/git-mastery/git-mastery.github.io/lessons/stage/text.md'
2025-12-16T17:30:46.626Z - warn: You might have an invalid hash for intra-link! Ignore this warning if it was intended.'
  /lessons/commit#stagingFileDeletions' found in file '/Users/damithch/Repos/git-mastery/git-mastery.github.io/lessons/stage/text.md'
2025-12-16T17:30:46.626Z - warn: You might have an invalid hash for intra-link! Ignore this warning if it was intended.'
  /companion-app/index.html#git-mastery-app-commands' found in file '/Users/damithch/Repos/git-mastery/git-mastery.github.io/lessons/stage/detour-unstagingChanges-fragment.md'
2025-12-16T17:30:46.626Z - warn: You might have an invalid hash for intra-link! Ignore this warning if it was intended.'
  /companion-app/index.html#updating-the-git-mastery-app' found in file '/Users/damithch/Repos/git-mastery/git-mastery.github.io/lessons/stage/detour-unstagingChanges-fragment.md'
2025-12-16T17:30:46.626Z - info: Site data built
2025-12-16T17:30:46.626Z - info: Pages rebuilt
2025-12-16T17:30:46.626Z - info: Website regeneration complete! Total build time: 0.246s
2025-12-16T17:32:36.153Z - info: [01:32:36] Reload for file change: /Users/damithch/Repos/git-mastery/git-mastery.github.io/lessons/stage/steps-stage-new-file-fragment.md
2025-12-16T17:32:36.154Z - info: Synchronizing opened pages list before reload
2025-12-16T17:32:36.154Z - info: Current opened pages, from most-to-least recent:
2025-12-16T17:32:36.154Z - info: 1. lessons/stage/index
2025-12-16T17:32:36.248Z - info: [01:32:36] Reload for file change: /Users/damithch/Repos/git-mastery/git-mastery.github.io/lessons/stage/text.md
2025-12-16T17:32:36.248Z - info: Synchronizing opened pages list before reload
2025-12-16T17:32:36.248Z - info: Current opened pages, from most-to-least recent:
2025-12-16T17:32:36.248Z - info: 1. lessons/stage/index
2025-12-16T17:32:37.160Z - info: Rebuilding 1 pages
2025-12-16T17:32:37.430Z - warn: You might have an invalid hash for intra-link! Ignore this warning if it was intended.'
  /companion-app/index.html#git-mastery-app-commands' found in file '/Users/damithch/Repos/git-mastery/git-mastery.github.io/lessons/stage/text.md'
2025-12-16T17:32:37.430Z - warn: You might have an invalid hash for intra-link! Ignore this warning if it was intended.'
  /companion-app/index.html#updating-the-git-mastery-app' found in file '/Users/damithch/Repos/git-mastery/git-mastery.github.io/lessons/stage/text.md'
2025-12-16T17:32:37.430Z - warn: You might have an invalid hash for intra-link! Ignore this warning if it was intended.'
  /lessons/commit#stagingFileDeletions' found in file '/Users/damithch/Repos/git-mastery/git-mastery.github.io/lessons/stage/text.md'
2025-12-16T17:32:37.430Z - warn: You might have an invalid hash for intra-link! Ignore this warning if it was intended.'
  /companion-app/index.html#git-mastery-app-commands' found in file '/Users/damithch/Repos/git-mastery/git-mastery.github.io/lessons/stage/detour-unstagingChanges-fragment.md'
2025-12-16T17:32:37.430Z - warn: You might have an invalid hash for intra-link! Ignore this warning if it was intended.'
  /companion-app/index.html#updating-the-git-mastery-app' found in file '/Users/damithch/Repos/git-mastery/git-mastery.github.io/lessons/stage/detour-unstagingChanges-fragment.md'
2025-12-16T17:32:37.431Z - info: Site data built
2025-12-16T17:32:37.431Z - info: Pages rebuilt
2025-12-16T17:32:37.431Z - info: Website regeneration complete! Total build time: 0.273s
2025-12-16T17:38:22.050Z - info: [01:38:22] Reload for file change: /Users/damithch/Repos/git-mastery/git-mastery.github.io/lessons/stage/text.md
2025-12-16T17:38:22.051Z - info: Synchronizing opened pages list before reload
2025-12-16T17:38:22.051Z - info: Current opened pages, from most-to-least recent:
2025-12-16T17:38:22.051Z - info: 1. lessons/stage/index
2025-12-16T17:38:23.057Z - info: Rebuilding 1 pages
2025-12-16T17:38:23.325Z - warn: You might have an invalid hash for intra-link! Ignore this warning if it was intended.'
  /companion-app/index.html#git-mastery-app-commands' found in file '/Users/damithch/Repos/git-mastery/git-mastery.github.io/lessons/stage/text.md'
2025-12-16T17:38:23.325Z - warn: You might have an invalid hash for intra-link! Ignore this warning if it was intended.'
  /companion-app/index.html#updating-the-git-mastery-app' found in file '/Users/damithch/Repos/git-mastery/git-mastery.github.io/lessons/stage/text.md'
2025-12-16T17:38:23.325Z - warn: You might have an invalid hash for intra-link! Ignore this warning if it was intended.'
  /lessons/commit#stagingFileDeletions' found in file '/Users/damithch/Repos/git-mastery/git-mastery.github.io/lessons/stage/text.md'
2025-12-16T17:38:23.326Z - warn: You might have an invalid hash for intra-link! Ignore this warning if it was intended.'
  /companion-app/index.html#git-mastery-app-commands' found in file '/Users/damithch/Repos/git-mastery/git-mastery.github.io/lessons/stage/detour-unstagingChanges-fragment.md'
2025-12-16T17:38:23.326Z - warn: You might have an invalid hash for intra-link! Ignore this warning if it was intended.'
  /companion-app/index.html#updating-the-git-mastery-app' found in file '/Users/damithch/Repos/git-mastery/git-mastery.github.io/lessons/stage/detour-unstagingChanges-fragment.md'
2025-12-16T17:38:23.327Z - info: Site data built
2025-12-16T17:38:23.327Z - info: Pages rebuilt
2025-12-16T17:38:23.327Z - info: Website regeneration complete! Total build time: 0.272s
2025-12-16T17:38:30.051Z - info: [01:38:30] Reload for file change: /Users/damithch/Repos/git-mastery/git-mastery.github.io/lessons/stage/steps-stage-new-file-fragment.md
2025-12-16T17:38:30.052Z - info: Synchronizing opened pages list before reload
2025-12-16T17:38:30.052Z - info: Current opened pages, from most-to-least recent:
2025-12-16T17:38:30.052Z - info: 1. lessons/stage/index
2025-12-16T17:38:31.055Z - info: Rebuilding 1 pages
2025-12-16T17:38:31.242Z - warn: You might have an invalid hash for intra-link! Ignore this warning if it was intended.'
  /companion-app/index.html#git-mastery-app-commands' found in file '/Users/damithch/Repos/git-mastery/git-mastery.github.io/lessons/stage/text.md'
2025-12-16T17:38:31.242Z - warn: You might have an invalid hash for intra-link! Ignore this warning if it was intended.'
  /companion-app/index.html#updating-the-git-mastery-app' found in file '/Users/damithch/Repos/git-mastery/git-mastery.github.io/lessons/stage/text.md'
2025-12-16T17:38:31.242Z - warn: You might have an invalid hash for intra-link! Ignore this warning if it was intended.'
  /lessons/commit#stagingFileDeletions' found in file '/Users/damithch/Repos/git-mastery/git-mastery.github.io/lessons/stage/text.md'
2025-12-16T17:38:31.242Z - warn: You might have an invalid hash for intra-link! Ignore this warning if it was intended.'
  /companion-app/index.html#git-mastery-app-commands' found in file '/Users/damithch/Repos/git-mastery/git-mastery.github.io/lessons/stage/detour-unstagingChanges-fragment.md'
2025-12-16T17:38:31.243Z - warn: You might have an invalid hash for intra-link! Ignore this warning if it was intended.'
  /companion-app/index.html#updating-the-git-mastery-app' found in file '/Users/damithch/Repos/git-mastery/git-mastery.github.io/lessons/stage/detour-unstagingChanges-fragment.md'
2025-12-16T17:38:31.243Z - info: Site data built
2025-12-16T17:38:31.243Z - info: Pages rebuilt
2025-12-16T17:38:31.243Z - info: Website regeneration complete! Total build time: 0.19s
2025-12-16T17:40:12.740Z - info: [01:40:12] Reload for file change: /Users/damithch/Repos/git-mastery/git-mastery.github.io/lessons/stage/text.md
2025-12-16T17:40:12.747Z - info: Synchronizing opened pages list before reload
2025-12-16T17:40:12.750Z - info: Current opened pages, from most-to-least recent:
2025-12-16T17:40:12.750Z - info: 1. lessons/stage/index
2025-12-16T17:40:13.762Z - info: Rebuilding 1 pages
2025-12-16T17:40:14.034Z - warn: You might have an invalid hash for intra-link! Ignore this warning if it was intended.'
  /companion-app/index.html#git-mastery-app-commands' found in file '/Users/damithch/Repos/git-mastery/git-mastery.github.io/lessons/stage/text.md'
2025-12-16T17:40:14.034Z - warn: You might have an invalid hash for intra-link! Ignore this warning if it was intended.'
  /companion-app/index.html#updating-the-git-mastery-app' found in file '/Users/damithch/Repos/git-mastery/git-mastery.github.io/lessons/stage/text.md'
2025-12-16T17:40:14.034Z - warn: You might have an invalid hash for intra-link! Ignore this warning if it was intended.'
  /lessons/commit#stagingFileDeletions' found in file '/Users/damithch/Repos/git-mastery/git-mastery.github.io/lessons/stage/text.md'
2025-12-16T17:40:14.034Z - warn: You might have an invalid hash for intra-link! Ignore this warning if it was intended.'
  /companion-app/index.html#git-mastery-app-commands' found in file '/Users/damithch/Repos/git-mastery/git-mastery.github.io/lessons/stage/detour-unstagingChanges-fragment.md'
2025-12-16T17:40:14.034Z - warn: You might have an invalid hash for intra-link! Ignore this warning if it was intended.'
  /companion-app/index.html#updating-the-git-mastery-app' found in file '/Users/damithch/Repos/git-mastery/git-mastery.github.io/lessons/stage/detour-unstagingChanges-fragment.md'
2025-12-16T17:40:14.035Z - info: Site data built
2025-12-16T17:40:14.035Z - info: Pages rebuilt
2025-12-16T17:40:14.035Z - info: Website regeneration complete! Total build time: 0.274s
2025-12-16T17:40:29.541Z - info: [01:40:29] Reload for file change: /Users/damithch/Repos/git-mastery/git-mastery.github.io/lessons/stage/text.md
2025-12-16T17:40:29.542Z - info: Synchronizing opened pages list before reload
2025-12-16T17:40:29.542Z - info: Current opened pages, from most-to-least recent:
2025-12-16T17:40:29.542Z - info: 1. lessons/stage/index
2025-12-16T17:40:30.545Z - info: Rebuilding 1 pages
2025-12-16T17:40:30.810Z - warn: You might have an invalid hash for intra-link! Ignore this warning if it was intended.'
  /companion-app/index.html#git-mastery-app-commands' found in file '/Users/damithch/Repos/git-mastery/git-mastery.github.io/lessons/stage/text.md'
2025-12-16T17:40:30.810Z - warn: You might have an invalid hash for intra-link! Ignore this warning if it was intended.'
  /companion-app/index.html#updating-the-git-mastery-app' found in file '/Users/damithch/Repos/git-mastery/git-mastery.github.io/lessons/stage/text.md'
2025-12-16T17:40:30.810Z - warn: You might have an invalid hash for intra-link! Ignore this warning if it was intended.'
  /lessons/commit#stagingFileDeletions' found in file '/Users/damithch/Repos/git-mastery/git-mastery.github.io/lessons/stage/text.md'
2025-12-16T17:40:30.810Z - warn: You might have an invalid hash for intra-link! Ignore this warning if it was intended.'
  /companion-app/index.html#git-mastery-app-commands' found in file '/Users/damithch/Repos/git-mastery/git-mastery.github.io/lessons/stage/detour-unstagingChanges-fragment.md'
2025-12-16T17:40:30.810Z - warn: You might have an invalid hash for intra-link! Ignore this warning if it was intended.'
  /companion-app/index.html#updating-the-git-mastery-app' found in file '/Users/damithch/Repos/git-mastery/git-mastery.github.io/lessons/stage/detour-unstagingChanges-fragment.md'
2025-12-16T17:40:30.810Z - info: Site data built
2025-12-16T17:40:30.810Z - info: Pages rebuilt
2025-12-16T17:40:30.810Z - info: Website regeneration complete! Total build time: 0.267s
2025-12-16T17:41:19.168Z - info: Building /Users/damithch/Repos/git-mastery/git-mastery.github.io/lessons/commit/index as some of its dependencies were changed since the last visit
2025-12-16T17:41:19.309Z - warn: You might have an invalid hash for intra-link! Ignore this warning if it was intended.'
  /companion-app/index.html#git-mastery-app-commands' found in file '/Users/damithch/Repos/git-mastery/git-mastery.github.io/lessons/commit/text.md'
2025-12-16T17:41:19.310Z - warn: You might have an invalid hash for intra-link! Ignore this warning if it was intended.'
  /companion-app/index.html#updating-the-git-mastery-app' found in file '/Users/damithch/Repos/git-mastery/git-mastery.github.io/lessons/commit/text.md'
2025-12-16T17:41:19.310Z - warn: You might have an invalid hash for intra-link! Ignore this warning if it was intended.'
  /lessons/interactiveRebase#updateLastCommit' found in file '/Users/damithch/Repos/git-mastery/git-mastery.github.io/lessons/commit/text.md'
2025-12-16T17:41:19.310Z - warn: You might have an invalid hash for intra-link! Ignore this warning if it was intended.'
  /lessons/reset#resetUncommitedChanges' found in file '/Users/damithch/Repos/git-mastery/git-mastery.github.io/lessons/commit/text.md'
2025-12-16T17:41:19.310Z - warn: You might have an invalid hash for intra-link! Ignore this warning if it was intended.'
  /lessons/reset#undoRecentCommits' found in file '/Users/damithch/Repos/git-mastery/git-mastery.github.io/lessons/commit/text.md'
2025-12-16T17:41:19.310Z - warn: You might have an invalid hash for intra-link! Ignore this warning if it was intended.'
  /lessons/stage#unstagingChanges' found in file '/Users/damithch/Repos/git-mastery/git-mastery.github.io/lessons/commit/steps-stage-deletion-fragment.md'
2025-12-16T17:41:19.311Z - info: Site data built
2025-12-16T17:41:19.311Z - info: Lazy website regeneration complete! Total build time: 0.144s
2025-12-16T17:44:07.523Z - info: [01:44:07] Reload for file change: /Users/damithch/Repos/git-mastery/git-mastery.github.io/lessons/commit/steps-commit-fragment.md
2025-12-16T17:44:07.528Z - info: Synchronizing opened pages list before reload
2025-12-16T17:44:07.529Z - info: No pages are currently opened
2025-12-16T17:44:08.540Z - info: No pages needed to be rebuilt
2025-12-16T17:45:21.455Z - info: [01:45:21] Reload for file change: /Users/damithch/Repos/git-mastery/git-mastery.github.io/lessons/commit/steps-commit-fragment.md
2025-12-16T17:45:21.456Z - info: Synchronizing opened pages list before reload
2025-12-16T17:45:21.457Z - info: Current opened pages, from most-to-least recent:
2025-12-16T17:45:21.457Z - info: 1. lessons/commit/index
2025-12-16T17:45:22.463Z - info: Rebuilding 1 pages
2025-12-16T17:45:22.630Z - warn: You might have an invalid hash for intra-link! Ignore this warning if it was intended.'
  /companion-app/index.html#git-mastery-app-commands' found in file '/Users/damithch/Repos/git-mastery/git-mastery.github.io/lessons/commit/text.md'
2025-12-16T17:45:22.630Z - warn: You might have an invalid hash for intra-link! Ignore this warning if it was intended.'
  /companion-app/index.html#updating-the-git-mastery-app' found in file '/Users/damithch/Repos/git-mastery/git-mastery.github.io/lessons/commit/text.md'
2025-12-16T17:45:22.630Z - warn: You might have an invalid hash for intra-link! Ignore this warning if it was intended.'
  /lessons/interactiveRebase#updateLastCommit' found in file '/Users/damithch/Repos/git-mastery/git-mastery.github.io/lessons/commit/text.md'
2025-12-16T17:45:22.630Z - warn: You might have an invalid hash for intra-link! Ignore this warning if it was intended.'
  /lessons/reset#resetUncommitedChanges' found in file '/Users/damithch/Repos/git-mastery/git-mastery.github.io/lessons/commit/text.md'
2025-12-16T17:45:22.630Z - warn: You might have an invalid hash for intra-link! Ignore this warning if it was intended.'
  /lessons/reset#undoRecentCommits' found in file '/Users/damithch/Repos/git-mastery/git-mastery.github.io/lessons/commit/text.md'
2025-12-16T17:45:22.631Z - warn: You might have an invalid hash for intra-link! Ignore this warning if it was intended.'
  /lessons/stage#unstagingChanges' found in file '/Users/damithch/Repos/git-mastery/git-mastery.github.io/lessons/commit/steps-stage-deletion-fragment.md'
2025-12-16T17:45:22.631Z - info: Site data built
2025-12-16T17:45:22.631Z - info: Pages rebuilt
2025-12-16T17:45:22.631Z - info: Website regeneration complete! Total build time: 0.17s
2025-12-16T17:45:26.636Z - info: [01:45:26] Reload for file change: /Users/damithch/Repos/git-mastery/git-mastery.github.io/lessons/commit/steps-commit-fragment.md
2025-12-16T17:45:26.636Z - info: Synchronizing opened pages list before reload
2025-12-16T17:45:26.636Z - info: Current opened pages, from most-to-least recent:
2025-12-16T17:45:26.636Z - info: 1. lessons/commit/index
2025-12-16T17:45:27.638Z - info: Rebuilding 1 pages
2025-12-16T17:45:27.748Z - warn: You might have an invalid hash for intra-link! Ignore this warning if it was intended.'
  /companion-app/index.html#git-mastery-app-commands' found in file '/Users/damithch/Repos/git-mastery/git-mastery.github.io/lessons/commit/text.md'
2025-12-16T17:45:27.748Z - warn: You might have an invalid hash for intra-link! Ignore this warning if it was intended.'
  /companion-app/index.html#updating-the-git-mastery-app' found in file '/Users/damithch/Repos/git-mastery/git-mastery.github.io/lessons/commit/text.md'
2025-12-16T17:45:27.749Z - warn: You might have an invalid hash for intra-link! Ignore this warning if it was intended.'
  /lessons/interactiveRebase#updateLastCommit' found in file '/Users/damithch/Repos/git-mastery/git-mastery.github.io/lessons/commit/text.md'
2025-12-16T17:45:27.749Z - warn: You might have an invalid hash for intra-link! Ignore this warning if it was intended.'
  /lessons/reset#resetUncommitedChanges' found in file '/Users/damithch/Repos/git-mastery/git-mastery.github.io/lessons/commit/text.md'
2025-12-16T17:45:27.749Z - warn: You might have an invalid hash for intra-link! Ignore this warning if it was intended.'
  /lessons/reset#undoRecentCommits' found in file '/Users/damithch/Repos/git-mastery/git-mastery.github.io/lessons/commit/text.md'
2025-12-16T17:45:27.749Z - warn: You might have an invalid hash for intra-link! Ignore this warning if it was intended.'
  /lessons/stage#unstagingChanges' found in file '/Users/damithch/Repos/git-mastery/git-mastery.github.io/lessons/commit/steps-stage-deletion-fragment.md'
2025-12-16T17:45:27.749Z - info: Site data built
2025-12-16T17:45:27.749Z - info: Pages rebuilt
2025-12-16T17:45:27.749Z - info: Website regeneration complete! Total build time: 0.112s
2025-12-16T17:48:45.186Z - info: Building /Users/damithch/Repos/git-mastery/git-mastery.github.io/lessons/log/index as some of its dependencies were changed since the last visit
2025-12-16T17:48:45.343Z - warn: You might have an invalid hash for intra-link! Ignore this warning if it was intended.'
  /companion-app/index.html#git-mastery-app-commands' found in file '/Users/damithch/Repos/git-mastery/git-mastery.github.io/lessons/log/text.md'
2025-12-16T17:48:45.343Z - warn: You might have an invalid hash for intra-link! Ignore this warning if it was intended.'
  /companion-app/index.html#updating-the-git-mastery-app' found in file '/Users/damithch/Repos/git-mastery/git-mastery.github.io/lessons/log/text.md'
2025-12-16T17:48:45.344Z - info: Site data built
2025-12-16T17:48:45.344Z - info: Lazy website regeneration complete! Total build time: 0.159s
2025-12-16T17:49:43.932Z - info: [01:49:43] Reload for file change: /Users/damithch/Repos/git-mastery/git-mastery.github.io/lessons/log/steps-view-revision-graph-fragment.md
2025-12-16T17:49:43.933Z - info: Synchronizing opened pages list before reload
2025-12-16T17:49:43.933Z - info: Current opened pages, from most-to-least recent:
2025-12-16T17:49:43.934Z - info: 1. lessons/log/index
2025-12-16T17:49:44.938Z - info: Rebuilding 1 pages
2025-12-16T17:49:45.119Z - warn: You might have an invalid hash for intra-link! Ignore this warning if it was intended.'
  /companion-app/index.html#git-mastery-app-commands' found in file '/Users/damithch/Repos/git-mastery/git-mastery.github.io/lessons/log/text.md'
2025-12-16T17:49:45.119Z - warn: You might have an invalid hash for intra-link! Ignore this warning if it was intended.'
  /companion-app/index.html#updating-the-git-mastery-app' found in file '/Users/damithch/Repos/git-mastery/git-mastery.github.io/lessons/log/text.md'
2025-12-16T17:49:45.120Z - info: Site data built
2025-12-16T17:49:45.120Z - info: Pages rebuilt
2025-12-16T17:49:45.120Z - info: Website regeneration complete! Total build time: 0.184s
2025-12-16T17:52:22.631Z - info: Building /Users/damithch/Repos/git-mastery/git-mastery.github.io/lessons/init/index as some of its dependencies were changed since the last visit
2025-12-16T17:52:22.777Z - warn: You might have an invalid hash for intra-link! Ignore this warning if it was intended.'
  /companion-app/index.html#git-mastery-app-commands' found in file '/Users/damithch/Repos/git-mastery/git-mastery.github.io/lessons/init/text.md'
2025-12-16T17:52:22.777Z - warn: You might have an invalid hash for intra-link! Ignore this warning if it was intended.'
  /companion-app/index.html#updating-the-git-mastery-app' found in file '/Users/damithch/Repos/git-mastery/git-mastery.github.io/lessons/init/text.md'
2025-12-16T17:52:22.778Z - info: Site data built
2025-12-16T17:52:22.778Z - info: Lazy website regeneration complete! Total build time: 0.148s
2025-12-16T17:53:59.862Z - info: [01:53:59] Reload for file change: /Users/damithch/Repos/git-mastery/git-mastery.github.io/lessons/stage/text.md
2025-12-16T17:53:59.862Z - info: Synchronizing opened pages list before reload
2025-12-16T17:53:59.863Z - info: Current opened pages, from most-to-least recent:
2025-12-16T17:53:59.863Z - info: 1. lessons/init/index
2025-12-16T17:54:00.865Z - info: No pages needed to be rebuilt
2025-12-16T17:54:15.116Z - info: Building /Users/damithch/Repos/git-mastery/git-mastery.github.io/lessons/stage/index as some of its dependencies were changed since the last visit
2025-12-16T17:54:15.347Z - warn: You might have an invalid hash for intra-link! Ignore this warning if it was intended.'
  /companion-app/index.html#git-mastery-app-commands' found in file '/Users/damithch/Repos/git-mastery/git-mastery.github.io/lessons/stage/text.md'
2025-12-16T17:54:15.347Z - warn: You might have an invalid hash for intra-link! Ignore this warning if it was intended.'
  /companion-app/index.html#updating-the-git-mastery-app' found in file '/Users/damithch/Repos/git-mastery/git-mastery.github.io/lessons/stage/text.md'
2025-12-16T17:54:15.347Z - warn: You might have an invalid hash for intra-link! Ignore this warning if it was intended.'
  /lessons/commit#stagingFileDeletions' found in file '/Users/damithch/Repos/git-mastery/git-mastery.github.io/lessons/stage/text.md'
2025-12-16T17:54:15.347Z - warn: You might have an invalid hash for intra-link! Ignore this warning if it was intended.'
  /companion-app/index.html#git-mastery-app-commands' found in file '/Users/damithch/Repos/git-mastery/git-mastery.github.io/lessons/stage/detour-unstagingChanges-fragment.md'
2025-12-16T17:54:15.347Z - warn: You might have an invalid hash for intra-link! Ignore this warning if it was intended.'
  /companion-app/index.html#updating-the-git-mastery-app' found in file '/Users/damithch/Repos/git-mastery/git-mastery.github.io/lessons/stage/detour-unstagingChanges-fragment.md'
2025-12-16T17:54:15.348Z - info: Site data built
2025-12-16T17:54:15.348Z - info: Lazy website regeneration complete! Total build time: 0.232s
2025-12-16T17:55:23.844Z - info: Website generation started at 01:55:23
2025-12-16T17:55:23.946Z - info: Building assets...
