2025-11-25T06:37:41.542Z - info: Website generation started at 14:37:41
2025-11-25T06:37:41.650Z - info: Building assets...
2025-11-25T06:37:41.935Z - info: Assets built
2025-11-25T06:37:41.935Z - info: Generating pages...
2025-11-25T06:37:45.637Z - warn: You might have an invalid hash for intra-link! Ignore this warning if it was intended.'
  /lessons/commit#stagingFileDeletions' found in file '/Users/damithch/Repos/git-mastery/git-mastery.github.io/lessons/stage/text.md'
2025-11-25T06:37:45.638Z - warn: You might have an invalid hash for intra-link! Ignore this warning if it was intended.'
  /lessons/stage#unstagingChanges' found in file '/Users/damithch/Repos/git-mastery/git-mastery.github.io/lessons/commit/detour-stagingFileDeletions-fragment.md'
2025-11-25T06:37:45.638Z - warn: You might have an invalid hash for intra-link! Ignore this warning if it was intended.'
  /lessons/interactiveRebase#updateLastCommit' found in file '/Users/damithch/Repos/git-mastery/git-mastery.github.io/lessons/commit/text.md'
2025-11-25T06:37:45.638Z - warn: You might have an invalid hash for intra-link! Ignore this warning if it was intended.'
  /lessons/reset#resetUncommitedChanges' found in file '/Users/damithch/Repos/git-mastery/git-mastery.github.io/lessons/commit/text.md'
2025-11-25T06:37:45.639Z - warn: You might have an invalid hash for intra-link! Ignore this warning if it was intended.'
  /lessons/reset#undoRecentCommits' found in file '/Users/damithch/Repos/git-mastery/git-mastery.github.io/lessons/commit/text.md'
2025-11-25T06:37:45.642Z - warn: You might have an invalid hash for intra-link! Ignore this warning if it was intended.'
  /lessons/interactiveRebase#updateLastCommit' found in file '/Users/damithch/Repos/git-mastery/git-mastery.github.io/lessons/reset/text.md'
2025-11-25T06:37:45.647Z - warn: You might have an invalid intra-link! Ignore this warning if it was intended.
'/lessons/branch/images/listRemoteBranches.png' found in file '/Users/damithch/Repos/git-mastery/git-mastery.github.io/lessons/remoteBranches/sourcetree_4.md'
2025-11-25T06:37:45.651Z - info: Pages built
2025-11-25T06:37:45.782Z - info: Site data built
2025-11-25T06:37:45.783Z - info: Website generation complete! Total build time: 4.439s
2025-11-25T06:37:45.783Z - info: Build success!
2025-11-25T06:37:55.308Z - info: The website has been deployed at: https://git-mastery.github.io/git-mastery.github.io
2025-11-25T06:40:23.174Z - info: Website generation (lazy) started at 14:40:22
2025-11-25T06:40:23.288Z - info: Building assets...
2025-11-25T06:40:23.606Z - info: Assets built
2025-11-25T06:40:23.607Z - info: Generating landing page...
2025-11-25T06:40:23.698Z - info: Landing page built, other pages will be built as you navigate to them!
2025-11-25T06:40:23.769Z - info: Site data built
2025-11-25T06:40:23.770Z - info: Website generation (lazy) complete! Total build time: 0.809s
2025-11-25T06:40:23.780Z - info: Serving "/Users/damithch/Repos/git-mastery/git-mastery.github.io/_site" at http://127.0.0.1:8080
2025-11-25T06:40:23.781Z - info: Press CTRL+C to stop ...
2025-11-25T06:40:26.825Z - info: Building /Users/damithch/Repos/git-mastery/git-mastery.github.io/lessons/index as some of its dependencies were changed since the last visit
2025-11-25T06:40:27.090Z - info: Site data built
2025-11-25T06:40:27.091Z - info: Lazy website regeneration complete! Total build time: 0.265s
2025-11-25T06:40:29.766Z - info: Building /Users/damithch/Repos/git-mastery/git-mastery.github.io/exercises/index as some of its dependencies were changed since the last visit
2025-11-25T06:40:29.916Z - info: Site data built
2025-11-25T06:40:29.916Z - info: Lazy website regeneration complete! Total build time: 0.151s
2025-11-25T07:52:27.269Z - info: [15:52:27] Reload for file change: /Users/damithch/Repos/git-mastery/git-mastery.github.io/index.md
2025-11-25T07:52:27.276Z - info: Synchronizing opened pages list before reload
2025-11-25T07:52:27.289Z - info: No pages are currently opened
2025-11-25T07:52:28.335Z - info: No pages needed to be rebuilt
2025-11-25T07:54:31.968Z - info: [15:54:31] Reload for file change: /Users/damithch/Repos/git-mastery/git-mastery.github.io/index.md
2025-11-25T07:54:31.969Z - info: Synchronizing opened pages list before reload
2025-11-25T07:54:31.988Z - info: No pages are currently opened
2025-11-25T07:54:32.995Z - info: No pages needed to be rebuilt
2025-11-25T07:54:39.310Z - info: Website generation started at 15:54:39
2025-11-25T07:54:39.407Z - info: Building assets...
