2026-06-21T16:03:49.998Z - [32minfo[39m: Website generation started at 00:03:49
2026-06-21T16:03:50.249Z - [32minfo[39m: Building assets...
2026-06-21T16:03:50.367Z - [32minfo[39m: Assets built
2026-06-21T16:03:50.368Z - [32minfo[39m: Generating pages...
2026-06-21T16:03:51.056Z - [36mverbose[39m: Rendering page: /Users/damithch/Repos/git-mastery/git-mastery.github.io/about/index.md
2026-06-21T16:03:51.065Z - [36mverbose[39m: Rendering page: /Users/damithch/Repos/git-mastery/git-mastery.github.io/exercises-directory/index.md
2026-06-21T16:03:51.096Z - [36mverbose[39m: Rendering page: /Users/damithch/Repos/git-mastery/git-mastery.github.io/companion-app/index.md
2026-06-21T16:03:51.114Z - [36mverbose[39m: Rendering page: /Users/damithch/Repos/git-mastery/git-mastery.github.io/faq/index.md
2026-06-21T16:03:54.153Z - [36mverbose[39m: Rendering page: /Users/damithch/Repos/git-mastery/git-mastery.github.io/lessons/tag/exercise-tags-update.md
2026-06-21T16:03:54.171Z - [36mverbose[39m: Rendering page: /Users/damithch/Repos/git-mastery/git-mastery.github.io/lessons/trail/all.md
2026-06-21T16:03:54.409Z - [36mverbose[39m: Rendering page: /Users/damithch/Repos/git-mastery/git-mastery.github.io/lessons/tag/exercise-tags-push.md
2026-06-21T16:03:54.411Z - [36mverbose[39m: Rendering page: /Users/damithch/Repos/git-mastery/git-mastery.github.io/lessons/tag/exercise-tags-add.md
2026-06-21T16:03:54.422Z - [36mverbose[39m: Rendering page: /Users/damithch/Repos/git-mastery/git-mastery.github.io/lessons/stage/exercise-staging-intervention.md
2026-06-21T16:03:54.443Z - [36mverbose[39m: Rendering page: /Users/damithch/Repos/git-mastery/git-mastery.github.io/lessons/show/exercise-view-commits.md
2026-06-21T16:03:54.453Z - [36mverbose[39m: Rendering page: /Users/damithch/Repos/git-mastery/git-mastery.github.io/lessons/setRemote/exercise-link-me.md
2026-06-21T16:03:54.455Z - [36mverbose[39m: Rendering page: /Users/damithch/Repos/git-mastery/git-mastery.github.io/lessons/stage/exercise-stage-fright.md
2026-06-21T16:03:54.480Z - [36mverbose[39m: Rendering page: /Users/damithch/Repos/git-mastery/git-mastery.github.io/lessons/revert/exercise-sensors-revert.md
2026-06-21T16:03:54.484Z - [36mverbose[39m: Rendering page: /Users/damithch/Repos/git-mastery/git-mastery.github.io/lessons/reset/exercise-sensors-reset.md
2026-06-21T16:03:54.492Z - [36mverbose[39m: Rendering page: /Users/damithch/Repos/git-mastery/git-mastery.github.io/lessons/remoteBranchRename/exercise-remote-branch-rename.md
2026-06-21T16:03:54.494Z - [36mverbose[39m: Rendering page: /Users/damithch/Repos/git-mastery/git-mastery.github.io/lessons/remoteBranchRename/exercise-glossary-branch-rename.md
2026-06-21T16:03:54.506Z - [36mverbose[39m: Rendering page: /Users/damithch/Repos/git-mastery/git-mastery.github.io/lessons/remoteBranchPush/exercise-glossary-branch-push.md
2026-06-21T16:03:54.521Z - [36mverbose[39m: Rendering page: /Users/damithch/Repos/git-mastery/git-mastery.github.io/lessons/remoteBranchPull/exercise-glossary-branch-pull.md
2026-06-21T16:03:54.531Z - [36mverbose[39m: Rendering page: /Users/damithch/Repos/git-mastery/git-mastery.github.io/lessons/push/exercise-push-over.md
2026-06-21T16:03:54.533Z - [36mverbose[39m: Rendering page: /Users/damithch/Repos/git-mastery/git-mastery.github.io/lessons/remoteBranchDelete/exercise-glossary-branch-delete.md
2026-06-21T16:03:54.544Z - [36mverbose[39m: Rendering page: /Users/damithch/Repos/git-mastery/git-mastery.github.io/lessons/pull/exercise-fetch-and-pull.md
2026-06-21T16:03:54.566Z - [36mverbose[39m: Rendering page: /Users/damithch/Repos/git-mastery/git-mastery.github.io/lessons/prsCreate/exercise-create-pr-from-main.md
2026-06-21T16:03:54.568Z - [36mverbose[39m: Rendering page: /Users/damithch/Repos/git-mastery/git-mastery.github.io/lessons/merge/exercise-merge-undo.md
2026-06-21T16:03:54.577Z - [36mverbose[39m: Rendering page: /Users/damithch/Repos/git-mastery/git-mastery.github.io/lessons/merge/exercise-merge-squash.md
2026-06-21T16:03:54.579Z - [36mverbose[39m: Rendering page: /Users/damithch/Repos/git-mastery/git-mastery.github.io/lessons/mergeConflicts/exercise-conflict-mediator.md
2026-06-21T16:03:54.600Z - [36mverbose[39m: Rendering page: /Users/damithch/Repos/git-mastery/git-mastery.github.io/lessons/merge/exercise-ff-undo.md
2026-06-21T16:03:54.604Z - [36mverbose[39m: Rendering page: /Users/damithch/Repos/git-mastery/git-mastery.github.io/lessons/merge/exercise-branch-forward.md
2026-06-21T16:03:54.612Z - [36mverbose[39m: Rendering page: /Users/damithch/Repos/git-mastery/git-mastery.github.io/lessons/merge/exercise-branch-bender.md
2026-06-21T16:03:54.613Z - [36mverbose[39m: Rendering page: /Users/damithch/Repos/git-mastery/git-mastery.github.io/lessons/merge/exercise-branch-compare.md
2026-06-21T16:03:54.634Z - [36mverbose[39m: Rendering page: /Users/damithch/Repos/git-mastery/git-mastery.github.io/lessons/log/exercise-log-and-order.md
2026-06-21T16:03:54.636Z - [36mverbose[39m: Rendering page: /Users/damithch/Repos/git-mastery/git-mastery.github.io/lessons/init/exercise-undo-init.md
2026-06-21T16:03:54.638Z - [36mverbose[39m: Rendering page: /Users/damithch/Repos/git-mastery/git-mastery.github.io/lessons/ignore/exercise-ignoring-somethings.md
2026-06-21T16:03:54.641Z - [36mverbose[39m: Rendering page: /Users/damithch/Repos/git-mastery/git-mastery.github.io/lessons/init/exercise-under-control.md
2026-06-21T16:03:54.668Z - [36mverbose[39m: Rendering page: /Users/damithch/Repos/git-mastery/git-mastery.github.io/lessons/fork/exercise-fork-repo.md
2026-06-21T16:03:54.672Z - [36mverbose[39m: Rendering page: /Users/damithch/Repos/git-mastery/git-mastery.github.io/lessons/diff/exercise-sensors-diff.md
2026-06-21T16:03:54.674Z - [36mverbose[39m: Rendering page: /Users/damithch/Repos/git-mastery/git-mastery.github.io/lessons/createRemoteRepo/exercise-remote-control.md
2026-06-21T16:03:54.682Z - [36mverbose[39m: Rendering page: /Users/damithch/Repos/git-mastery/git-mastery.github.io/lessons/commit/exercise-grocery-shopping.md
2026-06-21T16:03:54.712Z - [36mverbose[39m: Rendering page: /Users/damithch/Repos/git-mastery/git-mastery.github.io/lessons/clone/exercise-clone-repo.md
2026-06-21T16:03:54.714Z - [36mverbose[39m: Rendering page: /Users/damithch/Repos/git-mastery/git-mastery.github.io/lessons/checkout/exercise-sensors-checkout.md
2026-06-21T16:03:54.727Z - [36mverbose[39m: Rendering page: /Users/damithch/Repos/git-mastery/git-mastery.github.io/lessons/branchRename/exercise-branch-rename.md
2026-06-21T16:03:54.729Z - [36mverbose[39m: Rendering page: /Users/damithch/Repos/git-mastery/git-mastery.github.io/lessons/branchDelete/exercise-mix-messy-graph.md
2026-06-21T16:03:54.757Z - [36mverbose[39m: Rendering page: /Users/damithch/Repos/git-mastery/git-mastery.github.io/lessons/branchDelete/exercise-mix-messy-docs.md
2026-06-21T16:03:54.761Z - [36mverbose[39m: Rendering page: /Users/damithch/Repos/git-mastery/git-mastery.github.io/lessons/branchDelete/exercise-branch-delete.md
2026-06-21T16:03:54.763Z - [36mverbose[39m: Rendering page: /Users/damithch/Repos/git-mastery/git-mastery.github.io/lessons/branch/exercise-branch-previous.md
2026-06-21T16:03:54.812Z - [36mverbose[39m: Rendering page: /Users/damithch/Repos/git-mastery/git-mastery.github.io/lessons/branch/exercise-side-track.md
2026-06-21T16:03:55.108Z - [36mverbose[39m: Rendering page: /Users/damithch/Repos/git-mastery/git-mastery.github.io/lessons/worktrees/index.md
2026-06-21T16:03:55.118Z - [36mverbose[39m: Rendering page: /Users/damithch/Repos/git-mastery/git-mastery.github.io/lessons/workflows/index.md
2026-06-21T16:03:55.121Z - [36mverbose[39m: Rendering page: /Users/damithch/Repos/git-mastery/git-mastery.github.io/lessons/trail/workingWithRemotes/index.md
2026-06-21T16:03:55.506Z - [36mverbose[39m: Rendering page: /Users/damithch/Repos/git-mastery/git-mastery.github.io/lessons/trail/workingWithPrs/index.md
2026-06-21T16:03:56.034Z - [36mverbose[39m: Rendering page: /Users/damithch/Repos/git-mastery/git-mastery.github.io/lessons/trail/usingRevisionHistory/index.md
2026-06-21T16:03:56.093Z - [36mverbose[39m: Rendering page: /Users/damithch/Repos/git-mastery/git-mastery.github.io/lessons/trail/syncingBranches/index.md
2026-06-21T16:03:56.097Z - [36mverbose[39m: Rendering page: /Users/damithch/Repos/git-mastery/git-mastery.github.io/lessons/trail/remoteBranches/index.md
2026-06-21T16:03:56.376Z - [36mverbose[39m: Rendering page: /Users/damithch/Repos/git-mastery/git-mastery.github.io/lessons/trail/recordingFolderHistory/index.md
2026-06-21T16:03:56.424Z - [36mverbose[39m: Rendering page: /Users/damithch/Repos/git-mastery/git-mastery.github.io/lessons/trail/index.md
2026-06-21T16:03:56.434Z - [36mverbose[39m: Rendering page: /Users/damithch/Repos/git-mastery/git-mastery.github.io/lessons/trail/managingProjects/index.md
2026-06-21T16:03:56.796Z - [36mverbose[39m: Rendering page: /Users/damithch/Repos/git-mastery/git-mastery.github.io/lessons/trail/fineTuningHistory/index.md
2026-06-21T16:03:57.091Z - [36mverbose[39m: Rendering page: /Users/damithch/Repos/git-mastery/git-mastery.github.io/lessons/trail/branchingLocally/index.md
2026-06-21T16:03:57.133Z - [36mverbose[39m: Rendering page: /Users/damithch/Repos/git-mastery/git-mastery.github.io/lessons/trail/backingUpOnCloud/index.md
2026-06-21T16:03:57.161Z - [36mverbose[39m: Rendering page: /Users/damithch/Repos/git-mastery/git-mastery.github.io/lessons/template/index.md
2026-06-21T16:03:57.163Z - [36mverbose[39m: Rendering page: /Users/damithch/Repos/git-mastery/git-mastery.github.io/lessons/tag/index.md
2026-06-21T16:03:57.345Z - [36mverbose[39m: Rendering page: /Users/damithch/Repos/git-mastery/git-mastery.github.io/lessons/syncByRebase/index.md
2026-06-21T16:03:57.349Z - [36mverbose[39m: Rendering page: /Users/damithch/Repos/git-mastery/git-mastery.github.io/lessons/syncByMerge/index.md
2026-06-21T16:03:57.351Z - [36mverbose[39m: Rendering page: /Users/damithch/Repos/git-mastery/git-mastery.github.io/lessons/show/index.md
2026-06-21T16:03:57.360Z - [36mverbose[39m: Rendering page: /Users/damithch/Repos/git-mastery/git-mastery.github.io/lessons/stage/index.md
2026-06-21T16:03:57.538Z - [36mverbose[39m: Rendering page: /Users/damithch/Repos/git-mastery/git-mastery.github.io/lessons/selectiveStage/index.md
2026-06-21T16:03:57.542Z - [36mverbose[39m: Rendering page: /Users/damithch/Repos/git-mastery/git-mastery.github.io/lessons/setRemote/index.md
2026-06-21T16:03:57.551Z - [36mverbose[39m: Rendering page: /Users/damithch/Repos/git-mastery/git-mastery.github.io/lessons/revert/index.md
2026-06-21T16:03:57.557Z - [36mverbose[39m: Rendering page: /Users/damithch/Repos/git-mastery/git-mastery.github.io/lessons/reset/index.md
2026-06-21T16:03:57.657Z - [36mverbose[39m: Rendering page: /Users/damithch/Repos/git-mastery/git-mastery.github.io/lessons/remoteRepos/index.md
2026-06-21T16:03:57.661Z - [36mverbose[39m: Rendering page: /Users/damithch/Repos/git-mastery/git-mastery.github.io/lessons/remoteBranchRename/index.md
2026-06-21T16:03:57.666Z - [36mverbose[39m: Rendering page: /Users/damithch/Repos/git-mastery/git-mastery.github.io/lessons/remoteBranchPush/index.md
2026-06-21T16:03:57.694Z - [36mverbose[39m: Rendering page: /Users/damithch/Repos/git-mastery/git-mastery.github.io/lessons/remoteBranchPull/index.md
2026-06-21T16:03:57.853Z - [36mverbose[39m: Rendering page: /Users/damithch/Repos/git-mastery/git-mastery.github.io/lessons/remoteBranchDelete/index.md
2026-06-21T16:03:57.886Z - [36mverbose[39m: Rendering page: /Users/damithch/Repos/git-mastery/git-mastery.github.io/lessons/push/index.md
2026-06-21T16:03:57.895Z - [36mverbose[39m: Rendering page: /Users/damithch/Repos/git-mastery/git-mastery.github.io/lessons/pull/index.md
2026-06-21T16:03:57.946Z - [36mverbose[39m: Rendering page: /Users/damithch/Repos/git-mastery/git-mastery.github.io/lessons/prsReview/index.md
2026-06-21T16:03:58.031Z - [36mverbose[39m: Rendering page: /Users/damithch/Repos/git-mastery/git-mastery.github.io/lessons/prsMerge/index.md
2026-06-21T16:03:58.067Z - [36mverbose[39m: Rendering page: /Users/damithch/Repos/git-mastery/git-mastery.github.io/lessons/prsCreate/index.md
2026-06-21T16:03:58.079Z - [36mverbose[39m: Rendering page: /Users/damithch/Repos/git-mastery/git-mastery.github.io/lessons/otherPmFeatures/index.md
2026-06-21T16:03:58.169Z - [36mverbose[39m: Rendering page: /Users/damithch/Repos/git-mastery/git-mastery.github.io/lessons/mergeConflicts/index.md
2026-06-21T16:03:58.268Z - [36mverbose[39m: Rendering page: /Users/damithch/Repos/git-mastery/git-mastery.github.io/lessons/merge/index.md
2026-06-21T16:03:58.280Z - [36mverbose[39m: Rendering page: /Users/damithch/Repos/git-mastery/git-mastery.github.io/lessons/log/index.md
2026-06-21T16:03:58.292Z - [36mverbose[39m: Rendering page: /Users/damithch/Repos/git-mastery/git-mastery.github.io/lessons/intro/index.md
2026-06-21T16:03:58.296Z - [36mverbose[39m: Rendering page: /Users/damithch/Repos/git-mastery/git-mastery.github.io/lessons/interactiveRebase/index.md
2026-06-21T16:03:58.572Z - [36mverbose[39m: Rendering page: /Users/damithch/Repos/git-mastery/git-mastery.github.io/lessons/init/index.md
2026-06-21T16:03:58.582Z - [36mverbose[39m: Rendering page: /Users/damithch/Repos/git-mastery/git-mastery.github.io/lessons/ignore/index.md
2026-06-21T16:03:58.591Z - [36mverbose[39m: Rendering page: /Users/damithch/Repos/git-mastery/git-mastery.github.io/lessons/index.md
2026-06-21T16:03:58.598Z - [36mverbose[39m: Rendering page: /Users/damithch/Repos/git-mastery/git-mastery.github.io/lessons/githubPrep/index.md
2026-06-21T16:03:58.746Z - [36mverbose[39m: Rendering page: /Users/damithch/Repos/git-mastery/git-mastery.github.io/lessons/gitPrep/index.md
2026-06-21T16:03:58.757Z - [36mverbose[39m: Rendering page: /Users/damithch/Repos/git-mastery/git-mastery.github.io/lessons/fork/index.md
2026-06-21T16:03:58.761Z - [36mverbose[39m: Rendering page: /Users/damithch/Repos/git-mastery/git-mastery.github.io/lessons/forkingWorkflow/index.md
2026-06-21T16:03:58.765Z - [36mverbose[39m: Rendering page: /Users/damithch/Repos/git-mastery/git-mastery.github.io/lessons/diff/index.md
2026-06-21T16:03:58.883Z - [36mverbose[39m: Rendering page: /Users/damithch/Repos/git-mastery/git-mastery.github.io/lessons/createRemoteRepo/index.md
2026-06-21T16:03:58.894Z - [36mverbose[39m: Rendering page: /Users/damithch/Repos/git-mastery/git-mastery.github.io/lessons/commitMessage/index.md
2026-06-21T16:03:58.899Z - [36mverbose[39m: Rendering page: /Users/damithch/Repos/git-mastery/git-mastery.github.io/lessons/commit/index.md
2026-06-21T16:03:58.914Z - [36mverbose[39m: Rendering page: /Users/damithch/Repos/git-mastery/git-mastery.github.io/lessons/clone/index.md
2026-06-21T16:03:59.105Z - [36mverbose[39m: Rendering page: /Users/damithch/Repos/git-mastery/git-mastery.github.io/lessons/branchRename/index.md
2026-06-21T16:03:59.110Z - [36mverbose[39m: Rendering page: /Users/damithch/Repos/git-mastery/git-mastery.github.io/lessons/cherryPick/index.md
2026-06-21T16:03:59.114Z - [36mverbose[39m: Rendering page: /Users/damithch/Repos/git-mastery/git-mastery.github.io/lessons/checkout/index.md
2026-06-21T16:03:59.123Z - [36mverbose[39m: Rendering page: /Users/damithch/Repos/git-mastery/git-mastery.github.io/lessons/branchDelete/index.md
2026-06-21T16:03:59.238Z - [36mverbose[39m: Rendering page: /Users/damithch/Repos/git-mastery/git-mastery.github.io/index.md
2026-06-21T16:03:59.242Z - [36mverbose[39m: Rendering page: /Users/damithch/Repos/git-mastery/git-mastery.github.io/lessons/branch/index.md
2026-06-21T16:03:59.260Z - [32minfo[39m: Pages built
2026-06-21T16:03:59.351Z - [32minfo[39m: Site data built
2026-06-21T16:03:59.351Z - [32minfo[39m: Website generation complete! Total build time: 9.474s
2026-06-21T16:03:59.366Z - [32minfo[39m: Serving "/Users/damithch/Repos/git-mastery/git-mastery.github.io/_site" at http://127.0.0.1:8080
2026-06-21T16:03:59.366Z - [32minfo[39m: Press CTRL+C to stop ...
2026-06-21T16:09:23.383Z - [32minfo[39m: [12:09:23 AM] Reload for file change: /Users/damithch/Repos/git-mastery/git-mastery.github.io/lessons/worktrees/text.md
2026-06-21T16:09:23.410Z - [32minfo[39m: [00:09:23] Reload for file change: /Users/damithch/Repos/git-mastery/git-mastery.github.io/lessons/worktrees/text.md
2026-06-21T16:09:24.432Z - [32minfo[39m: Rebuilding 5 pages
2026-06-21T16:09:24.432Z - [32minfo[39m: Rebuilding 5 pages
2026-06-21T16:09:25.503Z - [36mverbose[39m: Rendering page: /Users/damithch/Repos/git-mastery/git-mastery.github.io/lessons/trail/branchingLocally/index.md
2026-06-21T16:09:25.517Z - [36mverbose[39m: Rendering page: /Users/damithch/Repos/git-mastery/git-mastery.github.io/lessons/trail/index.md
2026-06-21T16:09:25.563Z - [36mverbose[39m: Rendering page: /Users/damithch/Repos/git-mastery/git-mastery.github.io/lessons/worktrees/index.md
2026-06-21T16:09:25.571Z - [36mverbose[39m: Rendering page: /Users/damithch/Repos/git-mastery/git-mastery.github.io/lessons/index.md
2026-06-21T16:09:25.579Z - [36mverbose[39m: Rendering page: /Users/damithch/Repos/git-mastery/git-mastery.github.io/lessons/trail/index.md
2026-06-21T16:09:25.527Z - [36mverbose[39m: Rendering page: /Users/damithch/Repos/git-mastery/git-mastery.github.io/lessons/trail/branchingLocally/index.md
2026-06-21T16:09:25.590Z - [36mverbose[39m: Rendering page: /Users/damithch/Repos/git-mastery/git-mastery.github.io/lessons/worktrees/index.md
2026-06-21T16:09:25.597Z - [36mverbose[39m: Rendering page: /Users/damithch/Repos/git-mastery/git-mastery.github.io/lessons/index.md
2026-06-21T16:09:28.936Z - [36mverbose[39m: Rendering page: /Users/damithch/Repos/git-mastery/git-mastery.github.io/lessons/trail/all.md
2026-06-21T16:09:28.975Z - [36mverbose[39m: Rendering page: /Users/damithch/Repos/git-mastery/git-mastery.github.io/lessons/trail/all.md
2026-06-21T16:09:29.210Z - [32minfo[39m: Site data built
2026-06-21T16:09:29.210Z - [32minfo[39m: Pages rebuilt
2026-06-21T16:09:29.210Z - [32minfo[39m: Website regeneration complete! Total build time: 4.792s
2026-06-21T16:09:29.259Z - [32minfo[39m: Site data built
2026-06-21T16:09:29.259Z - [32minfo[39m: Pages rebuilt
2026-06-21T16:09:29.259Z - [32minfo[39m: Website regeneration complete! Total build time: 4.853s
2026-06-21T16:11:19.571Z - [32minfo[39m: [00:11:19] Reload for file change: /Users/damithch/Repos/git-mastery/git-mastery.github.io/lessons/worktrees/text.md
2026-06-21T16:11:19.630Z - [32minfo[39m: [12:11:19 AM] Reload for file change: /Users/damithch/Repos/git-mastery/git-mastery.github.io/lessons/worktrees/text.md
2026-06-21T16:11:20.579Z - [32minfo[39m: Rebuilding 5 pages
2026-06-21T16:11:20.676Z - [32minfo[39m: Rebuilding 5 pages
2026-06-21T16:11:21.672Z - [36mverbose[39m: Rendering page: /Users/damithch/Repos/git-mastery/git-mastery.github.io/lessons/worktrees/index.md
2026-06-21T16:11:21.681Z - [36mverbose[39m: Rendering page: /Users/damithch/Repos/git-mastery/git-mastery.github.io/lessons/index.md
2026-06-21T16:11:21.687Z - [36mverbose[39m: Rendering page: /Users/damithch/Repos/git-mastery/git-mastery.github.io/lessons/trail/branchingLocally/index.md
2026-06-21T16:11:21.733Z - [36mverbose[39m: Rendering page: /Users/damithch/Repos/git-mastery/git-mastery.github.io/lessons/trail/index.md
2026-06-21T16:11:21.754Z - [36mverbose[39m: Rendering page: /Users/damithch/Repos/git-mastery/git-mastery.github.io/lessons/trail/branchingLocally/index.md
2026-06-21T16:11:21.820Z - [36mverbose[39m: Rendering page: /Users/damithch/Repos/git-mastery/git-mastery.github.io/lessons/trail/index.md
2026-06-21T16:11:21.828Z - [36mverbose[39m: Rendering page: /Users/damithch/Repos/git-mastery/git-mastery.github.io/lessons/index.md
2026-06-21T16:11:21.836Z - [36mverbose[39m: Rendering page: /Users/damithch/Repos/git-mastery/git-mastery.github.io/lessons/worktrees/index.md
2026-06-21T16:11:25.354Z - [36mverbose[39m: Rendering page: /Users/damithch/Repos/git-mastery/git-mastery.github.io/lessons/trail/all.md
2026-06-21T16:11:25.475Z - [36mverbose[39m: Rendering page: /Users/damithch/Repos/git-mastery/git-mastery.github.io/lessons/trail/all.md
2026-06-21T16:11:25.668Z - [32minfo[39m: Site data built
2026-06-21T16:11:25.668Z - [32minfo[39m: Pages rebuilt
2026-06-21T16:11:25.668Z - [32minfo[39m: Website regeneration complete! Total build time: 5.091s
2026-06-21T16:11:25.771Z - [32minfo[39m: Site data built
2026-06-21T16:11:25.771Z - [32minfo[39m: Pages rebuilt
2026-06-21T16:11:25.771Z - [32minfo[39m: Website regeneration complete! Total build time: 5.096s
2026-06-21T16:13:33.067Z - [32minfo[39m: [00:13:33] Reload for file change: /Users/damithch/Repos/git-mastery/git-mastery.github.io/lessons/worktrees/text.md
2026-06-21T16:13:33.088Z - [32minfo[39m: [12:13:33 AM] Reload for file change: /Users/damithch/Repos/git-mastery/git-mastery.github.io/lessons/worktrees/text.md
2026-06-21T16:13:34.083Z - [32minfo[39m: Rebuilding 5 pages
2026-06-21T16:13:34.097Z - [32minfo[39m: Rebuilding 5 pages
2026-06-21T16:13:35.179Z - [36mverbose[39m: Rendering page: /Users/damithch/Repos/git-mastery/git-mastery.github.io/lessons/trail/index.md
2026-06-21T16:13:35.188Z - [36mverbose[39m: Rendering page: /Users/damithch/Repos/git-mastery/git-mastery.github.io/lessons/index.md
2026-06-21T16:13:35.188Z - [36mverbose[39m: Rendering page: /Users/damithch/Repos/git-mastery/git-mastery.github.io/lessons/index.md
2026-06-21T16:13:35.196Z - [36mverbose[39m: Rendering page: /Users/damithch/Repos/git-mastery/git-mastery.github.io/lessons/trail/branchingLocally/index.md
2026-06-21T16:13:35.253Z - [36mverbose[39m: Rendering page: /Users/damithch/Repos/git-mastery/git-mastery.github.io/lessons/worktrees/index.md
2026-06-21T16:13:35.196Z - [36mverbose[39m: Rendering page: /Users/damithch/Repos/git-mastery/git-mastery.github.io/lessons/worktrees/index.md
2026-06-21T16:13:35.206Z - [36mverbose[39m: Rendering page: /Users/damithch/Repos/git-mastery/git-mastery.github.io/lessons/trail/branchingLocally/index.md
2026-06-21T16:13:35.264Z - [36mverbose[39m: Rendering page: /Users/damithch/Repos/git-mastery/git-mastery.github.io/lessons/trail/index.md
2026-06-21T16:13:38.541Z - [36mverbose[39m: Rendering page: /Users/damithch/Repos/git-mastery/git-mastery.github.io/lessons/trail/all.md
2026-06-21T16:13:38.572Z - [36mverbose[39m: Rendering page: /Users/damithch/Repos/git-mastery/git-mastery.github.io/lessons/trail/all.md
2026-06-21T16:13:38.845Z - [32minfo[39m: Site data built
2026-06-21T16:13:38.845Z - [32minfo[39m: Pages rebuilt
2026-06-21T16:13:38.845Z - [32minfo[39m: Website regeneration complete! Total build time: 4.765s
2026-06-21T16:13:38.852Z - [32minfo[39m: Site data built
2026-06-21T16:13:38.852Z - [32minfo[39m: Pages rebuilt
2026-06-21T16:13:38.852Z - [32minfo[39m: Website regeneration complete! Total build time: 4.761s
2026-06-21T16:23:15.732Z - [32minfo[39m: [00:23:15] Reload for file change: /Users/damithch/Repos/git-mastery/git-mastery.github.io/lessons/worktrees/text.md
2026-06-21T16:23:15.770Z - [32minfo[39m: [12:23:15 AM] Reload for file change: /Users/damithch/Repos/git-mastery/git-mastery.github.io/lessons/worktrees/text.md
2026-06-21T16:23:16.753Z - [32minfo[39m: Rebuilding 5 pages
2026-06-21T16:23:16.777Z - [32minfo[39m: Rebuilding 5 pages
2026-06-21T16:23:17.802Z - [36mverbose[39m: Rendering page: /Users/damithch/Repos/git-mastery/git-mastery.github.io/lessons/worktrees/index.md
2026-06-21T16:23:17.808Z - [36mverbose[39m: Rendering page: /Users/damithch/Repos/git-mastery/git-mastery.github.io/lessons/trail/index.md
2026-06-21T16:23:17.816Z - [36mverbose[39m: Rendering page: /Users/damithch/Repos/git-mastery/git-mastery.github.io/lessons/index.md
2026-06-21T16:23:17.822Z - [36mverbose[39m: Rendering page: /Users/damithch/Repos/git-mastery/git-mastery.github.io/lessons/worktrees/index.md
2026-06-21T16:23:17.833Z - [36mverbose[39m: Rendering page: /Users/damithch/Repos/git-mastery/git-mastery.github.io/lessons/trail/branchingLocally/index.md
2026-06-21T16:23:17.816Z - [36mverbose[39m: Rendering page: /Users/damithch/Repos/git-mastery/git-mastery.github.io/lessons/trail/index.md
2026-06-21T16:23:17.833Z - [36mverbose[39m: Rendering page: /Users/damithch/Repos/git-mastery/git-mastery.github.io/lessons/trail/branchingLocally/index.md
2026-06-21T16:23:17.881Z - [36mverbose[39m: Rendering page: /Users/damithch/Repos/git-mastery/git-mastery.github.io/lessons/index.md
2026-06-21T16:23:21.240Z - [36mverbose[39m: Rendering page: /Users/damithch/Repos/git-mastery/git-mastery.github.io/lessons/trail/all.md
2026-06-21T16:23:21.284Z - [36mverbose[39m: Rendering page: /Users/damithch/Repos/git-mastery/git-mastery.github.io/lessons/trail/all.md
2026-06-21T16:23:21.525Z - [32minfo[39m: Site data built
2026-06-21T16:23:21.525Z - [32minfo[39m: Pages rebuilt
2026-06-21T16:23:21.525Z - [32minfo[39m: Website regeneration complete! Total build time: 4.787s
2026-06-21T16:23:21.577Z - [32minfo[39m: Site data built
2026-06-21T16:23:21.577Z - [32minfo[39m: Pages rebuilt
2026-06-21T16:23:21.577Z - [32minfo[39m: Website regeneration complete! Total build time: 4.803s
2026-06-21T16:24:19.019Z - [32minfo[39m: [00:24:19] Reload for file change: /Users/damithch/Repos/git-mastery/git-mastery.github.io/lessons/worktrees/text.md
2026-06-21T16:24:19.175Z - [32minfo[39m: [12:24:19 AM] Reload for file change: /Users/damithch/Repos/git-mastery/git-mastery.github.io/lessons/worktrees/text.md
2026-06-21T16:24:20.167Z - [32minfo[39m: Rebuilding 5 pages
2026-06-21T16:24:20.324Z - [32minfo[39m: Rebuilding 5 pages
2026-06-21T16:24:21.671Z - [36mverbose[39m: Rendering page: /Users/damithch/Repos/git-mastery/git-mastery.github.io/lessons/worktrees/index.md
2026-06-21T16:24:21.681Z - [36mverbose[39m: Rendering page: /Users/damithch/Repos/git-mastery/git-mastery.github.io/lessons/trail/branchingLocally/index.md
2026-06-21T16:24:21.751Z - [36mverbose[39m: Rendering page: /Users/damithch/Repos/git-mastery/git-mastery.github.io/lessons/trail/index.md
2026-06-21T16:24:21.759Z - [36mverbose[39m: Rendering page: /Users/damithch/Repos/git-mastery/git-mastery.github.io/lessons/index.md
2026-06-21T16:24:21.835Z - [36mverbose[39m: Rendering page: /Users/damithch/Repos/git-mastery/git-mastery.github.io/lessons/index.md
2026-06-21T16:24:21.843Z - [36mverbose[39m: Rendering page: /Users/damithch/Repos/git-mastery/git-mastery.github.io/lessons/trail/branchingLocally/index.md
2026-06-21T16:24:21.901Z - [36mverbose[39m: Rendering page: /Users/damithch/Repos/git-mastery/git-mastery.github.io/lessons/worktrees/index.md
2026-06-21T16:24:21.909Z - [36mverbose[39m: Rendering page: /Users/damithch/Repos/git-mastery/git-mastery.github.io/lessons/trail/index.md
2026-06-21T16:24:25.502Z - [36mverbose[39m: Rendering page: /Users/damithch/Repos/git-mastery/git-mastery.github.io/lessons/trail/all.md
2026-06-21T16:24:25.660Z - [36mverbose[39m: Rendering page: /Users/damithch/Repos/git-mastery/git-mastery.github.io/lessons/trail/all.md
2026-06-21T16:24:25.822Z - [32minfo[39m: Site data built
2026-06-21T16:24:25.822Z - [32minfo[39m: Pages rebuilt
2026-06-21T16:24:25.822Z - [32minfo[39m: Website regeneration complete! Total build time: 5.661s
2026-06-21T16:24:26.070Z - [32minfo[39m: Site data built
2026-06-21T16:24:26.070Z - [32minfo[39m: Pages rebuilt
2026-06-21T16:24:26.070Z - [32minfo[39m: Website regeneration complete! Total build time: 5.748s
2026-06-21T16:25:05.044Z - [32minfo[39m: [12:25:04 AM] Reload for file change: /Users/damithch/Repos/git-mastery/git-mastery.github.io/lessons/worktrees/text.md
2026-06-21T16:25:05.169Z - [32minfo[39m: [00:25:05] Reload for file change: /Users/damithch/Repos/git-mastery/git-mastery.github.io/lessons/worktrees/text.md
2026-06-21T16:25:06.173Z - [32minfo[39m: Rebuilding 5 pages
2026-06-21T16:25:06.175Z - [32minfo[39m: Rebuilding 5 pages
2026-06-21T16:25:07.203Z - [36mverbose[39m: Rendering page: /Users/damithch/Repos/git-mastery/git-mastery.github.io/lessons/worktrees/index.md
2026-06-21T16:25:07.212Z - [36mverbose[39m: Rendering page: /Users/damithch/Repos/git-mastery/git-mastery.github.io/lessons/trail/index.md
2026-06-21T16:25:07.212Z - [36mverbose[39m: Rendering page: /Users/damithch/Repos/git-mastery/git-mastery.github.io/lessons/index.md
2026-06-21T16:25:07.220Z - [36mverbose[39m: Rendering page: /Users/damithch/Repos/git-mastery/git-mastery.github.io/lessons/trail/index.md
2026-06-21T16:25:07.227Z - [36mverbose[39m: Rendering page: /Users/damithch/Repos/git-mastery/git-mastery.github.io/lessons/trail/branchingLocally/index.md
2026-06-21T16:25:07.219Z - [36mverbose[39m: Rendering page: /Users/damithch/Repos/git-mastery/git-mastery.github.io/lessons/index.md
2026-06-21T16:25:07.228Z - [36mverbose[39m: Rendering page: /Users/damithch/Repos/git-mastery/git-mastery.github.io/lessons/trail/branchingLocally/index.md
2026-06-21T16:25:07.279Z - [36mverbose[39m: Rendering page: /Users/damithch/Repos/git-mastery/git-mastery.github.io/lessons/worktrees/index.md
2026-06-21T16:25:10.469Z - [36mverbose[39m: Rendering page: /Users/damithch/Repos/git-mastery/git-mastery.github.io/lessons/trail/all.md
2026-06-21T16:25:10.474Z - [36mverbose[39m: Rendering page: /Users/damithch/Repos/git-mastery/git-mastery.github.io/lessons/trail/all.md
2026-06-21T16:25:10.797Z - [32minfo[39m: Site data built
2026-06-21T16:25:10.797Z - [32minfo[39m: Pages rebuilt
2026-06-21T16:25:10.797Z - [32minfo[39m: Website regeneration complete! Total build time: 4.625s
2026-06-21T16:25:10.798Z - [32minfo[39m: Site data built
2026-06-21T16:25:10.798Z - [32minfo[39m: Pages rebuilt
2026-06-21T16:25:10.798Z - [32minfo[39m: Website regeneration complete! Total build time: 4.625s
2026-06-21T16:26:47.625Z - [32minfo[39m: [00:26:47] Reload for file change: /Users/damithch/Repos/git-mastery/git-mastery.github.io/lessons/worktrees/text.md
2026-06-21T16:26:47.902Z - [32minfo[39m: [12:26:47 AM] Reload for file change: /Users/damithch/Repos/git-mastery/git-mastery.github.io/lessons/worktrees/text.md
2026-06-21T16:26:48.709Z - [32minfo[39m: Rebuilding 5 pages
2026-06-21T16:26:48.938Z - [32minfo[39m: Rebuilding 5 pages
2026-06-21T16:26:49.752Z - [36mverbose[39m: Rendering page: /Users/damithch/Repos/git-mastery/git-mastery.github.io/lessons/worktrees/index.md
2026-06-21T16:26:49.761Z - [36mverbose[39m: Rendering page: /Users/damithch/Repos/git-mastery/git-mastery.github.io/lessons/index.md
2026-06-21T16:26:49.768Z - [36mverbose[39m: Rendering page: /Users/damithch/Repos/git-mastery/git-mastery.github.io/lessons/trail/branchingLocally/index.md
2026-06-21T16:26:49.820Z - [36mverbose[39m: Rendering page: /Users/damithch/Repos/git-mastery/git-mastery.github.io/lessons/trail/index.md
2026-06-21T16:26:49.922Z - [36mverbose[39m: Rendering page: /Users/damithch/Repos/git-mastery/git-mastery.github.io/lessons/worktrees/index.md
2026-06-21T16:26:49.931Z - [36mverbose[39m: Rendering page: /Users/damithch/Repos/git-mastery/git-mastery.github.io/lessons/trail/index.md
2026-06-21T16:26:49.939Z - [36mverbose[39m: Rendering page: /Users/damithch/Repos/git-mastery/git-mastery.github.io/lessons/index.md
2026-06-21T16:26:49.947Z - [36mverbose[39m: Rendering page: /Users/damithch/Repos/git-mastery/git-mastery.github.io/lessons/trail/branchingLocally/index.md
2026-06-21T16:26:53.440Z - [36mverbose[39m: Rendering page: /Users/damithch/Repos/git-mastery/git-mastery.github.io/lessons/trail/all.md
2026-06-21T16:26:53.595Z - [36mverbose[39m: Rendering page: /Users/damithch/Repos/git-mastery/git-mastery.github.io/lessons/trail/all.md
2026-06-21T16:26:53.767Z - [32minfo[39m: Site data built
2026-06-21T16:26:53.767Z - [32minfo[39m: Pages rebuilt
2026-06-21T16:26:53.767Z - [32minfo[39m: Website regeneration complete! Total build time: 5.061s
2026-06-21T16:26:53.933Z - [32minfo[39m: Site data built
2026-06-21T16:26:53.933Z - [32minfo[39m: Pages rebuilt
2026-06-21T16:26:53.933Z - [32minfo[39m: Website regeneration complete! Total build time: 4.999s
2026-06-21T16:33:41.241Z - [32minfo[39m: [00:33:41] Reload for file change: /Users/damithch/Repos/git-mastery/git-mastery.github.io/lessons/worktrees/text.md
2026-06-21T16:33:41.251Z - [32minfo[39m: [12:33:41 AM] Reload for file change: /Users/damithch/Repos/git-mastery/git-mastery.github.io/lessons/worktrees/text.md
2026-06-21T16:33:42.266Z - [32minfo[39m: Rebuilding 5 pages
2026-06-21T16:33:42.266Z - [32minfo[39m: Rebuilding 5 pages
2026-06-21T16:33:43.382Z - [36mverbose[39m: Rendering page: /Users/damithch/Repos/git-mastery/git-mastery.github.io/lessons/trail/index.md
2026-06-21T16:33:43.383Z - [36mverbose[39m: Rendering page: /Users/damithch/Repos/git-mastery/git-mastery.github.io/lessons/worktrees/index.md
2026-06-21T16:33:43.394Z - [36mverbose[39m: Rendering page: /Users/damithch/Repos/git-mastery/git-mastery.github.io/lessons/index.md
2026-06-21T16:33:43.404Z - [36mverbose[39m: Rendering page: /Users/damithch/Repos/git-mastery/git-mastery.github.io/lessons/trail/branchingLocally/index.md
2026-06-21T16:33:43.393Z - [36mverbose[39m: Rendering page: /Users/damithch/Repos/git-mastery/git-mastery.github.io/lessons/index.md
2026-06-21T16:33:43.404Z - [36mverbose[39m: Rendering page: /Users/damithch/Repos/git-mastery/git-mastery.github.io/lessons/trail/index.md
2026-06-21T16:33:43.412Z - [36mverbose[39m: Rendering page: /Users/damithch/Repos/git-mastery/git-mastery.github.io/lessons/trail/branchingLocally/index.md
2026-06-21T16:33:43.469Z - [36mverbose[39m: Rendering page: /Users/damithch/Repos/git-mastery/git-mastery.github.io/lessons/worktrees/index.md
2026-06-21T16:33:46.908Z - [36mverbose[39m: Rendering page: /Users/damithch/Repos/git-mastery/git-mastery.github.io/lessons/trail/all.md
2026-06-21T16:33:46.970Z - [36mverbose[39m: Rendering page: /Users/damithch/Repos/git-mastery/git-mastery.github.io/lessons/trail/all.md
2026-06-21T16:33:47.195Z - [32minfo[39m: Site data built
2026-06-21T16:33:47.195Z - [32minfo[39m: Pages rebuilt
2026-06-21T16:33:47.195Z - [32minfo[39m: Website regeneration complete! Total build time: 4.949s
2026-06-21T16:33:47.225Z - [32minfo[39m: Site data built
2026-06-21T16:33:47.225Z - [32minfo[39m: Pages rebuilt
2026-06-21T16:33:47.225Z - [32minfo[39m: Website regeneration complete! Total build time: 4.967s
2026-06-21T16:37:16.110Z - [32minfo[39m: [00:37:16] Reload for file change: /Users/damithch/Repos/git-mastery/git-mastery.github.io/lessons/worktrees/text.md
2026-06-21T16:37:16.229Z - [32minfo[39m: [12:37:16 AM] Reload for file change: /Users/damithch/Repos/git-mastery/git-mastery.github.io/lessons/worktrees/text.md
2026-06-21T16:37:17.151Z - [32minfo[39m: Rebuilding 5 pages
2026-06-21T16:37:17.236Z - [32minfo[39m: Rebuilding 5 pages
2026-06-21T16:37:18.418Z - [36mverbose[39m: Rendering page: /Users/damithch/Repos/git-mastery/git-mastery.github.io/lessons/trail/index.md
2026-06-21T16:37:18.466Z - [36mverbose[39m: Rendering page: /Users/damithch/Repos/git-mastery/git-mastery.github.io/lessons/index.md
2026-06-21T16:37:18.427Z - [36mverbose[39m: Rendering page: /Users/damithch/Repos/git-mastery/git-mastery.github.io/lessons/index.md
2026-06-21T16:37:18.448Z - [36mverbose[39m: Rendering page: /Users/damithch/Repos/git-mastery/git-mastery.github.io/lessons/trail/branchingLocally/index.md
2026-06-21T16:37:18.503Z - [36mverbose[39m: Rendering page: /Users/damithch/Repos/git-mastery/git-mastery.github.io/lessons/worktrees/index.md
2026-06-21T16:37:18.474Z - [36mverbose[39m: Rendering page: /Users/damithch/Repos/git-mastery/git-mastery.github.io/lessons/trail/branchingLocally/index.md
2026-06-21T16:37:18.530Z - [36mverbose[39m: Rendering page: /Users/damithch/Repos/git-mastery/git-mastery.github.io/lessons/trail/index.md
2026-06-21T16:37:18.537Z - [36mverbose[39m: Rendering page: /Users/damithch/Repos/git-mastery/git-mastery.github.io/lessons/worktrees/index.md
2026-06-21T16:37:22.085Z - [36mverbose[39m: Rendering page: /Users/damithch/Repos/git-mastery/git-mastery.github.io/lessons/trail/all.md
2026-06-21T16:37:22.090Z - [36mverbose[39m: Rendering page: /Users/damithch/Repos/git-mastery/git-mastery.github.io/lessons/trail/all.md
2026-06-21T16:37:22.352Z - [32minfo[39m: Site data built
2026-06-21T16:37:22.352Z - [32minfo[39m: Pages rebuilt
2026-06-21T16:37:22.352Z - [32minfo[39m: Website regeneration complete! Total build time: 5.206s
2026-06-21T16:37:22.353Z - [32minfo[39m: Site data built
2026-06-21T16:37:22.353Z - [32minfo[39m: Pages rebuilt
2026-06-21T16:37:22.353Z - [32minfo[39m: Website regeneration complete! Total build time: 5.119s
2026-06-21T16:38:24.358Z - [32minfo[39m: [00:38:24] Reload for file change: /Users/damithch/Repos/git-mastery/git-mastery.github.io/lessons/worktrees/text.md
2026-06-21T16:38:24.409Z - [32minfo[39m: [12:38:24 AM] Reload for file change: /Users/damithch/Repos/git-mastery/git-mastery.github.io/lessons/worktrees/text.md
2026-06-21T16:38:25.388Z - [32minfo[39m: Rebuilding 5 pages
2026-06-21T16:38:25.419Z - [32minfo[39m: Rebuilding 5 pages
2026-06-21T16:38:26.548Z - [36mverbose[39m: Rendering page: /Users/damithch/Repos/git-mastery/git-mastery.github.io/lessons/index.md
2026-06-21T16:38:26.558Z - [36mverbose[39m: Rendering page: /Users/damithch/Repos/git-mastery/git-mastery.github.io/lessons/trail/index.md
2026-06-21T16:38:26.556Z - [36mverbose[39m: Rendering page: /Users/damithch/Repos/git-mastery/git-mastery.github.io/lessons/worktrees/index.md
2026-06-21T16:38:26.571Z - [36mverbose[39m: Rendering page: /Users/damithch/Repos/git-mastery/git-mastery.github.io/lessons/trail/index.md
2026-06-21T16:38:26.583Z - [36mverbose[39m: Rendering page: /Users/damithch/Repos/git-mastery/git-mastery.github.io/lessons/trail/branchingLocally/index.md
2026-06-21T16:38:26.570Z - [36mverbose[39m: Rendering page: /Users/damithch/Repos/git-mastery/git-mastery.github.io/lessons/worktrees/index.md
2026-06-21T16:38:26.592Z - [36mverbose[39m: Rendering page: /Users/damithch/Repos/git-mastery/git-mastery.github.io/lessons/trail/branchingLocally/index.md
2026-06-21T16:38:26.640Z - [36mverbose[39m: Rendering page: /Users/damithch/Repos/git-mastery/git-mastery.github.io/lessons/index.md
2026-06-21T16:38:30.079Z - [36mverbose[39m: Rendering page: /Users/damithch/Repos/git-mastery/git-mastery.github.io/lessons/trail/all.md
2026-06-21T16:38:30.131Z - [36mverbose[39m: Rendering page: /Users/damithch/Repos/git-mastery/git-mastery.github.io/lessons/trail/all.md
2026-06-21T16:38:30.338Z - [32minfo[39m: Site data built
2026-06-21T16:38:30.339Z - [32minfo[39m: Pages rebuilt
2026-06-21T16:38:30.339Z - [32minfo[39m: Website regeneration complete! Total build time: 4.967s
2026-06-21T16:38:30.400Z - [32minfo[39m: Site data built
2026-06-21T16:38:30.400Z - [32minfo[39m: Pages rebuilt
2026-06-21T16:38:30.400Z - [32minfo[39m: Website regeneration complete! Total build time: 4.984s
2026-06-21T16:45:08.450Z - [32minfo[39m: [00:45:08] Reload for file change: /Users/damithch/Repos/git-mastery/git-mastery.github.io/lessons/worktrees/text.md
2026-06-21T16:45:08.496Z - [32minfo[39m: [12:45:08 AM] Reload for file change: /Users/damithch/Repos/git-mastery/git-mastery.github.io/lessons/worktrees/text.md
2026-06-21T16:45:08.534Z - [32minfo[39m: [00:45:08] Reload for file change: /Users/damithch/Repos/git-mastery/git-mastery.github.io/lessons/worktrees/text.md
2026-06-21T16:45:08.587Z - [32minfo[39m: [12:45:08 AM] Reload for file change: /Users/damithch/Repos/git-mastery/git-mastery.github.io/lessons/worktrees/text.md
2026-06-21T16:45:08.635Z - [32minfo[39m: [00:45:08] Reload for file change: /Users/damithch/Repos/git-mastery/git-mastery.github.io/lessons/worktrees/text.md
2026-06-21T16:45:08.688Z - [32minfo[39m: [12:45:08 AM] Reload for file change: /Users/damithch/Repos/git-mastery/git-mastery.github.io/lessons/worktrees/text.md
2026-06-21T16:45:08.734Z - [32minfo[39m: [00:45:08] Reload for file change: /Users/damithch/Repos/git-mastery/git-mastery.github.io/lessons/worktrees/text.md
2026-06-21T16:45:08.789Z - [32minfo[39m: [12:45:08 AM] Reload for file change: /Users/damithch/Repos/git-mastery/git-mastery.github.io/lessons/worktrees/text.md
2026-06-21T16:45:08.834Z - [32minfo[39m: [00:45:08] Reload for file change: /Users/damithch/Repos/git-mastery/git-mastery.github.io/lessons/worktrees/text.md
2026-06-21T16:45:08.889Z - [32minfo[39m: [12:45:08 AM] Reload for file change: /Users/damithch/Repos/git-mastery/git-mastery.github.io/lessons/worktrees/text.md
2026-06-21T16:45:09.482Z - [32minfo[39m: Rebuilding 5 pages
2026-06-21T16:45:09.509Z - [32minfo[39m: Rebuilding 5 pages
2026-06-21T16:45:10.964Z - [36mverbose[39m: Rendering page: /Users/damithch/Repos/git-mastery/git-mastery.github.io/lessons/index.md
2026-06-21T16:45:10.977Z - [36mverbose[39m: Rendering page: /Users/damithch/Repos/git-mastery/git-mastery.github.io/lessons/trail/index.md
2026-06-21T16:45:10.985Z - [36mverbose[39m: Rendering page: /Users/damithch/Repos/git-mastery/git-mastery.github.io/lessons/worktrees/index.md
2026-06-21T16:45:10.998Z - [36mverbose[39m: Rendering page: /Users/damithch/Repos/git-mastery/git-mastery.github.io/lessons/trail/branchingLocally/index.md
2026-06-21T16:45:11.058Z - [36mverbose[39m: Rendering page: /Users/damithch/Repos/git-mastery/git-mastery.github.io/lessons/worktrees/index.md
2026-06-21T16:45:11.070Z - [36mverbose[39m: Rendering page: /Users/damithch/Repos/git-mastery/git-mastery.github.io/lessons/trail/index.md
2026-06-21T16:45:11.077Z - [36mverbose[39m: Rendering page: /Users/damithch/Repos/git-mastery/git-mastery.github.io/lessons/index.md
2026-06-21T16:45:11.082Z - [36mverbose[39m: Rendering page: /Users/damithch/Repos/git-mastery/git-mastery.github.io/lessons/trail/branchingLocally/index.md
2026-06-21T16:45:16.086Z - [36mverbose[39m: Rendering page: /Users/damithch/Repos/git-mastery/git-mastery.github.io/lessons/trail/all.md
2026-06-21T16:45:16.376Z - [32minfo[39m: Site data built
2026-06-21T16:45:16.376Z - [32minfo[39m: Pages rebuilt
2026-06-21T16:45:16.376Z - [32minfo[39m: Website regeneration complete! Total build time: 6.916s
2026-06-21T16:45:16.430Z - [36mverbose[39m: Rendering page: /Users/damithch/Repos/git-mastery/git-mastery.github.io/lessons/trail/all.md
2026-06-21T16:45:16.710Z - [32minfo[39m: Site data built
2026-06-21T16:45:16.710Z - [32minfo[39m: Pages rebuilt
2026-06-21T16:45:16.710Z - [32minfo[39m: Website regeneration complete! Total build time: 7.204s
2026-06-21T16:53:29.598Z - [32minfo[39m: [00:53:29] Reload for file change: /Users/damithch/Repos/git-mastery/git-mastery.github.io/lessons/worktrees/text.md
2026-06-21T16:53:29.611Z - [32minfo[39m: [12:53:29 AM] Reload for file change: /Users/damithch/Repos/git-mastery/git-mastery.github.io/lessons/worktrees/text.md
2026-06-21T16:53:29.688Z - [32minfo[39m: [00:53:29] Reload for file change: /Users/damithch/Repos/git-mastery/git-mastery.github.io/lessons/worktrees/text.md
2026-06-21T16:53:29.705Z - [32minfo[39m: [12:53:29 AM] Reload for file change: /Users/damithch/Repos/git-mastery/git-mastery.github.io/lessons/worktrees/text.md
2026-06-21T16:53:29.790Z - [32minfo[39m: [00:53:29] Reload for file change: /Users/damithch/Repos/git-mastery/git-mastery.github.io/lessons/worktrees/text.md
2026-06-21T16:53:29.805Z - [32minfo[39m: [12:53:29 AM] Reload for file change: /Users/damithch/Repos/git-mastery/git-mastery.github.io/lessons/worktrees/text.md
2026-06-21T16:53:29.890Z - [32minfo[39m: [00:53:29] Reload for file change: /Users/damithch/Repos/git-mastery/git-mastery.github.io/lessons/worktrees/text.md
2026-06-21T16:53:29.905Z - [32minfo[39m: [12:53:29 AM] Reload for file change: /Users/damithch/Repos/git-mastery/git-mastery.github.io/lessons/worktrees/text.md
2026-06-21T16:53:30.613Z - [32minfo[39m: Rebuilding 5 pages
2026-06-21T16:53:30.618Z - [32minfo[39m: Rebuilding 5 pages
2026-06-21T16:53:32.628Z - [36mverbose[39m: Rendering page: /Users/damithch/Repos/git-mastery/git-mastery.github.io/lessons/trail/index.md
2026-06-21T16:53:32.644Z - [36mverbose[39m: Rendering page: /Users/damithch/Repos/git-mastery/git-mastery.github.io/lessons/worktrees/index.md
2026-06-21T16:53:32.670Z - [36mverbose[39m: Rendering page: /Users/damithch/Repos/git-mastery/git-mastery.github.io/lessons/trail/branchingLocally/index.md
2026-06-21T16:53:32.847Z - [36mverbose[39m: Rendering page: /Users/damithch/Repos/git-mastery/git-mastery.github.io/lessons/index.md
2026-06-21T16:53:33.041Z - [36mverbose[39m: Rendering page: /Users/damithch/Repos/git-mastery/git-mastery.github.io/lessons/worktrees/index.md
2026-06-21T16:53:33.051Z - [36mverbose[39m: Rendering page: /Users/damithch/Repos/git-mastery/git-mastery.github.io/lessons/index.md
2026-06-21T16:53:33.060Z - [36mverbose[39m: Rendering page: /Users/damithch/Repos/git-mastery/git-mastery.github.io/lessons/trail/index.md
2026-06-21T16:53:33.069Z - [36mverbose[39m: Rendering page: /Users/damithch/Repos/git-mastery/git-mastery.github.io/lessons/trail/branchingLocally/index.md
2026-06-21T16:53:36.217Z - [36mverbose[39m: Rendering page: /Users/damithch/Repos/git-mastery/git-mastery.github.io/lessons/trail/all.md
2026-06-21T16:53:36.406Z - [36mverbose[39m: Rendering page: /Users/damithch/Repos/git-mastery/git-mastery.github.io/lessons/trail/all.md
2026-06-21T16:53:36.505Z - [32minfo[39m: Site data built
2026-06-21T16:53:36.505Z - [32minfo[39m: Pages rebuilt
2026-06-21T16:53:36.505Z - [32minfo[39m: Website regeneration complete! Total build time: 5.903s
2026-06-21T16:53:36.763Z - [32minfo[39m: Site data built
2026-06-21T16:53:36.763Z - [32minfo[39m: Pages rebuilt
2026-06-21T16:53:36.763Z - [32minfo[39m: Website regeneration complete! Total build time: 6.148s
2026-06-21T17:12:24.420Z - [32minfo[39m: [01:12:24] Reload for file change: /Users/damithch/Repos/git-mastery/git-mastery.github.io/lessons/worktrees/text.md
2026-06-21T17:12:25.482Z - [32minfo[39m: Rebuilding 5 pages
2026-06-21T17:12:27.538Z - [36mverbose[39m: Rendering page: /Users/damithch/Repos/git-mastery/git-mastery.github.io/lessons/worktrees/index.md
2026-06-21T17:12:27.548Z - [36mverbose[39m: Rendering page: /Users/damithch/Repos/git-mastery/git-mastery.github.io/lessons/index.md
2026-06-21T17:12:27.558Z - [36mverbose[39m: Rendering page: /Users/damithch/Repos/git-mastery/git-mastery.github.io/lessons/trail/branchingLocally/index.md
2026-06-21T17:12:27.615Z - [36mverbose[39m: Rendering page: /Users/damithch/Repos/git-mastery/git-mastery.github.io/lessons/trail/index.md
2026-06-21T17:12:30.885Z - [36mverbose[39m: Rendering page: /Users/damithch/Repos/git-mastery/git-mastery.github.io/lessons/trail/all.md
2026-06-21T17:12:31.130Z - [32minfo[39m: Site data built
2026-06-21T17:12:31.130Z - [32minfo[39m: Pages rebuilt
2026-06-21T17:12:31.130Z - [32minfo[39m: Website regeneration complete! Total build time: 5.681s
2026-06-21T17:16:20.340Z - [32minfo[39m: [01:16:20] Reload for file change: /Users/damithch/Repos/git-mastery/git-mastery.github.io/lessons/worktrees/text.md
2026-06-21T17:16:20.419Z - [32minfo[39m: [01:16:20] Reload for file change: /Users/damithch/Repos/git-mastery/git-mastery.github.io/lessons/worktrees/text.md
2026-06-21T17:16:20.516Z - [32minfo[39m: [01:16:20] Reload for file change: /Users/damithch/Repos/git-mastery/git-mastery.github.io/lessons/worktrees/text.md
2026-06-21T17:16:20.617Z - [32minfo[39m: [01:16:20] Reload for file change: /Users/damithch/Repos/git-mastery/git-mastery.github.io/lessons/worktrees/text.md
2026-06-21T17:16:21.364Z - [32minfo[39m: Rebuilding 5 pages
2026-06-21T17:16:22.323Z - [36mverbose[39m: Rendering page: /Users/damithch/Repos/git-mastery/git-mastery.github.io/lessons/worktrees/index.md
2026-06-21T17:16:22.331Z - [36mverbose[39m: Rendering page: /Users/damithch/Repos/git-mastery/git-mastery.github.io/lessons/trail/branchingLocally/index.md
2026-06-21T17:16:22.380Z - [36mverbose[39m: Rendering page: /Users/damithch/Repos/git-mastery/git-mastery.github.io/lessons/index.md
2026-06-21T17:16:22.385Z - [36mverbose[39m: Rendering page: /Users/damithch/Repos/git-mastery/git-mastery.github.io/lessons/trail/index.md
2026-06-21T17:16:25.419Z - [36mverbose[39m: Rendering page: /Users/damithch/Repos/git-mastery/git-mastery.github.io/lessons/trail/all.md
2026-06-21T17:16:25.670Z - [32minfo[39m: Site data built
2026-06-21T17:16:25.670Z - [32minfo[39m: Pages rebuilt
2026-06-21T17:16:25.671Z - [32minfo[39m: Website regeneration complete! Total build time: 4.319s
2026-06-21T17:17:21.965Z - [32minfo[39m: [01:17:21] Reload for file change: /Users/damithch/Repos/git-mastery/git-mastery.github.io/lessons/worktrees/text.md
2026-06-21T17:17:22.971Z - [32minfo[39m: Rebuilding 5 pages
2026-06-21T17:17:23.941Z - [36mverbose[39m: Rendering page: /Users/damithch/Repos/git-mastery/git-mastery.github.io/lessons/index.md
2026-06-21T17:17:23.948Z - [36mverbose[39m: Rendering page: /Users/damithch/Repos/git-mastery/git-mastery.github.io/lessons/trail/branchingLocally/index.md
2026-06-21T17:17:23.991Z - [36mverbose[39m: Rendering page: /Users/damithch/Repos/git-mastery/git-mastery.github.io/lessons/worktrees/index.md
2026-06-21T17:17:23.999Z - [36mverbose[39m: Rendering page: /Users/damithch/Repos/git-mastery/git-mastery.github.io/lessons/trail/index.md
2026-06-21T17:17:26.936Z - [36mverbose[39m: Rendering page: /Users/damithch/Repos/git-mastery/git-mastery.github.io/lessons/trail/all.md
2026-06-21T17:17:27.307Z - [32minfo[39m: Site data built
2026-06-21T17:17:27.307Z - [32minfo[39m: Pages rebuilt
2026-06-21T17:17:27.307Z - [32minfo[39m: Website regeneration complete! Total build time: 4.339s
2026-06-21T17:17:57.918Z - [32minfo[39m: [01:17:57] Reload for file change: /Users/damithch/Repos/git-mastery/git-mastery.github.io/lessons/worktrees/text.md
2026-06-21T17:17:58.993Z - [32minfo[39m: Rebuilding 5 pages
2026-06-21T17:18:00.137Z - [36mverbose[39m: Rendering page: /Users/damithch/Repos/git-mastery/git-mastery.github.io/lessons/worktrees/index.md
2026-06-21T17:18:00.146Z - [36mverbose[39m: Rendering page: /Users/damithch/Repos/git-mastery/git-mastery.github.io/lessons/index.md
2026-06-21T17:18:00.155Z - [36mverbose[39m: Rendering page: /Users/damithch/Repos/git-mastery/git-mastery.github.io/lessons/trail/index.md
2026-06-21T17:18:00.165Z - [36mverbose[39m: Rendering page: /Users/damithch/Repos/git-mastery/git-mastery.github.io/lessons/trail/branchingLocally/index.md
2026-06-21T17:18:04.261Z - [36mverbose[39m: Rendering page: /Users/damithch/Repos/git-mastery/git-mastery.github.io/lessons/trail/all.md
2026-06-21T17:18:04.535Z - [32minfo[39m: Site data built
2026-06-21T17:18:04.535Z - [32minfo[39m: Pages rebuilt
2026-06-21T17:18:04.535Z - [32minfo[39m: Website regeneration complete! Total build time: 5.544s
2026-06-21T17:24:13.712Z - [32minfo[39m: [01:24:13] Reload for file change: /Users/damithch/Repos/git-mastery/git-mastery.github.io/lessons/worktrees/text.md
2026-06-21T17:24:13.784Z - [32minfo[39m: [01:24:13] Reload for file change: /Users/damithch/Repos/git-mastery/git-mastery.github.io/lessons/worktrees/text.md
2026-06-21T17:24:13.884Z - [32minfo[39m: [01:24:13] Reload for file change: /Users/damithch/Repos/git-mastery/git-mastery.github.io/lessons/worktrees/text.md
2026-06-21T17:24:13.885Z - [32minfo[39m: [01:24:13] Reload for file change: /Users/damithch/Repos/git-mastery/git-mastery.github.io/common/macros.njk
2026-06-21T17:24:14.851Z - [32minfo[39m: Rebuilding 101 pages
2026-06-21T17:24:15.292Z - [36mverbose[39m: Rendering page: /Users/damithch/Repos/git-mastery/git-mastery.github.io/companion-app/index.md
2026-06-21T17:24:15.317Z - [36mverbose[39m: Rendering page: /Users/damithch/Repos/git-mastery/git-mastery.github.io/faq/index.md
2026-06-21T17:24:15.320Z - [36mverbose[39m: Rendering page: /Users/damithch/Repos/git-mastery/git-mastery.github.io/exercises-directory/index.md
2026-06-21T17:24:15.349Z - [36mverbose[39m: Rendering page: /Users/damithch/Repos/git-mastery/git-mastery.github.io/index.md
2026-06-21T17:24:18.296Z - [36mverbose[39m: Rendering page: /Users/damithch/Repos/git-mastery/git-mastery.github.io/lessons/tag/exercise-tags-update.md
2026-06-21T17:24:18.298Z - [36mverbose[39m: Rendering page: /Users/damithch/Repos/git-mastery/git-mastery.github.io/lessons/tag/exercise-tags-push.md
2026-06-21T17:24:18.299Z - [36mverbose[39m: Rendering page: /Users/damithch/Repos/git-mastery/git-mastery.github.io/lessons/tag/exercise-tags-add.md
2026-06-21T17:24:18.300Z - [36mverbose[39m: Rendering page: /Users/damithch/Repos/git-mastery/git-mastery.github.io/lessons/trail/all.md
2026-06-21T17:24:18.547Z - [36mverbose[39m: Rendering page: /Users/damithch/Repos/git-mastery/git-mastery.github.io/lessons/stage/exercise-staging-intervention.md
2026-06-21T17:24:18.549Z - [36mverbose[39m: Rendering page: /Users/damithch/Repos/git-mastery/git-mastery.github.io/lessons/show/exercise-view-commits.md
2026-06-21T17:24:18.550Z - [36mverbose[39m: Rendering page: /Users/damithch/Repos/git-mastery/git-mastery.github.io/lessons/stage/exercise-stage-fright.md
2026-06-21T17:24:18.551Z - [36mverbose[39m: Rendering page: /Users/damithch/Repos/git-mastery/git-mastery.github.io/lessons/setRemote/exercise-link-me.md
2026-06-21T17:24:18.586Z - [36mverbose[39m: Rendering page: /Users/damithch/Repos/git-mastery/git-mastery.github.io/lessons/revert/exercise-sensors-revert.md
2026-06-21T17:24:18.588Z - [36mverbose[39m: Rendering page: /Users/damithch/Repos/git-mastery/git-mastery.github.io/lessons/reset/exercise-sensors-reset.md
2026-06-21T17:24:18.589Z - [36mverbose[39m: Rendering page: /Users/damithch/Repos/git-mastery/git-mastery.github.io/lessons/remoteBranchRename/exercise-remote-branch-rename.md
2026-06-21T17:24:18.590Z - [36mverbose[39m: Rendering page: /Users/damithch/Repos/git-mastery/git-mastery.github.io/lessons/remoteBranchRename/exercise-glossary-branch-rename.md
2026-06-21T17:24:18.621Z - [36mverbose[39m: Rendering page: /Users/damithch/Repos/git-mastery/git-mastery.github.io/lessons/remoteBranchPush/exercise-glossary-branch-push.md
2026-06-21T17:24:18.623Z - [36mverbose[39m: Rendering page: /Users/damithch/Repos/git-mastery/git-mastery.github.io/lessons/remoteBranchPull/exercise-glossary-branch-pull.md
2026-06-21T17:24:18.625Z - [36mverbose[39m: Rendering page: /Users/damithch/Repos/git-mastery/git-mastery.github.io/lessons/push/exercise-push-over.md
2026-06-21T17:24:18.627Z - [36mverbose[39m: Rendering page: /Users/damithch/Repos/git-mastery/git-mastery.github.io/lessons/remoteBranchDelete/exercise-glossary-branch-delete.md
2026-06-21T17:24:18.659Z - [36mverbose[39m: Rendering page: /Users/damithch/Repos/git-mastery/git-mastery.github.io/lessons/pull/exercise-fetch-and-pull.md
2026-06-21T17:24:18.661Z - [36mverbose[39m: Rendering page: /Users/damithch/Repos/git-mastery/git-mastery.github.io/lessons/mergeConflicts/exercise-conflict-mediator.md
2026-06-21T17:24:18.663Z - [36mverbose[39m: Rendering page: /Users/damithch/Repos/git-mastery/git-mastery.github.io/lessons/prsCreate/exercise-create-pr-from-main.md
2026-06-21T17:24:18.664Z - [36mverbose[39m: Rendering page: /Users/damithch/Repos/git-mastery/git-mastery.github.io/lessons/merge/exercise-merge-undo.md
2026-06-21T17:24:18.702Z - [36mverbose[39m: Rendering page: /Users/damithch/Repos/git-mastery/git-mastery.github.io/lessons/merge/exercise-merge-squash.md
2026-06-21T17:24:18.703Z - [36mverbose[39m: Rendering page: /Users/damithch/Repos/git-mastery/git-mastery.github.io/lessons/merge/exercise-ff-undo.md
2026-06-21T17:24:18.705Z - [36mverbose[39m: Rendering page: /Users/damithch/Repos/git-mastery/git-mastery.github.io/lessons/merge/exercise-branch-forward.md
2026-06-21T17:24:18.718Z - [36mverbose[39m: Rendering page: /Users/damithch/Repos/git-mastery/git-mastery.github.io/lessons/merge/exercise-branch-compare.md
2026-06-21T17:24:18.733Z - [36mverbose[39m: Rendering page: /Users/damithch/Repos/git-mastery/git-mastery.github.io/lessons/log/exercise-log-and-order.md
2026-06-21T17:24:18.735Z - [36mverbose[39m: Rendering page: /Users/damithch/Repos/git-mastery/git-mastery.github.io/lessons/merge/exercise-branch-bender.md
2026-06-21T17:24:18.737Z - [36mverbose[39m: Rendering page: /Users/damithch/Repos/git-mastery/git-mastery.github.io/lessons/init/exercise-undo-init.md
2026-06-21T17:24:18.739Z - [36mverbose[39m: Rendering page: /Users/damithch/Repos/git-mastery/git-mastery.github.io/lessons/init/exercise-under-control.md
2026-06-21T17:24:18.758Z - [36mverbose[39m: Rendering page: /Users/damithch/Repos/git-mastery/git-mastery.github.io/lessons/ignore/exercise-ignoring-somethings.md
2026-06-21T17:24:18.760Z - [36mverbose[39m: Rendering page: /Users/damithch/Repos/git-mastery/git-mastery.github.io/lessons/fork/exercise-fork-repo.md
2026-06-21T17:24:18.767Z - [36mverbose[39m: Rendering page: /Users/damithch/Repos/git-mastery/git-mastery.github.io/lessons/diff/exercise-sensors-diff.md
2026-06-21T17:24:18.781Z - [36mverbose[39m: Rendering page: /Users/damithch/Repos/git-mastery/git-mastery.github.io/lessons/createRemoteRepo/exercise-remote-control.md
2026-06-21T17:24:18.790Z - [36mverbose[39m: Rendering page: /Users/damithch/Repos/git-mastery/git-mastery.github.io/lessons/commit/exercise-grocery-shopping.md
2026-06-21T17:24:18.793Z - [36mverbose[39m: Rendering page: /Users/damithch/Repos/git-mastery/git-mastery.github.io/lessons/clone/exercise-clone-repo.md
2026-06-21T17:24:18.800Z - [36mverbose[39m: Rendering page: /Users/damithch/Repos/git-mastery/git-mastery.github.io/lessons/checkout/exercise-sensors-checkout.md
2026-06-21T17:24:18.812Z - [36mverbose[39m: Rendering page: /Users/damithch/Repos/git-mastery/git-mastery.github.io/lessons/branchRename/exercise-branch-rename.md
2026-06-21T17:24:18.824Z - [36mverbose[39m: Rendering page: /Users/damithch/Repos/git-mastery/git-mastery.github.io/lessons/branchDelete/exercise-mix-messy-graph.md
2026-06-21T17:24:18.834Z - [36mverbose[39m: Rendering page: /Users/damithch/Repos/git-mastery/git-mastery.github.io/lessons/branchDelete/exercise-mix-messy-docs.md
2026-06-21T17:24:18.847Z - [36mverbose[39m: Rendering page: /Users/damithch/Repos/git-mastery/git-mastery.github.io/lessons/branchDelete/exercise-branch-delete.md
2026-06-21T17:24:18.890Z - [36mverbose[39m: Rendering page: /Users/damithch/Repos/git-mastery/git-mastery.github.io/lessons/branch/exercise-side-track.md
2026-06-21T17:24:18.894Z - [36mverbose[39m: Rendering page: /Users/damithch/Repos/git-mastery/git-mastery.github.io/lessons/branch/exercise-branch-previous.md
2026-06-21T17:24:18.906Z - [36mverbose[39m: Rendering page: /Users/damithch/Repos/git-mastery/git-mastery.github.io/lessons/worktrees/index.md
2026-06-21T17:24:19.170Z - [36mverbose[39m: Rendering page: /Users/damithch/Repos/git-mastery/git-mastery.github.io/lessons/workflows/index.md
2026-06-21T17:24:19.520Z - [36mverbose[39m: Rendering page: /Users/damithch/Repos/git-mastery/git-mastery.github.io/lessons/trail/workingWithRemotes/index.md
2026-06-21T17:24:19.564Z - [36mverbose[39m: Rendering page: /Users/damithch/Repos/git-mastery/git-mastery.github.io/lessons/trail/workingWithPrs/index.md
2026-06-21T17:24:19.683Z - [36mverbose[39m: Rendering page: /Users/damithch/Repos/git-mastery/git-mastery.github.io/lessons/trail/syncingBranches/index.md
2026-06-21T17:24:19.688Z - [36mverbose[39m: Rendering page: /Users/damithch/Repos/git-mastery/git-mastery.github.io/lessons/trail/usingRevisionHistory/index.md
2026-06-21T17:24:20.292Z - [36mverbose[39m: Rendering page: /Users/damithch/Repos/git-mastery/git-mastery.github.io/lessons/trail/remoteBranches/index.md
2026-06-21T17:24:20.309Z - [36mverbose[39m: Rendering page: /Users/damithch/Repos/git-mastery/git-mastery.github.io/lessons/trail/recordingFolderHistory/index.md
2026-06-21T17:24:20.357Z - [36mverbose[39m: Rendering page: /Users/damithch/Repos/git-mastery/git-mastery.github.io/lessons/trail/index.md
2026-06-21T17:24:20.363Z - [36mverbose[39m: Rendering page: /Users/damithch/Repos/git-mastery/git-mastery.github.io/lessons/trail/managingProjects/index.md
2026-06-21T17:24:21.067Z - [36mverbose[39m: Rendering page: /Users/damithch/Repos/git-mastery/git-mastery.github.io/lessons/trail/fineTuningHistory/index.md
2026-06-21T17:24:21.097Z - [36mverbose[39m: Rendering page: /Users/damithch/Repos/git-mastery/git-mastery.github.io/lessons/trail/backingUpOnCloud/index.md
2026-06-21T17:24:21.402Z - [36mverbose[39m: Rendering page: /Users/damithch/Repos/git-mastery/git-mastery.github.io/lessons/template/index.md
2026-06-21T17:24:22.370Z - [36mverbose[39m: Rendering page: /Users/damithch/Repos/git-mastery/git-mastery.github.io/lessons/trail/branchingLocally/index.md
2026-06-21T17:24:22.588Z - [36mverbose[39m: Rendering page: /Users/damithch/Repos/git-mastery/git-mastery.github.io/lessons/tag/index.md
2026-06-21T17:24:22.959Z - [36mverbose[39m: Rendering page: /Users/damithch/Repos/git-mastery/git-mastery.github.io/lessons/syncByRebase/index.md
2026-06-21T17:24:22.969Z - [36mverbose[39m: Rendering page: /Users/damithch/Repos/git-mastery/git-mastery.github.io/lessons/syncByMerge/index.md
2026-06-21T17:24:22.976Z - [36mverbose[39m: Rendering page: /Users/damithch/Repos/git-mastery/git-mastery.github.io/lessons/stage/index.md
2026-06-21T17:24:23.314Z - [36mverbose[39m: Rendering page: /Users/damithch/Repos/git-mastery/git-mastery.github.io/lessons/show/index.md
2026-06-21T17:24:23.327Z - [36mverbose[39m: Rendering page: /Users/damithch/Repos/git-mastery/git-mastery.github.io/lessons/revert/index.md
2026-06-21T17:24:23.334Z - [36mverbose[39m: Rendering page: /Users/damithch/Repos/git-mastery/git-mastery.github.io/lessons/selectiveStage/index.md
2026-06-21T17:24:23.342Z - [36mverbose[39m: Rendering page: /Users/damithch/Repos/git-mastery/git-mastery.github.io/lessons/setRemote/index.md
2026-06-21T17:24:23.616Z - [36mverbose[39m: Rendering page: /Users/damithch/Repos/git-mastery/git-mastery.github.io/lessons/reset/index.md
2026-06-21T17:24:23.633Z - [36mverbose[39m: Rendering page: /Users/damithch/Repos/git-mastery/git-mastery.github.io/lessons/remoteRepos/index.md
2026-06-21T17:24:23.640Z - [36mverbose[39m: Rendering page: /Users/damithch/Repos/git-mastery/git-mastery.github.io/lessons/remoteBranchRename/index.md
2026-06-21T17:24:23.653Z - [36mverbose[39m: Rendering page: /Users/damithch/Repos/git-mastery/git-mastery.github.io/lessons/remoteBranchPush/index.md
2026-06-21T17:24:23.947Z - [36mverbose[39m: Rendering page: /Users/damithch/Repos/git-mastery/git-mastery.github.io/lessons/remoteBranchPull/index.md
2026-06-21T17:24:23.957Z - [36mverbose[39m: Rendering page: /Users/damithch/Repos/git-mastery/git-mastery.github.io/lessons/push/index.md
2026-06-21T17:24:23.976Z - [36mverbose[39m: Rendering page: /Users/damithch/Repos/git-mastery/git-mastery.github.io/lessons/remoteBranchDelete/index.md
2026-06-21T17:24:23.982Z - [36mverbose[39m: Rendering page: /Users/damithch/Repos/git-mastery/git-mastery.github.io/lessons/pull/index.md
2026-06-21T17:24:24.204Z - [36mverbose[39m: Rendering page: /Users/damithch/Repos/git-mastery/git-mastery.github.io/lessons/prsReview/index.md
2026-06-21T17:24:24.211Z - [36mverbose[39m: Rendering page: /Users/damithch/Repos/git-mastery/git-mastery.github.io/lessons/prsMerge/index.md
2026-06-21T17:24:24.222Z - [36mverbose[39m: Rendering page: /Users/damithch/Repos/git-mastery/git-mastery.github.io/lessons/prsCreate/index.md
2026-06-21T17:24:24.236Z - [36mverbose[39m: Rendering page: /Users/damithch/Repos/git-mastery/git-mastery.github.io/lessons/otherPmFeatures/index.md
2026-06-21T17:24:24.526Z - [36mverbose[39m: Rendering page: /Users/damithch/Repos/git-mastery/git-mastery.github.io/lessons/mergeConflicts/index.md
2026-06-21T17:24:24.536Z - [36mverbose[39m: Rendering page: /Users/damithch/Repos/git-mastery/git-mastery.github.io/lessons/merge/index.md
2026-06-21T17:24:24.548Z - [36mverbose[39m: Rendering page: /Users/damithch/Repos/git-mastery/git-mastery.github.io/lessons/intro/index.md
2026-06-21T17:24:24.552Z - [36mverbose[39m: Rendering page: /Users/damithch/Repos/git-mastery/git-mastery.github.io/lessons/log/index.md
2026-06-21T17:24:24.920Z - [36mverbose[39m: Rendering page: /Users/damithch/Repos/git-mastery/git-mastery.github.io/lessons/interactiveRebase/index.md
2026-06-21T17:24:24.927Z - [36mverbose[39m: Rendering page: /Users/damithch/Repos/git-mastery/git-mastery.github.io/lessons/index.md
2026-06-21T17:24:24.934Z - [36mverbose[39m: Rendering page: /Users/damithch/Repos/git-mastery/git-mastery.github.io/lessons/init/index.md
2026-06-21T17:24:25.035Z - [36mverbose[39m: Rendering page: /Users/damithch/Repos/git-mastery/git-mastery.github.io/lessons/ignore/index.md
2026-06-21T17:24:25.067Z - [36mverbose[39m: Rendering page: /Users/damithch/Repos/git-mastery/git-mastery.github.io/lessons/githubPrep/index.md
2026-06-21T17:24:25.075Z - [36mverbose[39m: Rendering page: /Users/damithch/Repos/git-mastery/git-mastery.github.io/lessons/gitPrep/index.md
2026-06-21T17:24:25.104Z - [36mverbose[39m: Rendering page: /Users/damithch/Repos/git-mastery/git-mastery.github.io/lessons/forkingWorkflow/index.md
2026-06-21T17:24:25.161Z - [36mverbose[39m: Rendering page: /Users/damithch/Repos/git-mastery/git-mastery.github.io/lessons/fork/index.md
2026-06-21T17:24:25.202Z - [36mverbose[39m: Rendering page: /Users/damithch/Repos/git-mastery/git-mastery.github.io/lessons/diff/index.md
2026-06-21T17:24:25.258Z - [36mverbose[39m: Rendering page: /Users/damithch/Repos/git-mastery/git-mastery.github.io/lessons/createRemoteRepo/index.md
2026-06-21T17:24:25.263Z - [36mverbose[39m: Rendering page: /Users/damithch/Repos/git-mastery/git-mastery.github.io/lessons/commitMessage/index.md
2026-06-21T17:24:25.306Z - [36mverbose[39m: Rendering page: /Users/damithch/Repos/git-mastery/git-mastery.github.io/lessons/commit/index.md
2026-06-21T17:24:25.371Z - [36mverbose[39m: Rendering page: /Users/damithch/Repos/git-mastery/git-mastery.github.io/lessons/clone/index.md
2026-06-21T17:24:25.377Z - [36mverbose[39m: Rendering page: /Users/damithch/Repos/git-mastery/git-mastery.github.io/lessons/cherryPick/index.md
2026-06-21T17:24:25.410Z - [36mverbose[39m: Rendering page: /Users/damithch/Repos/git-mastery/git-mastery.github.io/lessons/checkout/index.md
2026-06-21T17:24:25.566Z - [36mverbose[39m: Rendering page: /Users/damithch/Repos/git-mastery/git-mastery.github.io/lessons/branchRename/index.md
2026-06-21T17:24:25.573Z - [36mverbose[39m: Rendering page: /Users/damithch/Repos/git-mastery/git-mastery.github.io/lessons/branchDelete/index.md
2026-06-21T17:24:25.583Z - [36mverbose[39m: Rendering page: /Users/damithch/Repos/git-mastery/git-mastery.github.io/lessons/branch/index.md
2026-06-21T17:24:25.601Z - [32minfo[39m: Site data built
2026-06-21T17:24:25.601Z - [32minfo[39m: Pages rebuilt
2026-06-21T17:24:25.601Z - [32minfo[39m: Website regeneration complete! Total build time: 10.76s
2026-06-21T17:25:04.870Z - [32minfo[39m: [01:25:04] Reload for file change: /Users/damithch/Repos/git-mastery/git-mastery.github.io/lessons/worktrees/text.md
2026-06-21T17:25:05.882Z - [32minfo[39m: Rebuilding 5 pages
2026-06-21T17:25:06.793Z - [36mverbose[39m: Rendering page: /Users/damithch/Repos/git-mastery/git-mastery.github.io/lessons/index.md
2026-06-21T17:25:06.799Z - [36mverbose[39m: Rendering page: /Users/damithch/Repos/git-mastery/git-mastery.github.io/lessons/trail/index.md
2026-06-21T17:25:06.806Z - [36mverbose[39m: Rendering page: /Users/damithch/Repos/git-mastery/git-mastery.github.io/lessons/worktrees/index.md
2026-06-21T17:25:06.815Z - [36mverbose[39m: Rendering page: /Users/damithch/Repos/git-mastery/git-mastery.github.io/lessons/trail/branchingLocally/index.md
2026-06-21T17:25:09.699Z - [36mverbose[39m: Rendering page: /Users/damithch/Repos/git-mastery/git-mastery.github.io/lessons/trail/all.md
2026-06-21T17:25:10.051Z - [32minfo[39m: Site data built
2026-06-21T17:25:10.052Z - [32minfo[39m: Pages rebuilt
2026-06-21T17:25:10.052Z - [32minfo[39m: Website regeneration complete! Total build time: 4.174s
2026-06-21T17:35:03.936Z - [32minfo[39m: [01:35:03] Reload for file change: /Users/damithch/Repos/git-mastery/git-mastery.github.io/lessons/worktrees/text.md
2026-06-21T17:35:04.010Z - [32minfo[39m: [01:35:04] Reload for file change: /Users/damithch/Repos/git-mastery/git-mastery.github.io/lessons/worktrees/text.md
2026-06-21T17:35:04.967Z - [32minfo[39m: Rebuilding 5 pages
2026-06-21T17:35:05.966Z - [36mverbose[39m: Rendering page: /Users/damithch/Repos/git-mastery/git-mastery.github.io/lessons/trail/index.md
2026-06-21T17:35:05.981Z - [36mverbose[39m: Rendering page: /Users/damithch/Repos/git-mastery/git-mastery.github.io/lessons/index.md
2026-06-21T17:35:06.000Z - [36mverbose[39m: Rendering page: /Users/damithch/Repos/git-mastery/git-mastery.github.io/lessons/worktrees/index.md
2026-06-21T17:35:06.016Z - [36mverbose[39m: Rendering page: /Users/damithch/Repos/git-mastery/git-mastery.github.io/lessons/trail/branchingLocally/index.md
2026-06-21T17:35:09.120Z - [36mverbose[39m: Rendering page: /Users/damithch/Repos/git-mastery/git-mastery.github.io/lessons/trail/all.md
2026-06-21T17:35:09.332Z - [32minfo[39m: Site data built
2026-06-21T17:35:09.332Z - [32minfo[39m: Pages rebuilt
2026-06-21T17:35:09.332Z - [32minfo[39m: Website regeneration complete! Total build time: 4.386s
2026-06-21T17:37:16.974Z - [32minfo[39m: Website generation started at 01:37:16
2026-06-21T17:37:17.048Z - [32minfo[39m: Building assets...
