2026-06-14T16:03:15.585Z - [32minfo[39m: [00:03:15] Reload for file add: /Users/damithch/Repos/git-mastery/git-mastery.github.io/lessons/branch/images/workingDirectlyReflectsActiveBranch.png
2026-06-14T16:03:15.602Z - [32minfo[39m: Synchronizing opened pages list before reload
2026-06-14T16:03:15.602Z - [32minfo[39m: Current opened pages, from most-to-least recent:
2026-06-14T16:03:15.603Z - [32minfo[39m: 1. lessons/branch/index
2026-06-14T16:03:15.879Z - [32minfo[39m: [00:03:15] Reload for file change: /Users/damithch/Repos/git-mastery/git-mastery.github.io/lessons/branch/images/workingDirectlyReflectsActiveBranch.png
2026-06-14T16:03:15.880Z - [32minfo[39m: Synchronizing opened pages list before reload
2026-06-14T16:03:15.880Z - [32minfo[39m: Current opened pages, from most-to-least recent:
2026-06-14T16:03:15.880Z - [32minfo[39m: 1. lessons/branch/index
2026-06-14T16:03:16.683Z - [32minfo[39m: Assets built
2026-06-14T16:03:37.244Z - [32minfo[39m: [00:03:37] Reload for file change: /Users/damithch/Repos/git-mastery/git-mastery.github.io/lessons/branch/images/workingDirectlyReflectsActiveBranch.png
2026-06-14T16:03:37.245Z - [32minfo[39m: Synchronizing opened pages list before reload
2026-06-14T16:03:37.246Z - [32minfo[39m: Current opened pages, from most-to-least recent:
2026-06-14T16:03:37.246Z - [32minfo[39m: 1. lessons/branch/index
2026-06-14T16:03:38.252Z - [32minfo[39m: Assets built
2026-06-14T16:04:20.157Z - [32minfo[39m: [00:04:20] Reload for file change: /Users/damithch/Repos/git-mastery/git-mastery.github.io/lessons/branch/text.md
2026-06-14T16:04:20.158Z - [32minfo[39m: Synchronizing opened pages list before reload
2026-06-14T16:04:20.159Z - [32minfo[39m: Current opened pages, from most-to-least recent:
2026-06-14T16:04:20.159Z - [32minfo[39m: 1. lessons/branch/index
2026-06-14T16:04:21.182Z - [32minfo[39m: Rebuilding 1 pages
2026-06-14T16:04:21.359Z - [36mverbose[39m: Rendering page: /Users/damithch/Repos/git-mastery/git-mastery.github.io/lessons/branch/index.md
2026-06-14T16:04:21.376Z - [33mwarn[39m: You might have an invalid intra-link! Ignore this warning if it was intended.
'/lessons/branch/images/.png' found in file '/Users/damithch/Repos/git-mastery/git-mastery.github.io/lessons/branch/text.md'
2026-06-14T16:04:21.376Z - [32minfo[39m: Site data built
2026-06-14T16:04:21.376Z - [32minfo[39m: Pages rebuilt
2026-06-14T16:04:21.376Z - [32minfo[39m: Website regeneration complete! Total build time: 0.215s
2026-06-14T16:04:30.230Z - [32minfo[39m: [00:04:30] Reload for file change: /Users/damithch/Repos/git-mastery/git-mastery.github.io/lessons/branch/text.md
2026-06-14T16:04:30.231Z - [32minfo[39m: Synchronizing opened pages list before reload
2026-06-14T16:04:30.232Z - [32minfo[39m: Current opened pages, from most-to-least recent:
2026-06-14T16:04:30.232Z - [32minfo[39m: 1. lessons/branch/index
2026-06-14T16:04:31.240Z - [32minfo[39m: Rebuilding 1 pages
2026-06-14T16:04:31.419Z - [36mverbose[39m: Rendering page: /Users/damithch/Repos/git-mastery/git-mastery.github.io/lessons/branch/index.md
2026-06-14T16:04:31.442Z - [32minfo[39m: Site data built
2026-06-14T16:04:31.442Z - [32minfo[39m: Pages rebuilt
2026-06-14T16:04:31.442Z - [32minfo[39m: Website regeneration complete! Total build time: 0.205s
2026-06-14T16:05:32.493Z - [32minfo[39m: [00:05:32] Reload for file change: /Users/damithch/Repos/git-mastery/git-mastery.github.io/lessons/branch/images/workingDirectlyReflectsActiveBranch.png
2026-06-14T16:05:32.494Z - [32minfo[39m: Synchronizing opened pages list before reload
2026-06-14T16:05:32.494Z - [32minfo[39m: Current opened pages, from most-to-least recent:
2026-06-14T16:05:32.494Z - [32minfo[39m: 1. lessons/branch/index
2026-06-14T16:05:33.507Z - [32minfo[39m: Assets built
2026-06-14T16:05:54.154Z - [32minfo[39m: [00:05:54] Reload for file change: /Users/damithch/Repos/git-mastery/git-mastery.github.io/lessons/branch/images/workingDirectlyReflectsActiveBranch.png
2026-06-14T16:05:54.155Z - [32minfo[39m: Synchronizing opened pages list before reload
2026-06-14T16:05:54.155Z - [32minfo[39m: Current opened pages, from most-to-least recent:
2026-06-14T16:05:54.156Z - [32minfo[39m: 1. lessons/branch/index
2026-06-14T16:05:55.161Z - [32minfo[39m: Assets built
2026-06-14T16:06:55.181Z - [32minfo[39m: [00:06:55] Reload for file change: /Users/damithch/Repos/git-mastery/git-mastery.github.io/lessons/branch/text.md
2026-06-14T16:06:55.182Z - [32minfo[39m: Synchronizing opened pages list before reload
2026-06-14T16:06:55.182Z - [32minfo[39m: Current opened pages, from most-to-least recent:
2026-06-14T16:06:55.183Z - [32minfo[39m: 1. lessons/branch/index
2026-06-14T16:06:56.189Z - [32minfo[39m: Rebuilding 1 pages
2026-06-14T16:06:56.416Z - [36mverbose[39m: Rendering page: /Users/damithch/Repos/git-mastery/git-mastery.github.io/lessons/branch/index.md
2026-06-14T16:06:56.435Z - [32minfo[39m: Site data built
2026-06-14T16:06:56.435Z - [32minfo[39m: Pages rebuilt
2026-06-14T16:06:56.435Z - [32minfo[39m: Website regeneration complete! Total build time: 0.249s
2026-06-14T16:07:54.299Z - [32minfo[39m: [00:07:54] Reload for file change: /Users/damithch/Repos/git-mastery/git-mastery.github.io/lessons/branch/text.md
2026-06-14T16:07:54.303Z - [32minfo[39m: Synchronizing opened pages list before reload
2026-06-14T16:07:54.303Z - [32minfo[39m: Current opened pages, from most-to-least recent:
2026-06-14T16:07:54.303Z - [32minfo[39m: 1. lessons/branch/index
2026-06-14T16:07:55.309Z - [32minfo[39m: Rebuilding 1 pages
2026-06-14T16:07:55.494Z - [36mverbose[39m: Rendering page: /Users/damithch/Repos/git-mastery/git-mastery.github.io/lessons/branch/index.md
2026-06-14T16:07:55.511Z - [32minfo[39m: Site data built
2026-06-14T16:07:55.511Z - [32minfo[39m: Pages rebuilt
2026-06-14T16:07:55.511Z - [32minfo[39m: Website regeneration complete! Total build time: 0.205s
2026-06-14T16:08:18.289Z - [32minfo[39m: [00:08:18] Reload for file change: /Users/damithch/Repos/git-mastery/git-mastery.github.io/lessons/branch/text.md
2026-06-14T16:08:18.290Z - [32minfo[39m: Synchronizing opened pages list before reload
2026-06-14T16:08:18.293Z - [32minfo[39m: Current opened pages, from most-to-least recent:
2026-06-14T16:08:18.294Z - [32minfo[39m: 1. lessons/branch/index
2026-06-14T16:08:19.299Z - [32minfo[39m: Rebuilding 1 pages
2026-06-14T16:08:19.492Z - [36mverbose[39m: Rendering page: /Users/damithch/Repos/git-mastery/git-mastery.github.io/lessons/branch/index.md
2026-06-14T16:08:19.507Z - [32minfo[39m: Site data built
2026-06-14T16:08:19.507Z - [32minfo[39m: Pages rebuilt
2026-06-14T16:08:19.507Z - [32minfo[39m: Website regeneration complete! Total build time: 0.211s
2026-06-14T16:08:58.318Z - [32minfo[39m: [00:08:58] Reload for file change: /Users/damithch/Repos/git-mastery/git-mastery.github.io/lessons/branch/text.md
2026-06-14T16:08:58.320Z - [32minfo[39m: Synchronizing opened pages list before reload
2026-06-14T16:08:58.320Z - [32minfo[39m: Current opened pages, from most-to-least recent:
2026-06-14T16:08:58.321Z - [32minfo[39m: 1. lessons/branch/index
2026-06-14T16:08:59.325Z - [32minfo[39m: Rebuilding 1 pages
2026-06-14T16:08:59.498Z - [36mverbose[39m: Rendering page: /Users/damithch/Repos/git-mastery/git-mastery.github.io/lessons/branch/index.md
2026-06-14T16:08:59.513Z - [32minfo[39m: Site data built
2026-06-14T16:08:59.513Z - [32minfo[39m: Pages rebuilt
2026-06-14T16:08:59.513Z - [32minfo[39m: Website regeneration complete! Total build time: 0.19s
2026-06-14T16:39:27.400Z - [32minfo[39m: [00:39:27] Reload for file add: /Users/damithch/Repos/git-mastery/git-mastery.github.io/lessons/branch/images/atInitNoCommit.png
2026-06-14T16:39:27.405Z - [32minfo[39m: Synchronizing opened pages list before reload
2026-06-14T16:39:27.405Z - [32minfo[39m: Current opened pages, from most-to-least recent:
2026-06-14T16:39:27.405Z - [32minfo[39m: 1. lessons/branch/index
2026-06-14T16:39:28.470Z - [32minfo[39m: Assets built
2026-06-14T16:39:55.479Z - [32minfo[39m: [00:39:55] Reload for file add: /Users/damithch/Repos/git-mastery/git-mastery.github.io/lessons/branch/images/atInitOneCommit.png
2026-06-14T16:39:55.480Z - [32minfo[39m: Synchronizing opened pages list before reload
2026-06-14T16:39:55.481Z - [32minfo[39m: Current opened pages, from most-to-least recent:
2026-06-14T16:39:55.481Z - [32minfo[39m: 1. lessons/branch/index
2026-06-14T16:39:55.777Z - [32minfo[39m: [00:39:55] Reload for file change: /Users/damithch/Repos/git-mastery/git-mastery.github.io/lessons/branch/images/atInitOneCommit.png
2026-06-14T16:39:55.778Z - [32minfo[39m: Synchronizing opened pages list before reload
2026-06-14T16:39:55.778Z - [32minfo[39m: Current opened pages, from most-to-least recent:
2026-06-14T16:39:55.778Z - [32minfo[39m: 1. lessons/branch/index
2026-06-14T16:39:56.548Z - [32minfo[39m: Assets built
2026-06-14T16:40:37.306Z - [32minfo[39m: [00:40:37] Reload for file add: /Users/damithch/Repos/git-mastery/git-mastery.github.io/lessons/branch/images/atInitDecideParent.png
2026-06-14T16:40:37.307Z - [32minfo[39m: Synchronizing opened pages list before reload
2026-06-14T16:40:37.307Z - [32minfo[39m: Current opened pages, from most-to-least recent:
2026-06-14T16:40:37.308Z - [32minfo[39m: 1. lessons/branch/index
2026-06-14T16:40:38.354Z - [32minfo[39m: Assets built
2026-06-14T16:41:08.243Z - [32minfo[39m: [00:41:08] Reload for file add: /Users/damithch/Repos/git-mastery/git-mastery.github.io/lessons/branch/images/atInitRefMovesForward.png
2026-06-14T16:41:08.243Z - [32minfo[39m: Synchronizing opened pages list before reload
2026-06-14T16:41:08.244Z - [32minfo[39m: Current opened pages, from most-to-least recent:
2026-06-14T16:41:08.244Z - [32minfo[39m: 1. lessons/branch/index
2026-06-14T16:41:09.289Z - [32minfo[39m: Assets built
2026-06-14T16:47:55.907Z - [32minfo[39m: [00:47:55] Reload for file change: /Users/damithch/Repos/git-mastery/git-mastery.github.io/lessons/branch/images/atInitRefMovesForward.png
2026-06-14T16:47:55.909Z - [32minfo[39m: Synchronizing opened pages list before reload
2026-06-14T16:47:55.910Z - [32minfo[39m: Current opened pages, from most-to-least recent:
2026-06-14T16:47:55.910Z - [32minfo[39m: 1. lessons/branch/index
2026-06-14T16:47:56.929Z - [32minfo[39m: Assets built
2026-06-14T16:48:12.634Z - [32minfo[39m: [00:48:12] Reload for file change: /Users/damithch/Repos/git-mastery/git-mastery.github.io/lessons/branch/images/atInitNoCommit.png
2026-06-14T16:48:12.636Z - [32minfo[39m: Synchronizing opened pages list before reload
2026-06-14T16:48:12.637Z - [32minfo[39m: Current opened pages, from most-to-least recent:
2026-06-14T16:48:12.637Z - [32minfo[39m: 1. lessons/branch/index
2026-06-14T16:48:12.735Z - [32minfo[39m: [00:48:12] Reload for file change: /Users/damithch/Repos/git-mastery/git-mastery.github.io/lessons/branch/images/atInitDecideParent.png
2026-06-14T16:48:12.736Z - [32minfo[39m: Synchronizing opened pages list before reload
2026-06-14T16:48:12.736Z - [32minfo[39m: Current opened pages, from most-to-least recent:
2026-06-14T16:48:12.736Z - [32minfo[39m: 1. lessons/branch/index
2026-06-14T16:48:12.736Z - [32minfo[39m: [00:48:12] Reload for file change: /Users/damithch/Repos/git-mastery/git-mastery.github.io/lessons/branch/images/atInitOneCommit.png
2026-06-14T16:48:12.736Z - [32minfo[39m: Synchronizing opened pages list before reload
2026-06-14T16:48:12.736Z - [32minfo[39m: Current opened pages, from most-to-least recent:
2026-06-14T16:48:12.736Z - [32minfo[39m: 1. lessons/branch/index
2026-06-14T16:48:13.646Z - [32minfo[39m: Assets built
2026-06-14T16:49:20.830Z - [32minfo[39m: [00:49:20] Reload for file change: /Users/damithch/Repos/git-mastery/git-mastery.github.io/lessons/branch/text.md
2026-06-14T16:49:20.831Z - [32minfo[39m: Synchronizing opened pages list before reload
2026-06-14T16:49:20.832Z - [32minfo[39m: Current opened pages, from most-to-least recent:
2026-06-14T16:49:20.832Z - [32minfo[39m: 1. lessons/branch/index
2026-06-14T16:49:21.855Z - [32minfo[39m: Rebuilding 1 pages
2026-06-14T16:49:22.046Z - [36mverbose[39m: Rendering page: /Users/damithch/Repos/git-mastery/git-mastery.github.io/lessons/branch/index.md
2026-06-14T16:49:22.062Z - [33mwarn[39m: You might have an invalid intra-link! Ignore this warning if it was intended.
'/lessons/branch/images/atInitNoCommits.png' found in file '/Users/damithch/Repos/git-mastery/git-mastery.github.io/lessons/branch/text.md'
2026-06-14T16:49:22.063Z - [32minfo[39m: Site data built
2026-06-14T16:49:22.063Z - [32minfo[39m: Pages rebuilt
2026-06-14T16:49:22.063Z - [32minfo[39m: Website regeneration complete! Total build time: 0.229s
2026-06-14T16:49:36.877Z - [32minfo[39m: [00:49:36] Reload for file change: /Users/damithch/Repos/git-mastery/git-mastery.github.io/lessons/branch/text.md
2026-06-14T16:49:36.878Z - [32minfo[39m: Synchronizing opened pages list before reload
2026-06-14T16:49:36.878Z - [32minfo[39m: Current opened pages, from most-to-least recent:
2026-06-14T16:49:36.878Z - [32minfo[39m: 1. lessons/branch/index
2026-06-14T16:49:37.884Z - [32minfo[39m: Rebuilding 1 pages
2026-06-14T16:49:38.027Z - [36mverbose[39m: Rendering page: /Users/damithch/Repos/git-mastery/git-mastery.github.io/lessons/branch/index.md
2026-06-14T16:49:38.048Z - [32minfo[39m: Site data built
2026-06-14T16:49:38.048Z - [32minfo[39m: Pages rebuilt
2026-06-14T16:49:38.048Z - [32minfo[39m: Website regeneration complete! Total build time: 0.168s
2026-06-14T16:50:45.855Z - [32minfo[39m: [00:50:45] Reload for file change: /Users/damithch/Repos/git-mastery/git-mastery.github.io/lessons/branch/text.md
2026-06-14T16:50:45.859Z - [32minfo[39m: Synchronizing opened pages list before reload
2026-06-14T16:50:45.860Z - [32minfo[39m: Current opened pages, from most-to-least recent:
2026-06-14T16:50:45.860Z - [32minfo[39m: 1. lessons/branch/index
2026-06-14T16:50:46.865Z - [32minfo[39m: Rebuilding 1 pages
2026-06-14T16:50:47.055Z - [36mverbose[39m: Rendering page: /Users/damithch/Repos/git-mastery/git-mastery.github.io/lessons/branch/index.md
2026-06-14T16:50:47.073Z - [32minfo[39m: Site data built
2026-06-14T16:50:47.073Z - [32minfo[39m: Pages rebuilt
2026-06-14T16:50:47.073Z - [32minfo[39m: Website regeneration complete! Total build time: 0.21s
2026-06-14T16:52:59.584Z - [32minfo[39m: [00:52:59] Reload for file change: /Users/damithch/Repos/git-mastery/git-mastery.github.io/lessons/branch/text.md
2026-06-14T16:52:59.586Z - [32minfo[39m: Synchronizing opened pages list before reload
2026-06-14T16:52:59.586Z - [32minfo[39m: Current opened pages, from most-to-least recent:
2026-06-14T16:52:59.586Z - [32minfo[39m: 1. lessons/branch/index
2026-06-14T16:53:00.595Z - [32minfo[39m: Rebuilding 1 pages
2026-06-14T16:53:00.786Z - [36mverbose[39m: Rendering page: /Users/damithch/Repos/git-mastery/git-mastery.github.io/lessons/branch/index.md
2026-06-14T16:53:00.802Z - [32minfo[39m: Site data built
2026-06-14T16:53:00.802Z - [32minfo[39m: Pages rebuilt
2026-06-14T16:53:00.802Z - [32minfo[39m: Website regeneration complete! Total build time: 0.212s
2026-06-14T16:55:50.742Z - [32minfo[39m: [00:55:50] Reload for file change: /Users/damithch/Repos/git-mastery/git-mastery.github.io/lessons/branch/text.md
2026-06-14T16:55:50.744Z - [32minfo[39m: Synchronizing opened pages list before reload
2026-06-14T16:55:50.744Z - [32minfo[39m: Current opened pages, from most-to-least recent:
2026-06-14T16:55:50.745Z - [32minfo[39m: 1. lessons/branch/index
2026-06-14T16:55:51.750Z - [32minfo[39m: Rebuilding 1 pages
2026-06-14T16:55:51.942Z - [36mverbose[39m: Rendering page: /Users/damithch/Repos/git-mastery/git-mastery.github.io/lessons/branch/index.md
2026-06-14T16:55:51.959Z - [32minfo[39m: Site data built
2026-06-14T16:55:51.959Z - [32minfo[39m: Pages rebuilt
2026-06-14T16:55:51.959Z - [32minfo[39m: Website regeneration complete! Total build time: 0.213s
2026-06-14T16:56:18.777Z - [32minfo[39m: [00:56:18] Reload for file change: /Users/damithch/Repos/git-mastery/git-mastery.github.io/lessons/branch/text.md
2026-06-14T16:56:18.779Z - [32minfo[39m: Synchronizing opened pages list before reload
2026-06-14T16:56:18.780Z - [32minfo[39m: Current opened pages, from most-to-least recent:
2026-06-14T16:56:18.780Z - [32minfo[39m: 1. lessons/branch/index
2026-06-14T16:56:19.785Z - [32minfo[39m: Rebuilding 1 pages
2026-06-14T16:56:19.956Z - [36mverbose[39m: Rendering page: /Users/damithch/Repos/git-mastery/git-mastery.github.io/lessons/branch/index.md
2026-06-14T16:56:19.976Z - [32minfo[39m: Site data built
2026-06-14T16:56:19.976Z - [32minfo[39m: Pages rebuilt
2026-06-14T16:56:19.976Z - [32minfo[39m: Website regeneration complete! Total build time: 0.193s
2026-06-14T16:56:38.154Z - [32minfo[39m: [00:56:38] Reload for file change: /Users/damithch/Repos/git-mastery/git-mastery.github.io/lessons/branch/text.md
2026-06-14T16:56:38.158Z - [32minfo[39m: Synchronizing opened pages list before reload
2026-06-14T16:56:38.161Z - [32minfo[39m: Current opened pages, from most-to-least recent:
2026-06-14T16:56:38.161Z - [32minfo[39m: 1. lessons/branch/index
2026-06-14T16:56:39.172Z - [32minfo[39m: Rebuilding 1 pages
2026-06-14T16:56:39.409Z - [36mverbose[39m: Rendering page: /Users/damithch/Repos/git-mastery/git-mastery.github.io/lessons/branch/index.md
2026-06-14T16:56:39.426Z - [32minfo[39m: Site data built
2026-06-14T16:56:39.426Z - [32minfo[39m: Pages rebuilt
2026-06-14T16:56:39.426Z - [32minfo[39m: Website regeneration complete! Total build time: 0.258s
2026-06-14T16:56:51.531Z - [32minfo[39m: [00:56:51] Reload for file change: /Users/damithch/Repos/git-mastery/git-mastery.github.io/lessons/branch/text.md
2026-06-14T16:56:51.532Z - [32minfo[39m: Synchronizing opened pages list before reload
2026-06-14T16:56:51.532Z - [32minfo[39m: Current opened pages, from most-to-least recent:
2026-06-14T16:56:51.533Z - [32minfo[39m: 1. lessons/branch/index
2026-06-14T16:56:52.539Z - [32minfo[39m: Rebuilding 1 pages
2026-06-14T16:56:52.714Z - [36mverbose[39m: Rendering page: /Users/damithch/Repos/git-mastery/git-mastery.github.io/lessons/branch/index.md
2026-06-14T16:56:52.738Z - [32minfo[39m: Site data built
2026-06-14T16:56:52.738Z - [32minfo[39m: Pages rebuilt
2026-06-14T16:56:52.738Z - [32minfo[39m: Website regeneration complete! Total build time: 0.203s
2026-06-14T16:56:57.545Z - [32minfo[39m: [00:56:57] Reload for file change: /Users/damithch/Repos/git-mastery/git-mastery.github.io/lessons/branch/text.md
2026-06-14T16:56:57.546Z - [32minfo[39m: Synchronizing opened pages list before reload
2026-06-14T16:56:57.547Z - [32minfo[39m: Current opened pages, from most-to-least recent:
2026-06-14T16:56:57.548Z - [32minfo[39m: 1. lessons/branch/index
2026-06-14T16:56:58.553Z - [32minfo[39m: Rebuilding 1 pages
2026-06-14T16:56:58.757Z - [36mverbose[39m: Rendering page: /Users/damithch/Repos/git-mastery/git-mastery.github.io/lessons/branch/index.md
2026-06-14T16:56:58.781Z - [32minfo[39m: Site data built
2026-06-14T16:56:58.781Z - [32minfo[39m: Pages rebuilt
2026-06-14T16:56:58.781Z - [32minfo[39m: Website regeneration complete! Total build time: 0.23s
2026-06-14T16:57:56.680Z - [32minfo[39m: [00:57:56] Reload for file change: /Users/damithch/Repos/git-mastery/git-mastery.github.io/lessons/branch/text.md
2026-06-14T16:57:56.681Z - [32minfo[39m: Synchronizing opened pages list before reload
2026-06-14T16:57:56.682Z - [32minfo[39m: Current opened pages, from most-to-least recent:
2026-06-14T16:57:56.682Z - [32minfo[39m: 1. lessons/branch/index
2026-06-14T16:57:57.685Z - [32minfo[39m: Rebuilding 1 pages
2026-06-14T16:57:57.897Z - [36mverbose[39m: Rendering page: /Users/damithch/Repos/git-mastery/git-mastery.github.io/lessons/branch/index.md
2026-06-14T16:57:57.914Z - [32minfo[39m: Site data built
2026-06-14T16:57:57.914Z - [32minfo[39m: Pages rebuilt
2026-06-14T16:57:57.914Z - [32minfo[39m: Website regeneration complete! Total build time: 0.23s
2026-06-14T16:58:37.969Z - [32minfo[39m: [00:58:37] Reload for file change: /Users/damithch/Repos/git-mastery/git-mastery.github.io/lessons/branch/text.md
2026-06-14T16:58:37.971Z - [32minfo[39m: Synchronizing opened pages list before reload
2026-06-14T16:58:37.973Z - [32minfo[39m: Current opened pages, from most-to-least recent:
2026-06-14T16:58:37.973Z - [32minfo[39m: 1. lessons/branch/index
2026-06-14T16:58:38.980Z - [32minfo[39m: Rebuilding 1 pages
2026-06-14T16:58:39.162Z - [36mverbose[39m: Rendering page: /Users/damithch/Repos/git-mastery/git-mastery.github.io/lessons/branch/index.md
2026-06-14T16:58:39.177Z - [32minfo[39m: Site data built
2026-06-14T16:58:39.177Z - [32minfo[39m: Pages rebuilt
2026-06-14T16:58:39.178Z - [32minfo[39m: Website regeneration complete! Total build time: 0.201s
2026-06-14T17:00:12.658Z - [32minfo[39m: [01:00:12] Reload for file change: /Users/damithch/Repos/git-mastery/git-mastery.github.io/lessons/branch/text.md
2026-06-14T17:00:12.659Z - [32minfo[39m: Synchronizing opened pages list before reload
2026-06-14T17:00:12.660Z - [32minfo[39m: Current opened pages, from most-to-least recent:
2026-06-14T17:00:12.660Z - [32minfo[39m: 1. lessons/branch/index
2026-06-14T17:00:13.665Z - [32minfo[39m: Rebuilding 1 pages
2026-06-14T17:00:13.870Z - [36mverbose[39m: Rendering page: /Users/damithch/Repos/git-mastery/git-mastery.github.io/lessons/branch/index.md
2026-06-14T17:00:13.886Z - [32minfo[39m: Site data built
2026-06-14T17:00:13.886Z - [32minfo[39m: Pages rebuilt
2026-06-14T17:00:13.886Z - [32minfo[39m: Website regeneration complete! Total build time: 0.224s
2026-06-14T17:00:48.577Z - [32minfo[39m: [01:00:48] Reload for file change: /Users/damithch/Repos/git-mastery/git-mastery.github.io/lessons/branch/text.md
2026-06-14T17:00:48.605Z - [32minfo[39m: Synchronizing opened pages list before reload
2026-06-14T17:00:48.619Z - [32minfo[39m: Current opened pages, from most-to-least recent:
2026-06-14T17:00:48.635Z - [32minfo[39m: 1. lessons/branch/index
2026-06-14T17:00:49.650Z - [32minfo[39m: Rebuilding 1 pages
2026-06-14T17:00:49.796Z - [36mverbose[39m: Rendering page: /Users/damithch/Repos/git-mastery/git-mastery.github.io/lessons/branch/index.md
2026-06-14T17:00:49.817Z - [32minfo[39m: Site data built
2026-06-14T17:00:49.817Z - [32minfo[39m: Pages rebuilt
2026-06-14T17:00:49.817Z - [32minfo[39m: Website regeneration complete! Total build time: 0.171s
2026-06-14T17:01:43.179Z - [32minfo[39m: [01:01:43] Reload for file change: /Users/damithch/Repos/git-mastery/git-mastery.github.io/lessons/branch/text.md
2026-06-14T17:01:43.180Z - [32minfo[39m: Synchronizing opened pages list before reload
2026-06-14T17:01:43.181Z - [32minfo[39m: Current opened pages, from most-to-least recent:
2026-06-14T17:01:43.181Z - [32minfo[39m: 1. lessons/branch/index
2026-06-14T17:01:44.187Z - [32minfo[39m: Rebuilding 1 pages
2026-06-14T17:01:44.388Z - [36mverbose[39m: Rendering page: /Users/damithch/Repos/git-mastery/git-mastery.github.io/lessons/branch/index.md
2026-06-14T17:01:44.404Z - [32minfo[39m: Site data built
2026-06-14T17:01:44.404Z - [32minfo[39m: Pages rebuilt
2026-06-14T17:01:44.404Z - [32minfo[39m: Website regeneration complete! Total build time: 0.22s
2026-06-14T17:02:05.532Z - [32minfo[39m: [01:02:05] Reload for file change: /Users/damithch/Repos/git-mastery/git-mastery.github.io/lessons/branch/text.md
2026-06-14T17:02:05.539Z - [32minfo[39m: Synchronizing opened pages list before reload
2026-06-14T17:02:05.539Z - [32minfo[39m: Current opened pages, from most-to-least recent:
2026-06-14T17:02:05.540Z - [32minfo[39m: 1. lessons/branch/index
2026-06-14T17:02:06.551Z - [32minfo[39m: Rebuilding 1 pages
2026-06-14T17:02:06.734Z - [36mverbose[39m: Rendering page: /Users/damithch/Repos/git-mastery/git-mastery.github.io/lessons/branch/index.md
2026-06-14T17:02:06.757Z - [32minfo[39m: Site data built
2026-06-14T17:02:06.757Z - [32minfo[39m: Pages rebuilt
2026-06-14T17:02:06.757Z - [32minfo[39m: Website regeneration complete! Total build time: 0.214s
2026-06-14T17:02:24.311Z - [32minfo[39m: [01:02:24] Reload for file change: /Users/damithch/Repos/git-mastery/git-mastery.github.io/lessons/branch/text.md
2026-06-14T17:02:24.312Z - [32minfo[39m: Synchronizing opened pages list before reload
2026-06-14T17:02:24.312Z - [32minfo[39m: Current opened pages, from most-to-least recent:
2026-06-14T17:02:24.320Z - [32minfo[39m: 1. lessons/branch/index
2026-06-14T17:02:25.323Z - [32minfo[39m: Rebuilding 1 pages
2026-06-14T17:02:25.519Z - [36mverbose[39m: Rendering page: /Users/damithch/Repos/git-mastery/git-mastery.github.io/lessons/branch/index.md
2026-06-14T17:02:25.536Z - [32minfo[39m: Site data built
2026-06-14T17:02:25.536Z - [32minfo[39m: Pages rebuilt
2026-06-14T17:02:25.536Z - [32minfo[39m: Website regeneration complete! Total build time: 0.214s
2026-06-14T17:02:53.083Z - [32minfo[39m: [01:02:53] Reload for file change: /Users/damithch/Repos/git-mastery/git-mastery.github.io/lessons/branch/text.md
2026-06-14T17:02:53.086Z - [32minfo[39m: Synchronizing opened pages list before reload
2026-06-14T17:02:53.087Z - [32minfo[39m: Current opened pages, from most-to-least recent:
2026-06-14T17:02:53.087Z - [32minfo[39m: 1. lessons/branch/index
2026-06-14T17:02:54.092Z - [32minfo[39m: Rebuilding 1 pages
2026-06-14T17:02:54.254Z - [36mverbose[39m: Rendering page: /Users/damithch/Repos/git-mastery/git-mastery.github.io/lessons/branch/index.md
2026-06-14T17:02:54.270Z - [32minfo[39m: Site data built
2026-06-14T17:02:54.270Z - [32minfo[39m: Pages rebuilt
2026-06-14T17:02:54.270Z - [32minfo[39m: Website regeneration complete! Total build time: 0.18s
2026-06-14T17:03:23.244Z - [32minfo[39m: [01:03:23] Reload for file change: /Users/damithch/Repos/git-mastery/git-mastery.github.io/lessons/branch/text.md
2026-06-14T17:03:23.257Z - [32minfo[39m: Synchronizing opened pages list before reload
2026-06-14T17:03:23.267Z - [32minfo[39m: Current opened pages, from most-to-least recent:
2026-06-14T17:03:23.267Z - [32minfo[39m: 1. lessons/branch/index
2026-06-14T17:03:24.275Z - [32minfo[39m: Rebuilding 1 pages
2026-06-14T17:03:24.479Z - [36mverbose[39m: Rendering page: /Users/damithch/Repos/git-mastery/git-mastery.github.io/lessons/branch/index.md
2026-06-14T17:03:24.494Z - [32minfo[39m: Site data built
2026-06-14T17:03:24.494Z - [32minfo[39m: Pages rebuilt
2026-06-14T17:03:24.494Z - [32minfo[39m: Website regeneration complete! Total build time: 0.221s
2026-06-14T17:03:50.217Z - [32minfo[39m: [01:03:50] Reload for file change: /Users/damithch/Repos/git-mastery/git-mastery.github.io/lessons/branch/text.md
2026-06-14T17:03:50.218Z - [32minfo[39m: Synchronizing opened pages list before reload
2026-06-14T17:03:50.219Z - [32minfo[39m: Current opened pages, from most-to-least recent:
2026-06-14T17:03:50.219Z - [32minfo[39m: 1. lessons/branch/index
2026-06-14T17:03:51.225Z - [32minfo[39m: Rebuilding 1 pages
2026-06-14T17:03:51.436Z - [36mverbose[39m: Rendering page: /Users/damithch/Repos/git-mastery/git-mastery.github.io/lessons/branch/index.md
2026-06-14T17:03:51.461Z - [32minfo[39m: Site data built
2026-06-14T17:03:51.461Z - [32minfo[39m: Pages rebuilt
2026-06-14T17:03:51.461Z - [32minfo[39m: Website regeneration complete! Total build time: 0.239s
2026-06-14T17:04:23.511Z - [32minfo[39m: [01:04:23] Reload for file change: /Users/damithch/Repos/git-mastery/git-mastery.github.io/lessons/branch/text.md
2026-06-14T17:04:23.516Z - [32minfo[39m: Synchronizing opened pages list before reload
2026-06-14T17:04:23.517Z - [32minfo[39m: Current opened pages, from most-to-least recent:
2026-06-14T17:04:23.518Z - [32minfo[39m: 1. lessons/branch/index
2026-06-14T17:04:24.527Z - [32minfo[39m: Rebuilding 1 pages
2026-06-14T17:04:24.729Z - [36mverbose[39m: Rendering page: /Users/damithch/Repos/git-mastery/git-mastery.github.io/lessons/branch/index.md
2026-06-14T17:04:24.747Z - [32minfo[39m: Site data built
2026-06-14T17:04:24.747Z - [32minfo[39m: Pages rebuilt
2026-06-14T17:04:24.747Z - [32minfo[39m: Website regeneration complete! Total build time: 0.226s
2026-06-14T17:04:34.317Z - [32minfo[39m: [01:04:34] Reload for file change: /Users/damithch/Repos/git-mastery/git-mastery.github.io/lessons/branch/text.md
2026-06-14T17:04:34.318Z - [32minfo[39m: Synchronizing opened pages list before reload
2026-06-14T17:04:34.318Z - [32minfo[39m: Current opened pages, from most-to-least recent:
2026-06-14T17:04:34.319Z - [32minfo[39m: 1. lessons/branch/index
2026-06-14T17:04:35.329Z - [32minfo[39m: Rebuilding 1 pages
2026-06-14T17:04:35.482Z - [36mverbose[39m: Rendering page: /Users/damithch/Repos/git-mastery/git-mastery.github.io/lessons/branch/index.md
2026-06-14T17:04:35.506Z - [32minfo[39m: Site data built
2026-06-14T17:04:35.506Z - [32minfo[39m: Pages rebuilt
2026-06-14T17:04:35.506Z - [32minfo[39m: Website regeneration complete! Total build time: 0.184s
2026-06-14T17:04:47.918Z - [32minfo[39m: [01:04:47] Reload for file change: /Users/damithch/Repos/git-mastery/git-mastery.github.io/lessons/branch/text.md
2026-06-14T17:04:47.918Z - [32minfo[39m: Synchronizing opened pages list before reload
2026-06-14T17:04:47.918Z - [32minfo[39m: Current opened pages, from most-to-least recent:
2026-06-14T17:04:47.918Z - [32minfo[39m: 1. lessons/branch/index
2026-06-14T17:04:48.922Z - [32minfo[39m: Rebuilding 1 pages
2026-06-14T17:04:49.117Z - [36mverbose[39m: Rendering page: /Users/damithch/Repos/git-mastery/git-mastery.github.io/lessons/branch/index.md
2026-06-14T17:04:49.133Z - [32minfo[39m: Site data built
2026-06-14T17:04:49.133Z - [32minfo[39m: Pages rebuilt
2026-06-14T17:04:49.133Z - [32minfo[39m: Website regeneration complete! Total build time: 0.212s
2026-06-14T17:04:58.800Z - [32minfo[39m: [01:04:58] Reload for file change: /Users/damithch/Repos/git-mastery/git-mastery.github.io/lessons/branch/text.md
2026-06-14T17:04:58.803Z - [32minfo[39m: Synchronizing opened pages list before reload
2026-06-14T17:04:58.803Z - [32minfo[39m: Current opened pages, from most-to-least recent:
2026-06-14T17:04:58.804Z - [32minfo[39m: 1. lessons/branch/index
2026-06-14T17:04:59.863Z - [32minfo[39m: Rebuilding 1 pages
2026-06-14T17:05:00.076Z - [36mverbose[39m: Rendering page: /Users/damithch/Repos/git-mastery/git-mastery.github.io/lessons/branch/index.md
2026-06-14T17:05:00.108Z - [32minfo[39m: Site data built
2026-06-14T17:05:00.108Z - [32minfo[39m: Pages rebuilt
2026-06-14T17:05:00.108Z - [32minfo[39m: Website regeneration complete! Total build time: 0.248s
2026-06-14T17:05:20.663Z - [32minfo[39m: [01:05:20] Reload for file change: /Users/damithch/Repos/git-mastery/git-mastery.github.io/lessons/branch/text.md
2026-06-14T17:05:20.665Z - [32minfo[39m: Synchronizing opened pages list before reload
2026-06-14T17:05:20.666Z - [32minfo[39m: Current opened pages, from most-to-least recent:
2026-06-14T17:05:20.667Z - [32minfo[39m: 1. lessons/branch/index
2026-06-14T17:05:21.674Z - [32minfo[39m: Rebuilding 1 pages
2026-06-14T17:05:21.871Z - [36mverbose[39m: Rendering page: /Users/damithch/Repos/git-mastery/git-mastery.github.io/lessons/branch/index.md
2026-06-14T17:05:21.885Z - [32minfo[39m: Site data built
2026-06-14T17:05:21.886Z - [32minfo[39m: Pages rebuilt
2026-06-14T17:05:21.886Z - [32minfo[39m: Website regeneration complete! Total build time: 0.214s
2026-06-14T17:05:33.868Z - [32minfo[39m: [01:05:33] Reload for file change: /Users/damithch/Repos/git-mastery/git-mastery.github.io/lessons/branch/text.md
2026-06-14T17:05:33.869Z - [32minfo[39m: Synchronizing opened pages list before reload
2026-06-14T17:05:33.869Z - [32minfo[39m: Current opened pages, from most-to-least recent:
2026-06-14T17:05:33.869Z - [32minfo[39m: 1. lessons/branch/index
2026-06-14T17:05:34.875Z - [32minfo[39m: Rebuilding 1 pages
2026-06-14T17:05:35.061Z - [36mverbose[39m: Rendering page: /Users/damithch/Repos/git-mastery/git-mastery.github.io/lessons/branch/index.md
2026-06-14T17:05:35.082Z - [32minfo[39m: Site data built
2026-06-14T17:05:35.082Z - [32minfo[39m: Pages rebuilt
2026-06-14T17:05:35.082Z - [32minfo[39m: Website regeneration complete! Total build time: 0.211s
2026-06-14T17:05:45.753Z - [32minfo[39m: [01:05:45] Reload for file change: /Users/damithch/Repos/git-mastery/git-mastery.github.io/lessons/branch/text.md
2026-06-14T17:05:45.753Z - [32minfo[39m: Synchronizing opened pages list before reload
2026-06-14T17:05:45.753Z - [32minfo[39m: Current opened pages, from most-to-least recent:
2026-06-14T17:05:45.753Z - [32minfo[39m: 1. lessons/branch/index
2026-06-14T17:05:46.756Z - [32minfo[39m: Rebuilding 1 pages
2026-06-14T17:05:46.971Z - [36mverbose[39m: Rendering page: /Users/damithch/Repos/git-mastery/git-mastery.github.io/lessons/branch/index.md
2026-06-14T17:05:46.987Z - [32minfo[39m: Site data built
2026-06-14T17:05:46.987Z - [32minfo[39m: Pages rebuilt
2026-06-14T17:05:46.987Z - [32minfo[39m: Website regeneration complete! Total build time: 0.233s
2026-06-14T17:09:17.090Z - [32minfo[39m: [01:09:17] Reload for file change: /Users/damithch/Repos/git-mastery/git-mastery.github.io/lessons/branch/text.md
2026-06-14T17:09:17.091Z - [32minfo[39m: Synchronizing opened pages list before reload
2026-06-14T17:09:17.092Z - [32minfo[39m: Current opened pages, from most-to-least recent:
2026-06-14T17:09:17.092Z - [32minfo[39m: 1. lessons/branch/index
2026-06-14T17:09:18.095Z - [32minfo[39m: Rebuilding 1 pages
2026-06-14T17:09:18.266Z - [36mverbose[39m: Rendering page: /Users/damithch/Repos/git-mastery/git-mastery.github.io/lessons/branch/index.md
2026-06-14T17:09:18.284Z - [32minfo[39m: Site data built
2026-06-14T17:09:18.284Z - [32minfo[39m: Pages rebuilt
2026-06-14T17:09:18.284Z - [32minfo[39m: Website regeneration complete! Total build time: 0.19s
2026-06-14T17:10:40.786Z - [32minfo[39m: [01:10:40] Reload for file change: /Users/damithch/Repos/git-mastery/git-mastery.github.io/lessons/branch/text.md
2026-06-14T17:10:40.788Z - [32minfo[39m: Synchronizing opened pages list before reload
2026-06-14T17:10:40.789Z - [32minfo[39m: Current opened pages, from most-to-least recent:
2026-06-14T17:10:40.789Z - [32minfo[39m: 1. lessons/branch/index
2026-06-14T17:10:41.796Z - [32minfo[39m: Rebuilding 1 pages
2026-06-14T17:10:42.035Z - [36mverbose[39m: Rendering page: /Users/damithch/Repos/git-mastery/git-mastery.github.io/lessons/branch/index.md
2026-06-14T17:10:42.063Z - [32minfo[39m: Site data built
2026-06-14T17:10:42.063Z - [32minfo[39m: Pages rebuilt
2026-06-14T17:10:42.063Z - [32minfo[39m: Website regeneration complete! Total build time: 0.271s
2026-06-14T17:10:53.446Z - [32minfo[39m: [01:10:53] Reload for file change: /Users/damithch/Repos/git-mastery/git-mastery.github.io/lessons/branch/text.md
2026-06-14T17:10:53.448Z - [32minfo[39m: Synchronizing opened pages list before reload
2026-06-14T17:10:53.449Z - [32minfo[39m: Current opened pages, from most-to-least recent:
2026-06-14T17:10:53.449Z - [32minfo[39m: 1. lessons/branch/index
2026-06-14T17:10:54.455Z - [32minfo[39m: Rebuilding 1 pages
2026-06-14T17:10:54.624Z - [36mverbose[39m: Rendering page: /Users/damithch/Repos/git-mastery/git-mastery.github.io/lessons/branch/index.md
2026-06-14T17:10:54.651Z - [32minfo[39m: Site data built
2026-06-14T17:10:54.651Z - [32minfo[39m: Pages rebuilt
2026-06-14T17:10:54.651Z - [32minfo[39m: Website regeneration complete! Total build time: 0.199s
2026-06-14T18:17:33.049Z - [32minfo[39m: [02:17:33] Reload for file add: /Users/damithch/Repos/git-mastery/git-mastery.github.io/lessons/branch/images/createBranchOnlyRef.png
2026-06-14T18:17:33.054Z - [32minfo[39m: Synchronizing opened pages list before reload
2026-06-14T18:17:33.054Z - [32minfo[39m: Current opened pages, from most-to-least recent:
2026-06-14T18:17:33.055Z - [32minfo[39m: 1. lessons/branch/index
2026-06-14T18:17:34.181Z - [32minfo[39m: Assets built
2026-06-14T18:18:06.566Z - [32minfo[39m: [02:18:06] Reload for file add: /Users/damithch/Repos/git-mastery/git-mastery.github.io/lessons/branch/images/createBranchMadeActive.png
2026-06-14T18:18:06.569Z - [32minfo[39m: Synchronizing opened pages list before reload
2026-06-14T18:18:06.570Z - [32minfo[39m: Current opened pages, from most-to-least recent:
2026-06-14T18:18:06.571Z - [32minfo[39m: 1. lessons/branch/index
2026-06-14T18:18:07.611Z - [32minfo[39m: Assets built
2026-06-14T18:18:28.518Z - [32minfo[39m: [02:18:28] Reload for file add: /Users/damithch/Repos/git-mastery/git-mastery.github.io/lessons/branch/images/createBranchCommitAdded.png
2026-06-14T18:18:28.518Z - [32minfo[39m: Synchronizing opened pages list before reload
2026-06-14T18:18:28.518Z - [32minfo[39m: Current opened pages, from most-to-least recent:
2026-06-14T18:18:28.518Z - [32minfo[39m: 1. lessons/branch/index
2026-06-14T18:18:29.568Z - [32minfo[39m: Assets built
2026-06-14T18:18:54.848Z - [32minfo[39m: [02:18:54] Reload for file change: /Users/damithch/Repos/git-mastery/git-mastery.github.io/lessons/branch/images/createBranchOnlyRef.png
2026-06-14T18:18:54.848Z - [32minfo[39m: Synchronizing opened pages list before reload
2026-06-14T18:18:54.849Z - [32minfo[39m: Current opened pages, from most-to-least recent:
2026-06-14T18:18:54.849Z - [32minfo[39m: 1. lessons/branch/index
2026-06-14T18:18:54.978Z - [32minfo[39m: [02:18:54] Reload for file change: /Users/damithch/Repos/git-mastery/git-mastery.github.io/lessons/branch/images/createBranchMadeActive.png
2026-06-14T18:18:54.978Z - [32minfo[39m: Synchronizing opened pages list before reload
2026-06-14T18:18:54.978Z - [32minfo[39m: Current opened pages, from most-to-least recent:
2026-06-14T18:18:54.978Z - [32minfo[39m: 1. lessons/branch/index
2026-06-14T18:18:54.979Z - [32minfo[39m: [02:18:54] Reload for file change: /Users/damithch/Repos/git-mastery/git-mastery.github.io/lessons/branch/images/createBranchCommitAdded.png
2026-06-14T18:18:54.979Z - [32minfo[39m: Synchronizing opened pages list before reload
2026-06-14T18:18:54.979Z - [32minfo[39m: Current opened pages, from most-to-least recent:
2026-06-14T18:18:54.979Z - [32minfo[39m: 1. lessons/branch/index
2026-06-14T18:18:55.856Z - [32minfo[39m: Assets built
2026-06-14T18:22:11.093Z - [32minfo[39m: [02:22:11] Reload for file change: /Users/damithch/Repos/git-mastery/git-mastery.github.io/lessons/branch/text.md
2026-06-14T18:22:11.097Z - [32minfo[39m: Synchronizing opened pages list before reload
2026-06-14T18:22:11.100Z - [32minfo[39m: Current opened pages, from most-to-least recent:
2026-06-14T18:22:11.100Z - [32minfo[39m: 1. lessons/branch/index
2026-06-14T18:22:12.125Z - [32minfo[39m: Rebuilding 1 pages
2026-06-14T18:22:12.403Z - [36mverbose[39m: Rendering page: /Users/damithch/Repos/git-mastery/git-mastery.github.io/lessons/branch/index.md
2026-06-14T18:22:12.421Z - [32minfo[39m: Site data built
2026-06-14T18:22:12.421Z - [32minfo[39m: Pages rebuilt
2026-06-14T18:22:12.421Z - [32minfo[39m: Website regeneration complete! Total build time: 0.316s
2026-06-14T18:22:50.418Z - [32minfo[39m: [02:22:50] Reload for file change: /Users/damithch/Repos/git-mastery/git-mastery.github.io/lessons/branch/text.md
2026-06-14T18:22:50.419Z - [32minfo[39m: Synchronizing opened pages list before reload
2026-06-14T18:22:50.421Z - [32minfo[39m: Current opened pages, from most-to-least recent:
2026-06-14T18:22:50.422Z - [32minfo[39m: 1. lessons/branch/index
2026-06-14T18:22:51.428Z - [32minfo[39m: Rebuilding 1 pages
2026-06-14T18:22:51.603Z - [36mverbose[39m: Rendering page: /Users/damithch/Repos/git-mastery/git-mastery.github.io/lessons/branch/index.md
2026-06-14T18:22:51.619Z - [33mwarn[39m: You might have an invalid intra-link! Ignore this warning if it was intended.
'/lessons/branch/images/createBrancCommitAdded.png' found in file '/Users/damithch/Repos/git-mastery/git-mastery.github.io/lessons/branch/text.md'
2026-06-14T18:22:51.620Z - [32minfo[39m: Site data built
2026-06-14T18:22:51.620Z - [32minfo[39m: Pages rebuilt
2026-06-14T18:22:51.620Z - [32minfo[39m: Website regeneration complete! Total build time: 0.196s
2026-06-14T18:25:05.521Z - [32minfo[39m: [02:25:05] Reload for file change: /Users/damithch/Repos/git-mastery/git-mastery.github.io/lessons/branch/text.md
2026-06-14T18:25:05.523Z - [32minfo[39m: Synchronizing opened pages list before reload
2026-06-14T18:25:05.524Z - [32minfo[39m: Current opened pages, from most-to-least recent:
2026-06-14T18:25:05.524Z - [32minfo[39m: 1. lessons/branch/index
2026-06-14T18:25:06.531Z - [32minfo[39m: Rebuilding 1 pages
2026-06-14T18:25:06.793Z - [36mverbose[39m: Rendering page: /Users/damithch/Repos/git-mastery/git-mastery.github.io/lessons/branch/index.md
2026-06-14T18:25:06.810Z - [32minfo[39m: Site data built
2026-06-14T18:25:06.810Z - [32minfo[39m: Pages rebuilt
2026-06-14T18:25:06.810Z - [32minfo[39m: Website regeneration complete! Total build time: 0.283s
2026-06-14T18:26:54.172Z - [32minfo[39m: [02:26:54] Reload for file change: /Users/damithch/Repos/git-mastery/git-mastery.github.io/lessons/branch/text.md
2026-06-14T18:26:54.174Z - [32minfo[39m: Synchronizing opened pages list before reload
2026-06-14T18:26:54.175Z - [32minfo[39m: Current opened pages, from most-to-least recent:
2026-06-14T18:26:54.176Z - [32minfo[39m: 1. lessons/branch/index
2026-06-14T18:26:55.180Z - [32minfo[39m: Rebuilding 1 pages
2026-06-14T18:26:55.387Z - [36mverbose[39m: Rendering page: /Users/damithch/Repos/git-mastery/git-mastery.github.io/lessons/branch/index.md
2026-06-14T18:26:55.408Z - [32minfo[39m: Site data built
2026-06-14T18:26:55.408Z - [32minfo[39m: Pages rebuilt
2026-06-14T18:26:55.408Z - [32minfo[39m: Website regeneration complete! Total build time: 0.229s
2026-06-14T18:28:55.639Z - [32minfo[39m: [02:28:55] Reload for file change: /Users/damithch/Repos/git-mastery/git-mastery.github.io/lessons/branch/text.md
2026-06-14T18:28:55.643Z - [32minfo[39m: Synchronizing opened pages list before reload
2026-06-14T18:28:55.645Z - [32minfo[39m: Current opened pages, from most-to-least recent:
2026-06-14T18:28:55.645Z - [32minfo[39m: 1. lessons/branch/index
2026-06-14T18:28:56.652Z - [32minfo[39m: Rebuilding 1 pages
2026-06-14T18:28:56.881Z - [36mverbose[39m: Rendering page: /Users/damithch/Repos/git-mastery/git-mastery.github.io/lessons/branch/index.md
2026-06-14T18:28:56.902Z - [32minfo[39m: Site data built
2026-06-14T18:28:56.902Z - [32minfo[39m: Pages rebuilt
2026-06-14T18:28:56.902Z - [32minfo[39m: Website regeneration complete! Total build time: 0.254s
2026-06-14T18:30:28.672Z - [32minfo[39m: [02:30:28] Reload for file change: /Users/damithch/Repos/git-mastery/git-mastery.github.io/lessons/branch/text.md
2026-06-14T18:30:28.674Z - [32minfo[39m: Synchronizing opened pages list before reload
2026-06-14T18:30:28.675Z - [32minfo[39m: Current opened pages, from most-to-least recent:
2026-06-14T18:30:28.675Z - [32minfo[39m: 1. lessons/branch/index
2026-06-14T18:30:29.681Z - [32minfo[39m: Rebuilding 1 pages
2026-06-14T18:30:29.875Z - [36mverbose[39m: Rendering page: /Users/damithch/Repos/git-mastery/git-mastery.github.io/lessons/branch/index.md
2026-06-14T18:30:29.893Z - [32minfo[39m: Site data built
2026-06-14T18:30:29.893Z - [32minfo[39m: Pages rebuilt
2026-06-14T18:30:29.893Z - [32minfo[39m: Website regeneration complete! Total build time: 0.215s
2026-06-14T18:30:53.778Z - [32minfo[39m: [02:30:53] Reload for file deletion: /Users/damithch/Repos/git-mastery/git-mastery.github.io/lessons/branch/images/branchesAsLabels1.png
2026-06-14T18:30:53.783Z - [32minfo[39m: Synchronizing opened pages list before reload
2026-06-14T18:30:53.785Z - [32minfo[39m: Current opened pages, from most-to-least recent:
2026-06-14T18:30:53.785Z - [32minfo[39m: 1. lessons/branch/index
2026-06-14T18:30:53.789Z - [32minfo[39m: [02:30:53] Reload for file deletion: /Users/damithch/Repos/git-mastery/git-mastery.github.io/lessons/branch/images/branchesAsLabels2.png
2026-06-14T18:30:53.789Z - [32minfo[39m: Synchronizing opened pages list before reload
2026-06-14T18:30:53.789Z - [32minfo[39m: Current opened pages, from most-to-least recent:
2026-06-14T18:30:53.789Z - [32minfo[39m: 1. lessons/branch/index
2026-06-14T18:30:54.873Z - [34mdebug[39m: Assets removed
2026-06-14T18:32:12.851Z - [32minfo[39m: [02:32:12] Reload for file change: /Users/damithch/Repos/git-mastery/git-mastery.github.io/lessons/branch/text.md
2026-06-14T18:32:12.852Z - [32minfo[39m: Synchronizing opened pages list before reload
2026-06-14T18:32:12.853Z - [32minfo[39m: Current opened pages, from most-to-least recent:
2026-06-14T18:32:12.853Z - [32minfo[39m: 1. lessons/branch/index
2026-06-14T18:32:13.857Z - [32minfo[39m: Rebuilding 1 pages
2026-06-14T18:32:14.101Z - [36mverbose[39m: Rendering page: /Users/damithch/Repos/git-mastery/git-mastery.github.io/lessons/branch/index.md
2026-06-14T18:32:14.118Z - [32minfo[39m: Site data built
2026-06-14T18:32:14.119Z - [32minfo[39m: Pages rebuilt
2026-06-14T18:32:14.119Z - [32minfo[39m: Website regeneration complete! Total build time: 0.265s
2026-06-14T18:33:47.546Z - [32minfo[39m: [02:33:47] Reload for file change: /Users/damithch/Repos/git-mastery/git-mastery.github.io/lessons/branch/text.md
2026-06-14T18:33:47.548Z - [32minfo[39m: Synchronizing opened pages list before reload
2026-06-14T18:33:47.549Z - [32minfo[39m: Current opened pages, from most-to-least recent:
2026-06-14T18:33:47.549Z - [32minfo[39m: 1. lessons/branch/index
2026-06-14T18:33:48.555Z - [32minfo[39m: Rebuilding 1 pages
2026-06-14T18:33:48.761Z - [36mverbose[39m: Rendering page: /Users/damithch/Repos/git-mastery/git-mastery.github.io/lessons/branch/index.md
2026-06-14T18:33:48.777Z - [32minfo[39m: Site data built
2026-06-14T18:33:48.777Z - [32minfo[39m: Pages rebuilt
2026-06-14T18:33:48.777Z - [32minfo[39m: Website regeneration complete! Total build time: 0.225s
2026-06-14T18:34:10.390Z - [32minfo[39m: [02:34:10] Reload for file change: /Users/damithch/Repos/git-mastery/git-mastery.github.io/lessons/branch/text.md
2026-06-14T18:34:10.392Z - [32minfo[39m: Synchronizing opened pages list before reload
2026-06-14T18:34:10.392Z - [32minfo[39m: Current opened pages, from most-to-least recent:
2026-06-14T18:34:10.393Z - [32minfo[39m: 1. lessons/branch/index
2026-06-14T18:34:11.398Z - [32minfo[39m: Rebuilding 1 pages
2026-06-14T18:34:11.622Z - [36mverbose[39m: Rendering page: /Users/damithch/Repos/git-mastery/git-mastery.github.io/lessons/branch/index.md
2026-06-14T18:34:11.640Z - [32minfo[39m: Site data built
2026-06-14T18:34:11.640Z - [32minfo[39m: Pages rebuilt
2026-06-14T18:34:11.640Z - [32minfo[39m: Website regeneration complete! Total build time: 0.245s
2026-06-14T18:34:53.175Z - [32minfo[39m: [02:34:53] Reload for file change: /Users/damithch/Repos/git-mastery/git-mastery.github.io/lessons/branch/text.md
2026-06-14T18:34:53.177Z - [32minfo[39m: Synchronizing opened pages list before reload
2026-06-14T18:34:53.178Z - [32minfo[39m: Current opened pages, from most-to-least recent:
2026-06-14T18:34:53.178Z - [32minfo[39m: 1. lessons/branch/index
2026-06-14T18:34:54.182Z - [32minfo[39m: Rebuilding 1 pages
2026-06-14T18:34:54.374Z - [36mverbose[39m: Rendering page: /Users/damithch/Repos/git-mastery/git-mastery.github.io/lessons/branch/index.md
2026-06-14T18:34:54.395Z - [32minfo[39m: Site data built
2026-06-14T18:34:54.395Z - [32minfo[39m: Pages rebuilt
2026-06-14T18:34:54.395Z - [32minfo[39m: Website regeneration complete! Total build time: 0.215s
2026-06-14T18:35:38.054Z - [32minfo[39m: [02:35:38] Reload for file change: /Users/damithch/Repos/git-mastery/git-mastery.github.io/lessons/branch/text.md
2026-06-14T18:35:38.056Z - [32minfo[39m: Synchronizing opened pages list before reload
2026-06-14T18:35:38.056Z - [32minfo[39m: Current opened pages, from most-to-least recent:
2026-06-14T18:35:38.056Z - [32minfo[39m: 1. lessons/branch/index
2026-06-14T18:35:39.059Z - [32minfo[39m: Rebuilding 1 pages
2026-06-14T18:35:39.253Z - [36mverbose[39m: Rendering page: /Users/damithch/Repos/git-mastery/git-mastery.github.io/lessons/branch/index.md
2026-06-14T18:35:39.271Z - [32minfo[39m: Site data built
2026-06-14T18:35:39.271Z - [32minfo[39m: Pages rebuilt
2026-06-14T18:35:39.271Z - [32minfo[39m: Website regeneration complete! Total build time: 0.213s
2026-06-14T18:36:19.889Z - [32minfo[39m: [02:36:19] Reload for file change: /Users/damithch/Repos/git-mastery/git-mastery.github.io/lessons/branch/text.md
2026-06-14T18:36:19.891Z - [32minfo[39m: Synchronizing opened pages list before reload
2026-06-14T18:36:19.892Z - [32minfo[39m: Current opened pages, from most-to-least recent:
2026-06-14T18:36:19.892Z - [32minfo[39m: 1. lessons/branch/index
2026-06-14T18:36:20.897Z - [32minfo[39m: Rebuilding 1 pages
2026-06-14T18:36:21.075Z - [36mverbose[39m: Rendering page: /Users/damithch/Repos/git-mastery/git-mastery.github.io/lessons/branch/index.md
2026-06-14T18:36:21.090Z - [32minfo[39m: Site data built
2026-06-14T18:36:21.090Z - [32minfo[39m: Pages rebuilt
2026-06-14T18:36:21.090Z - [32minfo[39m: Website regeneration complete! Total build time: 0.196s
2026-06-14T18:37:06.757Z - [32minfo[39m: [02:37:06] Reload for file change: /Users/damithch/Repos/git-mastery/git-mastery.github.io/lessons/branch/text.md
2026-06-14T18:37:06.758Z - [32minfo[39m: Synchronizing opened pages list before reload
2026-06-14T18:37:06.759Z - [32minfo[39m: Current opened pages, from most-to-least recent:
2026-06-14T18:37:06.759Z - [32minfo[39m: 1. lessons/branch/index
2026-06-14T18:37:07.763Z - [32minfo[39m: Rebuilding 1 pages
2026-06-14T18:37:08.014Z - [36mverbose[39m: Rendering page: /Users/damithch/Repos/git-mastery/git-mastery.github.io/lessons/branch/index.md
2026-06-14T18:37:08.033Z - [32minfo[39m: Site data built
2026-06-14T18:37:08.033Z - [32minfo[39m: Pages rebuilt
2026-06-14T18:37:08.033Z - [32minfo[39m: Website regeneration complete! Total build time: 0.273s
2026-06-14T18:38:40.793Z - [32minfo[39m: [02:38:40] Reload for file change: /Users/damithch/Repos/git-mastery/git-mastery.github.io/lessons/branch/text.md
2026-06-14T18:38:40.796Z - [32minfo[39m: Synchronizing opened pages list before reload
2026-06-14T18:38:40.797Z - [32minfo[39m: Current opened pages, from most-to-least recent:
2026-06-14T18:38:40.797Z - [32minfo[39m: 1. lessons/branch/index
2026-06-14T18:38:40.869Z - [32minfo[39m: [02:38:40] Reload for file change: /Users/damithch/Repos/git-mastery/git-mastery.github.io/lessons/branch/text.md
2026-06-14T18:38:40.869Z - [32minfo[39m: Synchronizing opened pages list before reload
2026-06-14T18:38:40.869Z - [32minfo[39m: Current opened pages, from most-to-least recent:
2026-06-14T18:38:40.869Z - [32minfo[39m: 1. lessons/branch/index
2026-06-14T18:38:41.802Z - [32minfo[39m: Rebuilding 1 pages
2026-06-14T18:38:41.969Z - [36mverbose[39m: Rendering page: /Users/damithch/Repos/git-mastery/git-mastery.github.io/lessons/branch/index.md
2026-06-14T18:38:41.985Z - [32minfo[39m: Site data built
2026-06-14T18:38:41.985Z - [32minfo[39m: Pages rebuilt
2026-06-14T18:38:41.985Z - [32minfo[39m: Website regeneration complete! Total build time: 0.186s
2026-06-14T18:40:10.205Z - [32minfo[39m: [02:40:10] Reload for file change: /Users/damithch/Repos/git-mastery/git-mastery.github.io/lessons/branch/text.md
2026-06-14T18:40:10.208Z - [32minfo[39m: Synchronizing opened pages list before reload
2026-06-14T18:40:10.208Z - [32minfo[39m: Current opened pages, from most-to-least recent:
2026-06-14T18:40:10.209Z - [32minfo[39m: 1. lessons/branch/index
2026-06-14T18:40:11.215Z - [32minfo[39m: Rebuilding 1 pages
2026-06-14T18:40:11.454Z - [36mverbose[39m: Rendering page: /Users/damithch/Repos/git-mastery/git-mastery.github.io/lessons/branch/index.md
2026-06-14T18:40:11.470Z - [32minfo[39m: Site data built
2026-06-14T18:40:11.470Z - [32minfo[39m: Pages rebuilt
2026-06-14T18:40:11.470Z - [32minfo[39m: Website regeneration complete! Total build time: 0.258s
2026-06-14T18:40:50.888Z - [32minfo[39m: [02:40:50] Reload for file change: /Users/damithch/Repos/git-mastery/git-mastery.github.io/lessons/branch/text.md
2026-06-14T18:40:50.889Z - [32minfo[39m: Synchronizing opened pages list before reload
2026-06-14T18:40:50.890Z - [32minfo[39m: Current opened pages, from most-to-least recent:
2026-06-14T18:40:50.890Z - [32minfo[39m: 1. lessons/branch/index
2026-06-14T18:40:51.894Z - [32minfo[39m: Rebuilding 1 pages
2026-06-14T18:40:52.069Z - [36mverbose[39m: Rendering page: /Users/damithch/Repos/git-mastery/git-mastery.github.io/lessons/branch/index.md
2026-06-14T18:40:52.084Z - [32minfo[39m: Site data built
2026-06-14T18:40:52.084Z - [32minfo[39m: Pages rebuilt
2026-06-14T18:40:52.084Z - [32minfo[39m: Website regeneration complete! Total build time: 0.191s
2026-06-14T18:41:15.417Z - [32minfo[39m: [02:41:15] Reload for file change: /Users/damithch/Repos/git-mastery/git-mastery.github.io/lessons/branch/text.md
2026-06-14T18:41:15.419Z - [32minfo[39m: Synchronizing opened pages list before reload
2026-06-14T18:41:15.420Z - [32minfo[39m: Current opened pages, from most-to-least recent:
2026-06-14T18:41:15.420Z - [32minfo[39m: 1. lessons/branch/index
2026-06-14T18:41:16.426Z - [32minfo[39m: Rebuilding 1 pages
2026-06-14T18:41:16.647Z - [36mverbose[39m: Rendering page: /Users/damithch/Repos/git-mastery/git-mastery.github.io/lessons/branch/index.md
2026-06-14T18:41:16.664Z - [32minfo[39m: Site data built
2026-06-14T18:41:16.664Z - [32minfo[39m: Pages rebuilt
2026-06-14T18:41:16.664Z - [32minfo[39m: Website regeneration complete! Total build time: 0.241s
2026-06-14T18:41:49.431Z - [32minfo[39m: [02:41:49] Reload for file change: /Users/damithch/Repos/git-mastery/git-mastery.github.io/lessons/branch/text.md
2026-06-14T18:41:49.435Z - [32minfo[39m: Synchronizing opened pages list before reload
2026-06-14T18:41:49.439Z - [32minfo[39m: Current opened pages, from most-to-least recent:
2026-06-14T18:41:49.439Z - [32minfo[39m: 1. lessons/branch/index
2026-06-14T18:41:50.454Z - [32minfo[39m: Rebuilding 1 pages
2026-06-14T18:41:50.658Z - [36mverbose[39m: Rendering page: /Users/damithch/Repos/git-mastery/git-mastery.github.io/lessons/branch/index.md
2026-06-14T18:41:50.675Z - [32minfo[39m: Site data built
2026-06-14T18:41:50.675Z - [32minfo[39m: Pages rebuilt
2026-06-14T18:41:50.675Z - [32minfo[39m: Website regeneration complete! Total build time: 0.224s
2026-06-14T18:44:24.554Z - [32minfo[39m: [02:44:24] Reload for file change: /Users/damithch/Repos/git-mastery/git-mastery.github.io/lessons/branch/text.md
2026-06-14T18:44:24.556Z - [32minfo[39m: Synchronizing opened pages list before reload
2026-06-14T18:44:24.557Z - [32minfo[39m: Current opened pages, from most-to-least recent:
2026-06-14T18:44:24.557Z - [32minfo[39m: 1. lessons/branch/index
2026-06-14T18:44:25.560Z - [32minfo[39m: Rebuilding 1 pages
2026-06-14T18:44:25.744Z - [36mverbose[39m: Rendering page: /Users/damithch/Repos/git-mastery/git-mastery.github.io/lessons/branch/index.md
2026-06-14T18:44:25.762Z - [32minfo[39m: Site data built
2026-06-14T18:44:25.762Z - [32minfo[39m: Pages rebuilt
2026-06-14T18:44:25.762Z - [32minfo[39m: Website regeneration complete! Total build time: 0.204s
2026-06-14T18:45:10.518Z - [32minfo[39m: [02:45:10] Reload for file change: /Users/damithch/Repos/git-mastery/git-mastery.github.io/lessons/branch/text.md
2026-06-14T18:45:10.519Z - [32minfo[39m: Synchronizing opened pages list before reload
2026-06-14T18:45:10.520Z - [32minfo[39m: Current opened pages, from most-to-least recent:
2026-06-14T18:45:10.521Z - [32minfo[39m: 1. lessons/branch/index
2026-06-14T18:45:11.526Z - [32minfo[39m: Rebuilding 1 pages
2026-06-14T18:45:11.730Z - [36mverbose[39m: Rendering page: /Users/damithch/Repos/git-mastery/git-mastery.github.io/lessons/branch/index.md
2026-06-14T18:45:11.747Z - [32minfo[39m: Site data built
2026-06-14T18:45:11.747Z - [32minfo[39m: Pages rebuilt
2026-06-14T18:45:11.748Z - [32minfo[39m: Website regeneration complete! Total build time: 0.226s
2026-06-14T18:46:11.711Z - [32minfo[39m: [02:46:11] Reload for file change: /Users/damithch/Repos/git-mastery/git-mastery.github.io/lessons/branch/text.md
2026-06-14T18:46:11.713Z - [32minfo[39m: Synchronizing opened pages list before reload
2026-06-14T18:46:11.715Z - [32minfo[39m: Current opened pages, from most-to-least recent:
2026-06-14T18:46:11.715Z - [32minfo[39m: 1. lessons/branch/index
2026-06-14T18:46:12.720Z - [32minfo[39m: Rebuilding 1 pages
2026-06-14T18:46:12.960Z - [36mverbose[39m: Rendering page: /Users/damithch/Repos/git-mastery/git-mastery.github.io/lessons/branch/index.md
2026-06-14T18:46:12.978Z - [32minfo[39m: Site data built
2026-06-14T18:46:12.978Z - [32minfo[39m: Pages rebuilt
2026-06-14T18:46:12.978Z - [32minfo[39m: Website regeneration complete! Total build time: 0.261s
2026-06-14T18:47:24.477Z - [32minfo[39m: [02:47:24] Reload for file change: /Users/damithch/Repos/git-mastery/git-mastery.github.io/lessons/branch/text.md
2026-06-14T18:47:24.477Z - [32minfo[39m: Synchronizing opened pages list before reload
2026-06-14T18:47:24.478Z - [32minfo[39m: Current opened pages, from most-to-least recent:
2026-06-14T18:47:24.478Z - [32minfo[39m: 1. lessons/branch/index
2026-06-14T18:47:25.482Z - [32minfo[39m: Rebuilding 1 pages
2026-06-14T18:47:25.631Z - [36mverbose[39m: Rendering page: /Users/damithch/Repos/git-mastery/git-mastery.github.io/lessons/branch/index.md
2026-06-14T18:47:25.647Z - [32minfo[39m: Site data built
2026-06-14T18:47:25.647Z - [32minfo[39m: Pages rebuilt
2026-06-14T18:47:25.647Z - [32minfo[39m: Website regeneration complete! Total build time: 0.167s
2026-06-14T18:48:04.271Z - [32minfo[39m: [02:48:04] Reload for file change: /Users/damithch/Repos/git-mastery/git-mastery.github.io/lessons/branch/text.md
2026-06-14T18:48:04.272Z - [32minfo[39m: Synchronizing opened pages list before reload
2026-06-14T18:48:04.273Z - [32minfo[39m: Current opened pages, from most-to-least recent:
2026-06-14T18:48:04.273Z - [32minfo[39m: 1. lessons/branch/index
2026-06-14T18:48:05.278Z - [32minfo[39m: Rebuilding 1 pages
2026-06-14T18:48:05.505Z - [36mverbose[39m: Rendering page: /Users/damithch/Repos/git-mastery/git-mastery.github.io/lessons/branch/index.md
2026-06-14T18:48:05.522Z - [32minfo[39m: Site data built
2026-06-14T18:48:05.522Z - [32minfo[39m: Pages rebuilt
2026-06-14T18:48:05.522Z - [32minfo[39m: Website regeneration complete! Total build time: 0.246s
2026-06-14T18:49:02.787Z - [32minfo[39m: [02:49:02] Reload for file change: /Users/damithch/Repos/git-mastery/git-mastery.github.io/lessons/branch/text.md
2026-06-14T18:49:02.788Z - [32minfo[39m: Synchronizing opened pages list before reload
2026-06-14T18:49:02.789Z - [32minfo[39m: Current opened pages, from most-to-least recent:
2026-06-14T18:49:02.789Z - [32minfo[39m: 1. lessons/branch/index
2026-06-14T18:49:03.794Z - [32minfo[39m: Rebuilding 1 pages
2026-06-14T18:49:04.003Z - [36mverbose[39m: Rendering page: /Users/damithch/Repos/git-mastery/git-mastery.github.io/lessons/branch/index.md
2026-06-14T18:49:04.021Z - [32minfo[39m: Site data built
2026-06-14T18:49:04.021Z - [32minfo[39m: Pages rebuilt
2026-06-14T18:49:04.021Z - [32minfo[39m: Website regeneration complete! Total build time: 0.23s
2026-06-14T18:49:49.513Z - [32minfo[39m: [02:49:49] Reload for file change: /Users/damithch/Repos/git-mastery/git-mastery.github.io/lessons/branch/text.md
2026-06-14T18:49:49.515Z - [32minfo[39m: Synchronizing opened pages list before reload
2026-06-14T18:49:49.516Z - [32minfo[39m: Current opened pages, from most-to-least recent:
2026-06-14T18:49:49.516Z - [32minfo[39m: 1. lessons/branch/index
2026-06-14T18:49:50.522Z - [32minfo[39m: Rebuilding 1 pages
2026-06-14T18:49:50.761Z - [36mverbose[39m: Rendering page: /Users/damithch/Repos/git-mastery/git-mastery.github.io/lessons/branch/index.md
2026-06-14T18:49:50.782Z - [32minfo[39m: Site data built
2026-06-14T18:49:50.782Z - [32minfo[39m: Pages rebuilt
2026-06-14T18:49:50.782Z - [32minfo[39m: Website regeneration complete! Total build time: 0.264s
2026-06-14T18:50:32.685Z - [32minfo[39m: [02:50:32] Reload for file change: /Users/damithch/Repos/git-mastery/git-mastery.github.io/lessons/branch/text.md
2026-06-14T18:50:32.689Z - [32minfo[39m: Synchronizing opened pages list before reload
2026-06-14T18:50:32.690Z - [32minfo[39m: Current opened pages, from most-to-least recent:
2026-06-14T18:50:32.690Z - [32minfo[39m: 1. lessons/branch/index
2026-06-14T18:50:33.695Z - [32minfo[39m: Rebuilding 1 pages
2026-06-14T18:50:33.874Z - [36mverbose[39m: Rendering page: /Users/damithch/Repos/git-mastery/git-mastery.github.io/lessons/branch/index.md
2026-06-14T18:50:33.892Z - [32minfo[39m: Site data built
2026-06-14T18:50:33.893Z - [32minfo[39m: Pages rebuilt
2026-06-14T18:50:33.893Z - [32minfo[39m: Website regeneration complete! Total build time: 0.201s
2026-06-14T18:51:08.163Z - [32minfo[39m: [02:51:08] Reload for file change: /Users/damithch/Repos/git-mastery/git-mastery.github.io/lessons/branch/text.md
2026-06-14T18:51:08.165Z - [32minfo[39m: Synchronizing opened pages list before reload
2026-06-14T18:51:08.166Z - [32minfo[39m: Current opened pages, from most-to-least recent:
2026-06-14T18:51:08.167Z - [32minfo[39m: 1. lessons/branch/index
2026-06-14T18:51:09.176Z - [32minfo[39m: Rebuilding 1 pages
2026-06-14T18:51:09.362Z - [36mverbose[39m: Rendering page: /Users/damithch/Repos/git-mastery/git-mastery.github.io/lessons/branch/index.md
2026-06-14T18:51:09.380Z - [32minfo[39m: Site data built
2026-06-14T18:51:09.380Z - [32minfo[39m: Pages rebuilt
2026-06-14T18:51:09.380Z - [32minfo[39m: Website regeneration complete! Total build time: 0.211s
2026-06-14T19:16:30.037Z - [32minfo[39m: [03:16:30] Reload for file change: /Users/damithch/Repos/git-mastery/git-mastery.github.io/lessons/branch/text.md
2026-06-14T19:16:30.045Z - [32minfo[39m: Synchronizing opened pages list before reload
2026-06-14T19:16:30.047Z - [32minfo[39m: Current opened pages, from most-to-least recent:
2026-06-14T19:16:30.047Z - [32minfo[39m: 1. lessons/branch/index
2026-06-14T19:16:30.199Z - [32minfo[39m: [03:16:30] Reload for file change: /Users/damithch/Repos/git-mastery/git-mastery.github.io/lessons/branch/text.md
2026-06-14T19:16:30.200Z - [32minfo[39m: Synchronizing opened pages list before reload
2026-06-14T19:16:30.200Z - [32minfo[39m: Current opened pages, from most-to-least recent:
2026-06-14T19:16:30.200Z - [32minfo[39m: 1. lessons/branch/index
2026-06-14T19:16:30.301Z - [32minfo[39m: [03:16:30] Reload for file change: /Users/damithch/Repos/git-mastery/git-mastery.github.io/lessons/branch/text.md
2026-06-14T19:16:30.301Z - [32minfo[39m: Synchronizing opened pages list before reload
2026-06-14T19:16:30.301Z - [32minfo[39m: Current opened pages, from most-to-least recent:
2026-06-14T19:16:30.302Z - [32minfo[39m: 1. lessons/branch/index
2026-06-14T19:16:30.401Z - [32minfo[39m: [03:16:30] Reload for file change: /Users/damithch/Repos/git-mastery/git-mastery.github.io/lessons/branch/text.md
2026-06-14T19:16:30.401Z - [32minfo[39m: Synchronizing opened pages list before reload
2026-06-14T19:16:30.401Z - [32minfo[39m: Current opened pages, from most-to-least recent:
2026-06-14T19:16:30.401Z - [32minfo[39m: 1. lessons/branch/index
2026-06-14T19:16:30.502Z - [32minfo[39m: [03:16:30] Reload for file change: /Users/damithch/Repos/git-mastery/git-mastery.github.io/lessons/branch/text.md
2026-06-14T19:16:30.502Z - [32minfo[39m: Synchronizing opened pages list before reload
2026-06-14T19:16:30.502Z - [32minfo[39m: Current opened pages, from most-to-least recent:
2026-06-14T19:16:30.502Z - [32minfo[39m: 1. lessons/branch/index
2026-06-14T19:16:30.602Z - [32minfo[39m: [03:16:30] Reload for file change: /Users/damithch/Repos/git-mastery/git-mastery.github.io/lessons/branch/text.md
2026-06-14T19:16:30.602Z - [32minfo[39m: Synchronizing opened pages list before reload
2026-06-14T19:16:30.602Z - [32minfo[39m: Current opened pages, from most-to-least recent:
2026-06-14T19:16:30.602Z - [32minfo[39m: 1. lessons/branch/index
2026-06-14T19:16:30.703Z - [32minfo[39m: [03:16:30] Reload for file change: /Users/damithch/Repos/git-mastery/git-mastery.github.io/lessons/branch/text.md
2026-06-14T19:16:30.703Z - [32minfo[39m: Synchronizing opened pages list before reload
2026-06-14T19:16:30.704Z - [32minfo[39m: Current opened pages, from most-to-least recent:
2026-06-14T19:16:30.704Z - [32minfo[39m: 1. lessons/branch/index
2026-06-14T19:16:31.071Z - [32minfo[39m: Rebuilding 1 pages
2026-06-14T19:16:31.397Z - [36mverbose[39m: Rendering page: /Users/damithch/Repos/git-mastery/git-mastery.github.io/lessons/branch/index.md
2026-06-14T19:16:31.429Z - [32minfo[39m: Site data built
2026-06-14T19:16:31.429Z - [32minfo[39m: Pages rebuilt
2026-06-14T19:16:31.429Z - [32minfo[39m: Website regeneration complete! Total build time: 0.376s
2026-06-14T19:24:49.252Z - [32minfo[39m: Building /Users/damithch/Repos/git-mastery/git-mastery.github.io/lessons/index as some of its dependencies were changed since the last visit
2026-06-14T19:24:49.717Z - [36mverbose[39m: Rendering page: /Users/damithch/Repos/git-mastery/git-mastery.github.io/lessons/index.md
2026-06-14T19:24:49.732Z - [32minfo[39m: Site data built
2026-06-14T19:24:49.732Z - [32minfo[39m: Lazy website regeneration complete! Total build time: 0.482s
2026-06-14T19:24:56.316Z - [32minfo[39m: Building /Users/damithch/Repos/git-mastery/git-mastery.github.io/lessons/trail/all as some of its dependencies were changed since the last visit
2026-06-14T19:24:59.016Z - [36mverbose[39m: Rendering page: /Users/damithch/Repos/git-mastery/git-mastery.github.io/lessons/trail/all.md
2026-06-14T19:24:59.226Z - [32minfo[39m: Site data built
2026-06-14T19:24:59.226Z - [32minfo[39m: Lazy website regeneration complete! Total build time: 2.91s
2026-06-15T07:33:06.839Z - [32minfo[39m: [15:33:06] Reload for file change: /Users/damithch/Repos/git-mastery/git-mastery.github.io/lessons/branch/images/divergedTimelines.png
2026-06-15T07:33:06.864Z - [32minfo[39m: Synchronizing opened pages list before reload
2026-06-15T07:33:06.871Z - [32minfo[39m: Current opened pages, from most-to-least recent:
2026-06-15T07:33:06.873Z - [32minfo[39m: 1. lessons/trail/all
2026-06-15T07:33:07.940Z - [32minfo[39m: Assets built
2026-06-15T07:33:58.778Z - [32minfo[39m: [15:33:58] Reload for file change: /Users/damithch/Repos/git-mastery/git-mastery.github.io/lessons/branch/images/namedTimelines.png
2026-06-15T07:33:58.779Z - [32minfo[39m: Synchronizing opened pages list before reload
2026-06-15T07:33:58.780Z - [32minfo[39m: Current opened pages, from most-to-least recent:
2026-06-15T07:33:58.780Z - [32minfo[39m: 1. lessons/trail/all
2026-06-15T07:33:59.787Z - [32minfo[39m: Assets built
2026-06-15T07:39:31.486Z - [32minfo[39m: [15:39:31] Reload for file change: /Users/damithch/Repos/git-mastery/git-mastery.github.io/lessons/branch/images/fixesMixed.png
2026-06-15T07:39:31.487Z - [32minfo[39m: Synchronizing opened pages list before reload
2026-06-15T07:39:31.488Z - [32minfo[39m: Current opened pages, from most-to-least recent:
2026-06-15T07:39:31.488Z - [32minfo[39m: 1. lessons/trail/all
2026-06-15T07:39:31.775Z - [32minfo[39m: [15:39:31] Reload for file change: /Users/damithch/Repos/git-mastery/git-mastery.github.io/lessons/branch/images/fixesMixed.png
2026-06-15T07:39:31.776Z - [32minfo[39m: Synchronizing opened pages list before reload
2026-06-15T07:39:31.776Z - [32minfo[39m: Current opened pages, from most-to-least recent:
2026-06-15T07:39:31.776Z - [32minfo[39m: 1. lessons/trail/all
2026-06-15T07:39:32.503Z - [32minfo[39m: Assets built
2026-06-15T07:41:04.744Z - [32minfo[39m: [15:41:04] Reload for file change: /Users/damithch/Repos/git-mastery/git-mastery.github.io/lessons/branch/images/commitsHasABug.png
2026-06-15T07:41:04.747Z - [32minfo[39m: Synchronizing opened pages list before reload
2026-06-15T07:41:04.747Z - [32minfo[39m: Current opened pages, from most-to-least recent:
2026-06-15T07:41:04.747Z - [32minfo[39m: 1. lessons/trail/all
2026-06-15T07:41:05.759Z - [32minfo[39m: Assets built
2026-06-15T07:42:55.159Z - [32minfo[39m: [15:42:55] Reload for file change: /Users/damithch/Repos/git-mastery/git-mastery.github.io/lessons/branch/images/divergedTimelines.png
2026-06-15T07:42:55.163Z - [32minfo[39m: Synchronizing opened pages list before reload
2026-06-15T07:42:55.164Z - [32minfo[39m: Current opened pages, from most-to-least recent:
2026-06-15T07:42:55.164Z - [32minfo[39m: 1. lessons/trail/all
2026-06-15T07:42:55.443Z - [32minfo[39m: [15:42:55] Reload for file change: /Users/damithch/Repos/git-mastery/git-mastery.github.io/lessons/branch/images/divergedTimelines.png
2026-06-15T07:42:55.444Z - [32minfo[39m: Synchronizing opened pages list before reload
2026-06-15T07:42:55.444Z - [32minfo[39m: Current opened pages, from most-to-least recent:
2026-06-15T07:42:55.444Z - [32minfo[39m: 1. lessons/trail/all
2026-06-15T07:42:56.174Z - [32minfo[39m: Assets built
2026-06-15T07:43:28.841Z - [32minfo[39m: [15:43:28] Reload for file change: /Users/damithch/Repos/git-mastery/git-mastery.github.io/lessons/branch/images/namedTimelines.png
2026-06-15T07:43:28.842Z - [32minfo[39m: Synchronizing opened pages list before reload
2026-06-15T07:43:28.843Z - [32minfo[39m: Current opened pages, from most-to-least recent:
2026-06-15T07:43:28.843Z - [32minfo[39m: 1. lessons/trail/all
2026-06-15T07:43:28.844Z - [32minfo[39m: [15:43:28] Reload for file change: /Users/damithch/Repos/git-mastery/git-mastery.github.io/lessons/branch/images/divergedTimelines.png
2026-06-15T07:43:28.846Z - [32minfo[39m: Synchronizing opened pages list before reload
2026-06-15T07:43:28.846Z - [32minfo[39m: Current opened pages, from most-to-least recent:
2026-06-15T07:43:28.846Z - [32minfo[39m: 1. lessons/trail/all
2026-06-15T07:43:28.847Z - [32minfo[39m: [15:43:28] Reload for file change: /Users/damithch/Repos/git-mastery/git-mastery.github.io/lessons/branch/images/commitsHasABug.png
2026-06-15T07:43:28.847Z - [32minfo[39m: Synchronizing opened pages list before reload
2026-06-15T07:43:28.847Z - [32minfo[39m: Current opened pages, from most-to-least recent:
2026-06-15T07:43:28.847Z - [32minfo[39m: 1. lessons/trail/all
2026-06-15T07:43:28.849Z - [32minfo[39m: [15:43:28] Reload for file change: /Users/damithch/Repos/git-mastery/git-mastery.github.io/lessons/branch/images/fixesMixed.png
2026-06-15T07:43:28.849Z - [32minfo[39m: Synchronizing opened pages list before reload
2026-06-15T07:43:28.849Z - [32minfo[39m: Current opened pages, from most-to-least recent:
2026-06-15T07:43:28.849Z - [32minfo[39m: 1. lessons/trail/all
2026-06-15T07:43:29.852Z - [32minfo[39m: Assets built
2026-06-15T07:46:53.206Z - [32minfo[39m: [15:46:53] Reload for file change: /Users/damithch/Repos/git-mastery/git-mastery.github.io/lessons/branch/text.md
2026-06-15T07:46:53.207Z - [32minfo[39m: Synchronizing opened pages list before reload
2026-06-15T07:46:53.207Z - [32minfo[39m: Current opened pages, from most-to-least recent:
2026-06-15T07:46:53.207Z - [32minfo[39m: 1. lessons/branch/index
2026-06-15T07:46:54.258Z - [32minfo[39m: Rebuilding 1 pages
2026-06-15T07:46:54.600Z - [36mverbose[39m: Rendering page: /Users/damithch/Repos/git-mastery/git-mastery.github.io/lessons/branch/index.md
2026-06-15T07:46:54.617Z - [32minfo[39m: Site data built
2026-06-15T07:46:54.617Z - [32minfo[39m: Pages rebuilt
2026-06-15T07:46:54.617Z - [32minfo[39m: Website regeneration complete! Total build time: 0.386s
2026-06-15T07:58:27.927Z - [32minfo[39m: [15:58:27] Reload for file change: /Users/damithch/Repos/git-mastery/git-mastery.github.io/lessons/branch/text.md
2026-06-15T07:58:27.938Z - [32minfo[39m: Synchronizing opened pages list before reload
2026-06-15T07:58:27.939Z - [32minfo[39m: Current opened pages, from most-to-least recent:
2026-06-15T07:58:27.939Z - [32minfo[39m: 1. lessons/branch/index
2026-06-15T07:58:28.959Z - [32minfo[39m: Rebuilding 1 pages
2026-06-15T07:58:29.131Z - [36mverbose[39m: Rendering page: /Users/damithch/Repos/git-mastery/git-mastery.github.io/lessons/branch/index.md
2026-06-15T07:58:29.155Z - [32minfo[39m: Site data built
2026-06-15T07:58:29.155Z - [32minfo[39m: Pages rebuilt
2026-06-15T07:58:29.155Z - [32minfo[39m: Website regeneration complete! Total build time: 0.213s
2026-06-15T08:00:11.189Z - [32minfo[39m: [16:00:11] Reload for file change: /Users/damithch/Repos/git-mastery/git-mastery.github.io/_markbind/variables.md
2026-06-15T08:00:11.191Z - [32minfo[39m: Synchronizing opened pages list before reload
2026-06-15T08:00:11.192Z - [32minfo[39m: Current opened pages, from most-to-least recent:
2026-06-15T08:00:11.192Z - [32minfo[39m: 1. lessons/branch/index
2026-06-15T08:00:11.280Z - [32minfo[39m: [16:00:11] Reload for file change: /Users/damithch/Repos/git-mastery/git-mastery.github.io/lessons/branch/text.md
2026-06-15T08:00:11.280Z - [32minfo[39m: Synchronizing opened pages list before reload
2026-06-15T08:00:11.280Z - [32minfo[39m: Current opened pages, from most-to-least recent:
2026-06-15T08:00:11.280Z - [32minfo[39m: 1. lessons/branch/index
2026-06-15T08:00:12.252Z - [33mwarn[39m: Rebuilding all pages as variables file was changed, or the --force-reload flag was set
2026-06-15T08:00:12.253Z - [32minfo[39m: Rebuilding 1 pages
2026-06-15T08:00:12.425Z - [36mverbose[39m: Rendering page: /Users/damithch/Repos/git-mastery/git-mastery.github.io/lessons/branch/index.md
2026-06-15T08:00:12.443Z - [32minfo[39m: Site data built
2026-06-15T08:00:12.443Z - [32minfo[39m: Pages rebuilt
2026-06-15T08:00:12.443Z - [32minfo[39m: Website regeneration complete! Total build time: 0.248s
2026-06-15T09:10:04.076Z - [32minfo[39m: [17:10:04] Reload for file change: /Users/damithch/Repos/git-mastery/git-mastery.github.io/_markbind/variables.md
2026-06-15T09:10:04.089Z - [32minfo[39m: Synchronizing opened pages list before reload
2026-06-15T09:10:04.092Z - [32minfo[39m: Current opened pages, from most-to-least recent:
2026-06-15T09:10:04.095Z - [32minfo[39m: 1. lessons/branch/index
2026-06-15T09:10:05.209Z - [33mwarn[39m: Rebuilding all pages as variables file was changed, or the --force-reload flag was set
2026-06-15T09:10:05.227Z - [32minfo[39m: Rebuilding 1 pages
2026-06-15T09:10:05.608Z - [36mverbose[39m: Rendering page: /Users/damithch/Repos/git-mastery/git-mastery.github.io/lessons/branch/index.md
2026-06-15T09:10:05.678Z - [32minfo[39m: Site data built
2026-06-15T09:10:05.678Z - [32minfo[39m: Pages rebuilt
2026-06-15T09:10:05.678Z - [32minfo[39m: Website regeneration complete! Total build time: 0.561s
2026-06-15T09:15:07.778Z - [32minfo[39m: [17:15:07] Reload for file change: /Users/damithch/Repos/git-mastery/git-mastery.github.io/lessons/branch/text.md
2026-06-15T09:15:07.779Z - [32minfo[39m: Synchronizing opened pages list before reload
2026-06-15T09:15:07.780Z - [32minfo[39m: Current opened pages, from most-to-least recent:
2026-06-15T09:15:07.781Z - [32minfo[39m: 1. lessons/branch/index
2026-06-15T09:15:08.803Z - [32minfo[39m: Rebuilding 1 pages
2026-06-15T09:15:09.028Z - [36mverbose[39m: Rendering page: /Users/damithch/Repos/git-mastery/git-mastery.github.io/lessons/branch/index.md
2026-06-15T09:15:09.046Z - [32minfo[39m: Site data built
2026-06-15T09:15:09.046Z - [32minfo[39m: Pages rebuilt
2026-06-15T09:15:09.046Z - [32minfo[39m: Website regeneration complete! Total build time: 0.262s
2026-06-15T09:15:41.152Z - [32minfo[39m: [17:15:41] Reload for file change: /Users/damithch/Repos/git-mastery/git-mastery.github.io/lessons/branch/text.md
2026-06-15T09:15:41.153Z - [32minfo[39m: Synchronizing opened pages list before reload
2026-06-15T09:15:41.154Z - [32minfo[39m: Current opened pages, from most-to-least recent:
2026-06-15T09:15:41.154Z - [32minfo[39m: 1. lessons/branch/index
2026-06-15T09:15:42.160Z - [32minfo[39m: Rebuilding 1 pages
2026-06-15T09:15:42.324Z - [36mverbose[39m: Rendering page: /Users/damithch/Repos/git-mastery/git-mastery.github.io/lessons/branch/index.md
2026-06-15T09:15:42.338Z - [32minfo[39m: Site data built
2026-06-15T09:15:42.338Z - [32minfo[39m: Pages rebuilt
2026-06-15T09:15:42.338Z - [32minfo[39m: Website regeneration complete! Total build time: 0.181s
2026-06-15T09:19:04.941Z - [32minfo[39m: [17:19:04] Reload for file change: /Users/damithch/Repos/git-mastery/git-mastery.github.io/lessons/branch/text.md
2026-06-15T09:19:04.942Z - [32minfo[39m: Synchronizing opened pages list before reload
2026-06-15T09:19:04.942Z - [32minfo[39m: Current opened pages, from most-to-least recent:
2026-06-15T09:19:04.943Z - [32minfo[39m: 1. lessons/branch/index
2026-06-15T09:19:05.956Z - [32minfo[39m: Rebuilding 1 pages
2026-06-15T09:19:06.179Z - [36mverbose[39m: Rendering page: /Users/damithch/Repos/git-mastery/git-mastery.github.io/lessons/branch/index.md
2026-06-15T09:19:06.196Z - [32minfo[39m: Site data built
2026-06-15T09:19:06.196Z - [32minfo[39m: Pages rebuilt
2026-06-15T09:19:06.196Z - [32minfo[39m: Website regeneration complete! Total build time: 0.252s
2026-06-15T09:23:44.645Z - [32minfo[39m: [17:23:44] Reload for file change: /Users/damithch/Repos/git-mastery/git-mastery.github.io/lessons/branch/text.md
2026-06-15T09:23:44.646Z - [32minfo[39m: Synchronizing opened pages list before reload
2026-06-15T09:23:44.647Z - [32minfo[39m: Current opened pages, from most-to-least recent:
2026-06-15T09:23:44.647Z - [32minfo[39m: 1. lessons/branch/index
2026-06-15T09:23:45.651Z - [32minfo[39m: Rebuilding 1 pages
2026-06-15T09:23:45.836Z - [36mverbose[39m: Rendering page: /Users/damithch/Repos/git-mastery/git-mastery.github.io/lessons/branch/index.md
2026-06-15T09:23:45.858Z - [32minfo[39m: Site data built
2026-06-15T09:23:45.858Z - [32minfo[39m: Pages rebuilt
2026-06-15T09:23:45.858Z - [32minfo[39m: Website regeneration complete! Total build time: 0.209s
2026-06-15T09:43:52.888Z - [32minfo[39m: [17:43:52] Reload for file change: /Users/damithch/Repos/git-mastery/git-mastery.github.io/lessons/branch/text.md
2026-06-15T09:43:52.893Z - [32minfo[39m: Synchronizing opened pages list before reload
2026-06-15T09:43:52.894Z - [32minfo[39m: Current opened pages, from most-to-least recent:
2026-06-15T09:43:52.894Z - [32minfo[39m: 1. lessons/branch/index
2026-06-15T09:43:53.910Z - [32minfo[39m: Rebuilding 1 pages
2026-06-15T09:43:54.096Z - [36mverbose[39m: Rendering page: /Users/damithch/Repos/git-mastery/git-mastery.github.io/lessons/branch/index.md
2026-06-15T09:43:54.112Z - [32minfo[39m: Site data built
2026-06-15T09:43:54.112Z - [32minfo[39m: Pages rebuilt
2026-06-15T09:43:54.112Z - [32minfo[39m: Website regeneration complete! Total build time: 0.215s
2026-06-15T09:45:53.884Z - [32minfo[39m: [17:45:53] Reload for file change: /Users/damithch/Repos/git-mastery/git-mastery.github.io/lessons/branch/exercise-side-track.md
2026-06-15T09:45:53.885Z - [32minfo[39m: Synchronizing opened pages list before reload
2026-06-15T09:45:53.886Z - [32minfo[39m: Current opened pages, from most-to-least recent:
2026-06-15T09:45:53.886Z - [32minfo[39m: 1. lessons/branch/index
2026-06-15T09:45:54.894Z - [32minfo[39m: Rebuilding 1 pages
2026-06-15T09:45:55.135Z - [36mverbose[39m: Rendering page: /Users/damithch/Repos/git-mastery/git-mastery.github.io/lessons/branch/index.md
2026-06-15T09:45:55.154Z - [32minfo[39m: Site data built
2026-06-15T09:45:55.154Z - [32minfo[39m: Pages rebuilt
2026-06-15T09:45:55.154Z - [32minfo[39m: Website regeneration complete! Total build time: 0.265s
2026-06-15T09:47:26.441Z - [32minfo[39m: [17:47:26] Reload for file change: /Users/damithch/Repos/git-mastery/git-mastery.github.io/lessons/branch/exercise-branch-previous.md
2026-06-15T09:47:26.444Z - [32minfo[39m: Synchronizing opened pages list before reload
2026-06-15T09:47:26.445Z - [32minfo[39m: Current opened pages, from most-to-least recent:
2026-06-15T09:47:26.445Z - [32minfo[39m: 1. lessons/branch/index
2026-06-15T09:47:27.458Z - [32minfo[39m: Rebuilding 1 pages
2026-06-15T09:47:27.804Z - [36mverbose[39m: Rendering page: /Users/damithch/Repos/git-mastery/git-mastery.github.io/lessons/branch/index.md
2026-06-15T09:47:27.824Z - [32minfo[39m: Site data built
2026-06-15T09:47:27.824Z - [32minfo[39m: Pages rebuilt
2026-06-15T09:47:27.824Z - [32minfo[39m: Website regeneration complete! Total build time: 0.37s
2026-06-15T11:49:13.335Z - [32minfo[39m: [19:49:13] Reload for file change: /Users/damithch/Repos/git-mastery/git-mastery.github.io/lessons/branch/text.md
2026-06-15T11:49:13.349Z - [32minfo[39m: Synchronizing opened pages list before reload
2026-06-15T11:49:13.352Z - [32minfo[39m: Current opened pages, from most-to-least recent:
2026-06-15T11:49:13.353Z - [32minfo[39m: 1. lessons/branch/index
2026-06-15T11:49:14.403Z - [32minfo[39m: Rebuilding 1 pages
2026-06-15T11:49:14.812Z - [36mverbose[39m: Rendering page: /Users/damithch/Repos/git-mastery/git-mastery.github.io/lessons/branch/index.md
2026-06-15T11:49:14.838Z - [32minfo[39m: Site data built
2026-06-15T11:49:14.838Z - [32minfo[39m: Pages rebuilt
2026-06-15T11:49:14.838Z - [32minfo[39m: Website regeneration complete! Total build time: 0.466s
2026-06-15T15:03:57.769Z - [32minfo[39m: [23:03:57] Reload for file change: /Users/damithch/Repos/git-mastery/git-mastery.github.io/lessons/branch/text.md
2026-06-15T15:03:57.787Z - [32minfo[39m: Synchronizing opened pages list before reload
2026-06-15T15:03:57.794Z - [32minfo[39m: Current opened pages, from most-to-least recent:
2026-06-15T15:03:57.795Z - [32minfo[39m: 1. lessons/branch/index
2026-06-15T15:03:58.844Z - [32minfo[39m: Rebuilding 1 pages
2026-06-15T15:03:59.137Z - [36mverbose[39m: Rendering page: /Users/damithch/Repos/git-mastery/git-mastery.github.io/lessons/branch/index.md
2026-06-15T15:03:59.157Z - [32minfo[39m: Site data built
2026-06-15T15:03:59.157Z - [32minfo[39m: Pages rebuilt
2026-06-15T15:03:59.157Z - [32minfo[39m: Website regeneration complete! Total build time: 0.344s
2026-06-15T15:04:36.636Z - [32minfo[39m: [23:04:36] Reload for file change: /Users/damithch/Repos/git-mastery/git-mastery.github.io/lessons/branch/text.md
2026-06-15T15:04:36.646Z - [32minfo[39m: Synchronizing opened pages list before reload
2026-06-15T15:04:36.647Z - [32minfo[39m: No pages are currently opened
2026-06-15T15:04:37.652Z - [32minfo[39m: No pages needed to be rebuilt
2026-06-15T15:04:47.773Z - [32minfo[39m: Building /Users/damithch/Repos/git-mastery/git-mastery.github.io/lessons/branch/index as some of its dependencies were changed since the last visit
2026-06-15T15:04:47.929Z - [36mverbose[39m: Rendering page: /Users/damithch/Repos/git-mastery/git-mastery.github.io/lessons/branch/index.md
2026-06-15T15:04:47.944Z - [32minfo[39m: Site data built
2026-06-15T15:04:47.944Z - [32minfo[39m: Lazy website regeneration complete! Total build time: 0.173s
2026-06-15T15:21:39.431Z - [32minfo[39m: [23:21:39] Reload for file change: /Users/damithch/Repos/git-mastery/git-mastery.github.io/lessons/branch/text.md
2026-06-15T15:21:39.433Z - [32minfo[39m: Synchronizing opened pages list before reload
2026-06-15T15:21:39.433Z - [32minfo[39m: Current opened pages, from most-to-least recent:
2026-06-15T15:21:39.433Z - [32minfo[39m: 1. lessons/branch/index
2026-06-15T15:21:40.437Z - [32minfo[39m: Rebuilding 1 pages
2026-06-15T15:21:40.631Z - [36mverbose[39m: Rendering page: /Users/damithch/Repos/git-mastery/git-mastery.github.io/lessons/branch/index.md
2026-06-15T15:21:40.647Z - [32minfo[39m: Site data built
2026-06-15T15:21:40.647Z - [32minfo[39m: Pages rebuilt
2026-06-15T15:21:40.647Z - [32minfo[39m: Website regeneration complete! Total build time: 0.212s
2026-06-15T15:23:14.008Z - [32minfo[39m: [23:23:14] Reload for file change: /Users/damithch/Repos/git-mastery/git-mastery.github.io/lessons/branch/text.md
2026-06-15T15:23:14.012Z - [32minfo[39m: Synchronizing opened pages list before reload
2026-06-15T15:23:14.015Z - [32minfo[39m: Current opened pages, from most-to-least recent:
2026-06-15T15:23:14.015Z - [32minfo[39m: 1. lessons/branch/index
2026-06-15T15:23:14.083Z - [32minfo[39m: [23:23:14] Reload for file change: /Users/damithch/Repos/git-mastery/git-mastery.github.io/lessons/branch/text.md
2026-06-15T15:23:14.086Z - [32minfo[39m: Synchronizing opened pages list before reload
2026-06-15T15:23:14.087Z - [32minfo[39m: Current opened pages, from most-to-least recent:
2026-06-15T15:23:14.087Z - [32minfo[39m: 1. lessons/branch/index
2026-06-15T15:23:15.028Z - [32minfo[39m: Rebuilding 1 pages
2026-06-15T15:23:15.252Z - [36mverbose[39m: Rendering page: /Users/damithch/Repos/git-mastery/git-mastery.github.io/lessons/branch/index.md
2026-06-15T15:23:15.269Z - [32minfo[39m: Site data built
2026-06-15T15:23:15.269Z - [32minfo[39m: Pages rebuilt
2026-06-15T15:23:15.269Z - [32minfo[39m: Website regeneration complete! Total build time: 0.25s
2026-06-15T15:24:26.474Z - [32minfo[39m: [23:24:26] Reload for file change: /Users/damithch/Repos/git-mastery/git-mastery.github.io/lessons/branch/text.md
2026-06-15T15:24:26.479Z - [32minfo[39m: Synchronizing opened pages list before reload
2026-06-15T15:24:26.481Z - [32minfo[39m: Current opened pages, from most-to-least recent:
2026-06-15T15:24:26.482Z - [32minfo[39m: 1. lessons/branch/index
2026-06-15T15:24:27.489Z - [32minfo[39m: Rebuilding 1 pages
2026-06-15T15:24:27.709Z - [36mverbose[39m: Rendering page: /Users/damithch/Repos/git-mastery/git-mastery.github.io/lessons/branch/index.md
2026-06-15T15:24:27.727Z - [32minfo[39m: Site data built
2026-06-15T15:24:27.727Z - [32minfo[39m: Pages rebuilt
2026-06-15T15:24:27.727Z - [32minfo[39m: Website regeneration complete! Total build time: 0.242s
2026-06-15T15:30:30.103Z - [32minfo[39m: [23:30:30] Reload for file change: /Users/damithch/Repos/git-mastery/git-mastery.github.io/lessons/branch/text.md
2026-06-15T15:30:30.103Z - [32minfo[39m: Synchronizing opened pages list before reload
2026-06-15T15:30:30.104Z - [32minfo[39m: Current opened pages, from most-to-least recent:
2026-06-15T15:30:30.104Z - [32minfo[39m: 1. lessons/branch/index
2026-06-15T15:30:31.111Z - [32minfo[39m: Rebuilding 1 pages
2026-06-15T15:30:31.321Z - [36mverbose[39m: Rendering page: /Users/damithch/Repos/git-mastery/git-mastery.github.io/lessons/branch/index.md
2026-06-15T15:30:31.340Z - [32minfo[39m: Site data built
2026-06-15T15:30:31.340Z - [32minfo[39m: Pages rebuilt
2026-06-15T15:30:31.340Z - [32minfo[39m: Website regeneration complete! Total build time: 0.233s
2026-06-15T15:32:38.109Z - [32minfo[39m: [23:32:38] Reload for file change: /Users/damithch/Repos/git-mastery/git-mastery.github.io/lessons/branch/text.md
2026-06-15T15:32:38.110Z - [32minfo[39m: Synchronizing opened pages list before reload
2026-06-15T15:32:38.110Z - [32minfo[39m: Current opened pages, from most-to-least recent:
2026-06-15T15:32:38.111Z - [32minfo[39m: 1. lessons/branch/index
2026-06-15T15:32:39.114Z - [32minfo[39m: Rebuilding 1 pages
2026-06-15T15:32:39.330Z - [36mverbose[39m: Rendering page: /Users/damithch/Repos/git-mastery/git-mastery.github.io/lessons/branch/index.md
2026-06-15T15:32:39.351Z - [32minfo[39m: Site data built
2026-06-15T15:32:39.351Z - [32minfo[39m: Pages rebuilt
2026-06-15T15:32:39.351Z - [32minfo[39m: Website regeneration complete! Total build time: 0.239s
2026-06-15T15:33:23.128Z - [32minfo[39m: Building /Users/damithch/Repos/git-mastery/git-mastery.github.io/lessons/trail/all as some of its dependencies were changed since the last visit
2026-06-15T15:33:25.891Z - [36mverbose[39m: Rendering page: /Users/damithch/Repos/git-mastery/git-mastery.github.io/lessons/trail/all.md
2026-06-15T15:33:26.113Z - [32minfo[39m: Site data built
2026-06-15T15:33:26.114Z - [32minfo[39m: Lazy website regeneration complete! Total build time: 2.987s
2026-06-15T15:39:14.110Z - [32minfo[39m: [23:39:14] Reload for file change: /Users/damithch/Repos/git-mastery/git-mastery.github.io/lessons/branch/text.md
2026-06-15T15:39:14.111Z - [32minfo[39m: Synchronizing opened pages list before reload
2026-06-15T15:39:14.112Z - [32minfo[39m: Current opened pages, from most-to-least recent:
2026-06-15T15:39:14.112Z - [32minfo[39m: 1. lessons/trail/all
2026-06-15T15:39:15.116Z - [32minfo[39m: Rebuilding 1 pages
2026-06-15T15:39:18.049Z - [36mverbose[39m: Rendering page: /Users/damithch/Repos/git-mastery/git-mastery.github.io/lessons/trail/all.md
2026-06-15T15:39:18.261Z - [32minfo[39m: Site data built
2026-06-15T15:39:18.261Z - [32minfo[39m: Pages rebuilt
2026-06-15T15:39:18.261Z - [32minfo[39m: Website regeneration complete! Total build time: 3.147s
2026-06-15T15:40:57.450Z - [32minfo[39m: [23:40:57] Reload for file change: /Users/damithch/Repos/git-mastery/git-mastery.github.io/lessons/branch/text.md
2026-06-15T15:40:57.474Z - [32minfo[39m: Synchronizing opened pages list before reload
2026-06-15T15:40:57.482Z - [32minfo[39m: No pages are currently opened
2026-06-15T15:40:58.488Z - [32minfo[39m: No pages needed to be rebuilt
2026-06-15T15:41:06.670Z - [32minfo[39m: Building /Users/damithch/Repos/git-mastery/git-mastery.github.io/lessons/branch/index as some of its dependencies were changed since the last visit
2026-06-15T15:41:06.880Z - [36mverbose[39m: Rendering page: /Users/damithch/Repos/git-mastery/git-mastery.github.io/lessons/branch/index.md
2026-06-15T15:41:06.897Z - [32minfo[39m: Site data built
2026-06-15T15:41:06.897Z - [32minfo[39m: Lazy website regeneration complete! Total build time: 0.228s
2026-06-15T15:44:21.699Z - [32minfo[39m: [23:44:21] Reload for file change: /Users/damithch/Repos/git-mastery/git-mastery.github.io/lessons/branch/text.md
2026-06-15T15:44:21.700Z - [32minfo[39m: Synchronizing opened pages list before reload
2026-06-15T15:44:21.700Z - [32minfo[39m: Current opened pages, from most-to-least recent:
2026-06-15T15:44:21.701Z - [32minfo[39m: 1. lessons/branch/index
2026-06-15T15:44:22.705Z - [32minfo[39m: Rebuilding 1 pages
2026-06-15T15:44:22.865Z - [36mverbose[39m: Rendering page: /Users/damithch/Repos/git-mastery/git-mastery.github.io/lessons/branch/index.md
2026-06-15T15:44:22.881Z - [32minfo[39m: Site data built
2026-06-15T15:44:22.881Z - [32minfo[39m: Pages rebuilt
2026-06-15T15:44:22.881Z - [32minfo[39m: Website regeneration complete! Total build time: 0.178s
