2026-02-06T16:21:03.553Z - info: Website generation started at 00:21:03
2026-02-06T16:21:03.705Z - info: Building assets...
2026-02-06T16:21:03.797Z - info: Assets built
2026-02-06T16:21:03.798Z - info: Generating pages...
2026-02-06T16:21:11.740Z - warn: You might have an invalid hash for intra-link! Ignore this warning if it was intended.'
  /lessons/commit#stagingFileDeletions' found in file '/Users/damithch/Repos/git-mastery/git-mastery.github.io/lessons/stage/text.md'
2026-02-06T16:21:11.741Z - warn: You might have an invalid hash for intra-link! Ignore this warning if it was intended.'
  /lessons/interactiveRebase#updateLastCommit' found in file '/Users/damithch/Repos/git-mastery/git-mastery.github.io/lessons/commit/text.md'
2026-02-06T16:21:11.741Z - warn: You might have an invalid hash for intra-link! Ignore this warning if it was intended.'
  /lessons/reset#resetUncommitedChanges' found in file '/Users/damithch/Repos/git-mastery/git-mastery.github.io/lessons/commit/text.md'
2026-02-06T16:21:11.741Z - warn: You might have an invalid hash for intra-link! Ignore this warning if it was intended.'
  /lessons/reset#undoRecentCommits' found in file '/Users/damithch/Repos/git-mastery/git-mastery.github.io/lessons/commit/text.md'
2026-02-06T16:21:11.741Z - warn: You might have an invalid hash for intra-link! Ignore this warning if it was intended.'
  /lessons/stage#unstagingChanges' found in file '/Users/damithch/Repos/git-mastery/git-mastery.github.io/lessons/commit/steps-stage-deletion-fragment.md'
2026-02-06T16:21:11.742Z - warn: You might have an invalid hash for intra-link! Ignore this warning if it was intended.'
  /lessons/interactiveRebase#updateLastCommit' found in file '/Users/damithch/Repos/git-mastery/git-mastery.github.io/lessons/reset/text.md'
2026-02-06T16:21:11.743Z - warn: You might have an invalid intra-link! Ignore this warning if it was intended.
'/lessons/branch/images/listRemoteBranches.png' found in file '/Users/damithch/Repos/git-mastery/git-mastery.github.io/lessons/remoteBranches/sourcetree_4.md'
2026-02-06T16:21:11.744Z - info: Pages built
2026-02-06T16:21:11.814Z - info: Site data built
2026-02-06T16:21:11.814Z - info: Website generation complete! Total build time: 8.359s
2026-02-06T16:21:11.826Z - info: Serving "/Users/damithch/Repos/git-mastery/git-mastery.github.io/_site" at http://127.0.0.1:8080
2026-02-06T16:21:11.826Z - info: Press CTRL+C to stop ...
2026-02-07T08:19:01.369Z - info: Website generation (lazy) started at 16:19:01
2026-02-07T08:19:01.594Z - info: Building assets...
2026-02-07T08:19:01.671Z - info: Assets built
2026-02-07T08:19:01.672Z - info: Generating landing page...
2026-02-07T08:19:01.761Z - info: Landing page built, other pages will be built as you navigate to them!
2026-02-07T08:19:01.834Z - info: Site data built
2026-02-07T08:19:01.834Z - info: Website generation (lazy) complete! Total build time: 0.563s
2026-02-07T08:19:01.846Z - info: Serving "/Users/damithch/Repos/git-mastery/git-mastery.github.io/_site" at http://127.0.0.1:8080
2026-02-07T08:19:01.846Z - info: Press CTRL+C to stop ...
2026-02-07T08:22:09.359Z - info: [16:22:09] Reload for file change: /Users/damithch/Repos/git-mastery/git-mastery.github.io/common/macros.njk
2026-02-07T08:22:09.361Z - info: Synchronizing opened pages list before reload
2026-02-07T08:22:09.363Z - info: Current opened pages, from most-to-least recent:
2026-02-07T08:22:09.363Z - info: 1. index
2026-02-07T08:22:10.369Z - info: Rebuilding 1 pages
2026-02-07T08:22:10.474Z - info: Site data built
2026-02-07T08:22:10.474Z - info: Pages rebuilt
2026-02-07T08:22:10.474Z - info: Website regeneration complete! Total build time: 0.107s
2026-02-07T08:23:15.220Z - info: Building /Users/damithch/Repos/git-mastery/git-mastery.github.io/lessons/index as some of its dependencies were changed since the last visit
2026-02-07T08:23:15.581Z - info: Site data built
2026-02-07T08:23:15.582Z - info: Lazy website regeneration complete! Total build time: 0.362s
2026-02-07T08:23:19.443Z - info: Building /Users/damithch/Repos/git-mastery/git-mastery.github.io/lessons/trail/remoteBranches/index as some of its dependencies were changed since the last visit
2026-02-07T08:23:19.592Z - info: Site data built
2026-02-07T08:23:19.592Z - info: Lazy website regeneration complete! Total build time: 0.149s
2026-02-07T08:24:58.665Z - info: [16:24:58] Reload for file change: /Users/damithch/Repos/git-mastery/git-mastery.github.io/lessons/remoteBranchPush/text.md
2026-02-07T08:24:58.674Z - info: Synchronizing opened pages list before reload
2026-02-07T08:24:58.684Z - info: Current opened pages, from most-to-least recent:
2026-02-07T08:24:58.684Z - info: 1. lessons/trail/remoteBranches/index
2026-02-07T08:24:59.711Z - info: Rebuilding 1 pages
2026-02-07T08:24:59.804Z - error: No such file: /Users/damithch/Repos/git-mastery/git-mastery.github.io/undefined/exercise-undefined.md
Missing reference in /Users/damithch/Repos/git-mastery/git-mastery.github.io/lessons/remoteBranchPush/text.md
2026-02-07T08:24:59.914Z - info: Site data built
2026-02-07T08:24:59.915Z - info: Pages rebuilt
2026-02-07T08:24:59.915Z - info: Website regeneration complete! Total build time: 0.227s
2026-02-07T08:25:51.550Z - info: [16:25:51] Reload for file change: /Users/damithch/Repos/git-mastery/git-mastery.github.io/lessons/remoteBranchPush/text.md
2026-02-07T08:25:51.550Z - info: Synchronizing opened pages list before reload
2026-02-07T08:25:51.551Z - info: Current opened pages, from most-to-least recent:
2026-02-07T08:25:51.552Z - info: 1. lessons/trail/remoteBranches/index
2026-02-07T08:25:52.557Z - info: Rebuilding 1 pages
2026-02-07T08:25:52.749Z - info: Site data built
2026-02-07T08:25:52.749Z - info: Pages rebuilt
2026-02-07T08:25:52.749Z - info: Website regeneration complete! Total build time: 0.193s
2026-02-07T08:30:11.206Z - info: Building /Users/damithch/Repos/git-mastery/git-mastery.github.io/lessons/branch/index as some of its dependencies were changed since the last visit
2026-02-07T08:30:11.412Z - info: Site data built
2026-02-07T08:30:11.412Z - info: Lazy website regeneration complete! Total build time: 0.206s
2026-02-07T08:33:20.367Z - info: [16:33:20] Reload for file change: /Users/damithch/Repos/git-mastery/git-mastery.github.io/lessons/remoteBranchPush/text.md
2026-02-07T08:33:20.370Z - info: Synchronizing opened pages list before reload
2026-02-07T08:33:20.372Z - info: Current opened pages, from most-to-least recent:
2026-02-07T08:33:20.372Z - info: 1. lessons/branch/index
2026-02-07T08:33:21.375Z - info: No pages needed to be rebuilt
2026-02-07T08:33:25.363Z - info: Building /Users/damithch/Repos/git-mastery/git-mastery.github.io/lessons/remoteBranchPush/index as some of its dependencies were changed since the last visit
2026-02-07T08:33:25.524Z - info: Site data built
2026-02-07T08:33:25.525Z - info: Lazy website regeneration complete! Total build time: 0.162s
2026-02-07T08:33:58.993Z - info: [16:33:58] Reload for file change: /Users/damithch/Repos/git-mastery/git-mastery.github.io/lessons/remoteBranchPush/text.md
2026-02-07T08:33:58.994Z - info: Synchronizing opened pages list before reload
2026-02-07T08:33:58.994Z - info: Current opened pages, from most-to-least recent:
2026-02-07T08:33:58.994Z - info: 1. lessons/remoteBranchPush/index
2026-02-07T08:33:59.998Z - info: Rebuilding 1 pages
2026-02-07T08:34:00.112Z - info: Site data built
2026-02-07T08:34:00.112Z - info: Pages rebuilt
2026-02-07T08:34:00.112Z - info: Website regeneration complete! Total build time: 0.116s
2026-02-07T08:34:52.538Z - info: [16:34:52] Reload for file change: /Users/damithch/Repos/git-mastery/git-mastery.github.io/lessons/remoteBranchPush/text.md
2026-02-07T08:34:52.539Z - info: Synchronizing opened pages list before reload
2026-02-07T08:34:52.540Z - info: Current opened pages, from most-to-least recent:
2026-02-07T08:34:52.540Z - info: 1. lessons/remoteBranchPush/index
2026-02-07T08:34:53.546Z - info: Rebuilding 1 pages
2026-02-07T08:34:53.645Z - info: Site data built
2026-02-07T08:34:53.645Z - info: Pages rebuilt
2026-02-07T08:34:53.645Z - info: Website regeneration complete! Total build time: 0.104s
2026-02-07T08:35:23.656Z - info: Building /Users/damithch/Repos/git-mastery/git-mastery.github.io/lessons/remoteBranchPull/index as some of its dependencies were changed since the last visit
2026-02-07T08:35:23.749Z - info: Site data built
2026-02-07T08:35:23.749Z - info: Lazy website regeneration complete! Total build time: 0.094s
2026-02-07T08:36:31.948Z - info: [16:36:31] Reload for file change: /Users/damithch/Repos/git-mastery/git-mastery.github.io/lessons/remoteBranchPull/text.md
2026-02-07T08:36:31.950Z - info: Synchronizing opened pages list before reload
2026-02-07T08:36:31.952Z - info: Current opened pages, from most-to-least recent:
2026-02-07T08:36:31.952Z - info: 1. lessons/remoteBranchPull/index
2026-02-07T08:36:32.986Z - info: Rebuilding 1 pages
2026-02-07T08:36:33.118Z - info: Site data built
2026-02-07T08:36:33.119Z - info: Pages rebuilt
2026-02-07T08:36:33.119Z - info: Website regeneration complete! Total build time: 0.16s
2026-02-07T08:37:06.400Z - info: [16:37:06] Reload for file change: /Users/damithch/Repos/git-mastery/git-mastery.github.io/lessons/remoteBranchPush/exercise-glossary-branch-push.md
2026-02-07T08:37:06.402Z - info: Synchronizing opened pages list before reload
2026-02-07T08:37:06.403Z - info: Current opened pages, from most-to-least recent:
2026-02-07T08:37:06.403Z - info: 1. lessons/remoteBranchPull/index
2026-02-07T08:37:07.407Z - info: Rebuilding 1 pages
2026-02-07T08:37:07.531Z - info: Site data built
2026-02-07T08:37:07.531Z - info: Pages rebuilt
2026-02-07T08:37:07.531Z - info: Website regeneration complete! Total build time: 0.125s
2026-02-07T08:40:36.318Z - info: [16:40:36] Reload for file change: /Users/damithch/Repos/git-mastery/git-mastery.github.io/lessons/remoteBranchPull/text.md
2026-02-07T08:40:36.322Z - info: Synchronizing opened pages list before reload
2026-02-07T08:40:36.324Z - info: Current opened pages, from most-to-least recent:
2026-02-07T08:40:36.325Z - info: 1. lessons/remoteBranchPull/index
2026-02-07T08:40:37.353Z - info: Rebuilding 1 pages
2026-02-07T08:40:37.457Z - info: Site data built
2026-02-07T08:40:37.457Z - info: Pages rebuilt
2026-02-07T08:40:37.458Z - info: Website regeneration complete! Total build time: 0.121s
2026-02-07T08:41:49.403Z - info: Building /Users/damithch/Repos/git-mastery/git-mastery.github.io/lessons/trail/usingRevisionHistory/index as some of its dependencies were changed since the last visit
2026-02-07T08:41:50.013Z - warn: You might have an invalid hash for intra-link! Ignore this warning if it was intended.'
  /lessons/interactiveRebase#updateLastCommit' found in file '/Users/damithch/Repos/git-mastery/git-mastery.github.io/lessons/reset/text.md'
2026-02-07T08:41:50.014Z - info: Site data built
2026-02-07T08:41:50.014Z - info: Lazy website regeneration complete! Total build time: 0.612s
2026-02-07T08:42:28.799Z - info: Building /Users/damithch/Repos/git-mastery/git-mastery.github.io/lessons/tag/index as some of its dependencies were changed since the last visit
2026-02-07T08:42:28.994Z - info: Site data built
2026-02-07T08:42:28.995Z - info: Lazy website regeneration complete! Total build time: 0.197s
2026-02-07T08:44:46.643Z - info: [16:44:46] Reload for file change: /Users/damithch/Repos/git-mastery/git-mastery.github.io/lessons/remoteBranchPull/text.md
2026-02-07T08:44:46.647Z - info: Synchronizing opened pages list before reload
2026-02-07T08:44:46.648Z - info: Current opened pages, from most-to-least recent:
2026-02-07T08:44:46.648Z - info: 1. lessons/remoteBranchPull/index
2026-02-07T08:44:47.669Z - info: Rebuilding 1 pages
2026-02-07T08:44:47.810Z - info: Site data built
2026-02-07T08:44:47.810Z - info: Pages rebuilt
2026-02-07T08:44:47.810Z - info: Website regeneration complete! Total build time: 0.157s
2026-02-07T08:44:56.572Z - info: [16:44:56] Reload for file change: /Users/damithch/Repos/git-mastery/git-mastery.github.io/lessons/remoteBranchPull/text.md
2026-02-07T08:44:56.575Z - info: Synchronizing opened pages list before reload
2026-02-07T08:44:56.576Z - info: Current opened pages, from most-to-least recent:
2026-02-07T08:44:56.576Z - info: 1. lessons/remoteBranchPull/index
2026-02-07T08:44:57.580Z - info: Rebuilding 1 pages
2026-02-07T08:44:57.704Z - info: Site data built
2026-02-07T08:44:57.704Z - info: Pages rebuilt
2026-02-07T08:44:57.704Z - info: Website regeneration complete! Total build time: 0.127s
2026-02-07T08:45:15.656Z - info: [16:45:15] Reload for file change: /Users/damithch/Repos/git-mastery/git-mastery.github.io/lessons/remoteBranchPull/text.md
2026-02-07T08:45:15.659Z - info: Synchronizing opened pages list before reload
2026-02-07T08:45:15.661Z - info: Current opened pages, from most-to-least recent:
2026-02-07T08:45:15.661Z - info: 1. lessons/remoteBranchPull/index
2026-02-07T08:45:16.665Z - info: Rebuilding 1 pages
2026-02-07T08:45:16.807Z - info: Site data built
2026-02-07T08:45:16.807Z - info: Pages rebuilt
2026-02-07T08:45:16.807Z - info: Website regeneration complete! Total build time: 0.144s
2026-02-07T08:46:06.336Z - info: [16:46:06] Reload for file change: /Users/damithch/Repos/git-mastery/git-mastery.github.io/lessons/remoteBranchPull/text.md
2026-02-07T08:46:06.337Z - info: Synchronizing opened pages list before reload
2026-02-07T08:46:06.337Z - info: Current opened pages, from most-to-least recent:
2026-02-07T08:46:06.338Z - info: 1. lessons/remoteBranchPull/index
2026-02-07T08:46:07.345Z - info: Rebuilding 1 pages
2026-02-07T08:46:07.458Z - info: Site data built
2026-02-07T08:46:07.458Z - info: Pages rebuilt
2026-02-07T08:46:07.458Z - info: Website regeneration complete! Total build time: 0.12s
2026-02-07T08:46:25.710Z - info: [16:46:25] Reload for file change: /Users/damithch/Repos/git-mastery/git-mastery.github.io/lessons/remoteBranchPull/text.md
2026-02-07T08:46:25.711Z - info: Synchronizing opened pages list before reload
2026-02-07T08:46:25.711Z - info: Current opened pages, from most-to-least recent:
2026-02-07T08:46:25.711Z - info: 1. lessons/remoteBranchPull/index
2026-02-07T08:46:26.717Z - info: Rebuilding 1 pages
2026-02-07T08:46:26.843Z - info: Site data built
2026-02-07T08:46:26.843Z - info: Pages rebuilt
2026-02-07T08:46:26.843Z - info: Website regeneration complete! Total build time: 0.128s
2026-02-07T08:46:48.089Z - info: Building /Users/damithch/Repos/git-mastery/git-mastery.github.io/lessons/remoteBranchDelete/index as some of its dependencies were changed since the last visit
2026-02-07T08:46:48.166Z - info: Site data built
2026-02-07T08:46:48.166Z - info: Lazy website regeneration complete! Total build time: 0.078s
2026-02-07T08:47:08.538Z - info: [16:47:08] Reload for file change: /Users/damithch/Repos/git-mastery/git-mastery.github.io/lessons/remoteBranchDelete/text.md
2026-02-07T08:47:08.542Z - info: Synchronizing opened pages list before reload
2026-02-07T08:47:08.544Z - info: Current opened pages, from most-to-least recent:
2026-02-07T08:47:08.544Z - info: 1. lessons/remoteBranchDelete/index
2026-02-07T08:47:09.553Z - info: Rebuilding 1 pages
2026-02-07T08:47:09.637Z - info: Site data built
2026-02-07T08:47:09.637Z - info: Pages rebuilt
2026-02-07T08:47:09.637Z - info: Website regeneration complete! Total build time: 0.087s
2026-02-07T08:48:34.693Z - info: [16:48:34] Reload for file change: /Users/damithch/Repos/git-mastery/git-mastery.github.io/lessons/remoteBranchDelete/text.md
2026-02-07T08:48:34.696Z - info: Synchronizing opened pages list before reload
2026-02-07T08:48:34.698Z - info: Current opened pages, from most-to-least recent:
2026-02-07T08:48:34.698Z - info: 1. lessons/remoteBranchDelete/index
2026-02-07T08:48:35.702Z - info: Rebuilding 1 pages
2026-02-07T08:48:35.808Z - info: Site data built
2026-02-07T08:48:35.809Z - info: Pages rebuilt
2026-02-07T08:48:35.809Z - info: Website regeneration complete! Total build time: 0.11s
2026-02-07T08:50:21.818Z - info: [16:50:21] Reload for file change: /Users/damithch/Repos/git-mastery/git-mastery.github.io/lessons/remoteBranchRename/text.md
2026-02-07T08:50:21.819Z - info: Synchronizing opened pages list before reload
2026-02-07T08:50:21.820Z - info: Current opened pages, from most-to-least recent:
2026-02-07T08:50:21.820Z - info: 1. lessons/remoteBranchDelete/index
2026-02-07T08:50:22.825Z - info: No pages needed to be rebuilt
2026-02-07T08:50:25.774Z - info: Building /Users/damithch/Repos/git-mastery/git-mastery.github.io/lessons/remoteBranchRename/index as some of its dependencies were changed since the last visit
2026-02-07T08:50:25.865Z - info: Site data built
2026-02-07T08:50:25.865Z - info: Lazy website regeneration complete! Total build time: 0.093s
2026-02-07T08:51:29.807Z - info: [16:51:29] Reload for file change: /Users/damithch/Repos/git-mastery/git-mastery.github.io/lessons/remoteBranchRename/text.md
2026-02-07T08:51:29.811Z - info: Synchronizing opened pages list before reload
2026-02-07T08:51:29.813Z - info: Current opened pages, from most-to-least recent:
2026-02-07T08:51:29.813Z - info: 1. lessons/remoteBranchRename/index
2026-02-07T08:51:30.822Z - info: Rebuilding 1 pages
2026-02-07T08:51:30.917Z - info: Site data built
2026-02-07T08:51:30.917Z - info: Pages rebuilt
2026-02-07T08:51:30.917Z - info: Website regeneration complete! Total build time: 0.1s
2026-02-07T08:54:24.290Z - info: Website generation started at 16:54:24
2026-02-07T08:54:24.382Z - info: Building assets...
2026-02-07T08:54:24.465Z - info: Assets built
2026-02-07T08:54:24.465Z - info: Generating pages...
2026-02-07T08:54:32.593Z - warn: You might have an invalid hash for intra-link! Ignore this warning if it was intended.'
  /lessons/commit#stagingFileDeletions' found in file '/Users/damithch/Repos/git-mastery/git-mastery.github.io/lessons/stage/text.md'
2026-02-07T08:54:32.594Z - warn: You might have an invalid hash for intra-link! Ignore this warning if it was intended.'
  /lessons/interactiveRebase#updateLastCommit' found in file '/Users/damithch/Repos/git-mastery/git-mastery.github.io/lessons/commit/text.md'
2026-02-07T08:54:32.594Z - warn: You might have an invalid hash for intra-link! Ignore this warning if it was intended.'
  /lessons/reset#resetUncommitedChanges' found in file '/Users/damithch/Repos/git-mastery/git-mastery.github.io/lessons/commit/text.md'
2026-02-07T08:54:32.594Z - warn: You might have an invalid hash for intra-link! Ignore this warning if it was intended.'
  /lessons/reset#undoRecentCommits' found in file '/Users/damithch/Repos/git-mastery/git-mastery.github.io/lessons/commit/text.md'
2026-02-07T08:54:32.594Z - warn: You might have an invalid hash for intra-link! Ignore this warning if it was intended.'
  /lessons/stage#unstagingChanges' found in file '/Users/damithch/Repos/git-mastery/git-mastery.github.io/lessons/commit/steps-stage-deletion-fragment.md'
2026-02-07T08:54:32.595Z - warn: You might have an invalid hash for intra-link! Ignore this warning if it was intended.'
  /lessons/interactiveRebase#updateLastCommit' found in file '/Users/damithch/Repos/git-mastery/git-mastery.github.io/lessons/reset/text.md'
2026-02-07T08:54:32.596Z - warn: You might have an invalid intra-link! Ignore this warning if it was intended.
'/lessons/branch/images/listRemoteBranches.png' found in file '/Users/damithch/Repos/git-mastery/git-mastery.github.io/lessons/remoteBranches/sourcetree_4.md'
2026-02-07T08:54:32.598Z - info: Pages built
2026-02-07T08:54:32.674Z - info: Site data built
2026-02-07T08:54:32.674Z - info: Website generation complete! Total build time: 8.465s
2026-02-07T08:54:32.674Z - info: Build success!
2026-02-07T08:54:40.281Z - info: The website has been deployed at: git-mastery.org
2026-02-07T14:09:41.593Z - info: Website generation started at 22:09:41
2026-02-07T14:09:41.772Z - info: Building assets...
