2026-04-20T10:54:17.651Z - [32minfo[39m: Website generation started at 18:54:17
2026-04-20T10:54:17.782Z - [32minfo[39m: Building assets...
2026-04-20T10:54:17.855Z - [32minfo[39m: Assets built
2026-04-20T10:54:17.856Z - [32minfo[39m: Generating pages...
2026-04-20T10:54:18.338Z - [36mverbose[39m: Rendering page: /Users/damithch/Repos/git-mastery/git-mastery.github.io/about/index.md
2026-04-20T10:54:18.346Z - [36mverbose[39m: Rendering page: /Users/damithch/Repos/git-mastery/git-mastery.github.io/faq/index.md
2026-04-20T10:54:18.349Z - [36mverbose[39m: Rendering page: /Users/damithch/Repos/git-mastery/git-mastery.github.io/exercises-directory/index.md
2026-04-20T10:54:18.375Z - [36mverbose[39m: Rendering page: /Users/damithch/Repos/git-mastery/git-mastery.github.io/companion-app/index.md
2026-04-20T10:54:20.854Z - [36mverbose[39m: Rendering page: /Users/damithch/Repos/git-mastery/git-mastery.github.io/lessons/tag/exercise-tags-update.md
2026-04-20T10:54:20.857Z - [36mverbose[39m: Rendering page: /Users/damithch/Repos/git-mastery/git-mastery.github.io/lessons/trail/all.md
2026-04-20T10:54:21.060Z - [36mverbose[39m: Rendering page: /Users/damithch/Repos/git-mastery/git-mastery.github.io/lessons/tag/exercise-tags-push.md
2026-04-20T10:54:21.061Z - [36mverbose[39m: Rendering page: /Users/damithch/Repos/git-mastery/git-mastery.github.io/lessons/tag/exercise-tags-add.md
2026-04-20T10:54:21.088Z - [36mverbose[39m: Rendering page: /Users/damithch/Repos/git-mastery/git-mastery.github.io/lessons/stage/exercise-staging-intervention.md
2026-04-20T10:54:21.090Z - [36mverbose[39m: Rendering page: /Users/damithch/Repos/git-mastery/git-mastery.github.io/lessons/show/exercise-view-commits.md
2026-04-20T10:54:21.092Z - [36mverbose[39m: Rendering page: /Users/damithch/Repos/git-mastery/git-mastery.github.io/lessons/stage/exercise-stage-fright.md
2026-04-20T10:54:21.104Z - [36mverbose[39m: Rendering page: /Users/damithch/Repos/git-mastery/git-mastery.github.io/lessons/setRemote/exercise-link-me.md
2026-04-20T10:54:21.131Z - [36mverbose[39m: Rendering page: /Users/damithch/Repos/git-mastery/git-mastery.github.io/lessons/revert/exercise-sensors-revert.md
2026-04-20T10:54:21.133Z - [36mverbose[39m: Rendering page: /Users/damithch/Repos/git-mastery/git-mastery.github.io/lessons/reset/exercise-sensors-reset.md
2026-04-20T10:54:21.134Z - [36mverbose[39m: Rendering page: /Users/damithch/Repos/git-mastery/git-mastery.github.io/lessons/remoteBranchRename/exercise-remote-branch-rename.md
2026-04-20T10:54:21.136Z - [36mverbose[39m: Rendering page: /Users/damithch/Repos/git-mastery/git-mastery.github.io/lessons/remoteBranchRename/exercise-glossary-branch-rename.md
2026-04-20T10:54:21.164Z - [36mverbose[39m: Rendering page: /Users/damithch/Repos/git-mastery/git-mastery.github.io/lessons/remoteBranchPush/exercise-glossary-branch-push.md
2026-04-20T10:54:21.165Z - [36mverbose[39m: Rendering page: /Users/damithch/Repos/git-mastery/git-mastery.github.io/lessons/remoteBranchPull/exercise-glossary-branch-pull.md
2026-04-20T10:54:21.167Z - [36mverbose[39m: Rendering page: /Users/damithch/Repos/git-mastery/git-mastery.github.io/lessons/remoteBranchDelete/exercise-glossary-branch-delete.md
2026-04-20T10:54:21.168Z - [36mverbose[39m: Rendering page: /Users/damithch/Repos/git-mastery/git-mastery.github.io/lessons/push/exercise-push-over.md
2026-04-20T10:54:21.196Z - [36mverbose[39m: Rendering page: /Users/damithch/Repos/git-mastery/git-mastery.github.io/lessons/pull/exercise-fetch-and-pull.md
2026-04-20T10:54:21.198Z - [36mverbose[39m: Rendering page: /Users/damithch/Repos/git-mastery/git-mastery.github.io/lessons/prsCreate/exercise-create-pr-from-main.md
2026-04-20T10:54:21.200Z - [36mverbose[39m: Rendering page: /Users/damithch/Repos/git-mastery/git-mastery.github.io/lessons/merge/exercise-merge-undo.md
2026-04-20T10:54:21.207Z - [36mverbose[39m: Rendering page: /Users/damithch/Repos/git-mastery/git-mastery.github.io/lessons/mergeConflicts/exercise-conflict-mediator.md
2026-04-20T10:54:21.220Z - [36mverbose[39m: Rendering page: /Users/damithch/Repos/git-mastery/git-mastery.github.io/lessons/merge/exercise-merge-squash.md
2026-04-20T10:54:21.226Z - [36mverbose[39m: Rendering page: /Users/damithch/Repos/git-mastery/git-mastery.github.io/lessons/merge/exercise-ff-undo.md
2026-04-20T10:54:21.228Z - [36mverbose[39m: Rendering page: /Users/damithch/Repos/git-mastery/git-mastery.github.io/lessons/merge/exercise-branch-forward.md
2026-04-20T10:54:21.229Z - [36mverbose[39m: Rendering page: /Users/damithch/Repos/git-mastery/git-mastery.github.io/lessons/merge/exercise-branch-compare.md
2026-04-20T10:54:21.247Z - [36mverbose[39m: Rendering page: /Users/damithch/Repos/git-mastery/git-mastery.github.io/lessons/merge/exercise-branch-bender.md
2026-04-20T10:54:21.254Z - [36mverbose[39m: Rendering page: /Users/damithch/Repos/git-mastery/git-mastery.github.io/lessons/log/exercise-log-and-order.md
2026-04-20T10:54:21.256Z - [36mverbose[39m: Rendering page: /Users/damithch/Repos/git-mastery/git-mastery.github.io/lessons/init/exercise-undo-init.md
2026-04-20T10:54:21.257Z - [36mverbose[39m: Rendering page: /Users/damithch/Repos/git-mastery/git-mastery.github.io/lessons/init/exercise-under-control.md
2026-04-20T10:54:21.276Z - [36mverbose[39m: Rendering page: /Users/damithch/Repos/git-mastery/git-mastery.github.io/lessons/ignore/exercise-ignoring-somethings.md
2026-04-20T10:54:21.283Z - [36mverbose[39m: Rendering page: /Users/damithch/Repos/git-mastery/git-mastery.github.io/lessons/fork/exercise-fork-repo.md
2026-04-20T10:54:21.285Z - [36mverbose[39m: Rendering page: /Users/damithch/Repos/git-mastery/git-mastery.github.io/lessons/diff/exercise-sensors-diff.md
2026-04-20T10:54:21.286Z - [36mverbose[39m: Rendering page: /Users/damithch/Repos/git-mastery/git-mastery.github.io/lessons/createRemoteRepo/exercise-remote-control.md
2026-04-20T10:54:21.306Z - [36mverbose[39m: Rendering page: /Users/damithch/Repos/git-mastery/git-mastery.github.io/lessons/commit/exercise-grocery-shopping.md
2026-04-20T10:54:21.314Z - [36mverbose[39m: Rendering page: /Users/damithch/Repos/git-mastery/git-mastery.github.io/lessons/clone/exercise-clone-repo.md
2026-04-20T10:54:21.316Z - [36mverbose[39m: Rendering page: /Users/damithch/Repos/git-mastery/git-mastery.github.io/lessons/checkout/exercise-sensors-checkout.md
2026-04-20T10:54:21.318Z - [36mverbose[39m: Rendering page: /Users/damithch/Repos/git-mastery/git-mastery.github.io/lessons/branchRename/exercise-branch-rename.md
2026-04-20T10:54:21.355Z - [36mverbose[39m: Rendering page: /Users/damithch/Repos/git-mastery/git-mastery.github.io/lessons/branchDelete/exercise-mix-messy-graph.md
2026-04-20T10:54:21.358Z - [36mverbose[39m: Rendering page: /Users/damithch/Repos/git-mastery/git-mastery.github.io/lessons/branchDelete/exercise-mix-messy-docs.md
2026-04-20T10:54:21.360Z - [36mverbose[39m: Rendering page: /Users/damithch/Repos/git-mastery/git-mastery.github.io/lessons/branchDelete/exercise-branch-delete.md
2026-04-20T10:54:21.368Z - [36mverbose[39m: Rendering page: /Users/damithch/Repos/git-mastery/git-mastery.github.io/lessons/branch/exercise-side-track.md
2026-04-20T10:54:21.626Z - [36mverbose[39m: Rendering page: /Users/damithch/Repos/git-mastery/git-mastery.github.io/lessons/branch/exercise-branch-previous.md
2026-04-20T10:54:21.629Z - [36mverbose[39m: Rendering page: /Users/damithch/Repos/git-mastery/git-mastery.github.io/lessons/workflows/index.md
2026-04-20T10:54:21.952Z - [36mverbose[39m: Rendering page: /Users/damithch/Repos/git-mastery/git-mastery.github.io/lessons/trail/workingWithPrs/index.md
2026-04-20T10:54:21.967Z - [36mverbose[39m: Rendering page: /Users/damithch/Repos/git-mastery/git-mastery.github.io/lessons/trail/workingWithRemotes/index.md
2026-04-20T10:54:22.008Z - [36mverbose[39m: Rendering page: /Users/damithch/Repos/git-mastery/git-mastery.github.io/lessons/trail/usingRevisionHistory/index.md
2026-04-20T10:54:22.460Z - [36mverbose[39m: Rendering page: /Users/damithch/Repos/git-mastery/git-mastery.github.io/lessons/trail/syncingBranches/index.md
2026-04-20T10:54:22.504Z - [36mverbose[39m: Rendering page: /Users/damithch/Repos/git-mastery/git-mastery.github.io/lessons/trail/remoteBranches/index.md
2026-04-20T10:54:22.516Z - [36mverbose[39m: Rendering page: /Users/damithch/Repos/git-mastery/git-mastery.github.io/lessons/trail/recordingFolderHistory/index.md
2026-04-20T10:54:22.745Z - [36mverbose[39m: Rendering page: /Users/damithch/Repos/git-mastery/git-mastery.github.io/lessons/trail/index.md
2026-04-20T10:54:23.024Z - [36mverbose[39m: Rendering page: /Users/damithch/Repos/git-mastery/git-mastery.github.io/lessons/trail/managingProjects/index.md
2026-04-20T10:54:23.228Z - [36mverbose[39m: Rendering page: /Users/damithch/Repos/git-mastery/git-mastery.github.io/lessons/trail/fineTuningHistory/index.md
2026-04-20T10:54:23.242Z - [36mverbose[39m: Rendering page: /Users/damithch/Repos/git-mastery/git-mastery.github.io/lessons/trail/branchingLocally/index.md
2026-04-20T10:54:23.342Z - [36mverbose[39m: Rendering page: /Users/damithch/Repos/git-mastery/git-mastery.github.io/lessons/template/index.md
2026-04-20T10:54:23.355Z - [36mverbose[39m: Rendering page: /Users/damithch/Repos/git-mastery/git-mastery.github.io/lessons/trail/backingUpOnCloud/index.md
2026-04-20T10:54:23.383Z - [36mverbose[39m: Rendering page: /Users/damithch/Repos/git-mastery/git-mastery.github.io/lessons/tag/index.md
2026-04-20T10:54:23.493Z - [36mverbose[39m: Rendering page: /Users/damithch/Repos/git-mastery/git-mastery.github.io/lessons/syncByRebase/index.md
2026-04-20T10:54:23.541Z - [36mverbose[39m: Rendering page: /Users/damithch/Repos/git-mastery/git-mastery.github.io/lessons/stage/index.md
2026-04-20T10:54:23.555Z - [36mverbose[39m: Rendering page: /Users/damithch/Repos/git-mastery/git-mastery.github.io/lessons/syncByMerge/index.md
2026-04-20T10:54:23.593Z - [36mverbose[39m: Rendering page: /Users/damithch/Repos/git-mastery/git-mastery.github.io/lessons/show/index.md
2026-04-20T10:54:23.710Z - [36mverbose[39m: Rendering page: /Users/damithch/Repos/git-mastery/git-mastery.github.io/lessons/setRemote/index.md
2026-04-20T10:54:23.717Z - [36mverbose[39m: Rendering page: /Users/damithch/Repos/git-mastery/git-mastery.github.io/lessons/selectiveStage/index.md
2026-04-20T10:54:23.721Z - [36mverbose[39m: Rendering page: /Users/damithch/Repos/git-mastery/git-mastery.github.io/lessons/revert/index.md
2026-04-20T10:54:23.734Z - [36mverbose[39m: Rendering page: /Users/damithch/Repos/git-mastery/git-mastery.github.io/lessons/reset/index.md
2026-04-20T10:54:23.817Z - [36mverbose[39m: Rendering page: /Users/damithch/Repos/git-mastery/git-mastery.github.io/lessons/remoteRepos/index.md
2026-04-20T10:54:23.821Z - [36mverbose[39m: Rendering page: /Users/damithch/Repos/git-mastery/git-mastery.github.io/lessons/remoteBranchRename/index.md
2026-04-20T10:54:23.825Z - [36mverbose[39m: Rendering page: /Users/damithch/Repos/git-mastery/git-mastery.github.io/lessons/remoteBranchPush/index.md
2026-04-20T10:54:23.830Z - [36mverbose[39m: Rendering page: /Users/damithch/Repos/git-mastery/git-mastery.github.io/lessons/remoteBranchPull/index.md
2026-04-20T10:54:24.022Z - [36mverbose[39m: Rendering page: /Users/damithch/Repos/git-mastery/git-mastery.github.io/lessons/remoteBranchDelete/index.md
2026-04-20T10:54:24.034Z - [36mverbose[39m: Rendering page: /Users/damithch/Repos/git-mastery/git-mastery.github.io/lessons/push/index.md
2026-04-20T10:54:24.044Z - [36mverbose[39m: Rendering page: /Users/damithch/Repos/git-mastery/git-mastery.github.io/lessons/pull/index.md
2026-04-20T10:54:24.056Z - [36mverbose[39m: Rendering page: /Users/damithch/Repos/git-mastery/git-mastery.github.io/lessons/prsReview/index.md
2026-04-20T10:54:24.195Z - [36mverbose[39m: Rendering page: /Users/damithch/Repos/git-mastery/git-mastery.github.io/lessons/prsMerge/index.md
2026-04-20T10:54:24.199Z - [36mverbose[39m: Rendering page: /Users/damithch/Repos/git-mastery/git-mastery.github.io/lessons/prsCreate/index.md
2026-04-20T10:54:24.208Z - [36mverbose[39m: Rendering page: /Users/damithch/Repos/git-mastery/git-mastery.github.io/lessons/mergeConflicts/index.md
2026-04-20T10:54:24.213Z - [36mverbose[39m: Rendering page: /Users/damithch/Repos/git-mastery/git-mastery.github.io/lessons/otherPmFeatures/index.md
2026-04-20T10:54:24.378Z - [36mverbose[39m: Rendering page: /Users/damithch/Repos/git-mastery/git-mastery.github.io/lessons/merge/index.md
2026-04-20T10:54:24.389Z - [36mverbose[39m: Rendering page: /Users/damithch/Repos/git-mastery/git-mastery.github.io/lessons/log/index.md
2026-04-20T10:54:24.398Z - [36mverbose[39m: Rendering page: /Users/damithch/Repos/git-mastery/git-mastery.github.io/lessons/interactiveRebase/index.md
2026-04-20T10:54:24.403Z - [36mverbose[39m: Rendering page: /Users/damithch/Repos/git-mastery/git-mastery.github.io/lessons/intro/index.md
2026-04-20T10:54:24.638Z - [36mverbose[39m: Rendering page: /Users/damithch/Repos/git-mastery/git-mastery.github.io/lessons/init/index.md
2026-04-20T10:54:24.645Z - [36mverbose[39m: Rendering page: /Users/damithch/Repos/git-mastery/git-mastery.github.io/lessons/index.md
2026-04-20T10:54:24.652Z - [36mverbose[39m: Rendering page: /Users/damithch/Repos/git-mastery/git-mastery.github.io/lessons/ignore/index.md
2026-04-20T10:54:24.730Z - [36mverbose[39m: Rendering page: /Users/damithch/Repos/git-mastery/git-mastery.github.io/lessons/githubPrep/index.md
2026-04-20T10:54:24.789Z - [36mverbose[39m: Rendering page: /Users/damithch/Repos/git-mastery/git-mastery.github.io/lessons/forkingWorkflow/index.md
2026-04-20T10:54:24.793Z - [36mverbose[39m: Rendering page: /Users/damithch/Repos/git-mastery/git-mastery.github.io/lessons/gitPrep/index.md
2026-04-20T10:54:24.805Z - [36mverbose[39m: Rendering page: /Users/damithch/Repos/git-mastery/git-mastery.github.io/lessons/fork/index.md
2026-04-20T10:54:24.821Z - [36mverbose[39m: Rendering page: /Users/damithch/Repos/git-mastery/git-mastery.github.io/lessons/diff/index.md
2026-04-20T10:54:24.884Z - [36mverbose[39m: Rendering page: /Users/damithch/Repos/git-mastery/git-mastery.github.io/lessons/createRemoteRepo/index.md
2026-04-20T10:54:24.905Z - [36mverbose[39m: Rendering page: /Users/damithch/Repos/git-mastery/git-mastery.github.io/lessons/commitMessage/index.md
2026-04-20T10:54:24.909Z - [36mverbose[39m: Rendering page: /Users/damithch/Repos/git-mastery/git-mastery.github.io/lessons/commit/index.md
2026-04-20T10:54:24.924Z - [36mverbose[39m: Rendering page: /Users/damithch/Repos/git-mastery/git-mastery.github.io/lessons/clone/index.md
2026-04-20T10:54:25.048Z - [36mverbose[39m: Rendering page: /Users/damithch/Repos/git-mastery/git-mastery.github.io/lessons/checkout/index.md
2026-04-20T10:54:25.056Z - [36mverbose[39m: Rendering page: /Users/damithch/Repos/git-mastery/git-mastery.github.io/lessons/cherryPick/index.md
2026-04-20T10:54:25.059Z - [36mverbose[39m: Rendering page: /Users/damithch/Repos/git-mastery/git-mastery.github.io/lessons/branchRename/index.md
2026-04-20T10:54:25.128Z - [36mverbose[39m: Rendering page: /Users/damithch/Repos/git-mastery/git-mastery.github.io/lessons/branchDelete/index.md
2026-04-20T10:54:25.145Z - [36mverbose[39m: Rendering page: /Users/damithch/Repos/git-mastery/git-mastery.github.io/lessons/branch/index.md
2026-04-20T10:54:25.155Z - [36mverbose[39m: Rendering page: /Users/damithch/Repos/git-mastery/git-mastery.github.io/index.md
2026-04-20T10:54:25.161Z - [32minfo[39m: Pages built
2026-04-20T10:54:25.230Z - [32minfo[39m: Site data built
2026-04-20T10:54:25.230Z - [32minfo[39m: Website generation complete! Total build time: 7.674s
2026-04-20T10:54:25.230Z - [32minfo[39m: Build success!
2026-04-20T10:54:35.561Z - [32minfo[39m: GitHub Actions deployment initiated. Check status at: https://github.com/git-mastery/git-mastery.github.io/actions
2026-04-20T10:54:35.561Z - [32minfo[39m: The website will be deployed at: git-mastery.org
