2025-12-25T13:44:50.650Z - info: Website generation started at 21:44:50
2025-12-25T13:44:50.831Z - info: Building assets...
2025-12-25T13:44:51.103Z - info: Assets built
2025-12-25T13:44:51.104Z - info: Generating pages...
2025-12-25T13:44:56.861Z - warn: You might have an invalid hash for intra-link! Ignore this warning if it was intended.'
  /lessons/commit#stagingFileDeletions' found in file '/Users/damithch/Repos/git-mastery/git-mastery.github.io/lessons/stage/text.md'
2025-12-25T13:44:56.861Z - warn: You might have an invalid hash for intra-link! Ignore this warning if it was intended.'
  /lessons/interactiveRebase#updateLastCommit' found in file '/Users/damithch/Repos/git-mastery/git-mastery.github.io/lessons/commit/text.md'
2025-12-25T13:44:56.861Z - warn: You might have an invalid hash for intra-link! Ignore this warning if it was intended.'
  /lessons/reset#resetUncommitedChanges' found in file '/Users/damithch/Repos/git-mastery/git-mastery.github.io/lessons/commit/text.md'
2025-12-25T13:44:56.861Z - warn: You might have an invalid hash for intra-link! Ignore this warning if it was intended.'
  /lessons/reset#undoRecentCommits' found in file '/Users/damithch/Repos/git-mastery/git-mastery.github.io/lessons/commit/text.md'
2025-12-25T13:44:56.862Z - warn: You might have an invalid hash for intra-link! Ignore this warning if it was intended.'
  /lessons/stage#unstagingChanges' found in file '/Users/damithch/Repos/git-mastery/git-mastery.github.io/lessons/commit/steps-stage-deletion-fragment.md'
2025-12-25T13:44:56.863Z - warn: You might have an invalid hash for intra-link! Ignore this warning if it was intended.'
  /lessons/interactiveRebase#updateLastCommit' found in file '/Users/damithch/Repos/git-mastery/git-mastery.github.io/lessons/reset/text.md'
2025-12-25T13:44:56.864Z - warn: You might have an invalid intra-link! Ignore this warning if it was intended.
'/lessons/branch/images/listRemoteBranches.png' found in file '/Users/damithch/Repos/git-mastery/git-mastery.github.io/lessons/remoteBranches/sourcetree_4.md'
2025-12-25T13:44:56.866Z - info: Pages built
2025-12-25T13:44:56.991Z - info: Site data built
2025-12-25T13:44:56.991Z - info: Website generation complete! Total build time: 6.528s
2025-12-25T13:44:56.991Z - info: Build success!
2025-12-25T13:45:05.143Z - info: The website has been deployed at: https://git-mastery.github.io/git-mastery.github.io
