2026-01-14T16:00:09.429Z - info: [00:00:09] Reload for file change: /Users/damithch/Repos/git-mastery/git-mastery.github.io/lessons/remoteBranchPull/exercise-glossary-branch-pull.md
2026-01-14T16:00:10.457Z - info: Rebuilding 1 pages
2026-01-14T16:00:10.534Z - warn: You might have an invalid intra-link! Ignore this warning if it was intended.
'/companion-app/index.html?cv-focus=W3sidCI6IkRJViIsImkiOjIwMywicCI6ImNvbnRlbnQtd3JhcHBlciIsInMiOiJHaXQtTWFzdGVyeSBBcHA6IENvbW1hbmRzIENvbW1hbiIsImgiOjExNDAxNDgyMn1d' found in file '/Users/damithch/Repos/git-mastery/git-mastery.github.io/lessons/remoteBranchPull/exercise-glossary-branch-pull.md'
2026-01-14T16:00:10.534Z - warn: You might have an invalid intra-link! Ignore this warning if it was intended.
'/companion-app/index.html?cv-focus=W3sidCI6IkRJViIsImkiOjIwNSwicCI6ImNvbnRlbnQtd3JhcHBlciIsInMiOiJVcGRhdGluZyB0aGUgR2l0LU1hc3RlcnkgQXBwIEFzICIsImgiOi01ODUzNDE1NzF9XQ%3D%3D' found in file '/Users/damithch/Repos/git-mastery/git-mastery.github.io/lessons/remoteBranchPull/exercise-glossary-branch-pull.md'
2026-01-14T16:00:10.535Z - info: Site data built
2026-01-14T16:00:10.535Z - info: Pages rebuilt
2026-01-14T16:00:10.535Z - info: Website regeneration complete! Total build time: 0.08s
2026-01-14T16:00:17.386Z - info: [00:00:17] Reload for file change: /Users/damithch/Repos/git-mastery/git-mastery.github.io/lessons/remoteBranchPull/exercise-glossary-branch-pull.md
2026-01-14T16:00:18.389Z - info: Rebuilding 1 pages
2026-01-14T16:00:18.460Z - warn: You might have an invalid intra-link! Ignore this warning if it was intended.
'/companion-app/index.html?cv-focus=W3sidCI6IkRJViIsImkiOjIwMywicCI6ImNvbnRlbnQtd3JhcHBlciIsInMiOiJHaXQtTWFzdGVyeSBBcHA6IENvbW1hbmRzIENvbW1hbiIsImgiOjExNDAxNDgyMn1d' found in file '/Users/damithch/Repos/git-mastery/git-mastery.github.io/lessons/remoteBranchPull/exercise-glossary-branch-pull.md'
2026-01-14T16:00:18.461Z - warn: You might have an invalid intra-link! Ignore this warning if it was intended.
'/companion-app/index.html?cv-focus=W3sidCI6IkRJViIsImkiOjIwNSwicCI6ImNvbnRlbnQtd3JhcHBlciIsInMiOiJVcGRhdGluZyB0aGUgR2l0LU1hc3RlcnkgQXBwIEFzICIsImgiOi01ODUzNDE1NzF9XQ%3D%3D' found in file '/Users/damithch/Repos/git-mastery/git-mastery.github.io/lessons/remoteBranchPull/exercise-glossary-branch-pull.md'
2026-01-14T16:00:18.461Z - info: Site data built
2026-01-14T16:00:18.461Z - info: Pages rebuilt
2026-01-14T16:00:18.461Z - info: Website regeneration complete! Total build time: 0.073s
2026-01-14T16:00:28.028Z - info: [00:00:28] Reload for file change: /Users/damithch/Repos/git-mastery/git-mastery.github.io/lessons/remoteBranchPull/exercise-glossary-branch-pull.md
2026-01-14T16:00:29.030Z - info: Rebuilding 1 pages
2026-01-14T16:00:29.095Z - warn: You might have an invalid intra-link! Ignore this warning if it was intended.
'/companion-app/index.html?cv-focus=W3sidCI6IkRJViIsImkiOjIwMywicCI6ImNvbnRlbnQtd3JhcHBlciIsInMiOiJHaXQtTWFzdGVyeSBBcHA6IENvbW1hbmRzIENvbW1hbiIsImgiOjExNDAxNDgyMn1d' found in file '/Users/damithch/Repos/git-mastery/git-mastery.github.io/lessons/remoteBranchPull/exercise-glossary-branch-pull.md'
2026-01-14T16:00:29.096Z - warn: You might have an invalid intra-link! Ignore this warning if it was intended.
'/companion-app/index.html?cv-focus=W3sidCI6IkRJViIsImkiOjIwNSwicCI6ImNvbnRlbnQtd3JhcHBlciIsInMiOiJVcGRhdGluZyB0aGUgR2l0LU1hc3RlcnkgQXBwIEFzICIsImgiOi01ODUzNDE1NzF9XQ%3D%3D' found in file '/Users/damithch/Repos/git-mastery/git-mastery.github.io/lessons/remoteBranchPull/exercise-glossary-branch-pull.md'
2026-01-14T16:00:29.096Z - info: Site data built
2026-01-14T16:00:29.096Z - info: Pages rebuilt
2026-01-14T16:00:29.096Z - info: Website regeneration complete! Total build time: 0.067s
2026-01-14T16:15:02.885Z - info: [00:15:02] Reload for file change: /Users/damithch/Repos/git-mastery/git-mastery.github.io/lessons/remoteBranchPush/exercise-glossary-branch-push.md
2026-01-14T16:15:03.915Z - info: Rebuilding 4 pages
2026-01-14T16:15:04.046Z - warn: You might have an invalid intra-link! Ignore this warning if it was intended.
'/companion-app/index.html?cv-focus=W3sidCI6IkRJViIsImkiOjIwMywicCI6ImNvbnRlbnQtd3JhcHBlciIsInMiOiJHaXQtTWFzdGVyeSBBcHA6IENvbW1hbmRzIENvbW1hbiIsImgiOjExNDAxNDgyMn1d' found in file '/Users/damithch/Repos/git-mastery/git-mastery.github.io/lessons/remoteBranchDelete/exercise-glossary-branch-delete.md'
2026-01-14T16:15:04.046Z - warn: You might have an invalid intra-link! Ignore this warning if it was intended.
'/companion-app/index.html?cv-focus=W3sidCI6IkRJViIsImkiOjIwNSwicCI6ImNvbnRlbnQtd3JhcHBlciIsInMiOiJVcGRhdGluZyB0aGUgR2l0LU1hc3RlcnkgQXBwIEFzICIsImgiOi01ODUzNDE1NzF9XQ%3D%3D' found in file '/Users/damithch/Repos/git-mastery/git-mastery.github.io/lessons/remoteBranchDelete/exercise-glossary-branch-delete.md'
2026-01-14T16:15:04.046Z - warn: You might have an invalid intra-link! Ignore this warning if it was intended.
'/companion-app/index.html?cv-focus=W3sidCI6IkRJViIsImkiOjIwMywicCI6ImNvbnRlbnQtd3JhcHBlciIsInMiOiJHaXQtTWFzdGVyeSBBcHA6IENvbW1hbmRzIENvbW1hbiIsImgiOjExNDAxNDgyMn1d' found in file '/Users/damithch/Repos/git-mastery/git-mastery.github.io/lessons/remoteBranchPull/exercise-glossary-branch-pull.md'
2026-01-14T16:15:04.047Z - warn: You might have an invalid intra-link! Ignore this warning if it was intended.
'/companion-app/index.html?cv-focus=W3sidCI6IkRJViIsImkiOjIwNSwicCI6ImNvbnRlbnQtd3JhcHBlciIsInMiOiJVcGRhdGluZyB0aGUgR2l0LU1hc3RlcnkgQXBwIEFzICIsImgiOi01ODUzNDE1NzF9XQ%3D%3D' found in file '/Users/damithch/Repos/git-mastery/git-mastery.github.io/lessons/remoteBranchPull/exercise-glossary-branch-pull.md'
2026-01-14T16:15:04.047Z - warn: You might have an invalid intra-link! Ignore this warning if it was intended.
'/companion-app/index.html?cv-focus=W3sidCI6IkRJViIsImkiOjIwMywicCI6ImNvbnRlbnQtd3JhcHBlciIsInMiOiJHaXQtTWFzdGVyeSBBcHA6IENvbW1hbmRzIENvbW1hbiIsImgiOjExNDAxNDgyMn1d' found in file '/Users/damithch/Repos/git-mastery/git-mastery.github.io/lessons/remoteBranchPush/exercise-glossary-branch-push.md'
2026-01-14T16:15:04.047Z - warn: You might have an invalid intra-link! Ignore this warning if it was intended.
'/companion-app/index.html?cv-focus=W3sidCI6IkRJViIsImkiOjIwNSwicCI6ImNvbnRlbnQtd3JhcHBlciIsInMiOiJVcGRhdGluZyB0aGUgR2l0LU1hc3RlcnkgQXBwIEFzICIsImgiOi01ODUzNDE1NzF9XQ%3D%3D' found in file '/Users/damithch/Repos/git-mastery/git-mastery.github.io/lessons/remoteBranchPush/exercise-glossary-branch-push.md'
2026-01-14T16:15:04.047Z - warn: You might have an invalid intra-link! Ignore this warning if it was intended.
'/companion-app/index.html?cv-focus=W3sidCI6IkRJViIsImkiOjIwMywicCI6ImNvbnRlbnQtd3JhcHBlciIsInMiOiJHaXQtTWFzdGVyeSBBcHA6IENvbW1hbmRzIENvbW1hbiIsImgiOjExNDAxNDgyMn1d' found in file '/Users/damithch/Repos/git-mastery/git-mastery.github.io/lessons/remoteBranchRename/exercise-glossary-branch-rename.md'
2026-01-14T16:15:04.047Z - warn: You might have an invalid intra-link! Ignore this warning if it was intended.
'/companion-app/index.html?cv-focus=W3sidCI6IkRJViIsImkiOjIwNSwicCI6ImNvbnRlbnQtd3JhcHBlciIsInMiOiJVcGRhdGluZyB0aGUgR2l0LU1hc3RlcnkgQXBwIEFzICIsImgiOi01ODUzNDE1NzF9XQ%3D%3D' found in file '/Users/damithch/Repos/git-mastery/git-mastery.github.io/lessons/remoteBranchRename/exercise-glossary-branch-rename.md'
2026-01-14T16:15:04.047Z - info: Site data built
2026-01-14T16:15:04.047Z - info: Pages rebuilt
2026-01-14T16:15:04.047Z - info: Website regeneration complete! Total build time: 0.135s
2026-01-14T16:18:57.276Z - info: [00:18:57] Reload for file change: /Users/damithch/Repos/git-mastery/git-mastery.github.io/lessons/remoteBranchPush/exercise-glossary-branch-push.md
2026-01-14T16:18:58.285Z - info: Rebuilding 4 pages
2026-01-14T16:18:58.414Z - warn: You might have an invalid intra-link! Ignore this warning if it was intended.
'/companion-app/index.html?cv-focus=W3sidCI6IkRJViIsImkiOjIwMywicCI6ImNvbnRlbnQtd3JhcHBlciIsInMiOiJHaXQtTWFzdGVyeSBBcHA6IENvbW1hbmRzIENvbW1hbiIsImgiOjExNDAxNDgyMn1d' found in file '/Users/damithch/Repos/git-mastery/git-mastery.github.io/lessons/remoteBranchDelete/exercise-glossary-branch-delete.md'
2026-01-14T16:18:58.414Z - warn: You might have an invalid intra-link! Ignore this warning if it was intended.
'/companion-app/index.html?cv-focus=W3sidCI6IkRJViIsImkiOjIwNSwicCI6ImNvbnRlbnQtd3JhcHBlciIsInMiOiJVcGRhdGluZyB0aGUgR2l0LU1hc3RlcnkgQXBwIEFzICIsImgiOi01ODUzNDE1NzF9XQ%3D%3D' found in file '/Users/damithch/Repos/git-mastery/git-mastery.github.io/lessons/remoteBranchDelete/exercise-glossary-branch-delete.md'
2026-01-14T16:18:58.414Z - warn: You might have an invalid intra-link! Ignore this warning if it was intended.
'/companion-app/index.html?cv-focus=W3sidCI6IkRJViIsImkiOjIwMywicCI6ImNvbnRlbnQtd3JhcHBlciIsInMiOiJHaXQtTWFzdGVyeSBBcHA6IENvbW1hbmRzIENvbW1hbiIsImgiOjExNDAxNDgyMn1d' found in file '/Users/damithch/Repos/git-mastery/git-mastery.github.io/lessons/remoteBranchPull/exercise-glossary-branch-pull.md'
2026-01-14T16:18:58.414Z - warn: You might have an invalid intra-link! Ignore this warning if it was intended.
'/companion-app/index.html?cv-focus=W3sidCI6IkRJViIsImkiOjIwNSwicCI6ImNvbnRlbnQtd3JhcHBlciIsInMiOiJVcGRhdGluZyB0aGUgR2l0LU1hc3RlcnkgQXBwIEFzICIsImgiOi01ODUzNDE1NzF9XQ%3D%3D' found in file '/Users/damithch/Repos/git-mastery/git-mastery.github.io/lessons/remoteBranchPull/exercise-glossary-branch-pull.md'
2026-01-14T16:18:58.414Z - warn: You might have an invalid intra-link! Ignore this warning if it was intended.
'/companion-app/index.html?cv-focus=W3sidCI6IkRJViIsImkiOjIwMywicCI6ImNvbnRlbnQtd3JhcHBlciIsInMiOiJHaXQtTWFzdGVyeSBBcHA6IENvbW1hbmRzIENvbW1hbiIsImgiOjExNDAxNDgyMn1d' found in file '/Users/damithch/Repos/git-mastery/git-mastery.github.io/lessons/remoteBranchPush/exercise-glossary-branch-push.md'
2026-01-14T16:18:58.414Z - warn: You might have an invalid intra-link! Ignore this warning if it was intended.
'/companion-app/index.html?cv-focus=W3sidCI6IkRJViIsImkiOjIwNSwicCI6ImNvbnRlbnQtd3JhcHBlciIsInMiOiJVcGRhdGluZyB0aGUgR2l0LU1hc3RlcnkgQXBwIEFzICIsImgiOi01ODUzNDE1NzF9XQ%3D%3D' found in file '/Users/damithch/Repos/git-mastery/git-mastery.github.io/lessons/remoteBranchPush/exercise-glossary-branch-push.md'
2026-01-14T16:18:58.414Z - warn: You might have an invalid intra-link! Ignore this warning if it was intended.
'/companion-app/index.html?cv-focus=W3sidCI6IkRJViIsImkiOjIwMywicCI6ImNvbnRlbnQtd3JhcHBlciIsInMiOiJHaXQtTWFzdGVyeSBBcHA6IENvbW1hbmRzIENvbW1hbiIsImgiOjExNDAxNDgyMn1d' found in file '/Users/damithch/Repos/git-mastery/git-mastery.github.io/lessons/remoteBranchRename/exercise-glossary-branch-rename.md'
2026-01-14T16:18:58.414Z - warn: You might have an invalid intra-link! Ignore this warning if it was intended.
'/companion-app/index.html?cv-focus=W3sidCI6IkRJViIsImkiOjIwNSwicCI6ImNvbnRlbnQtd3JhcHBlciIsInMiOiJVcGRhdGluZyB0aGUgR2l0LU1hc3RlcnkgQXBwIEFzICIsImgiOi01ODUzNDE1NzF9XQ%3D%3D' found in file '/Users/damithch/Repos/git-mastery/git-mastery.github.io/lessons/remoteBranchRename/exercise-glossary-branch-rename.md'
2026-01-14T16:18:58.415Z - info: Site data built
2026-01-14T16:18:58.415Z - info: Pages rebuilt
2026-01-14T16:18:58.415Z - info: Website regeneration complete! Total build time: 0.132s
2026-01-14T16:19:22.039Z - info: Website generation started at 00:19:21
2026-01-14T16:19:22.208Z - info: Building assets...
