2026-01-11T07:09:14.513Z - info: Website generation started at 15:09:14
2026-01-11T07:09:14.704Z - info: Building assets...
2026-01-11T07:09:14.981Z - info: Assets built
2026-01-11T07:09:14.981Z - info: Generating pages...
2026-01-11T07:09:22.026Z - warn: You might have an invalid intra-link! Ignore this warning if it was intended.
'/companion-app/index.html?cv-focus=W3sidCI6IkRJViIsImkiOjIwMywicCI6ImNvbnRlbnQtd3JhcHBlciIsInMiOiJHaXQtTWFzdGVyeSBBcHA6IENvbW1hbmRzIENvbW1hbiIsImgiOjExNDAxNDgyMn1d' found in file '/Users/damithch/Repos/git-mastery/git-mastery.github.io/lessons/init/exercise-under-control.md'
2026-01-11T07:09:22.026Z - warn: You might have an invalid intra-link! Ignore this warning if it was intended.
'/companion-app/index.html?cv-focus=W3sidCI6IkRJViIsImkiOjIwNSwicCI6ImNvbnRlbnQtd3JhcHBlciIsInMiOiJVcGRhdGluZyB0aGUgR2l0LU1hc3RlcnkgQXBwIEFzICIsImgiOi01ODUzNDE1NzF9XQ%3D%3D' found in file '/Users/damithch/Repos/git-mastery/git-mastery.github.io/lessons/init/exercise-under-control.md'
2026-01-11T07:09:22.026Z - warn: You might have an invalid intra-link! Ignore this warning if it was intended.
'/companion-app/index.html?cv-focus=W3sidCI6IkRJViIsImkiOjIwMywicCI6ImNvbnRlbnQtd3JhcHBlciIsInMiOiJHaXQtTWFzdGVyeSBBcHA6IENvbW1hbmRzIENvbW1hbiIsImgiOjExNDAxNDgyMn1d' found in file '/Users/damithch/Repos/git-mastery/git-mastery.github.io/lessons/checkout/exercise-sensors-checkout.md'
2026-01-11T07:09:22.026Z - warn: You might have an invalid intra-link! Ignore this warning if it was intended.
'/companion-app/index.html?cv-focus=W3sidCI6IkRJViIsImkiOjIwNSwicCI6ImNvbnRlbnQtd3JhcHBlciIsInMiOiJVcGRhdGluZyB0aGUgR2l0LU1hc3RlcnkgQXBwIEFzICIsImgiOi01ODUzNDE1NzF9XQ%3D%3D' found in file '/Users/damithch/Repos/git-mastery/git-mastery.github.io/lessons/checkout/exercise-sensors-checkout.md'
2026-01-11T07:09:22.026Z - warn: You might have an invalid intra-link! Ignore this warning if it was intended.
'/companion-app/index.html?cv-focus=W3sidCI6IkRJViIsImkiOjIwMywicCI6ImNvbnRlbnQtd3JhcHBlciIsInMiOiJHaXQtTWFzdGVyeSBBcHA6IENvbW1hbmRzIENvbW1hbiIsImgiOjExNDAxNDgyMn1d' found in file '/Users/damithch/Repos/git-mastery/git-mastery.github.io/lessons/reset/exercise-sensors-reset.md'
2026-01-11T07:09:22.027Z - warn: You might have an invalid intra-link! Ignore this warning if it was intended.
'/companion-app/index.html?cv-focus=W3sidCI6IkRJViIsImkiOjIwNSwicCI6ImNvbnRlbnQtd3JhcHBlciIsInMiOiJVcGRhdGluZyB0aGUgR2l0LU1hc3RlcnkgQXBwIEFzICIsImgiOi01ODUzNDE1NzF9XQ%3D%3D' found in file '/Users/damithch/Repos/git-mastery/git-mastery.github.io/lessons/reset/exercise-sensors-reset.md'
2026-01-11T07:09:22.027Z - warn: You might have an invalid intra-link! Ignore this warning if it was intended.
'/companion-app/index.html?cv-focus=W3sidCI6IkRJViIsImkiOjIwMywicCI6ImNvbnRlbnQtd3JhcHBlciIsInMiOiJHaXQtTWFzdGVyeSBBcHA6IENvbW1hbmRzIENvbW1hbiIsImgiOjExNDAxNDgyMn1d' found in file '/Users/damithch/Repos/git-mastery/git-mastery.github.io/lessons/revert/exercise-sensors-revert.md'
2026-01-11T07:09:22.027Z - warn: You might have an invalid intra-link! Ignore this warning if it was intended.
'/companion-app/index.html?cv-focus=W3sidCI6IkRJViIsImkiOjIwNSwicCI6ImNvbnRlbnQtd3JhcHBlciIsInMiOiJVcGRhdGluZyB0aGUgR2l0LU1hc3RlcnkgQXBwIEFzICIsImgiOi01ODUzNDE1NzF9XQ%3D%3D' found in file '/Users/damithch/Repos/git-mastery/git-mastery.github.io/lessons/revert/exercise-sensors-revert.md'
2026-01-11T07:09:22.027Z - warn: You might have an invalid intra-link! Ignore this warning if it was intended.
'/companion-app/index.html?cv-focus=W3sidCI6IkRJViIsImkiOjIwMywicCI6ImNvbnRlbnQtd3JhcHBlciIsInMiOiJHaXQtTWFzdGVyeSBBcHA6IENvbW1hbmRzIENvbW1hbiIsImgiOjExNDAxNDgyMn1d' found in file '/Users/damithch/Repos/git-mastery/git-mastery.github.io/lessons/init/text.md'
2026-01-11T07:09:22.027Z - warn: You might have an invalid intra-link! Ignore this warning if it was intended.
'/companion-app/index.html?cv-focus=W3sidCI6IkRJViIsImkiOjIwNSwicCI6ImNvbnRlbnQtd3JhcHBlciIsInMiOiJVcGRhdGluZyB0aGUgR2l0LU1hc3RlcnkgQXBwIEFzICIsImgiOi01ODUzNDE1NzF9XQ%3D%3D' found in file '/Users/damithch/Repos/git-mastery/git-mastery.github.io/lessons/init/text.md'
2026-01-11T07:09:22.027Z - warn: You might have an invalid intra-link! Ignore this warning if it was intended.
'/companion-app/index.html?cv-focus=W3sidCI6IkRJViIsImkiOjIwMywicCI6ImNvbnRlbnQtd3JhcHBlciIsInMiOiJHaXQtTWFzdGVyeSBBcHA6IENvbW1hbmRzIENvbW1hbiIsImgiOjExNDAxNDgyMn1d' found in file '/Users/damithch/Repos/git-mastery/git-mastery.github.io/lessons/init/detour-undoRepoInit-fragment.md'
2026-01-11T07:09:22.027Z - warn: You might have an invalid intra-link! Ignore this warning if it was intended.
'/companion-app/index.html?cv-focus=W3sidCI6IkRJViIsImkiOjIwNSwicCI6ImNvbnRlbnQtd3JhcHBlciIsInMiOiJVcGRhdGluZyB0aGUgR2l0LU1hc3RlcnkgQXBwIEFzICIsImgiOi01ODUzNDE1NzF9XQ%3D%3D' found in file '/Users/damithch/Repos/git-mastery/git-mastery.github.io/lessons/init/detour-undoRepoInit-fragment.md'
2026-01-11T07:09:22.027Z - warn: You might have an invalid intra-link! Ignore this warning if it was intended.
'/companion-app/index.html?cv-focus=W3sidCI6IkRJViIsImkiOjIwMywicCI6ImNvbnRlbnQtd3JhcHBlciIsInMiOiJHaXQtTWFzdGVyeSBBcHA6IENvbW1hbmRzIENvbW1hbiIsImgiOjExNDAxNDgyMn1d' found in file '/Users/damithch/Repos/git-mastery/git-mastery.github.io/lessons/stage/text.md'
2026-01-11T07:09:22.027Z - warn: You might have an invalid intra-link! Ignore this warning if it was intended.
'/companion-app/index.html?cv-focus=W3sidCI6IkRJViIsImkiOjIwNSwicCI6ImNvbnRlbnQtd3JhcHBlciIsInMiOiJVcGRhdGluZyB0aGUgR2l0LU1hc3RlcnkgQXBwIEFzICIsImgiOi01ODUzNDE1NzF9XQ%3D%3D' found in file '/Users/damithch/Repos/git-mastery/git-mastery.github.io/lessons/stage/text.md'
2026-01-11T07:09:22.027Z - warn: You might have an invalid hash for intra-link! Ignore this warning if it was intended.'
  /lessons/commit#stagingFileDeletions' found in file '/Users/damithch/Repos/git-mastery/git-mastery.github.io/lessons/stage/text.md'
2026-01-11T07:09:22.028Z - warn: You might have an invalid intra-link! Ignore this warning if it was intended.
'/companion-app/index.html?cv-focus=W3sidCI6IkRJViIsImkiOjIwMywicCI6ImNvbnRlbnQtd3JhcHBlciIsInMiOiJHaXQtTWFzdGVyeSBBcHA6IENvbW1hbmRzIENvbW1hbiIsImgiOjExNDAxNDgyMn1d' found in file '/Users/damithch/Repos/git-mastery/git-mastery.github.io/lessons/stage/detour-unstagingChanges-fragment.md'
2026-01-11T07:09:22.028Z - warn: You might have an invalid intra-link! Ignore this warning if it was intended.
'/companion-app/index.html?cv-focus=W3sidCI6IkRJViIsImkiOjIwNSwicCI6ImNvbnRlbnQtd3JhcHBlciIsInMiOiJVcGRhdGluZyB0aGUgR2l0LU1hc3RlcnkgQXBwIEFzICIsImgiOi01ODUzNDE1NzF9XQ%3D%3D' found in file '/Users/damithch/Repos/git-mastery/git-mastery.github.io/lessons/stage/detour-unstagingChanges-fragment.md'
2026-01-11T07:09:22.028Z - warn: You might have an invalid intra-link! Ignore this warning if it was intended.
'/companion-app/index.html?cv-focus=W3sidCI6IkRJViIsImkiOjIwMywicCI6ImNvbnRlbnQtd3JhcHBlciIsInMiOiJHaXQtTWFzdGVyeSBBcHA6IENvbW1hbmRzIENvbW1hbiIsImgiOjExNDAxNDgyMn1d' found in file '/Users/damithch/Repos/git-mastery/git-mastery.github.io/lessons/commit/text.md'
2026-01-11T07:09:22.028Z - warn: You might have an invalid intra-link! Ignore this warning if it was intended.
'/companion-app/index.html?cv-focus=W3sidCI6IkRJViIsImkiOjIwNSwicCI6ImNvbnRlbnQtd3JhcHBlciIsInMiOiJVcGRhdGluZyB0aGUgR2l0LU1hc3RlcnkgQXBwIEFzICIsImgiOi01ODUzNDE1NzF9XQ%3D%3D' found in file '/Users/damithch/Repos/git-mastery/git-mastery.github.io/lessons/commit/text.md'
2026-01-11T07:09:22.028Z - warn: You might have an invalid hash for intra-link! Ignore this warning if it was intended.'
  /lessons/interactiveRebase#updateLastCommit' found in file '/Users/damithch/Repos/git-mastery/git-mastery.github.io/lessons/commit/text.md'
2026-01-11T07:09:22.028Z - warn: You might have an invalid hash for intra-link! Ignore this warning if it was intended.'
  /lessons/reset#resetUncommitedChanges' found in file '/Users/damithch/Repos/git-mastery/git-mastery.github.io/lessons/commit/text.md'
2026-01-11T07:09:22.028Z - warn: You might have an invalid hash for intra-link! Ignore this warning if it was intended.'
  /lessons/reset#undoRecentCommits' found in file '/Users/damithch/Repos/git-mastery/git-mastery.github.io/lessons/commit/text.md'
2026-01-11T07:09:22.028Z - warn: You might have an invalid hash for intra-link! Ignore this warning if it was intended.'
  /lessons/stage#unstagingChanges' found in file '/Users/damithch/Repos/git-mastery/git-mastery.github.io/lessons/commit/steps-stage-deletion-fragment.md'
2026-01-11T07:09:22.028Z - warn: You might have an invalid intra-link! Ignore this warning if it was intended.
'/companion-app/index.html?cv-focus=W3sidCI6IkRJViIsImkiOjIwMywicCI6ImNvbnRlbnQtd3JhcHBlciIsInMiOiJHaXQtTWFzdGVyeSBBcHA6IENvbW1hbmRzIENvbW1hbiIsImgiOjExNDAxNDgyMn1d' found in file '/Users/damithch/Repos/git-mastery/git-mastery.github.io/lessons/log/text.md'
2026-01-11T07:09:22.028Z - warn: You might have an invalid intra-link! Ignore this warning if it was intended.
'/companion-app/index.html?cv-focus=W3sidCI6IkRJViIsImkiOjIwNSwicCI6ImNvbnRlbnQtd3JhcHBlciIsInMiOiJVcGRhdGluZyB0aGUgR2l0LU1hc3RlcnkgQXBwIEFzICIsImgiOi01ODUzNDE1NzF9XQ%3D%3D' found in file '/Users/damithch/Repos/git-mastery/git-mastery.github.io/lessons/log/text.md'
2026-01-11T07:09:22.028Z - warn: You might have an invalid intra-link! Ignore this warning if it was intended.
'/companion-app/index.html?cv-focus=W3sidCI6IkRJViIsImkiOjIwMywicCI6ImNvbnRlbnQtd3JhcHBlciIsInMiOiJHaXQtTWFzdGVyeSBBcHA6IENvbW1hbmRzIENvbW1hbiIsImgiOjExNDAxNDgyMn1d' found in file '/Users/damithch/Repos/git-mastery/git-mastery.github.io/lessons/createRemoteRepo/text.md'
2026-01-11T07:09:22.028Z - warn: You might have an invalid intra-link! Ignore this warning if it was intended.
'/companion-app/index.html?cv-focus=W3sidCI6IkRJViIsImkiOjIwNSwicCI6ImNvbnRlbnQtd3JhcHBlciIsInMiOiJVcGRhdGluZyB0aGUgR2l0LU1hc3RlcnkgQXBwIEFzICIsImgiOi01ODUzNDE1NzF9XQ%3D%3D' found in file '/Users/damithch/Repos/git-mastery/git-mastery.github.io/lessons/createRemoteRepo/text.md'
2026-01-11T07:09:22.028Z - warn: You might have an invalid intra-link! Ignore this warning if it was intended.
'/companion-app/index.html?cv-focus=W3sidCI6IkRJViIsImkiOjIwMywicCI6ImNvbnRlbnQtd3JhcHBlciIsInMiOiJHaXQtTWFzdGVyeSBBcHA6IENvbW1hbmRzIENvbW1hbiIsImgiOjExNDAxNDgyMn1d' found in file '/Users/damithch/Repos/git-mastery/git-mastery.github.io/lessons/setRemote/text.md'
2026-01-11T07:09:22.028Z - warn: You might have an invalid intra-link! Ignore this warning if it was intended.
'/companion-app/index.html?cv-focus=W3sidCI6IkRJViIsImkiOjIwNSwicCI6ImNvbnRlbnQtd3JhcHBlciIsInMiOiJVcGRhdGluZyB0aGUgR2l0LU1hc3RlcnkgQXBwIEFzICIsImgiOi01ODUzNDE1NzF9XQ%3D%3D' found in file '/Users/damithch/Repos/git-mastery/git-mastery.github.io/lessons/setRemote/text.md'
2026-01-11T07:09:22.028Z - warn: You might have an invalid intra-link! Ignore this warning if it was intended.
'/companion-app/index.html?cv-focus=W3sidCI6IkRJViIsImkiOjIwMywicCI6ImNvbnRlbnQtd3JhcHBlciIsInMiOiJHaXQtTWFzdGVyeSBBcHA6IENvbW1hbmRzIENvbW1hbiIsImgiOjExNDAxNDgyMn1d' found in file '/Users/damithch/Repos/git-mastery/git-mastery.github.io/lessons/push/text.md'
2026-01-11T07:09:22.028Z - warn: You might have an invalid intra-link! Ignore this warning if it was intended.
'/companion-app/index.html?cv-focus=W3sidCI6IkRJViIsImkiOjIwNSwicCI6ImNvbnRlbnQtd3JhcHBlciIsInMiOiJVcGRhdGluZyB0aGUgR2l0LU1hc3RlcnkgQXBwIEFzICIsImgiOi01ODUzNDE1NzF9XQ%3D%3D' found in file '/Users/damithch/Repos/git-mastery/git-mastery.github.io/lessons/push/text.md'
2026-01-11T07:09:22.029Z - warn: You might have an invalid intra-link! Ignore this warning if it was intended.
'/companion-app/index.html?cv-focus=W3sidCI6IkRJViIsImkiOjIwMywicCI6ImNvbnRlbnQtd3JhcHBlciIsInMiOiJHaXQtTWFzdGVyeSBBcHA6IENvbW1hbmRzIENvbW1hbiIsImgiOjExNDAxNDgyMn1d' found in file '/Users/damithch/Repos/git-mastery/git-mastery.github.io/lessons/ignore/text.md'
2026-01-11T07:09:22.029Z - warn: You might have an invalid intra-link! Ignore this warning if it was intended.
'/companion-app/index.html?cv-focus=W3sidCI6IkRJViIsImkiOjIwNSwicCI6ImNvbnRlbnQtd3JhcHBlciIsInMiOiJVcGRhdGluZyB0aGUgR2l0LU1hc3RlcnkgQXBwIEFzICIsImgiOi01ODUzNDE1NzF9XQ%3D%3D' found in file '/Users/damithch/Repos/git-mastery/git-mastery.github.io/lessons/ignore/text.md'
2026-01-11T07:09:22.029Z - warn: You might have an invalid intra-link! Ignore this warning if it was intended.
'/companion-app/index.html?cv-focus=W3sidCI6IkRJViIsImkiOjIwMywicCI6ImNvbnRlbnQtd3JhcHBlciIsInMiOiJHaXQtTWFzdGVyeSBBcHA6IENvbW1hbmRzIENvbW1hbiIsImgiOjExNDAxNDgyMn1d' found in file '/Users/damithch/Repos/git-mastery/git-mastery.github.io/lessons/fork/text.md'
2026-01-11T07:09:22.029Z - warn: You might have an invalid intra-link! Ignore this warning if it was intended.
'/companion-app/index.html?cv-focus=W3sidCI6IkRJViIsImkiOjIwNSwicCI6ImNvbnRlbnQtd3JhcHBlciIsInMiOiJVcGRhdGluZyB0aGUgR2l0LU1hc3RlcnkgQXBwIEFzICIsImgiOi01ODUzNDE1NzF9XQ%3D%3D' found in file '/Users/damithch/Repos/git-mastery/git-mastery.github.io/lessons/fork/text.md'
2026-01-11T07:09:22.029Z - warn: You might have an invalid intra-link! Ignore this warning if it was intended.
'/companion-app/index.html?cv-focus=W3sidCI6IkRJViIsImkiOjIwMywicCI6ImNvbnRlbnQtd3JhcHBlciIsInMiOiJHaXQtTWFzdGVyeSBBcHA6IENvbW1hbmRzIENvbW1hbiIsImgiOjExNDAxNDgyMn1d' found in file '/Users/damithch/Repos/git-mastery/git-mastery.github.io/lessons/clone/text.md'
2026-01-11T07:09:22.029Z - warn: You might have an invalid intra-link! Ignore this warning if it was intended.
'/companion-app/index.html?cv-focus=W3sidCI6IkRJViIsImkiOjIwNSwicCI6ImNvbnRlbnQtd3JhcHBlciIsInMiOiJVcGRhdGluZyB0aGUgR2l0LU1hc3RlcnkgQXBwIEFzICIsImgiOi01ODUzNDE1NzF9XQ%3D%3D' found in file '/Users/damithch/Repos/git-mastery/git-mastery.github.io/lessons/clone/text.md'
2026-01-11T07:09:22.029Z - warn: You might have an invalid intra-link! Ignore this warning if it was intended.
'/companion-app/index.html?cv-focus=W3sidCI6IkRJViIsImkiOjIwMywicCI6ImNvbnRlbnQtd3JhcHBlciIsInMiOiJHaXQtTWFzdGVyeSBBcHA6IENvbW1hbmRzIENvbW1hbiIsImgiOjExNDAxNDgyMn1d' found in file '/Users/damithch/Repos/git-mastery/git-mastery.github.io/lessons/pull/text.md'
2026-01-11T07:09:22.029Z - warn: You might have an invalid intra-link! Ignore this warning if it was intended.
'/companion-app/index.html?cv-focus=W3sidCI6IkRJViIsImkiOjIwNSwicCI6ImNvbnRlbnQtd3JhcHBlciIsInMiOiJVcGRhdGluZyB0aGUgR2l0LU1hc3RlcnkgQXBwIEFzICIsImgiOi01ODUzNDE1NzF9XQ%3D%3D' found in file '/Users/damithch/Repos/git-mastery/git-mastery.github.io/lessons/pull/text.md'
2026-01-11T07:09:22.029Z - warn: You might have an invalid intra-link! Ignore this warning if it was intended.
'/companion-app/index.html?cv-focus=W3sidCI6IkRJViIsImkiOjIwMywicCI6ImNvbnRlbnQtd3JhcHBlciIsInMiOiJHaXQtTWFzdGVyeSBBcHA6IENvbW1hbmRzIENvbW1hbiIsImgiOjExNDAxNDgyMn1d' found in file '/Users/damithch/Repos/git-mastery/git-mastery.github.io/lessons/show/text.md'
2026-01-11T07:09:22.029Z - warn: You might have an invalid intra-link! Ignore this warning if it was intended.
'/companion-app/index.html?cv-focus=W3sidCI6IkRJViIsImkiOjIwNSwicCI6ImNvbnRlbnQtd3JhcHBlciIsInMiOiJVcGRhdGluZyB0aGUgR2l0LU1hc3RlcnkgQXBwIEFzICIsImgiOi01ODUzNDE1NzF9XQ%3D%3D' found in file '/Users/damithch/Repos/git-mastery/git-mastery.github.io/lessons/show/text.md'
2026-01-11T07:09:22.029Z - warn: You might have an invalid intra-link! Ignore this warning if it was intended.
'/companion-app/index.html?cv-focus=W3sidCI6IkRJViIsImkiOjIwMywicCI6ImNvbnRlbnQtd3JhcHBlciIsInMiOiJHaXQtTWFzdGVyeSBBcHA6IENvbW1hbmRzIENvbW1hbiIsImgiOjExNDAxNDgyMn1d' found in file '/Users/damithch/Repos/git-mastery/git-mastery.github.io/lessons/tag/text.md'
2026-01-11T07:09:22.029Z - warn: You might have an invalid intra-link! Ignore this warning if it was intended.
'/companion-app/index.html?cv-focus=W3sidCI6IkRJViIsImkiOjIwNSwicCI6ImNvbnRlbnQtd3JhcHBlciIsInMiOiJVcGRhdGluZyB0aGUgR2l0LU1hc3RlcnkgQXBwIEFzICIsImgiOi01ODUzNDE1NzF9XQ%3D%3D' found in file '/Users/damithch/Repos/git-mastery/git-mastery.github.io/lessons/tag/text.md'
2026-01-11T07:09:22.029Z - warn: You might have an invalid intra-link! Ignore this warning if it was intended.
'/companion-app/index.html?cv-focus=W3sidCI6IkRJViIsImkiOjIwMywicCI6ImNvbnRlbnQtd3JhcHBlciIsInMiOiJHaXQtTWFzdGVyeSBBcHA6IENvbW1hbmRzIENvbW1hbiIsImgiOjExNDAxNDgyMn1d' found in file '/Users/damithch/Repos/git-mastery/git-mastery.github.io/lessons/diff/text.md'
2026-01-11T07:09:22.029Z - warn: You might have an invalid intra-link! Ignore this warning if it was intended.
'/companion-app/index.html?cv-focus=W3sidCI6IkRJViIsImkiOjIwNSwicCI6ImNvbnRlbnQtd3JhcHBlciIsInMiOiJVcGRhdGluZyB0aGUgR2l0LU1hc3RlcnkgQXBwIEFzICIsImgiOi01ODUzNDE1NzF9XQ%3D%3D' found in file '/Users/damithch/Repos/git-mastery/git-mastery.github.io/lessons/diff/text.md'
2026-01-11T07:09:22.029Z - warn: You might have an invalid intra-link! Ignore this warning if it was intended.
'/companion-app/index.html?cv-focus=W3sidCI6IkRJViIsImkiOjIwMywicCI6ImNvbnRlbnQtd3JhcHBlciIsInMiOiJHaXQtTWFzdGVyeSBBcHA6IENvbW1hbmRzIENvbW1hbiIsImgiOjExNDAxNDgyMn1d' found in file '/Users/damithch/Repos/git-mastery/git-mastery.github.io/lessons/checkout/text.md'
2026-01-11T07:09:22.029Z - warn: You might have an invalid intra-link! Ignore this warning if it was intended.
'/companion-app/index.html?cv-focus=W3sidCI6IkRJViIsImkiOjIwNSwicCI6ImNvbnRlbnQtd3JhcHBlciIsInMiOiJVcGRhdGluZyB0aGUgR2l0LU1hc3RlcnkgQXBwIEFzICIsImgiOi01ODUzNDE1NzF9XQ%3D%3D' found in file '/Users/damithch/Repos/git-mastery/git-mastery.github.io/lessons/checkout/text.md'
2026-01-11T07:09:22.029Z - warn: You might have an invalid intra-link! Ignore this warning if it was intended.
'/companion-app/index.html?cv-focus=W3sidCI6IkRJViIsImkiOjIwMywicCI6ImNvbnRlbnQtd3JhcHBlciIsInMiOiJHaXQtTWFzdGVyeSBBcHA6IENvbW1hbmRzIENvbW1hbiIsImgiOjExNDAxNDgyMn1d' found in file '/Users/damithch/Repos/git-mastery/git-mastery.github.io/lessons/reset/text.md'
2026-01-11T07:09:22.030Z - warn: You might have an invalid intra-link! Ignore this warning if it was intended.
'/companion-app/index.html?cv-focus=W3sidCI6IkRJViIsImkiOjIwNSwicCI6ImNvbnRlbnQtd3JhcHBlciIsInMiOiJVcGRhdGluZyB0aGUgR2l0LU1hc3RlcnkgQXBwIEFzICIsImgiOi01ODUzNDE1NzF9XQ%3D%3D' found in file '/Users/damithch/Repos/git-mastery/git-mastery.github.io/lessons/reset/text.md'
2026-01-11T07:09:22.030Z - warn: You might have an invalid hash for intra-link! Ignore this warning if it was intended.'
  /lessons/interactiveRebase#updateLastCommit' found in file '/Users/damithch/Repos/git-mastery/git-mastery.github.io/lessons/reset/text.md'
2026-01-11T07:09:22.030Z - warn: You might have an invalid intra-link! Ignore this warning if it was intended.
'/companion-app/index.html?cv-focus=W3sidCI6IkRJViIsImkiOjIwMywicCI6ImNvbnRlbnQtd3JhcHBlciIsInMiOiJHaXQtTWFzdGVyeSBBcHA6IENvbW1hbmRzIENvbW1hbiIsImgiOjExNDAxNDgyMn1d' found in file '/Users/damithch/Repos/git-mastery/git-mastery.github.io/lessons/revert/text.md'
2026-01-11T07:09:22.030Z - warn: You might have an invalid intra-link! Ignore this warning if it was intended.
'/companion-app/index.html?cv-focus=W3sidCI6IkRJViIsImkiOjIwNSwicCI6ImNvbnRlbnQtd3JhcHBlciIsInMiOiJVcGRhdGluZyB0aGUgR2l0LU1hc3RlcnkgQXBwIEFzICIsImgiOi01ODUzNDE1NzF9XQ%3D%3D' found in file '/Users/damithch/Repos/git-mastery/git-mastery.github.io/lessons/revert/text.md'
2026-01-11T07:09:22.030Z - warn: You might have an invalid intra-link! Ignore this warning if it was intended.
'/companion-app/index.html?cv-focus=W3sidCI6IkRJViIsImkiOjIwMywicCI6ImNvbnRlbnQtd3JhcHBlciIsInMiOiJHaXQtTWFzdGVyeSBBcHA6IENvbW1hbmRzIENvbW1hbiIsImgiOjExNDAxNDgyMn1d' found in file '/Users/damithch/Repos/git-mastery/git-mastery.github.io/lessons/branch/text.md'
2026-01-11T07:09:22.030Z - warn: You might have an invalid intra-link! Ignore this warning if it was intended.
'/companion-app/index.html?cv-focus=W3sidCI6IkRJViIsImkiOjIwNSwicCI6ImNvbnRlbnQtd3JhcHBlciIsInMiOiJVcGRhdGluZyB0aGUgR2l0LU1hc3RlcnkgQXBwIEFzICIsImgiOi01ODUzNDE1NzF9XQ%3D%3D' found in file '/Users/damithch/Repos/git-mastery/git-mastery.github.io/lessons/branch/text.md'
2026-01-11T07:09:22.030Z - warn: You might have an invalid intra-link! Ignore this warning if it was intended.
'/companion-app/index.html?cv-focus=W3sidCI6IkRJViIsImkiOjIwMywicCI6ImNvbnRlbnQtd3JhcHBlciIsInMiOiJHaXQtTWFzdGVyeSBBcHA6IENvbW1hbmRzIENvbW1hbiIsImgiOjExNDAxNDgyMn1d' found in file '/Users/damithch/Repos/git-mastery/git-mastery.github.io/lessons/merge/text.md'
2026-01-11T07:09:22.030Z - warn: You might have an invalid intra-link! Ignore this warning if it was intended.
'/companion-app/index.html?cv-focus=W3sidCI6IkRJViIsImkiOjIwNSwicCI6ImNvbnRlbnQtd3JhcHBlciIsInMiOiJVcGRhdGluZyB0aGUgR2l0LU1hc3RlcnkgQXBwIEFzICIsImgiOi01ODUzNDE1NzF9XQ%3D%3D' found in file '/Users/damithch/Repos/git-mastery/git-mastery.github.io/lessons/merge/text.md'
2026-01-11T07:09:22.030Z - warn: You might have an invalid intra-link! Ignore this warning if it was intended.
'/companion-app/index.html?cv-focus=W3sidCI6IkRJViIsImkiOjIwMywicCI6ImNvbnRlbnQtd3JhcHBlciIsInMiOiJHaXQtTWFzdGVyeSBBcHA6IENvbW1hbmRzIENvbW1hbiIsImgiOjExNDAxNDgyMn1d' found in file '/Users/damithch/Repos/git-mastery/git-mastery.github.io/lessons/merge/detour-undoMerge-fragment.md'
2026-01-11T07:09:22.030Z - warn: You might have an invalid intra-link! Ignore this warning if it was intended.
'/companion-app/index.html?cv-focus=W3sidCI6IkRJViIsImkiOjIwNSwicCI6ImNvbnRlbnQtd3JhcHBlciIsInMiOiJVcGRhdGluZyB0aGUgR2l0LU1hc3RlcnkgQXBwIEFzICIsImgiOi01ODUzNDE1NzF9XQ%3D%3D' found in file '/Users/damithch/Repos/git-mastery/git-mastery.github.io/lessons/merge/detour-undoMerge-fragment.md'
2026-01-11T07:09:22.030Z - warn: You might have an invalid intra-link! Ignore this warning if it was intended.
'/companion-app/index.html?cv-focus=W3sidCI6IkRJViIsImkiOjIwMywicCI6ImNvbnRlbnQtd3JhcHBlciIsInMiOiJHaXQtTWFzdGVyeSBBcHA6IENvbW1hbmRzIENvbW1hbiIsImgiOjExNDAxNDgyMn1d' found in file '/Users/damithch/Repos/git-mastery/git-mastery.github.io/lessons/merge/detour-compareBranches-fragment.md'
2026-01-11T07:09:22.030Z - warn: You might have an invalid intra-link! Ignore this warning if it was intended.
'/companion-app/index.html?cv-focus=W3sidCI6IkRJViIsImkiOjIwNSwicCI6ImNvbnRlbnQtd3JhcHBlciIsInMiOiJVcGRhdGluZyB0aGUgR2l0LU1hc3RlcnkgQXBwIEFzICIsImgiOi01ODUzNDE1NzF9XQ%3D%3D' found in file '/Users/damithch/Repos/git-mastery/git-mastery.github.io/lessons/merge/detour-compareBranches-fragment.md'
2026-01-11T07:09:22.030Z - warn: You might have an invalid intra-link! Ignore this warning if it was intended.
'/companion-app/index.html?cv-focus=W3sidCI6IkRJViIsImkiOjIwMywicCI6ImNvbnRlbnQtd3JhcHBlciIsInMiOiJHaXQtTWFzdGVyeSBBcHA6IENvbW1hbmRzIENvbW1hbiIsImgiOjExNDAxNDgyMn1d' found in file '/Users/damithch/Repos/git-mastery/git-mastery.github.io/lessons/merge/detour-squashMerge-fragment.md'
2026-01-11T07:09:22.030Z - warn: You might have an invalid intra-link! Ignore this warning if it was intended.
'/companion-app/index.html?cv-focus=W3sidCI6IkRJViIsImkiOjIwNSwicCI6ImNvbnRlbnQtd3JhcHBlciIsInMiOiJVcGRhdGluZyB0aGUgR2l0LU1hc3RlcnkgQXBwIEFzICIsImgiOi01ODUzNDE1NzF9XQ%3D%3D' found in file '/Users/damithch/Repos/git-mastery/git-mastery.github.io/lessons/merge/detour-squashMerge-fragment.md'
2026-01-11T07:09:22.030Z - warn: You might have an invalid intra-link! Ignore this warning if it was intended.
'/companion-app/index.html?cv-focus=W3sidCI6IkRJViIsImkiOjIwMywicCI6ImNvbnRlbnQtd3JhcHBlciIsInMiOiJHaXQtTWFzdGVyeSBBcHA6IENvbW1hbmRzIENvbW1hbiIsImgiOjExNDAxNDgyMn1d' found in file '/Users/damithch/Repos/git-mastery/git-mastery.github.io/lessons/mergeConflicts/text.md'
2026-01-11T07:09:22.030Z - warn: You might have an invalid intra-link! Ignore this warning if it was intended.
'/companion-app/index.html?cv-focus=W3sidCI6IkRJViIsImkiOjIwNSwicCI6ImNvbnRlbnQtd3JhcHBlciIsInMiOiJVcGRhdGluZyB0aGUgR2l0LU1hc3RlcnkgQXBwIEFzICIsImgiOi01ODUzNDE1NzF9XQ%3D%3D' found in file '/Users/damithch/Repos/git-mastery/git-mastery.github.io/lessons/mergeConflicts/text.md'
2026-01-11T07:09:22.030Z - warn: You might have an invalid intra-link! Ignore this warning if it was intended.
'/companion-app/index.html?cv-focus=W3sidCI6IkRJViIsImkiOjIwMywicCI6ImNvbnRlbnQtd3JhcHBlciIsInMiOiJHaXQtTWFzdGVyeSBBcHA6IENvbW1hbmRzIENvbW1hbiIsImgiOjExNDAxNDgyMn1d' found in file '/Users/damithch/Repos/git-mastery/git-mastery.github.io/lessons/branchRename/text.md'
2026-01-11T07:09:22.030Z - warn: You might have an invalid intra-link! Ignore this warning if it was intended.
'/companion-app/index.html?cv-focus=W3sidCI6IkRJViIsImkiOjIwNSwicCI6ImNvbnRlbnQtd3JhcHBlciIsInMiOiJVcGRhdGluZyB0aGUgR2l0LU1hc3RlcnkgQXBwIEFzICIsImgiOi01ODUzNDE1NzF9XQ%3D%3D' found in file '/Users/damithch/Repos/git-mastery/git-mastery.github.io/lessons/branchRename/text.md'
2026-01-11T07:09:22.030Z - warn: You might have an invalid intra-link! Ignore this warning if it was intended.
'/companion-app/index.html?cv-focus=W3sidCI6IkRJViIsImkiOjIwMywicCI6ImNvbnRlbnQtd3JhcHBlciIsInMiOiJHaXQtTWFzdGVyeSBBcHA6IENvbW1hbmRzIENvbW1hbiIsImgiOjExNDAxNDgyMn1d' found in file '/Users/damithch/Repos/git-mastery/git-mastery.github.io/lessons/branchDelete/text.md'
2026-01-11T07:09:22.031Z - warn: You might have an invalid intra-link! Ignore this warning if it was intended.
'/companion-app/index.html?cv-focus=W3sidCI6IkRJViIsImkiOjIwNSwicCI6ImNvbnRlbnQtd3JhcHBlciIsInMiOiJVcGRhdGluZyB0aGUgR2l0LU1hc3RlcnkgQXBwIEFzICIsImgiOi01ODUzNDE1NzF9XQ%3D%3D' found in file '/Users/damithch/Repos/git-mastery/git-mastery.github.io/lessons/branchDelete/text.md'
2026-01-11T07:09:22.031Z - warn: You might have an invalid intra-link! Ignore this warning if it was intended.
'/companion-app/index.html?cv-focus=W3sidCI6IkRJViIsImkiOjIwMywicCI6ImNvbnRlbnQtd3JhcHBlciIsInMiOiJHaXQtTWFzdGVyeSBBcHA6IENvbW1hbmRzIENvbW1hbiIsImgiOjExNDAxNDgyMn1d' found in file '/Users/damithch/Repos/git-mastery/git-mastery.github.io/lessons/tag/exercise-tags-update.md'
2026-01-11T07:09:22.031Z - warn: You might have an invalid intra-link! Ignore this warning if it was intended.
'/companion-app/index.html?cv-focus=W3sidCI6IkRJViIsImkiOjIwNSwicCI6ImNvbnRlbnQtd3JhcHBlciIsInMiOiJVcGRhdGluZyB0aGUgR2l0LU1hc3RlcnkgQXBwIEFzICIsImgiOi01ODUzNDE1NzF9XQ%3D%3D' found in file '/Users/damithch/Repos/git-mastery/git-mastery.github.io/lessons/tag/exercise-tags-update.md'
2026-01-11T07:09:22.031Z - warn: You might have an invalid intra-link! Ignore this warning if it was intended.
'/companion-app/index.html?cv-focus=W3sidCI6IkRJViIsImkiOjIwMywicCI6ImNvbnRlbnQtd3JhcHBlciIsInMiOiJHaXQtTWFzdGVyeSBBcHA6IENvbW1hbmRzIENvbW1hbiIsImgiOjExNDAxNDgyMn1d' found in file '/Users/damithch/Repos/git-mastery/git-mastery.github.io/lessons/tag/exercise-tags-push.md'
2026-01-11T07:09:22.031Z - warn: You might have an invalid intra-link! Ignore this warning if it was intended.
'/companion-app/index.html?cv-focus=W3sidCI6IkRJViIsImkiOjIwNSwicCI6ImNvbnRlbnQtd3JhcHBlciIsInMiOiJVcGRhdGluZyB0aGUgR2l0LU1hc3RlcnkgQXBwIEFzICIsImgiOi01ODUzNDE1NzF9XQ%3D%3D' found in file '/Users/damithch/Repos/git-mastery/git-mastery.github.io/lessons/tag/exercise-tags-push.md'
2026-01-11T07:09:22.031Z - warn: You might have an invalid intra-link! Ignore this warning if it was intended.
'/companion-app/index.html?cv-focus=W3sidCI6IkRJViIsImkiOjIwMywicCI6ImNvbnRlbnQtd3JhcHBlciIsInMiOiJHaXQtTWFzdGVyeSBBcHA6IENvbW1hbmRzIENvbW1hbiIsImgiOjExNDAxNDgyMn1d' found in file '/Users/damithch/Repos/git-mastery/git-mastery.github.io/lessons/tag/exercise-tags-add.md'
2026-01-11T07:09:22.031Z - warn: You might have an invalid intra-link! Ignore this warning if it was intended.
'/companion-app/index.html?cv-focus=W3sidCI6IkRJViIsImkiOjIwNSwicCI6ImNvbnRlbnQtd3JhcHBlciIsInMiOiJVcGRhdGluZyB0aGUgR2l0LU1hc3RlcnkgQXBwIEFzICIsImgiOi01ODUzNDE1NzF9XQ%3D%3D' found in file '/Users/damithch/Repos/git-mastery/git-mastery.github.io/lessons/tag/exercise-tags-add.md'
2026-01-11T07:09:22.031Z - warn: You might have an invalid intra-link! Ignore this warning if it was intended.
'/companion-app/index.html?cv-focus=W3sidCI6IkRJViIsImkiOjIwMywicCI6ImNvbnRlbnQtd3JhcHBlciIsInMiOiJHaXQtTWFzdGVyeSBBcHA6IENvbW1hbmRzIENvbW1hbiIsImgiOjExNDAxNDgyMn1d' found in file '/Users/damithch/Repos/git-mastery/git-mastery.github.io/lessons/stage/exercise-staging-intervention.md'
2026-01-11T07:09:22.031Z - warn: You might have an invalid intra-link! Ignore this warning if it was intended.
'/companion-app/index.html?cv-focus=W3sidCI6IkRJViIsImkiOjIwNSwicCI6ImNvbnRlbnQtd3JhcHBlciIsInMiOiJVcGRhdGluZyB0aGUgR2l0LU1hc3RlcnkgQXBwIEFzICIsImgiOi01ODUzNDE1NzF9XQ%3D%3D' found in file '/Users/damithch/Repos/git-mastery/git-mastery.github.io/lessons/stage/exercise-staging-intervention.md'
2026-01-11T07:09:22.031Z - warn: You might have an invalid intra-link! Ignore this warning if it was intended.
'/companion-app/index.html?cv-focus=W3sidCI6IkRJViIsImkiOjIwMywicCI6ImNvbnRlbnQtd3JhcHBlciIsInMiOiJHaXQtTWFzdGVyeSBBcHA6IENvbW1hbmRzIENvbW1hbiIsImgiOjExNDAxNDgyMn1d' found in file '/Users/damithch/Repos/git-mastery/git-mastery.github.io/lessons/stage/exercise-stage-fright.md'
2026-01-11T07:09:22.031Z - warn: You might have an invalid intra-link! Ignore this warning if it was intended.
'/companion-app/index.html?cv-focus=W3sidCI6IkRJViIsImkiOjIwNSwicCI6ImNvbnRlbnQtd3JhcHBlciIsInMiOiJVcGRhdGluZyB0aGUgR2l0LU1hc3RlcnkgQXBwIEFzICIsImgiOi01ODUzNDE1NzF9XQ%3D%3D' found in file '/Users/damithch/Repos/git-mastery/git-mastery.github.io/lessons/stage/exercise-stage-fright.md'
2026-01-11T07:09:22.031Z - warn: You might have an invalid intra-link! Ignore this warning if it was intended.
'/companion-app/index.html?cv-focus=W3sidCI6IkRJViIsImkiOjIwMywicCI6ImNvbnRlbnQtd3JhcHBlciIsInMiOiJHaXQtTWFzdGVyeSBBcHA6IENvbW1hbmRzIENvbW1hbiIsImgiOjExNDAxNDgyMn1d' found in file '/Users/damithch/Repos/git-mastery/git-mastery.github.io/lessons/show/exercise-view-commits.md'
2026-01-11T07:09:22.031Z - warn: You might have an invalid intra-link! Ignore this warning if it was intended.
'/companion-app/index.html?cv-focus=W3sidCI6IkRJViIsImkiOjIwNSwicCI6ImNvbnRlbnQtd3JhcHBlciIsInMiOiJVcGRhdGluZyB0aGUgR2l0LU1hc3RlcnkgQXBwIEFzICIsImgiOi01ODUzNDE1NzF9XQ%3D%3D' found in file '/Users/damithch/Repos/git-mastery/git-mastery.github.io/lessons/show/exercise-view-commits.md'
2026-01-11T07:09:22.031Z - warn: You might have an invalid intra-link! Ignore this warning if it was intended.
'/companion-app/index.html?cv-focus=W3sidCI6IkRJViIsImkiOjIwMywicCI6ImNvbnRlbnQtd3JhcHBlciIsInMiOiJHaXQtTWFzdGVyeSBBcHA6IENvbW1hbmRzIENvbW1hbiIsImgiOjExNDAxNDgyMn1d' found in file '/Users/damithch/Repos/git-mastery/git-mastery.github.io/lessons/setRemote/exercise-link-me.md'
2026-01-11T07:09:22.031Z - warn: You might have an invalid intra-link! Ignore this warning if it was intended.
'/companion-app/index.html?cv-focus=W3sidCI6IkRJViIsImkiOjIwNSwicCI6ImNvbnRlbnQtd3JhcHBlciIsInMiOiJVcGRhdGluZyB0aGUgR2l0LU1hc3RlcnkgQXBwIEFzICIsImgiOi01ODUzNDE1NzF9XQ%3D%3D' found in file '/Users/damithch/Repos/git-mastery/git-mastery.github.io/lessons/setRemote/exercise-link-me.md'
2026-01-11T07:09:22.031Z - warn: You might have an invalid intra-link! Ignore this warning if it was intended.
'/companion-app/index.html?cv-focus=W3sidCI6IkRJViIsImkiOjIwMywicCI6ImNvbnRlbnQtd3JhcHBlciIsInMiOiJHaXQtTWFzdGVyeSBBcHA6IENvbW1hbmRzIENvbW1hbiIsImgiOjExNDAxNDgyMn1d' found in file '/Users/damithch/Repos/git-mastery/git-mastery.github.io/lessons/remoteBranchRename/exercise-remote-branch-rename.md'
2026-01-11T07:09:22.031Z - warn: You might have an invalid intra-link! Ignore this warning if it was intended.
'/companion-app/index.html?cv-focus=W3sidCI6IkRJViIsImkiOjIwNSwicCI6ImNvbnRlbnQtd3JhcHBlciIsInMiOiJVcGRhdGluZyB0aGUgR2l0LU1hc3RlcnkgQXBwIEFzICIsImgiOi01ODUzNDE1NzF9XQ%3D%3D' found in file '/Users/damithch/Repos/git-mastery/git-mastery.github.io/lessons/remoteBranchRename/exercise-remote-branch-rename.md'
2026-01-11T07:09:22.031Z - warn: You might have an invalid intra-link! Ignore this warning if it was intended.
'/companion-app/index.html?cv-focus=W3sidCI6IkRJViIsImkiOjIwMywicCI6ImNvbnRlbnQtd3JhcHBlciIsInMiOiJHaXQtTWFzdGVyeSBBcHA6IENvbW1hbmRzIENvbW1hbiIsImgiOjExNDAxNDgyMn1d' found in file '/Users/damithch/Repos/git-mastery/git-mastery.github.io/lessons/push/exercise-push-over.md'
2026-01-11T07:09:22.031Z - warn: You might have an invalid intra-link! Ignore this warning if it was intended.
'/companion-app/index.html?cv-focus=W3sidCI6IkRJViIsImkiOjIwNSwicCI6ImNvbnRlbnQtd3JhcHBlciIsInMiOiJVcGRhdGluZyB0aGUgR2l0LU1hc3RlcnkgQXBwIEFzICIsImgiOi01ODUzNDE1NzF9XQ%3D%3D' found in file '/Users/damithch/Repos/git-mastery/git-mastery.github.io/lessons/push/exercise-push-over.md'
2026-01-11T07:09:22.031Z - warn: You might have an invalid intra-link! Ignore this warning if it was intended.
'/companion-app/index.html?cv-focus=W3sidCI6IkRJViIsImkiOjIwMywicCI6ImNvbnRlbnQtd3JhcHBlciIsInMiOiJHaXQtTWFzdGVyeSBBcHA6IENvbW1hbmRzIENvbW1hbiIsImgiOjExNDAxNDgyMn1d' found in file '/Users/damithch/Repos/git-mastery/git-mastery.github.io/lessons/pull/exercise-fetch-and-pull.md'
2026-01-11T07:09:22.031Z - warn: You might have an invalid intra-link! Ignore this warning if it was intended.
'/companion-app/index.html?cv-focus=W3sidCI6IkRJViIsImkiOjIwNSwicCI6ImNvbnRlbnQtd3JhcHBlciIsInMiOiJVcGRhdGluZyB0aGUgR2l0LU1hc3RlcnkgQXBwIEFzICIsImgiOi01ODUzNDE1NzF9XQ%3D%3D' found in file '/Users/damithch/Repos/git-mastery/git-mastery.github.io/lessons/pull/exercise-fetch-and-pull.md'
2026-01-11T07:09:22.031Z - warn: You might have an invalid intra-link! Ignore this warning if it was intended.
'/companion-app/index.html?cv-focus=W3sidCI6IkRJViIsImkiOjIwMywicCI6ImNvbnRlbnQtd3JhcHBlciIsInMiOiJHaXQtTWFzdGVyeSBBcHA6IENvbW1hbmRzIENvbW1hbiIsImgiOjExNDAxNDgyMn1d' found in file '/Users/damithch/Repos/git-mastery/git-mastery.github.io/lessons/mergeConflicts/exercise-conflict-mediator.md'
2026-01-11T07:09:22.031Z - warn: You might have an invalid intra-link! Ignore this warning if it was intended.
'/companion-app/index.html?cv-focus=W3sidCI6IkRJViIsImkiOjIwNSwicCI6ImNvbnRlbnQtd3JhcHBlciIsInMiOiJVcGRhdGluZyB0aGUgR2l0LU1hc3RlcnkgQXBwIEFzICIsImgiOi01ODUzNDE1NzF9XQ%3D%3D' found in file '/Users/damithch/Repos/git-mastery/git-mastery.github.io/lessons/mergeConflicts/exercise-conflict-mediator.md'
2026-01-11T07:09:22.032Z - warn: You might have an invalid intra-link! Ignore this warning if it was intended.
'/companion-app/index.html?cv-focus=W3sidCI6IkRJViIsImkiOjIwMywicCI6ImNvbnRlbnQtd3JhcHBlciIsInMiOiJHaXQtTWFzdGVyeSBBcHA6IENvbW1hbmRzIENvbW1hbiIsImgiOjExNDAxNDgyMn1d' found in file '/Users/damithch/Repos/git-mastery/git-mastery.github.io/lessons/merge/exercise-merge-undo.md'
2026-01-11T07:09:22.032Z - warn: You might have an invalid intra-link! Ignore this warning if it was intended.
'/companion-app/index.html?cv-focus=W3sidCI6IkRJViIsImkiOjIwNSwicCI6ImNvbnRlbnQtd3JhcHBlciIsInMiOiJVcGRhdGluZyB0aGUgR2l0LU1hc3RlcnkgQXBwIEFzICIsImgiOi01ODUzNDE1NzF9XQ%3D%3D' found in file '/Users/damithch/Repos/git-mastery/git-mastery.github.io/lessons/merge/exercise-merge-undo.md'
2026-01-11T07:09:22.032Z - warn: You might have an invalid intra-link! Ignore this warning if it was intended.
'/companion-app/index.html?cv-focus=W3sidCI6IkRJViIsImkiOjIwMywicCI6ImNvbnRlbnQtd3JhcHBlciIsInMiOiJHaXQtTWFzdGVyeSBBcHA6IENvbW1hbmRzIENvbW1hbiIsImgiOjExNDAxNDgyMn1d' found in file '/Users/damithch/Repos/git-mastery/git-mastery.github.io/lessons/merge/exercise-merge-squash.md'
2026-01-11T07:09:22.032Z - warn: You might have an invalid intra-link! Ignore this warning if it was intended.
'/companion-app/index.html?cv-focus=W3sidCI6IkRJViIsImkiOjIwNSwicCI6ImNvbnRlbnQtd3JhcHBlciIsInMiOiJVcGRhdGluZyB0aGUgR2l0LU1hc3RlcnkgQXBwIEFzICIsImgiOi01ODUzNDE1NzF9XQ%3D%3D' found in file '/Users/damithch/Repos/git-mastery/git-mastery.github.io/lessons/merge/exercise-merge-squash.md'
2026-01-11T07:09:22.032Z - warn: You might have an invalid intra-link! Ignore this warning if it was intended.
'/companion-app/index.html?cv-focus=W3sidCI6IkRJViIsImkiOjIwMywicCI6ImNvbnRlbnQtd3JhcHBlciIsInMiOiJHaXQtTWFzdGVyeSBBcHA6IENvbW1hbmRzIENvbW1hbiIsImgiOjExNDAxNDgyMn1d' found in file '/Users/damithch/Repos/git-mastery/git-mastery.github.io/lessons/merge/exercise-ff-undo.md'
2026-01-11T07:09:22.032Z - warn: You might have an invalid intra-link! Ignore this warning if it was intended.
'/companion-app/index.html?cv-focus=W3sidCI6IkRJViIsImkiOjIwNSwicCI6ImNvbnRlbnQtd3JhcHBlciIsInMiOiJVcGRhdGluZyB0aGUgR2l0LU1hc3RlcnkgQXBwIEFzICIsImgiOi01ODUzNDE1NzF9XQ%3D%3D' found in file '/Users/damithch/Repos/git-mastery/git-mastery.github.io/lessons/merge/exercise-ff-undo.md'
2026-01-11T07:09:22.032Z - warn: You might have an invalid intra-link! Ignore this warning if it was intended.
'/companion-app/index.html?cv-focus=W3sidCI6IkRJViIsImkiOjIwMywicCI6ImNvbnRlbnQtd3JhcHBlciIsInMiOiJHaXQtTWFzdGVyeSBBcHA6IENvbW1hbmRzIENvbW1hbiIsImgiOjExNDAxNDgyMn1d' found in file '/Users/damithch/Repos/git-mastery/git-mastery.github.io/lessons/merge/exercise-branch-forward.md'
2026-01-11T07:09:22.032Z - warn: You might have an invalid intra-link! Ignore this warning if it was intended.
'/companion-app/index.html?cv-focus=W3sidCI6IkRJViIsImkiOjIwNSwicCI6ImNvbnRlbnQtd3JhcHBlciIsInMiOiJVcGRhdGluZyB0aGUgR2l0LU1hc3RlcnkgQXBwIEFzICIsImgiOi01ODUzNDE1NzF9XQ%3D%3D' found in file '/Users/damithch/Repos/git-mastery/git-mastery.github.io/lessons/merge/exercise-branch-forward.md'
2026-01-11T07:09:22.032Z - warn: You might have an invalid intra-link! Ignore this warning if it was intended.
'/companion-app/index.html?cv-focus=W3sidCI6IkRJViIsImkiOjIwMywicCI6ImNvbnRlbnQtd3JhcHBlciIsInMiOiJHaXQtTWFzdGVyeSBBcHA6IENvbW1hbmRzIENvbW1hbiIsImgiOjExNDAxNDgyMn1d' found in file '/Users/damithch/Repos/git-mastery/git-mastery.github.io/lessons/merge/exercise-branch-bender.md'
2026-01-11T07:09:22.032Z - warn: You might have an invalid intra-link! Ignore this warning if it was intended.
'/companion-app/index.html?cv-focus=W3sidCI6IkRJViIsImkiOjIwNSwicCI6ImNvbnRlbnQtd3JhcHBlciIsInMiOiJVcGRhdGluZyB0aGUgR2l0LU1hc3RlcnkgQXBwIEFzICIsImgiOi01ODUzNDE1NzF9XQ%3D%3D' found in file '/Users/damithch/Repos/git-mastery/git-mastery.github.io/lessons/merge/exercise-branch-bender.md'
2026-01-11T07:09:22.032Z - warn: You might have an invalid intra-link! Ignore this warning if it was intended.
'/companion-app/index.html?cv-focus=W3sidCI6IkRJViIsImkiOjIwMywicCI6ImNvbnRlbnQtd3JhcHBlciIsInMiOiJHaXQtTWFzdGVyeSBBcHA6IENvbW1hbmRzIENvbW1hbiIsImgiOjExNDAxNDgyMn1d' found in file '/Users/damithch/Repos/git-mastery/git-mastery.github.io/lessons/log/exercise-log-and-order.md'
2026-01-11T07:09:22.032Z - warn: You might have an invalid intra-link! Ignore this warning if it was intended.
'/companion-app/index.html?cv-focus=W3sidCI6IkRJViIsImkiOjIwNSwicCI6ImNvbnRlbnQtd3JhcHBlciIsInMiOiJVcGRhdGluZyB0aGUgR2l0LU1hc3RlcnkgQXBwIEFzICIsImgiOi01ODUzNDE1NzF9XQ%3D%3D' found in file '/Users/damithch/Repos/git-mastery/git-mastery.github.io/lessons/log/exercise-log-and-order.md'
2026-01-11T07:09:22.032Z - warn: You might have an invalid intra-link! Ignore this warning if it was intended.
'/companion-app/index.html?cv-focus=W3sidCI6IkRJViIsImkiOjIwMywicCI6ImNvbnRlbnQtd3JhcHBlciIsInMiOiJHaXQtTWFzdGVyeSBBcHA6IENvbW1hbmRzIENvbW1hbiIsImgiOjExNDAxNDgyMn1d' found in file '/Users/damithch/Repos/git-mastery/git-mastery.github.io/lessons/init/exercise-undo-init.md'
2026-01-11T07:09:22.032Z - warn: You might have an invalid intra-link! Ignore this warning if it was intended.
'/companion-app/index.html?cv-focus=W3sidCI6IkRJViIsImkiOjIwNSwicCI6ImNvbnRlbnQtd3JhcHBlciIsInMiOiJVcGRhdGluZyB0aGUgR2l0LU1hc3RlcnkgQXBwIEFzICIsImgiOi01ODUzNDE1NzF9XQ%3D%3D' found in file '/Users/damithch/Repos/git-mastery/git-mastery.github.io/lessons/init/exercise-undo-init.md'
2026-01-11T07:09:22.032Z - warn: You might have an invalid intra-link! Ignore this warning if it was intended.
'/companion-app/index.html?cv-focus=W3sidCI6IkRJViIsImkiOjIwMywicCI6ImNvbnRlbnQtd3JhcHBlciIsInMiOiJHaXQtTWFzdGVyeSBBcHA6IENvbW1hbmRzIENvbW1hbiIsImgiOjExNDAxNDgyMn1d' found in file '/Users/damithch/Repos/git-mastery/git-mastery.github.io/lessons/ignore/exercise-ignoring-somethings.md'
2026-01-11T07:09:22.032Z - warn: You might have an invalid intra-link! Ignore this warning if it was intended.
'/companion-app/index.html?cv-focus=W3sidCI6IkRJViIsImkiOjIwNSwicCI6ImNvbnRlbnQtd3JhcHBlciIsInMiOiJVcGRhdGluZyB0aGUgR2l0LU1hc3RlcnkgQXBwIEFzICIsImgiOi01ODUzNDE1NzF9XQ%3D%3D' found in file '/Users/damithch/Repos/git-mastery/git-mastery.github.io/lessons/ignore/exercise-ignoring-somethings.md'
2026-01-11T07:09:22.032Z - warn: You might have an invalid intra-link! Ignore this warning if it was intended.
'/companion-app/index.html?cv-focus=W3sidCI6IkRJViIsImkiOjIwMywicCI6ImNvbnRlbnQtd3JhcHBlciIsInMiOiJHaXQtTWFzdGVyeSBBcHA6IENvbW1hbmRzIENvbW1hbiIsImgiOjExNDAxNDgyMn1d' found in file '/Users/damithch/Repos/git-mastery/git-mastery.github.io/lessons/fork/exercise-fork-repo.md'
2026-01-11T07:09:22.032Z - warn: You might have an invalid intra-link! Ignore this warning if it was intended.
'/companion-app/index.html?cv-focus=W3sidCI6IkRJViIsImkiOjIwNSwicCI6ImNvbnRlbnQtd3JhcHBlciIsInMiOiJVcGRhdGluZyB0aGUgR2l0LU1hc3RlcnkgQXBwIEFzICIsImgiOi01ODUzNDE1NzF9XQ%3D%3D' found in file '/Users/damithch/Repos/git-mastery/git-mastery.github.io/lessons/fork/exercise-fork-repo.md'
2026-01-11T07:09:22.032Z - warn: You might have an invalid intra-link! Ignore this warning if it was intended.
'/companion-app/index.html?cv-focus=W3sidCI6IkRJViIsImkiOjIwMywicCI6ImNvbnRlbnQtd3JhcHBlciIsInMiOiJHaXQtTWFzdGVyeSBBcHA6IENvbW1hbmRzIENvbW1hbiIsImgiOjExNDAxNDgyMn1d' found in file '/Users/damithch/Repos/git-mastery/git-mastery.github.io/lessons/diff/exercise-sensors-diff.md'
2026-01-11T07:09:22.032Z - warn: You might have an invalid intra-link! Ignore this warning if it was intended.
'/companion-app/index.html?cv-focus=W3sidCI6IkRJViIsImkiOjIwNSwicCI6ImNvbnRlbnQtd3JhcHBlciIsInMiOiJVcGRhdGluZyB0aGUgR2l0LU1hc3RlcnkgQXBwIEFzICIsImgiOi01ODUzNDE1NzF9XQ%3D%3D' found in file '/Users/damithch/Repos/git-mastery/git-mastery.github.io/lessons/diff/exercise-sensors-diff.md'
2026-01-11T07:09:22.032Z - warn: You might have an invalid intra-link! Ignore this warning if it was intended.
'/companion-app/index.html?cv-focus=W3sidCI6IkRJViIsImkiOjIwMywicCI6ImNvbnRlbnQtd3JhcHBlciIsInMiOiJHaXQtTWFzdGVyeSBBcHA6IENvbW1hbmRzIENvbW1hbiIsImgiOjExNDAxNDgyMn1d' found in file '/Users/damithch/Repos/git-mastery/git-mastery.github.io/lessons/createRemoteRepo/exercise-remote-control.md'
2026-01-11T07:09:22.032Z - warn: You might have an invalid intra-link! Ignore this warning if it was intended.
'/companion-app/index.html?cv-focus=W3sidCI6IkRJViIsImkiOjIwNSwicCI6ImNvbnRlbnQtd3JhcHBlciIsInMiOiJVcGRhdGluZyB0aGUgR2l0LU1hc3RlcnkgQXBwIEFzICIsImgiOi01ODUzNDE1NzF9XQ%3D%3D' found in file '/Users/damithch/Repos/git-mastery/git-mastery.github.io/lessons/createRemoteRepo/exercise-remote-control.md'
2026-01-11T07:09:22.032Z - warn: You might have an invalid intra-link! Ignore this warning if it was intended.
'/companion-app/index.html?cv-focus=W3sidCI6IkRJViIsImkiOjIwMywicCI6ImNvbnRlbnQtd3JhcHBlciIsInMiOiJHaXQtTWFzdGVyeSBBcHA6IENvbW1hbmRzIENvbW1hbiIsImgiOjExNDAxNDgyMn1d' found in file '/Users/damithch/Repos/git-mastery/git-mastery.github.io/lessons/commit/exercise-grocery-shopping.md'
2026-01-11T07:09:22.032Z - warn: You might have an invalid intra-link! Ignore this warning if it was intended.
'/companion-app/index.html?cv-focus=W3sidCI6IkRJViIsImkiOjIwNSwicCI6ImNvbnRlbnQtd3JhcHBlciIsInMiOiJVcGRhdGluZyB0aGUgR2l0LU1hc3RlcnkgQXBwIEFzICIsImgiOi01ODUzNDE1NzF9XQ%3D%3D' found in file '/Users/damithch/Repos/git-mastery/git-mastery.github.io/lessons/commit/exercise-grocery-shopping.md'
2026-01-11T07:09:22.032Z - warn: You might have an invalid intra-link! Ignore this warning if it was intended.
'/companion-app/index.html?cv-focus=W3sidCI6IkRJViIsImkiOjIwMywicCI6ImNvbnRlbnQtd3JhcHBlciIsInMiOiJHaXQtTWFzdGVyeSBBcHA6IENvbW1hbmRzIENvbW1hbiIsImgiOjExNDAxNDgyMn1d' found in file '/Users/damithch/Repos/git-mastery/git-mastery.github.io/lessons/clone/exercise-clone-repo.md'
2026-01-11T07:09:22.032Z - warn: You might have an invalid intra-link! Ignore this warning if it was intended.
'/companion-app/index.html?cv-focus=W3sidCI6IkRJViIsImkiOjIwNSwicCI6ImNvbnRlbnQtd3JhcHBlciIsInMiOiJVcGRhdGluZyB0aGUgR2l0LU1hc3RlcnkgQXBwIEFzICIsImgiOi01ODUzNDE1NzF9XQ%3D%3D' found in file '/Users/damithch/Repos/git-mastery/git-mastery.github.io/lessons/clone/exercise-clone-repo.md'
2026-01-11T07:09:22.032Z - warn: You might have an invalid intra-link! Ignore this warning if it was intended.
'/companion-app/index.html?cv-focus=W3sidCI6IkRJViIsImkiOjIwMywicCI6ImNvbnRlbnQtd3JhcHBlciIsInMiOiJHaXQtTWFzdGVyeSBBcHA6IENvbW1hbmRzIENvbW1hbiIsImgiOjExNDAxNDgyMn1d' found in file '/Users/damithch/Repos/git-mastery/git-mastery.github.io/lessons/branchRename/exercise-branch-rename.md'
2026-01-11T07:09:22.032Z - warn: You might have an invalid intra-link! Ignore this warning if it was intended.
'/companion-app/index.html?cv-focus=W3sidCI6IkRJViIsImkiOjIwNSwicCI6ImNvbnRlbnQtd3JhcHBlciIsInMiOiJVcGRhdGluZyB0aGUgR2l0LU1hc3RlcnkgQXBwIEFzICIsImgiOi01ODUzNDE1NzF9XQ%3D%3D' found in file '/Users/damithch/Repos/git-mastery/git-mastery.github.io/lessons/branchRename/exercise-branch-rename.md'
2026-01-11T07:09:22.032Z - warn: You might have an invalid intra-link! Ignore this warning if it was intended.
'/companion-app/index.html?cv-focus=W3sidCI6IkRJViIsImkiOjIwMywicCI6ImNvbnRlbnQtd3JhcHBlciIsInMiOiJHaXQtTWFzdGVyeSBBcHA6IENvbW1hbmRzIENvbW1hbiIsImgiOjExNDAxNDgyMn1d' found in file '/Users/damithch/Repos/git-mastery/git-mastery.github.io/lessons/branchDelete/exercise-mix-messy-graph.md'
2026-01-11T07:09:22.032Z - warn: You might have an invalid intra-link! Ignore this warning if it was intended.
'/companion-app/index.html?cv-focus=W3sidCI6IkRJViIsImkiOjIwNSwicCI6ImNvbnRlbnQtd3JhcHBlciIsInMiOiJVcGRhdGluZyB0aGUgR2l0LU1hc3RlcnkgQXBwIEFzICIsImgiOi01ODUzNDE1NzF9XQ%3D%3D' found in file '/Users/damithch/Repos/git-mastery/git-mastery.github.io/lessons/branchDelete/exercise-mix-messy-graph.md'
2026-01-11T07:09:22.032Z - warn: You might have an invalid intra-link! Ignore this warning if it was intended.
'/companion-app/index.html?cv-focus=W3sidCI6IkRJViIsImkiOjIwMywicCI6ImNvbnRlbnQtd3JhcHBlciIsInMiOiJHaXQtTWFzdGVyeSBBcHA6IENvbW1hbmRzIENvbW1hbiIsImgiOjExNDAxNDgyMn1d' found in file '/Users/damithch/Repos/git-mastery/git-mastery.github.io/lessons/branchDelete/exercise-mix-messy-docs.md'
2026-01-11T07:09:22.032Z - warn: You might have an invalid intra-link! Ignore this warning if it was intended.
'/companion-app/index.html?cv-focus=W3sidCI6IkRJViIsImkiOjIwNSwicCI6ImNvbnRlbnQtd3JhcHBlciIsInMiOiJVcGRhdGluZyB0aGUgR2l0LU1hc3RlcnkgQXBwIEFzICIsImgiOi01ODUzNDE1NzF9XQ%3D%3D' found in file '/Users/damithch/Repos/git-mastery/git-mastery.github.io/lessons/branchDelete/exercise-mix-messy-docs.md'
2026-01-11T07:09:22.032Z - warn: You might have an invalid intra-link! Ignore this warning if it was intended.
'/companion-app/index.html?cv-focus=W3sidCI6IkRJViIsImkiOjIwMywicCI6ImNvbnRlbnQtd3JhcHBlciIsInMiOiJHaXQtTWFzdGVyeSBBcHA6IENvbW1hbmRzIENvbW1hbiIsImgiOjExNDAxNDgyMn1d' found in file '/Users/damithch/Repos/git-mastery/git-mastery.github.io/lessons/branchDelete/exercise-branch-delete.md'
2026-01-11T07:09:22.032Z - warn: You might have an invalid intra-link! Ignore this warning if it was intended.
'/companion-app/index.html?cv-focus=W3sidCI6IkRJViIsImkiOjIwNSwicCI6ImNvbnRlbnQtd3JhcHBlciIsInMiOiJVcGRhdGluZyB0aGUgR2l0LU1hc3RlcnkgQXBwIEFzICIsImgiOi01ODUzNDE1NzF9XQ%3D%3D' found in file '/Users/damithch/Repos/git-mastery/git-mastery.github.io/lessons/branchDelete/exercise-branch-delete.md'
2026-01-11T07:09:22.033Z - warn: You might have an invalid intra-link! Ignore this warning if it was intended.
'/companion-app/index.html?cv-focus=W3sidCI6IkRJViIsImkiOjIwMywicCI6ImNvbnRlbnQtd3JhcHBlciIsInMiOiJHaXQtTWFzdGVyeSBBcHA6IENvbW1hbmRzIENvbW1hbiIsImgiOjExNDAxNDgyMn1d' found in file '/Users/damithch/Repos/git-mastery/git-mastery.github.io/lessons/branch/exercise-side-track.md'
2026-01-11T07:09:22.033Z - warn: You might have an invalid intra-link! Ignore this warning if it was intended.
'/companion-app/index.html?cv-focus=W3sidCI6IkRJViIsImkiOjIwNSwicCI6ImNvbnRlbnQtd3JhcHBlciIsInMiOiJVcGRhdGluZyB0aGUgR2l0LU1hc3RlcnkgQXBwIEFzICIsImgiOi01ODUzNDE1NzF9XQ%3D%3D' found in file '/Users/damithch/Repos/git-mastery/git-mastery.github.io/lessons/branch/exercise-side-track.md'
2026-01-11T07:09:22.033Z - warn: You might have an invalid intra-link! Ignore this warning if it was intended.
'/companion-app/index.html?cv-focus=W3sidCI6IkRJViIsImkiOjIwMywicCI6ImNvbnRlbnQtd3JhcHBlciIsInMiOiJHaXQtTWFzdGVyeSBBcHA6IENvbW1hbmRzIENvbW1hbiIsImgiOjExNDAxNDgyMn1d' found in file '/Users/damithch/Repos/git-mastery/git-mastery.github.io/lessons/branch/exercise-branch-previous.md'
2026-01-11T07:09:22.033Z - warn: You might have an invalid intra-link! Ignore this warning if it was intended.
'/companion-app/index.html?cv-focus=W3sidCI6IkRJViIsImkiOjIwNSwicCI6ImNvbnRlbnQtd3JhcHBlciIsInMiOiJVcGRhdGluZyB0aGUgR2l0LU1hc3RlcnkgQXBwIEFzICIsImgiOi01ODUzNDE1NzF9XQ%3D%3D' found in file '/Users/damithch/Repos/git-mastery/git-mastery.github.io/lessons/branch/exercise-branch-previous.md'
2026-01-11T07:09:22.033Z - warn: You might have an invalid intra-link! Ignore this warning if it was intended.
'/companion-app/index.html?cv-focus=W3sidCI6IkRJViIsImkiOjIwMywicCI6ImNvbnRlbnQtd3JhcHBlciIsInMiOiJHaXQtTWFzdGVyeSBBcHA6IENvbW1hbmRzIENvbW1hbiIsImgiOjExNDAxNDgyMn1d' found in file '/Users/damithch/Repos/git-mastery/git-mastery.github.io/lessons/branch/exercise-branch-compare.md'
2026-01-11T07:09:22.033Z - warn: You might have an invalid intra-link! Ignore this warning if it was intended.
'/companion-app/index.html?cv-focus=W3sidCI6IkRJViIsImkiOjIwNSwicCI6ImNvbnRlbnQtd3JhcHBlciIsInMiOiJVcGRhdGluZyB0aGUgR2l0LU1hc3RlcnkgQXBwIEFzICIsImgiOi01ODUzNDE1NzF9XQ%3D%3D' found in file '/Users/damithch/Repos/git-mastery/git-mastery.github.io/lessons/branch/exercise-branch-compare.md'
2026-01-11T07:09:22.033Z - warn: You might have an invalid intra-link! Ignore this warning if it was intended.
'/lessons/branch/images/listRemoteBranches.png' found in file '/Users/damithch/Repos/git-mastery/git-mastery.github.io/lessons/remoteBranches/sourcetree_4.md'
2026-01-11T07:09:22.034Z - info: Pages built
2026-01-11T07:09:22.098Z - info: Site data built
2026-01-11T07:09:22.098Z - info: Website generation complete! Total build time: 7.761s
2026-01-11T07:09:22.098Z - info: Build success!
2026-01-11T07:09:28.815Z - info: The website has been deployed at: git-mastery.org
2026-01-11T09:59:00.011Z - info: Website generation (lazy) started at 17:58:59
2026-01-11T09:59:00.152Z - info: Building assets...
2026-01-11T09:59:00.495Z - info: Assets built
2026-01-11T09:59:00.496Z - info: Generating landing page...
2026-01-11T09:59:00.631Z - info: Landing page built, other pages will be built as you navigate to them!
2026-01-11T09:59:00.699Z - info: Site data built
2026-01-11T09:59:00.699Z - info: Website generation (lazy) complete! Total build time: 0.875s
2026-01-11T09:59:00.710Z - info: Serving "/Users/damithch/Repos/git-mastery/git-mastery.github.io/_site" at http://127.0.0.1:8080
2026-01-11T09:59:00.710Z - info: Press CTRL+C to stop ...
2026-01-11T09:59:07.581Z - info: Building /Users/damithch/Repos/git-mastery/git-mastery.github.io/lessons/index as some of its dependencies were changed since the last visit
2026-01-11T09:59:07.907Z - info: Site data built
2026-01-11T09:59:07.907Z - info: Lazy website regeneration complete! Total build time: 0.327s
2026-01-11T09:59:16.763Z - info: Building /Users/damithch/Repos/git-mastery/git-mastery.github.io/lessons/syncByMerge/index as some of its dependencies were changed since the last visit
2026-01-11T09:59:16.840Z - info: Site data built
2026-01-11T09:59:16.840Z - info: Lazy website regeneration complete! Total build time: 0.077s
2026-01-11T09:59:27.563Z - info: Building /Users/damithch/Repos/git-mastery/git-mastery.github.io/lessons/remoteBranchPush/index as some of its dependencies were changed since the last visit
2026-01-11T09:59:27.669Z - info: Site data built
2026-01-11T09:59:27.669Z - info: Lazy website regeneration complete! Total build time: 0.107s
2026-01-11T10:00:23.728Z - info: [18:00:23] Reload for file change: /Users/damithch/Repos/git-mastery/git-mastery.github.io/lessons/remoteBranchPush/text.md
2026-01-11T10:00:23.729Z - info: Synchronizing opened pages list before reload
2026-01-11T10:00:23.729Z - info: Current opened pages, from most-to-least recent:
2026-01-11T10:00:23.729Z - info: 1. lessons/remoteBranchPush/index
2026-01-11T10:00:24.735Z - info: Rebuilding 1 pages
2026-01-11T10:00:24.815Z - info: Site data built
2026-01-11T10:00:24.815Z - info: Pages rebuilt
2026-01-11T10:00:24.815Z - info: Website regeneration complete! Total build time: 0.083s
2026-01-11T10:00:34.725Z - info: Building /Users/damithch/Repos/git-mastery/git-mastery.github.io/lessons/remoteBranchPull/index as some of its dependencies were changed since the last visit
2026-01-11T10:00:34.821Z - info: Site data built
2026-01-11T10:00:34.821Z - info: Lazy website regeneration complete! Total build time: 0.096s
2026-01-11T10:01:18.171Z - info: [18:01:18] Reload for file change: /Users/damithch/Repos/git-mastery/git-mastery.github.io/lessons/remoteBranchPull/text.md
2026-01-11T10:01:18.175Z - info: Synchronizing opened pages list before reload
2026-01-11T10:01:18.177Z - info: Current opened pages, from most-to-least recent:
2026-01-11T10:01:18.177Z - info: 1. lessons/remoteBranchPull/index
2026-01-11T10:01:19.185Z - info: Rebuilding 1 pages
2026-01-11T10:01:19.276Z - info: Site data built
2026-01-11T10:01:19.276Z - info: Pages rebuilt
2026-01-11T10:01:19.276Z - info: Website regeneration complete! Total build time: 0.093s
2026-01-11T10:01:29.178Z - info: Building /Users/damithch/Repos/git-mastery/git-mastery.github.io/lessons/remoteBranchDelete/index as some of its dependencies were changed since the last visit
2026-01-11T10:01:29.246Z - info: Site data built
2026-01-11T10:01:29.246Z - info: Lazy website regeneration complete! Total build time: 0.069s
2026-01-11T10:02:04.439Z - info: [18:02:04] Reload for file change: /Users/damithch/Repos/git-mastery/git-mastery.github.io/lessons/remoteBranchDelete/text.md
2026-01-11T10:02:04.439Z - info: Synchronizing opened pages list before reload
2026-01-11T10:02:04.440Z - info: Current opened pages, from most-to-least recent:
2026-01-11T10:02:04.440Z - info: 1. lessons/remoteBranchDelete/index
2026-01-11T10:02:05.442Z - info: Rebuilding 1 pages
2026-01-11T10:02:05.519Z - info: Site data built
2026-01-11T10:02:05.519Z - info: Pages rebuilt
2026-01-11T10:02:05.519Z - info: Website regeneration complete! Total build time: 0.078s
2026-01-11T10:02:37.855Z - info: Building /Users/damithch/Repos/git-mastery/git-mastery.github.io/lessons/remoteBranchRename/index as some of its dependencies were changed since the last visit
2026-01-11T10:02:37.916Z - info: Site data built
2026-01-11T10:02:37.916Z - info: Lazy website regeneration complete! Total build time: 0.062s
2026-01-11T10:03:12.006Z - info: [18:03:12] Reload for file change: /Users/damithch/Repos/git-mastery/git-mastery.github.io/lessons/remoteBranchRename/text.md
2026-01-11T10:03:12.006Z - info: Synchronizing opened pages list before reload
2026-01-11T10:03:12.006Z - info: Current opened pages, from most-to-least recent:
2026-01-11T10:03:12.006Z - info: 1. lessons/remoteBranchRename/index
2026-01-11T10:03:13.010Z - info: Rebuilding 1 pages
2026-01-11T10:03:13.086Z - info: Site data built
2026-01-11T10:03:13.086Z - info: Pages rebuilt
2026-01-11T10:03:13.086Z - info: Website regeneration complete! Total build time: 0.079s
2026-01-11T10:03:20.645Z - info: Building /Users/damithch/Repos/git-mastery/git-mastery.github.io/lessons/trail/workingWithPrs/index as some of its dependencies were changed since the last visit
2026-01-11T10:03:20.900Z - warn: You might have an invalid intra-link! Ignore this warning if it was intended.
'/companion-app/index.html?cv-focus=W3sidCI6IkRJViIsImkiOjIwMywicCI6ImNvbnRlbnQtd3JhcHBlciIsInMiOiJHaXQtTWFzdGVyeSBBcHA6IENvbW1hbmRzIENvbW1hbiIsImgiOjExNDAxNDgyMn1d' found in file '/Users/damithch/Repos/git-mastery/git-mastery.github.io/lessons/push/text.md'
2026-01-11T10:03:20.900Z - warn: You might have an invalid intra-link! Ignore this warning if it was intended.
'/companion-app/index.html?cv-focus=W3sidCI6IkRJViIsImkiOjIwNSwicCI6ImNvbnRlbnQtd3JhcHBlciIsInMiOiJVcGRhdGluZyB0aGUgR2l0LU1hc3RlcnkgQXBwIEFzICIsImgiOi01ODUzNDE1NzF9XQ%3D%3D' found in file '/Users/damithch/Repos/git-mastery/git-mastery.github.io/lessons/push/text.md'
2026-01-11T10:03:20.900Z - warn: You might have an invalid intra-link! Ignore this warning if it was intended.
'/companion-app/index.html?cv-focus=W3sidCI6IkRJViIsImkiOjIwMywicCI6ImNvbnRlbnQtd3JhcHBlciIsInMiOiJHaXQtTWFzdGVyeSBBcHA6IENvbW1hbmRzIENvbW1hbiIsImgiOjExNDAxNDgyMn1d' found in file '/Users/damithch/Repos/git-mastery/git-mastery.github.io/lessons/mergeConflicts/text.md'
2026-01-11T10:03:20.900Z - warn: You might have an invalid intra-link! Ignore this warning if it was intended.
'/companion-app/index.html?cv-focus=W3sidCI6IkRJViIsImkiOjIwNSwicCI6ImNvbnRlbnQtd3JhcHBlciIsInMiOiJVcGRhdGluZyB0aGUgR2l0LU1hc3RlcnkgQXBwIEFzICIsImgiOi01ODUzNDE1NzF9XQ%3D%3D' found in file '/Users/damithch/Repos/git-mastery/git-mastery.github.io/lessons/mergeConflicts/text.md'
2026-01-11T10:03:20.901Z - info: Site data built
2026-01-11T10:03:20.901Z - info: Lazy website regeneration complete! Total build time: 0.257s
2026-01-11T10:03:37.050Z - info: Building /Users/damithch/Repos/git-mastery/git-mastery.github.io/lessons/trail/managingProjects/index as some of its dependencies were changed since the last visit
2026-01-11T10:03:37.192Z - info: Site data built
2026-01-11T10:03:37.192Z - info: Lazy website regeneration complete! Total build time: 0.143s
2026-01-11T10:06:08.088Z - info: Building /Users/damithch/Repos/git-mastery/git-mastery.github.io/lessons/trail/remoteBranches/index as some of its dependencies were changed since the last visit
2026-01-11T10:06:08.237Z - info: Site data built
2026-01-11T10:06:08.237Z - info: Lazy website regeneration complete! Total build time: 0.15s
2026-01-11T10:09:03.493Z - info: Building /Users/damithch/Repos/git-mastery/git-mastery.github.io/lessons/trail/syncingBranches/index as some of its dependencies were changed since the last visit
2026-01-11T10:09:03.618Z - info: Site data built
2026-01-11T10:09:03.619Z - info: Lazy website regeneration complete! Total build time: 0.127s
2026-01-11T10:13:46.122Z - info: [18:13:46] Reload for file change: /Users/damithch/Repos/git-mastery/git-mastery.github.io/lessons/remoteBranchPull/text.md
2026-01-11T10:13:46.125Z - info: Synchronizing opened pages list before reload
2026-01-11T10:13:46.126Z - info: Current opened pages, from most-to-least recent:
2026-01-11T10:13:46.126Z - info: 1. lessons/remoteBranchPull/index
2026-01-11T10:13:47.141Z - info: Rebuilding 1 pages
2026-01-11T10:13:47.240Z - info: Site data built
2026-01-11T10:13:47.240Z - info: Pages rebuilt
2026-01-11T10:13:47.240Z - info: Website regeneration complete! Total build time: 0.102s
2026-01-11T10:16:34.063Z - info: [18:16:34] Reload for file change: /Users/damithch/Repos/git-mastery/git-mastery.github.io/lessons/remoteBranchPull/text.md
2026-01-11T10:16:34.064Z - info: Synchronizing opened pages list before reload
2026-01-11T10:16:34.065Z - info: Current opened pages, from most-to-least recent:
2026-01-11T10:16:34.066Z - info: 1. lessons/remoteBranchPull/index
2026-01-11T10:16:35.072Z - info: Rebuilding 1 pages
2026-01-11T10:16:35.160Z - info: Site data built
2026-01-11T10:16:35.160Z - info: Pages rebuilt
2026-01-11T10:16:35.160Z - info: Website regeneration complete! Total build time: 0.09s
2026-01-11T10:20:54.023Z - info: [18:20:54] Reload for file change: /Users/damithch/Repos/git-mastery/git-mastery.github.io/lessons/remoteBranchPull/text.md
2026-01-11T10:20:54.025Z - info: Synchronizing opened pages list before reload
2026-01-11T10:20:54.026Z - info: Current opened pages, from most-to-least recent:
2026-01-11T10:20:54.026Z - info: 1. lessons/remoteBranchPull/index
2026-01-11T10:20:55.031Z - info: Rebuilding 1 pages
2026-01-11T10:20:55.129Z - info: Site data built
2026-01-11T10:20:55.129Z - info: Pages rebuilt
2026-01-11T10:20:55.129Z - info: Website regeneration complete! Total build time: 0.1s
2026-01-11T10:22:24.281Z - info: [18:22:24] Reload for file change: /Users/damithch/Repos/git-mastery/git-mastery.github.io/lessons/remoteBranchPull/text.md
2026-01-11T10:22:24.281Z - info: Synchronizing opened pages list before reload
2026-01-11T10:22:24.281Z - info: Current opened pages, from most-to-least recent:
2026-01-11T10:22:24.281Z - info: 1. lessons/remoteBranchPull/index
2026-01-11T10:22:25.285Z - info: Rebuilding 1 pages
2026-01-11T10:22:25.375Z - info: Site data built
2026-01-11T10:22:25.375Z - info: Pages rebuilt
2026-01-11T10:22:25.375Z - info: Website regeneration complete! Total build time: 0.092s
2026-01-11T10:22:39.691Z - info: [18:22:39] Reload for file change: /Users/damithch/Repos/git-mastery/git-mastery.github.io/lessons/remoteBranchPull/text.md
2026-01-11T10:22:39.692Z - info: Synchronizing opened pages list before reload
2026-01-11T10:22:39.692Z - info: Current opened pages, from most-to-least recent:
2026-01-11T10:22:39.692Z - info: 1. lessons/remoteBranchPull/index
2026-01-11T10:22:40.696Z - info: Rebuilding 1 pages
2026-01-11T10:22:40.802Z - info: Site data built
2026-01-11T10:22:40.802Z - info: Pages rebuilt
2026-01-11T10:22:40.802Z - info: Website regeneration complete! Total build time: 0.107s
2026-01-11T10:22:57.122Z - info: [18:22:57] Reload for file change: /Users/damithch/Repos/git-mastery/git-mastery.github.io/lessons/remoteBranchPull/text.md
2026-01-11T10:22:57.122Z - info: Synchronizing opened pages list before reload
2026-01-11T10:22:57.123Z - info: Current opened pages, from most-to-least recent:
2026-01-11T10:22:57.123Z - info: 1. lessons/remoteBranchPull/index
2026-01-11T10:22:58.126Z - info: Rebuilding 1 pages
2026-01-11T10:22:58.218Z - info: Site data built
2026-01-11T10:22:58.218Z - info: Pages rebuilt
2026-01-11T10:22:58.218Z - info: Website regeneration complete! Total build time: 0.093s
2026-01-11T10:23:46.531Z - info: [18:23:46] Reload for file change: /Users/damithch/Repos/git-mastery/git-mastery.github.io/lessons/remoteBranchPull/text.md
2026-01-11T10:23:46.534Z - info: Synchronizing opened pages list before reload
2026-01-11T10:23:46.534Z - info: Current opened pages, from most-to-least recent:
2026-01-11T10:23:46.534Z - info: 1. lessons/remoteBranchPull/index
2026-01-11T10:23:47.543Z - info: Rebuilding 1 pages
2026-01-11T10:23:47.640Z - info: Site data built
2026-01-11T10:23:47.641Z - info: Pages rebuilt
2026-01-11T10:23:47.641Z - info: Website regeneration complete! Total build time: 0.1s
2026-01-11T10:25:47.528Z - info: [18:25:47] Reload for file change: /Users/damithch/Repos/git-mastery/git-mastery.github.io/lessons/remoteBranchPull/text.md
2026-01-11T10:25:47.530Z - info: Synchronizing opened pages list before reload
2026-01-11T10:25:47.531Z - info: Current opened pages, from most-to-least recent:
2026-01-11T10:25:47.531Z - info: 1. lessons/remoteBranchPull/index
2026-01-11T10:25:48.536Z - info: Rebuilding 1 pages
2026-01-11T10:25:48.623Z - info: Site data built
2026-01-11T10:25:48.623Z - info: Pages rebuilt
2026-01-11T10:25:48.623Z - info: Website regeneration complete! Total build time: 0.089s
2026-01-11T10:26:50.782Z - info: [18:26:50] Reload for file change: /Users/damithch/Repos/git-mastery/git-mastery.github.io/lessons/remoteBranchPull/text.md
2026-01-11T10:26:50.783Z - info: Synchronizing opened pages list before reload
2026-01-11T10:26:50.783Z - info: Current opened pages, from most-to-least recent:
2026-01-11T10:26:50.783Z - info: 1. lessons/remoteBranchPull/index
2026-01-11T10:26:51.791Z - info: Rebuilding 1 pages
2026-01-11T10:26:51.890Z - info: Site data built
2026-01-11T10:26:51.890Z - info: Pages rebuilt
2026-01-11T10:26:51.890Z - info: Website regeneration complete! Total build time: 0.102s
2026-01-11T10:29:03.843Z - info: [18:29:03] Reload for file change: /Users/damithch/Repos/git-mastery/git-mastery.github.io/lessons/remoteBranchPull/text.md
2026-01-11T10:29:03.845Z - info: Synchronizing opened pages list before reload
2026-01-11T10:29:03.846Z - info: Current opened pages, from most-to-least recent:
2026-01-11T10:29:03.847Z - info: 1. lessons/remoteBranchPull/index
2026-01-11T10:29:04.856Z - info: Rebuilding 1 pages
2026-01-11T10:29:04.948Z - info: Site data built
2026-01-11T10:29:04.948Z - info: Pages rebuilt
2026-01-11T10:29:04.948Z - info: Website regeneration complete! Total build time: 0.095s
2026-01-11T10:30:18.481Z - info: [18:30:18] Reload for file change: /Users/damithch/Repos/git-mastery/git-mastery.github.io/lessons/remoteBranchPull/text.md
2026-01-11T10:30:18.482Z - info: Synchronizing opened pages list before reload
2026-01-11T10:30:18.482Z - info: Current opened pages, from most-to-least recent:
2026-01-11T10:30:18.483Z - info: 1. lessons/remoteBranchPull/index
2026-01-11T10:30:19.492Z - info: Rebuilding 1 pages
2026-01-11T10:30:19.597Z - info: Site data built
2026-01-11T10:30:19.597Z - info: Pages rebuilt
2026-01-11T10:30:19.597Z - info: Website regeneration complete! Total build time: 0.109s
2026-01-11T10:31:28.000Z - info: [18:31:27] Reload for file change: /Users/damithch/Repos/git-mastery/git-mastery.github.io/lessons/remoteBranchPull/text.md
2026-01-11T10:31:28.003Z - info: Synchronizing opened pages list before reload
2026-01-11T10:31:28.003Z - info: Current opened pages, from most-to-least recent:
2026-01-11T10:31:28.004Z - info: 1. lessons/remoteBranchPull/index
2026-01-11T10:31:29.010Z - info: Rebuilding 1 pages
2026-01-11T10:31:29.126Z - info: Site data built
2026-01-11T10:31:29.126Z - info: Pages rebuilt
2026-01-11T10:31:29.126Z - info: Website regeneration complete! Total build time: 0.118s
2026-01-11T10:32:19.253Z - info: [18:32:19] Reload for file change: /Users/damithch/Repos/git-mastery/git-mastery.github.io/lessons/remoteBranchPull/text.md
2026-01-11T10:32:19.254Z - info: Synchronizing opened pages list before reload
2026-01-11T10:32:19.254Z - info: Current opened pages, from most-to-least recent:
2026-01-11T10:32:19.254Z - info: 1. lessons/remoteBranchPull/index
2026-01-11T10:32:20.259Z - info: Rebuilding 1 pages
2026-01-11T10:32:20.340Z - info: Site data built
2026-01-11T10:32:20.340Z - info: Pages rebuilt
2026-01-11T10:32:20.340Z - info: Website regeneration complete! Total build time: 0.082s
2026-01-11T10:32:40.942Z - info: [18:32:40] Reload for file change: /Users/damithch/Repos/git-mastery/git-mastery.github.io/lessons/remoteBranchPull/text.md
2026-01-11T10:32:40.942Z - info: Synchronizing opened pages list before reload
2026-01-11T10:32:40.942Z - info: Current opened pages, from most-to-least recent:
2026-01-11T10:32:40.943Z - info: 1. lessons/remoteBranchPull/index
2026-01-11T10:32:41.945Z - info: Rebuilding 1 pages
2026-01-11T10:32:42.026Z - info: Site data built
2026-01-11T10:32:42.026Z - info: Pages rebuilt
2026-01-11T10:32:42.027Z - info: Website regeneration complete! Total build time: 0.082s
2026-01-11T10:33:35.390Z - info: [18:33:35] Reload for file change: /Users/damithch/Repos/git-mastery/git-mastery.github.io/lessons/remoteBranchPull/text.md
2026-01-11T10:33:35.391Z - info: Synchronizing opened pages list before reload
2026-01-11T10:33:35.392Z - info: Current opened pages, from most-to-least recent:
2026-01-11T10:33:35.392Z - info: 1. lessons/remoteBranchPull/index
2026-01-11T10:33:36.398Z - info: Rebuilding 1 pages
2026-01-11T10:33:36.483Z - info: Site data built
2026-01-11T10:33:36.483Z - info: Pages rebuilt
2026-01-11T10:33:36.483Z - info: Website regeneration complete! Total build time: 0.087s
2026-01-11T10:34:14.823Z - info: [18:34:14] Reload for file change: /Users/damithch/Repos/git-mastery/git-mastery.github.io/lessons/remoteBranchPull/text.md
2026-01-11T10:34:14.823Z - info: Synchronizing opened pages list before reload
2026-01-11T10:34:14.823Z - info: Current opened pages, from most-to-least recent:
2026-01-11T10:34:14.823Z - info: 1. lessons/remoteBranchPull/index
2026-01-11T10:34:15.826Z - info: Rebuilding 1 pages
2026-01-11T10:34:15.915Z - info: Site data built
2026-01-11T10:34:15.915Z - info: Pages rebuilt
2026-01-11T10:34:15.915Z - info: Website regeneration complete! Total build time: 0.091s
2026-01-11T10:38:21.182Z - info: [18:38:21] Reload for file change: /Users/damithch/Repos/git-mastery/git-mastery.github.io/lessons/remoteBranchPull/text.md
2026-01-11T10:38:21.183Z - info: Synchronizing opened pages list before reload
2026-01-11T10:38:21.183Z - info: Current opened pages, from most-to-least recent:
2026-01-11T10:38:21.183Z - info: 1. lessons/remoteBranchPull/index
2026-01-11T10:38:22.188Z - info: Rebuilding 1 pages
2026-01-11T10:38:22.288Z - info: Site data built
2026-01-11T10:38:22.288Z - info: Pages rebuilt
2026-01-11T10:38:22.288Z - info: Website regeneration complete! Total build time: 0.102s
2026-01-11T10:38:48.204Z - info: [18:38:48] Reload for file change: /Users/damithch/Repos/git-mastery/git-mastery.github.io/lessons/remoteBranchPull/text.md
2026-01-11T10:38:48.205Z - info: Synchronizing opened pages list before reload
2026-01-11T10:38:48.205Z - info: Current opened pages, from most-to-least recent:
2026-01-11T10:38:48.205Z - info: 1. lessons/remoteBranchPull/index
2026-01-11T10:38:49.209Z - info: Rebuilding 1 pages
2026-01-11T10:38:49.289Z - info: Site data built
2026-01-11T10:38:49.289Z - info: Pages rebuilt
2026-01-11T10:38:49.289Z - info: Website regeneration complete! Total build time: 0.081s
2026-01-11T10:40:02.121Z - info: [18:40:02] Reload for file change: /Users/damithch/Repos/git-mastery/git-mastery.github.io/lessons/remoteBranchPull/text.md
2026-01-11T10:40:02.121Z - info: Synchronizing opened pages list before reload
2026-01-11T10:40:02.121Z - info: Current opened pages, from most-to-least recent:
2026-01-11T10:40:02.121Z - info: 1. lessons/remoteBranchPull/index
2026-01-11T10:40:03.126Z - info: Rebuilding 1 pages
2026-01-11T10:40:03.218Z - info: Site data built
2026-01-11T10:40:03.218Z - info: Pages rebuilt
2026-01-11T10:40:03.218Z - info: Website regeneration complete! Total build time: 0.095s
2026-01-11T10:40:28.135Z - info: [18:40:28] Reload for file change: /Users/damithch/Repos/git-mastery/git-mastery.github.io/lessons/remoteBranchPull/text.md
2026-01-11T10:40:28.135Z - info: Synchronizing opened pages list before reload
2026-01-11T10:40:28.135Z - info: Current opened pages, from most-to-least recent:
2026-01-11T10:40:28.135Z - info: 1. lessons/remoteBranchPull/index
2026-01-11T10:40:29.138Z - info: Rebuilding 1 pages
2026-01-11T10:40:29.227Z - info: Site data built
2026-01-11T10:40:29.227Z - info: Pages rebuilt
2026-01-11T10:40:29.227Z - info: Website regeneration complete! Total build time: 0.09s
2026-01-11T10:41:22.979Z - info: [18:41:22] Reload for file change: /Users/damithch/Repos/git-mastery/git-mastery.github.io/lessons/remoteBranchPull/text.md
2026-01-11T10:41:22.980Z - info: Synchronizing opened pages list before reload
2026-01-11T10:41:22.980Z - info: Current opened pages, from most-to-least recent:
2026-01-11T10:41:22.980Z - info: 1. lessons/remoteBranchPull/index
2026-01-11T10:41:23.983Z - info: Rebuilding 1 pages
2026-01-11T10:41:24.073Z - info: Site data built
2026-01-11T10:41:24.073Z - info: Pages rebuilt
2026-01-11T10:41:24.073Z - info: Website regeneration complete! Total build time: 0.091s
2026-01-11T10:45:05.958Z - info: [18:45:05] Reload for file change: /Users/damithch/Repos/git-mastery/git-mastery.github.io/lessons/remoteBranchPull/text.md
2026-01-11T10:45:05.960Z - info: Synchronizing opened pages list before reload
2026-01-11T10:45:05.960Z - info: Current opened pages, from most-to-least recent:
2026-01-11T10:45:05.960Z - info: 1. lessons/remoteBranchPull/index
2026-01-11T10:45:06.969Z - info: Rebuilding 1 pages
2026-01-11T10:45:07.064Z - info: Site data built
2026-01-11T10:45:07.064Z - info: Pages rebuilt
2026-01-11T10:45:07.064Z - info: Website regeneration complete! Total build time: 0.098s
2026-01-11T10:45:34.000Z - info: [18:45:34] Reload for file change: /Users/damithch/Repos/git-mastery/git-mastery.github.io/lessons/remoteBranchPull/text.md
2026-01-11T10:45:34.000Z - info: Synchronizing opened pages list before reload
2026-01-11T10:45:34.001Z - info: Current opened pages, from most-to-least recent:
2026-01-11T10:45:34.001Z - info: 1. lessons/remoteBranchPull/index
2026-01-11T10:45:35.004Z - info: Rebuilding 1 pages
2026-01-11T10:45:35.087Z - info: Site data built
2026-01-11T10:45:35.087Z - info: Pages rebuilt
2026-01-11T10:45:35.087Z - info: Website regeneration complete! Total build time: 0.085s
2026-01-11T10:47:31.564Z - info: [18:47:31] Reload for file change: /Users/damithch/Repos/git-mastery/git-mastery.github.io/lessons/remoteBranchPull/text.md
2026-01-11T10:47:31.565Z - info: Synchronizing opened pages list before reload
2026-01-11T10:47:31.566Z - info: Current opened pages, from most-to-least recent:
2026-01-11T10:47:31.566Z - info: 1. lessons/remoteBranchPull/index
2026-01-11T10:47:32.573Z - info: Rebuilding 1 pages
2026-01-11T10:47:32.662Z - info: Site data built
2026-01-11T10:47:32.662Z - info: Pages rebuilt
2026-01-11T10:47:32.662Z - info: Website regeneration complete! Total build time: 0.092s
2026-01-11T10:48:34.091Z - info: [18:48:34] Reload for file change: /Users/damithch/Repos/git-mastery/git-mastery.github.io/lessons/remoteBranchPull/text.md
2026-01-11T10:48:34.091Z - info: Synchronizing opened pages list before reload
2026-01-11T10:48:34.092Z - info: Current opened pages, from most-to-least recent:
2026-01-11T10:48:34.092Z - info: 1. lessons/remoteBranchPull/index
2026-01-11T10:48:35.096Z - info: Rebuilding 1 pages
2026-01-11T10:48:35.180Z - info: Site data built
2026-01-11T10:48:35.180Z - info: Pages rebuilt
2026-01-11T10:48:35.180Z - info: Website regeneration complete! Total build time: 0.086s
2026-01-11T10:50:07.385Z - info: [18:50:07] Reload for file change: /Users/damithch/Repos/git-mastery/git-mastery.github.io/lessons/remoteBranchPull/text.md
2026-01-11T10:50:07.386Z - info: Synchronizing opened pages list before reload
2026-01-11T10:50:07.386Z - info: Current opened pages, from most-to-least recent:
2026-01-11T10:50:07.386Z - info: 1. lessons/remoteBranchPull/index
2026-01-11T10:50:08.390Z - info: Rebuilding 1 pages
2026-01-11T10:50:08.481Z - info: Site data built
2026-01-11T10:50:08.481Z - info: Pages rebuilt
2026-01-11T10:50:08.481Z - info: Website regeneration complete! Total build time: 0.093s
2026-01-11T10:50:54.092Z - info: [18:50:54] Reload for file change: /Users/damithch/Repos/git-mastery/git-mastery.github.io/lessons/remoteBranchPull/text.md
2026-01-11T10:50:54.093Z - info: Synchronizing opened pages list before reload
2026-01-11T10:50:54.093Z - info: Current opened pages, from most-to-least recent:
2026-01-11T10:50:54.093Z - info: 1. lessons/remoteBranchPull/index
2026-01-11T10:50:55.041Z - info: Rebuilding 1 pages
2026-01-11T10:50:55.191Z - info: Site data built
2026-01-11T10:50:55.191Z - info: Pages rebuilt
2026-01-11T10:50:55.191Z - info: Website regeneration complete! Total build time: 0.152s
2026-01-11T10:51:14.236Z - info: [18:51:14] Reload for file change: /Users/damithch/Repos/git-mastery/git-mastery.github.io/lessons/remoteBranchPull/text.md
2026-01-11T10:51:14.236Z - info: Synchronizing opened pages list before reload
2026-01-11T10:51:14.237Z - info: Current opened pages, from most-to-least recent:
2026-01-11T10:51:14.237Z - info: 1. lessons/remoteBranchPull/index
2026-01-11T10:51:15.240Z - info: Rebuilding 1 pages
2026-01-11T10:51:15.336Z - info: Site data built
2026-01-11T10:51:15.336Z - info: Pages rebuilt
2026-01-11T10:51:15.336Z - info: Website regeneration complete! Total build time: 0.098s
2026-01-11T10:53:36.641Z - info: [18:53:36] Reload for file change: /Users/damithch/Repos/git-mastery/git-mastery.github.io/lessons/remoteBranchPull/text.md
2026-01-11T10:53:36.642Z - info: Synchronizing opened pages list before reload
2026-01-11T10:53:36.642Z - info: Current opened pages, from most-to-least recent:
2026-01-11T10:53:36.642Z - info: 1. lessons/remoteBranchPull/index
2026-01-11T10:53:37.660Z - info: Rebuilding 1 pages
2026-01-11T10:53:37.755Z - info: Site data built
2026-01-11T10:53:37.755Z - info: Pages rebuilt
2026-01-11T10:53:37.755Z - info: Website regeneration complete! Total build time: 0.11s
2026-01-11T10:54:47.339Z - info: [18:54:47] Reload for file change: /Users/damithch/Repos/git-mastery/git-mastery.github.io/lessons/remoteBranchPull/text.md
2026-01-11T10:54:47.340Z - info: Synchronizing opened pages list before reload
2026-01-11T10:54:47.340Z - info: Current opened pages, from most-to-least recent:
2026-01-11T10:54:47.340Z - info: 1. lessons/remoteBranchPull/index
2026-01-11T10:54:48.351Z - info: Rebuilding 1 pages
2026-01-11T10:54:48.442Z - info: Site data built
2026-01-11T10:54:48.442Z - info: Pages rebuilt
2026-01-11T10:54:48.442Z - info: Website regeneration complete! Total build time: 0.098s
2026-01-11T10:55:10.215Z - info: [18:55:10] Reload for file change: /Users/damithch/Repos/git-mastery/git-mastery.github.io/lessons/remoteBranchPull/text.md
2026-01-11T10:55:10.215Z - info: Synchronizing opened pages list before reload
2026-01-11T10:55:10.215Z - info: Current opened pages, from most-to-least recent:
2026-01-11T10:55:10.216Z - info: 1. lessons/remoteBranchPull/index
2026-01-11T10:55:11.219Z - info: Rebuilding 1 pages
2026-01-11T10:55:11.314Z - info: Site data built
2026-01-11T10:55:11.314Z - info: Pages rebuilt
2026-01-11T10:55:11.314Z - info: Website regeneration complete! Total build time: 0.096s
2026-01-11T10:55:33.592Z - info: [18:55:33] Reload for file change: /Users/damithch/Repos/git-mastery/git-mastery.github.io/lessons/remoteBranchPull/text.md
2026-01-11T10:55:33.592Z - info: Synchronizing opened pages list before reload
2026-01-11T10:55:33.593Z - info: Current opened pages, from most-to-least recent:
2026-01-11T10:55:33.593Z - info: 1. lessons/remoteBranchPull/index
2026-01-11T10:55:34.596Z - info: Rebuilding 1 pages
2026-01-11T10:55:34.685Z - info: Site data built
2026-01-11T10:55:34.685Z - info: Pages rebuilt
2026-01-11T10:55:34.685Z - info: Website regeneration complete! Total build time: 0.091s
2026-01-11T10:55:52.328Z - info: [18:55:52] Reload for file change: /Users/damithch/Repos/git-mastery/git-mastery.github.io/lessons/remoteBranchPull/text.md
2026-01-11T10:55:52.328Z - info: Synchronizing opened pages list before reload
2026-01-11T10:55:52.328Z - info: Current opened pages, from most-to-least recent:
2026-01-11T10:55:52.328Z - info: 1. lessons/remoteBranchPull/index
2026-01-11T10:55:53.331Z - info: Rebuilding 1 pages
2026-01-11T10:55:53.417Z - info: Site data built
2026-01-11T10:55:53.417Z - info: Pages rebuilt
2026-01-11T10:55:53.417Z - info: Website regeneration complete! Total build time: 0.088s
2026-01-11T10:56:23.776Z - info: [18:56:23] Reload for file change: /Users/damithch/Repos/git-mastery/git-mastery.github.io/lessons/remoteBranchPull/text.md
2026-01-11T10:56:23.776Z - info: Synchronizing opened pages list before reload
2026-01-11T10:56:23.776Z - info: Current opened pages, from most-to-least recent:
2026-01-11T10:56:23.776Z - info: 1. lessons/remoteBranchPull/index
2026-01-11T10:56:24.781Z - info: Rebuilding 1 pages
2026-01-11T10:56:24.882Z - info: Site data built
2026-01-11T10:56:24.882Z - info: Pages rebuilt
2026-01-11T10:56:24.882Z - info: Website regeneration complete! Total build time: 0.103s
2026-01-11T11:02:43.696Z - info: [19:02:43] Reload for file change: /Users/damithch/Repos/git-mastery/git-mastery.github.io/lessons/remoteBranchPull/text.md
2026-01-11T11:02:43.698Z - info: Synchronizing opened pages list before reload
2026-01-11T11:02:43.699Z - info: Current opened pages, from most-to-least recent:
2026-01-11T11:02:43.699Z - info: 1. lessons/remoteBranchPull/index
2026-01-11T11:02:44.705Z - info: Rebuilding 1 pages
2026-01-11T11:02:44.796Z - info: Site data built
2026-01-11T11:02:44.796Z - info: Pages rebuilt
2026-01-11T11:02:44.796Z - info: Website regeneration complete! Total build time: 0.094s
2026-01-11T11:06:16.330Z - info: [19:06:16] Reload for file change: /Users/damithch/Repos/git-mastery/git-mastery.github.io/lessons/remoteBranchPull/text.md
2026-01-11T11:06:16.332Z - info: Synchronizing opened pages list before reload
2026-01-11T11:06:16.333Z - info: Current opened pages, from most-to-least recent:
2026-01-11T11:06:16.333Z - info: 1. lessons/remoteBranchPull/index
2026-01-11T11:06:17.338Z - info: Rebuilding 1 pages
2026-01-11T11:06:17.440Z - info: Site data built
2026-01-11T11:06:17.440Z - info: Pages rebuilt
2026-01-11T11:06:17.440Z - info: Website regeneration complete! Total build time: 0.103s
2026-01-11T11:09:03.483Z - info: [19:09:03] Reload for file change: /Users/damithch/Repos/git-mastery/git-mastery.github.io/lessons/remoteBranchPull/text.md
2026-01-11T11:09:03.484Z - info: Synchronizing opened pages list before reload
2026-01-11T11:09:03.485Z - info: Current opened pages, from most-to-least recent:
2026-01-11T11:09:03.485Z - info: 1. lessons/remoteBranchPull/index
2026-01-11T11:09:04.494Z - info: Rebuilding 1 pages
2026-01-11T11:09:04.595Z - info: Site data built
2026-01-11T11:09:04.595Z - info: Pages rebuilt
2026-01-11T11:09:04.595Z - info: Website regeneration complete! Total build time: 0.105s
2026-01-11T11:12:40.203Z - info: [19:12:40] Reload for file change: /Users/damithch/Repos/git-mastery/git-mastery.github.io/lessons/remoteBranchPull/text.md
2026-01-11T11:12:40.205Z - info: Synchronizing opened pages list before reload
2026-01-11T11:12:40.206Z - info: Current opened pages, from most-to-least recent:
2026-01-11T11:12:40.206Z - info: 1. lessons/remoteBranchPull/index
2026-01-11T11:12:41.212Z - info: Rebuilding 1 pages
2026-01-11T11:12:41.314Z - info: Site data built
2026-01-11T11:12:41.314Z - info: Pages rebuilt
2026-01-11T11:12:41.314Z - info: Website regeneration complete! Total build time: 0.104s
2026-01-11T11:13:50.411Z - info: [19:13:50] Reload for file change: /Users/damithch/Repos/git-mastery/git-mastery.github.io/lessons/remoteBranchPull/text.md
2026-01-11T11:13:50.413Z - info: Synchronizing opened pages list before reload
2026-01-11T11:13:50.413Z - info: Current opened pages, from most-to-least recent:
2026-01-11T11:13:50.413Z - info: 1. lessons/remoteBranchPull/index
2026-01-11T11:13:51.419Z - info: Rebuilding 1 pages
2026-01-11T11:13:51.538Z - info: Site data built
2026-01-11T11:13:51.538Z - info: Pages rebuilt
2026-01-11T11:13:51.538Z - info: Website regeneration complete! Total build time: 0.121s
2026-01-11T11:15:11.495Z - info: [19:15:11] Reload for file change: /Users/damithch/Repos/git-mastery/git-mastery.github.io/lessons/remoteBranchPull/text.md
2026-01-11T11:15:11.506Z - info: Synchronizing opened pages list before reload
2026-01-11T11:15:11.515Z - info: Current opened pages, from most-to-least recent:
2026-01-11T11:15:11.518Z - info: 1. lessons/remoteBranchPull/index
2026-01-11T11:15:12.534Z - info: Rebuilding 1 pages
2026-01-11T11:15:12.648Z - info: Site data built
2026-01-11T11:15:12.648Z - info: Pages rebuilt
2026-01-11T11:15:12.648Z - info: Website regeneration complete! Total build time: 0.116s
2026-01-11T11:15:26.150Z - info: [19:15:26] Reload for file change: /Users/damithch/Repos/git-mastery/git-mastery.github.io/lessons/remoteBranchPull/text.md
2026-01-11T11:15:26.151Z - info: Synchronizing opened pages list before reload
2026-01-11T11:15:26.151Z - info: Current opened pages, from most-to-least recent:
2026-01-11T11:15:26.151Z - info: 1. lessons/remoteBranchPull/index
2026-01-11T11:15:27.155Z - info: Rebuilding 1 pages
2026-01-11T11:15:27.263Z - info: Site data built
2026-01-11T11:15:27.263Z - info: Pages rebuilt
2026-01-11T11:15:27.263Z - info: Website regeneration complete! Total build time: 0.109s
2026-01-11T11:16:14.748Z - info: [19:16:14] Reload for file change: /Users/damithch/Repos/git-mastery/git-mastery.github.io/lessons/remoteBranchPull/text.md
2026-01-11T11:16:14.749Z - info: Synchronizing opened pages list before reload
2026-01-11T11:16:14.749Z - info: Current opened pages, from most-to-least recent:
2026-01-11T11:16:14.749Z - info: 1. lessons/remoteBranchPull/index
2026-01-11T11:16:15.755Z - info: Rebuilding 1 pages
2026-01-11T11:16:15.853Z - info: Site data built
2026-01-11T11:16:15.853Z - info: Pages rebuilt
2026-01-11T11:16:15.853Z - info: Website regeneration complete! Total build time: 0.1s
2026-01-11T11:16:30.376Z - info: [19:16:30] Reload for file change: /Users/damithch/Repos/git-mastery/git-mastery.github.io/lessons/remoteBranchPull/text.md
2026-01-11T11:16:30.376Z - info: Synchronizing opened pages list before reload
2026-01-11T11:16:30.376Z - info: Current opened pages, from most-to-least recent:
2026-01-11T11:16:30.376Z - info: 1. lessons/remoteBranchPull/index
2026-01-11T11:16:31.379Z - info: Rebuilding 1 pages
2026-01-11T11:16:31.475Z - info: Site data built
2026-01-11T11:16:31.475Z - info: Pages rebuilt
2026-01-11T11:16:31.475Z - info: Website regeneration complete! Total build time: 0.097s
2026-01-11T11:18:08.126Z - info: [19:18:08] Reload for file change: /Users/damithch/Repos/git-mastery/git-mastery.github.io/lessons/remoteBranchPull/text.md
2026-01-11T11:18:08.128Z - info: Synchronizing opened pages list before reload
2026-01-11T11:18:08.130Z - info: Current opened pages, from most-to-least recent:
2026-01-11T11:18:08.130Z - info: 1. lessons/remoteBranchPull/index
2026-01-11T11:18:09.138Z - info: Rebuilding 1 pages
2026-01-11T11:18:09.239Z - info: Site data built
2026-01-11T11:18:09.239Z - info: Pages rebuilt
2026-01-11T11:18:09.239Z - info: Website regeneration complete! Total build time: 0.104s
2026-01-11T11:18:40.790Z - info: [19:18:40] Reload for file change: /Users/damithch/Repos/git-mastery/git-mastery.github.io/lessons/remoteBranchPull/text.md
2026-01-11T11:18:40.790Z - info: Synchronizing opened pages list before reload
2026-01-11T11:18:40.790Z - info: Current opened pages, from most-to-least recent:
2026-01-11T11:18:40.790Z - info: 1. lessons/remoteBranchPull/index
2026-01-11T11:18:41.794Z - info: Rebuilding 1 pages
2026-01-11T11:18:41.906Z - info: Site data built
2026-01-11T11:18:41.906Z - info: Pages rebuilt
2026-01-11T11:18:41.906Z - info: Website regeneration complete! Total build time: 0.115s
2026-01-11T11:19:34.766Z - info: [19:19:34] Reload for file change: /Users/damithch/Repos/git-mastery/git-mastery.github.io/lessons/remoteBranchPull/text.md
2026-01-11T11:19:34.766Z - info: Synchronizing opened pages list before reload
2026-01-11T11:19:34.766Z - info: Current opened pages, from most-to-least recent:
2026-01-11T11:19:34.766Z - info: 1. lessons/remoteBranchPull/index
2026-01-11T11:19:35.770Z - info: Rebuilding 1 pages
2026-01-11T11:19:35.873Z - info: Site data built
2026-01-11T11:19:35.874Z - info: Pages rebuilt
2026-01-11T11:19:35.874Z - info: Website regeneration complete! Total build time: 0.106s
2026-01-11T11:19:43.837Z - info: [19:19:43] Reload for file change: /Users/damithch/Repos/git-mastery/git-mastery.github.io/lessons/remoteBranchPull/text.md
2026-01-11T11:19:43.837Z - info: Synchronizing opened pages list before reload
2026-01-11T11:19:43.837Z - info: Current opened pages, from most-to-least recent:
2026-01-11T11:19:43.838Z - info: 1. lessons/remoteBranchPull/index
2026-01-11T11:19:44.845Z - info: Rebuilding 1 pages
2026-01-11T11:19:44.937Z - info: Site data built
2026-01-11T11:19:44.937Z - info: Pages rebuilt
2026-01-11T11:19:44.937Z - info: Website regeneration complete! Total build time: 0.097s
2026-01-11T11:19:53.497Z - info: [19:19:53] Reload for file change: /Users/damithch/Repos/git-mastery/git-mastery.github.io/lessons/remoteBranchPull/text.md
2026-01-11T11:19:53.498Z - info: Synchronizing opened pages list before reload
2026-01-11T11:19:53.498Z - info: Current opened pages, from most-to-least recent:
2026-01-11T11:19:53.498Z - info: 1. lessons/remoteBranchPull/index
2026-01-11T11:19:54.500Z - info: Rebuilding 1 pages
2026-01-11T11:19:54.589Z - info: Site data built
2026-01-11T11:19:54.589Z - info: Pages rebuilt
2026-01-11T11:19:54.589Z - info: Website regeneration complete! Total build time: 0.09s
2026-01-11T11:21:08.107Z - info: [19:21:08] Reload for file change: /Users/damithch/Repos/git-mastery/git-mastery.github.io/lessons/remoteBranchPull/text.md
2026-01-11T11:21:08.107Z - info: Synchronizing opened pages list before reload
2026-01-11T11:21:08.107Z - info: Current opened pages, from most-to-least recent:
2026-01-11T11:21:08.108Z - info: 1. lessons/remoteBranchPull/index
2026-01-11T11:21:09.117Z - info: Rebuilding 1 pages
2026-01-11T11:21:09.210Z - info: Site data built
2026-01-11T11:21:09.210Z - info: Pages rebuilt
2026-01-11T11:21:09.210Z - info: Website regeneration complete! Total build time: 0.098s
2026-01-11T11:22:11.758Z - info: [19:22:11] Reload for file change: /Users/damithch/Repos/git-mastery/git-mastery.github.io/lessons/remoteBranchPull/text.md
2026-01-11T11:22:11.759Z - info: Synchronizing opened pages list before reload
2026-01-11T11:22:11.759Z - info: Current opened pages, from most-to-least recent:
2026-01-11T11:22:11.759Z - info: 1. lessons/remoteBranchPull/index
2026-01-11T11:22:12.763Z - info: Rebuilding 1 pages
2026-01-11T11:22:12.853Z - info: Site data built
2026-01-11T11:22:12.853Z - info: Pages rebuilt
2026-01-11T11:22:12.853Z - info: Website regeneration complete! Total build time: 0.092s
2026-01-11T11:24:07.427Z - info: [19:24:07] Reload for file change: /Users/damithch/Repos/git-mastery/git-mastery.github.io/lessons/remoteBranchPull/text.md
2026-01-11T11:24:07.428Z - info: Synchronizing opened pages list before reload
2026-01-11T11:24:07.429Z - info: Current opened pages, from most-to-least recent:
2026-01-11T11:24:07.429Z - info: 1. lessons/remoteBranchPull/index
2026-01-11T11:24:08.437Z - info: Rebuilding 1 pages
2026-01-11T11:24:08.562Z - info: Site data built
2026-01-11T11:24:08.562Z - info: Pages rebuilt
2026-01-11T11:24:08.562Z - info: Website regeneration complete! Total build time: 0.13s
2026-01-11T11:24:56.167Z - info: [19:24:56] Reload for file change: /Users/damithch/Repos/git-mastery/git-mastery.github.io/lessons/remoteBranchPull/text.md
2026-01-11T11:24:56.168Z - info: Synchronizing opened pages list before reload
2026-01-11T11:24:56.168Z - info: Current opened pages, from most-to-least recent:
2026-01-11T11:24:56.168Z - info: 1. lessons/remoteBranchPull/index
2026-01-11T11:24:57.171Z - info: Rebuilding 1 pages
2026-01-11T11:24:57.273Z - info: Site data built
2026-01-11T11:24:57.273Z - info: Pages rebuilt
2026-01-11T11:24:57.273Z - info: Website regeneration complete! Total build time: 0.104s
2026-01-11T11:25:09.756Z - info: [19:25:09] Reload for file change: /Users/damithch/Repos/git-mastery/git-mastery.github.io/lessons/remoteBranchPull/text.md
2026-01-11T11:25:09.756Z - info: Synchronizing opened pages list before reload
2026-01-11T11:25:09.756Z - info: Current opened pages, from most-to-least recent:
2026-01-11T11:25:09.757Z - info: 1. lessons/remoteBranchPull/index
2026-01-11T11:25:10.760Z - info: Rebuilding 1 pages
2026-01-11T11:25:10.855Z - info: Site data built
2026-01-11T11:25:10.856Z - info: Pages rebuilt
2026-01-11T11:25:10.856Z - info: Website regeneration complete! Total build time: 0.097s
2026-01-11T11:26:58.174Z - info: Website generation started at 19:26:57
2026-01-11T11:26:58.265Z - info: Building assets...
