2026-02-22T05:07:10.870Z - info: Website generation started at 13:07:10
2026-02-22T05:07:11.021Z - info: Building assets...
2026-02-22T05:07:11.093Z - info: Assets built
2026-02-22T05:07:11.093Z - info: Generating pages...
2026-02-22T05:07:18.571Z - info: Pages built
2026-02-22T05:07:18.648Z - info: Site data built
2026-02-22T05:07:18.648Z - info: Website generation complete! Total build time: 7.871s
2026-02-22T05:07:18.658Z - info: Serving "/Users/damithch/Repos/git-mastery/git-mastery.github.io/_site" at http://127.0.0.1:8080
2026-02-22T05:07:18.658Z - info: Press CTRL+C to stop ...
2026-02-22T05:08:08.348Z - info: [13:08:08] Reload for file change: /Users/damithch/Repos/git-mastery/git-mastery.github.io/common/macros.njk
2026-02-22T05:08:09.427Z - info: Rebuilding 99 pages
2026-02-22T05:08:17.322Z - info: Site data built
2026-02-22T05:08:17.322Z - info: Pages rebuilt
2026-02-22T05:08:17.322Z - info: Website regeneration complete! Total build time: 7.896s
2026-02-22T05:09:50.770Z - info: [13:09:50] Reload for file change: /Users/damithch/Repos/git-mastery/git-mastery.github.io/common/macros.njk
2026-02-22T05:09:51.847Z - info: Rebuilding 99 pages
2026-02-22T05:09:59.793Z - info: Site data built
2026-02-22T05:09:59.793Z - info: Pages rebuilt
2026-02-22T05:09:59.793Z - info: Website regeneration complete! Total build time: 7.946s
2026-02-22T05:12:37.976Z - info: [13:12:37] Reload for file change: /Users/damithch/Repos/git-mastery/git-mastery.github.io/common/macros.njk
2026-02-22T05:12:39.051Z - info: Rebuilding 99 pages
2026-02-22T05:12:47.096Z - info: Site data built
2026-02-22T05:12:47.096Z - info: Pages rebuilt
2026-02-22T05:12:47.096Z - info: Website regeneration complete! Total build time: 8.045s
2026-02-22T05:13:03.952Z - info: Website generation started at 13:13:03
2026-02-22T05:13:04.041Z - info: Building assets...
