2025-12-07T05:45:14.722Z - info: Website generation (lazy) started at 13:45:14
2025-12-07T05:45:14.871Z - info: Building assets...
2025-12-07T05:45:15.142Z - info: Assets built
2025-12-07T05:45:15.143Z - info: Generating landing page...
2025-12-07T05:45:15.231Z - info: Landing page built, other pages will be built as you navigate to them!
2025-12-07T05:45:15.312Z - info: Site data built
2025-12-07T05:45:15.312Z - info: Website generation (lazy) complete! Total build time: 0.789s
2025-12-07T05:45:15.321Z - info: Serving "/Users/damithch/Repos/git-mastery/git-mastery.github.io/_site" at http://127.0.0.1:8080
2025-12-07T05:45:15.321Z - info: Press CTRL+C to stop ...
2025-12-07T05:45:19.541Z - info: Building /Users/damithch/Repos/git-mastery/git-mastery.github.io/lessons/index as some of its dependencies were changed since the last visit
2025-12-07T05:45:19.818Z - info: Site data built
2025-12-07T05:45:19.819Z - info: Lazy website regeneration complete! Total build time: 0.278s
2025-12-07T05:45:23.083Z - info: Building /Users/damithch/Repos/git-mastery/git-mastery.github.io/lessons/trail/recordingFolderHistory/index as some of its dependencies were changed since the last visit
2025-12-07T05:45:23.467Z - warn: You might have an invalid hash for intra-link! Ignore this warning if it was intended.'
  /lessons/commit#stagingFileDeletions' found in file '/Users/damithch/Repos/git-mastery/git-mastery.github.io/lessons/stage/text.md'
2025-12-07T05:45:23.468Z - warn: You might have an invalid hash for intra-link! Ignore this warning if it was intended.'
  /lessons/stage#unstagingChanges' found in file '/Users/damithch/Repos/git-mastery/git-mastery.github.io/lessons/commit/detour-stagingFileDeletions-fragment.md'
2025-12-07T05:45:23.468Z - warn: You might have an invalid hash for intra-link! Ignore this warning if it was intended.'
  /lessons/interactiveRebase#updateLastCommit' found in file '/Users/damithch/Repos/git-mastery/git-mastery.github.io/lessons/commit/text.md'
2025-12-07T05:45:23.468Z - warn: You might have an invalid hash for intra-link! Ignore this warning if it was intended.'
  /lessons/reset#resetUncommitedChanges' found in file '/Users/damithch/Repos/git-mastery/git-mastery.github.io/lessons/commit/text.md'
2025-12-07T05:45:23.468Z - warn: You might have an invalid hash for intra-link! Ignore this warning if it was intended.'
  /lessons/reset#undoRecentCommits' found in file '/Users/damithch/Repos/git-mastery/git-mastery.github.io/lessons/commit/text.md'
2025-12-07T05:45:23.468Z - info: Site data built
2025-12-07T05:45:23.468Z - info: Lazy website regeneration complete! Total build time: 0.385s
2025-12-07T07:49:28.389Z - info: [15:49:28] Reload for file change: /Users/damithch/Repos/git-mastery/git-mastery.github.io/lessons/commit/text.md
2025-12-07T07:49:28.409Z - info: Synchronizing opened pages list before reload
2025-12-07T07:49:28.411Z - info: Current opened pages, from most-to-least recent:
2025-12-07T07:49:28.412Z - info: 1. lessons/trail/recordingFolderHistory/index
2025-12-07T07:49:29.443Z - info: Rebuilding 1 pages
2025-12-07T07:49:29.807Z - warn: You might have an invalid hash for intra-link! Ignore this warning if it was intended.'
  /lessons/commit#stagingFileDeletions' found in file '/Users/damithch/Repos/git-mastery/git-mastery.github.io/lessons/stage/text.md'
2025-12-07T07:49:29.807Z - warn: You might have an invalid hash for intra-link! Ignore this warning if it was intended.'
  /lessons/stage#unstagingChanges' found in file '/Users/damithch/Repos/git-mastery/git-mastery.github.io/lessons/commit/detour-stagingFileDeletions-fragment.md'
2025-12-07T07:49:29.807Z - warn: You might have an invalid hash for intra-link! Ignore this warning if it was intended.'
  /lessons/interactiveRebase#updateLastCommit' found in file '/Users/damithch/Repos/git-mastery/git-mastery.github.io/lessons/commit/text.md'
2025-12-07T07:49:29.807Z - warn: You might have an invalid hash for intra-link! Ignore this warning if it was intended.'
  /lessons/reset#resetUncommitedChanges' found in file '/Users/damithch/Repos/git-mastery/git-mastery.github.io/lessons/commit/text.md'
2025-12-07T07:49:29.808Z - warn: You might have an invalid hash for intra-link! Ignore this warning if it was intended.'
  /lessons/reset#undoRecentCommits' found in file '/Users/damithch/Repos/git-mastery/git-mastery.github.io/lessons/commit/text.md'
2025-12-07T07:49:29.808Z - info: Site data built
2025-12-07T07:49:29.808Z - info: Pages rebuilt
2025-12-07T07:49:29.808Z - info: Website regeneration complete! Total build time: 0.386s
2025-12-07T07:51:56.288Z - info: [15:51:56] Reload for file change: /Users/damithch/Repos/git-mastery/git-mastery.github.io/lessons/commit/text.md
2025-12-07T07:51:56.290Z - info: Synchronizing opened pages list before reload
2025-12-07T07:51:56.291Z - info: Current opened pages, from most-to-least recent:
2025-12-07T07:51:56.291Z - info: 1. lessons/trail/recordingFolderHistory/index
2025-12-07T07:51:57.307Z - info: Rebuilding 1 pages
2025-12-07T07:51:57.665Z - warn: You might have an invalid hash for intra-link! Ignore this warning if it was intended.'
  /lessons/commit#stagingFileDeletions' found in file '/Users/damithch/Repos/git-mastery/git-mastery.github.io/lessons/stage/text.md'
2025-12-07T07:51:57.665Z - warn: You might have an invalid hash for intra-link! Ignore this warning if it was intended.'
  /lessons/stage#unstagingChanges' found in file '/Users/damithch/Repos/git-mastery/git-mastery.github.io/lessons/commit/detour-stagingFileDeletions-fragment.md'
2025-12-07T07:51:57.665Z - warn: You might have an invalid hash for intra-link! Ignore this warning if it was intended.'
  /lessons/interactiveRebase#updateLastCommit' found in file '/Users/damithch/Repos/git-mastery/git-mastery.github.io/lessons/commit/text.md'
2025-12-07T07:51:57.665Z - warn: You might have an invalid hash for intra-link! Ignore this warning if it was intended.'
  /lessons/reset#resetUncommitedChanges' found in file '/Users/damithch/Repos/git-mastery/git-mastery.github.io/lessons/commit/text.md'
2025-12-07T07:51:57.665Z - warn: You might have an invalid hash for intra-link! Ignore this warning if it was intended.'
  /lessons/reset#undoRecentCommits' found in file '/Users/damithch/Repos/git-mastery/git-mastery.github.io/lessons/commit/text.md'
2025-12-07T07:51:57.666Z - info: Site data built
2025-12-07T07:51:57.666Z - info: Pages rebuilt
2025-12-07T07:51:57.666Z - info: Website regeneration complete! Total build time: 0.361s
2025-12-07T08:02:24.321Z - info: [16:02:24] Reload for file change: /Users/damithch/Repos/git-mastery/git-mastery.github.io/lessons/commit/detour-stagingFileDeletions-fragment.md
2025-12-07T08:02:24.324Z - info: Synchronizing opened pages list before reload
2025-12-07T08:02:24.327Z - info: Current opened pages, from most-to-least recent:
2025-12-07T08:02:24.328Z - info: 1. lessons/trail/recordingFolderHistory/index
2025-12-07T08:02:25.335Z - info: Rebuilding 1 pages
2025-12-07T08:02:25.700Z - warn: You might have an invalid hash for intra-link! Ignore this warning if it was intended.'
  /lessons/commit#stagingFileDeletions' found in file '/Users/damithch/Repos/git-mastery/git-mastery.github.io/lessons/stage/text.md'
2025-12-07T08:02:25.700Z - warn: You might have an invalid hash for intra-link! Ignore this warning if it was intended.'
  /lessons/stage#unstagingChanges' found in file '/Users/damithch/Repos/git-mastery/git-mastery.github.io/lessons/commit/detour-stagingFileDeletions-fragment.md'
2025-12-07T08:02:25.700Z - warn: You might have an invalid hash for intra-link! Ignore this warning if it was intended.'
  /lessons/interactiveRebase#updateLastCommit' found in file '/Users/damithch/Repos/git-mastery/git-mastery.github.io/lessons/commit/text.md'
2025-12-07T08:02:25.700Z - warn: You might have an invalid hash for intra-link! Ignore this warning if it was intended.'
  /lessons/reset#resetUncommitedChanges' found in file '/Users/damithch/Repos/git-mastery/git-mastery.github.io/lessons/commit/text.md'
2025-12-07T08:02:25.700Z - warn: You might have an invalid hash for intra-link! Ignore this warning if it was intended.'
  /lessons/reset#undoRecentCommits' found in file '/Users/damithch/Repos/git-mastery/git-mastery.github.io/lessons/commit/text.md'
2025-12-07T08:02:25.701Z - info: Site data built
2025-12-07T08:02:25.701Z - info: Pages rebuilt
2025-12-07T08:02:25.701Z - info: Website regeneration complete! Total build time: 0.368s
2025-12-07T08:06:15.675Z - info: [16:06:15] Reload for file change: /Users/damithch/Repos/git-mastery/git-mastery.github.io/lessons/commit/detour-stagingFileDeletions-fragment.md
2025-12-07T08:06:15.679Z - info: Synchronizing opened pages list before reload
2025-12-07T08:06:15.680Z - info: Current opened pages, from most-to-least recent:
2025-12-07T08:06:15.681Z - info: 1. lessons/trail/recordingFolderHistory/index
2025-12-07T08:06:16.690Z - info: Rebuilding 1 pages
2025-12-07T08:06:17.042Z - warn: You might have an invalid hash for intra-link! Ignore this warning if it was intended.'
  /lessons/commit#stagingFileDeletions' found in file '/Users/damithch/Repos/git-mastery/git-mastery.github.io/lessons/stage/text.md'
2025-12-07T08:06:17.042Z - warn: You might have an invalid hash for intra-link! Ignore this warning if it was intended.'
  /lessons/stage#unstagingChanges' found in file '/Users/damithch/Repos/git-mastery/git-mastery.github.io/lessons/commit/detour-stagingFileDeletions-fragment.md'
2025-12-07T08:06:17.042Z - warn: You might have an invalid hash for intra-link! Ignore this warning if it was intended.'
  /lessons/interactiveRebase#updateLastCommit' found in file '/Users/damithch/Repos/git-mastery/git-mastery.github.io/lessons/commit/text.md'
2025-12-07T08:06:17.042Z - warn: You might have an invalid hash for intra-link! Ignore this warning if it was intended.'
  /lessons/reset#resetUncommitedChanges' found in file '/Users/damithch/Repos/git-mastery/git-mastery.github.io/lessons/commit/text.md'
2025-12-07T08:06:17.042Z - warn: You might have an invalid hash for intra-link! Ignore this warning if it was intended.'
  /lessons/reset#undoRecentCommits' found in file '/Users/damithch/Repos/git-mastery/git-mastery.github.io/lessons/commit/text.md'
2025-12-07T08:06:17.043Z - info: Site data built
2025-12-07T08:06:17.043Z - info: Pages rebuilt
2025-12-07T08:06:17.043Z - info: Website regeneration complete! Total build time: 0.355s
2025-12-07T08:06:55.145Z - info: [16:06:55] Reload for file change: /Users/damithch/Repos/git-mastery/git-mastery.github.io/lessons/commit/detour-stagingFileDeletions-fragment.md
2025-12-07T08:06:55.150Z - info: Synchronizing opened pages list before reload
2025-12-07T08:06:55.151Z - info: Current opened pages, from most-to-least recent:
2025-12-07T08:06:55.151Z - info: 1. lessons/trail/recordingFolderHistory/index
2025-12-07T08:06:56.159Z - info: Rebuilding 1 pages
2025-12-07T08:06:56.519Z - warn: You might have an invalid hash for intra-link! Ignore this warning if it was intended.'
  /lessons/commit#stagingFileDeletions' found in file '/Users/damithch/Repos/git-mastery/git-mastery.github.io/lessons/stage/text.md'
2025-12-07T08:06:56.519Z - warn: You might have an invalid hash for intra-link! Ignore this warning if it was intended.'
  /lessons/stage#unstagingChanges' found in file '/Users/damithch/Repos/git-mastery/git-mastery.github.io/lessons/commit/detour-stagingFileDeletions-fragment.md'
2025-12-07T08:06:56.519Z - warn: You might have an invalid hash for intra-link! Ignore this warning if it was intended.'
  /lessons/interactiveRebase#updateLastCommit' found in file '/Users/damithch/Repos/git-mastery/git-mastery.github.io/lessons/commit/text.md'
2025-12-07T08:06:56.519Z - warn: You might have an invalid hash for intra-link! Ignore this warning if it was intended.'
  /lessons/reset#resetUncommitedChanges' found in file '/Users/damithch/Repos/git-mastery/git-mastery.github.io/lessons/commit/text.md'
2025-12-07T08:06:56.519Z - warn: You might have an invalid hash for intra-link! Ignore this warning if it was intended.'
  /lessons/reset#undoRecentCommits' found in file '/Users/damithch/Repos/git-mastery/git-mastery.github.io/lessons/commit/text.md'
2025-12-07T08:06:56.520Z - info: Site data built
2025-12-07T08:06:56.520Z - info: Pages rebuilt
2025-12-07T08:06:56.520Z - info: Website regeneration complete! Total build time: 0.363s
2025-12-07T08:13:59.880Z - info: [16:13:59] Reload for file change: /Users/damithch/Repos/git-mastery/git-mastery.github.io/lessons/stage/detour-unstagingChanges-fragment.md
2025-12-07T08:13:59.888Z - info: Synchronizing opened pages list before reload
2025-12-07T08:13:59.906Z - info: Current opened pages, from most-to-least recent:
2025-12-07T08:13:59.924Z - info: 1. lessons/trail/recordingFolderHistory/index
2025-12-07T08:14:00.938Z - info: Rebuilding 1 pages
2025-12-07T08:14:01.303Z - warn: You might have an invalid hash for intra-link! Ignore this warning if it was intended.'
  /lessons/commit#stagingFileDeletions' found in file '/Users/damithch/Repos/git-mastery/git-mastery.github.io/lessons/stage/text.md'
2025-12-07T08:14:01.304Z - warn: You might have an invalid hash for intra-link! Ignore this warning if it was intended.'
  /lessons/stage#unstagingChanges' found in file '/Users/damithch/Repos/git-mastery/git-mastery.github.io/lessons/commit/detour-stagingFileDeletions-fragment.md'
2025-12-07T08:14:01.304Z - warn: You might have an invalid hash for intra-link! Ignore this warning if it was intended.'
  /lessons/interactiveRebase#updateLastCommit' found in file '/Users/damithch/Repos/git-mastery/git-mastery.github.io/lessons/commit/text.md'
2025-12-07T08:14:01.304Z - warn: You might have an invalid hash for intra-link! Ignore this warning if it was intended.'
  /lessons/reset#resetUncommitedChanges' found in file '/Users/damithch/Repos/git-mastery/git-mastery.github.io/lessons/commit/text.md'
2025-12-07T08:14:01.304Z - warn: You might have an invalid hash for intra-link! Ignore this warning if it was intended.'
  /lessons/reset#undoRecentCommits' found in file '/Users/damithch/Repos/git-mastery/git-mastery.github.io/lessons/commit/text.md'
2025-12-07T08:14:01.305Z - info: Site data built
2025-12-07T08:14:01.305Z - info: Pages rebuilt
2025-12-07T08:14:01.305Z - info: Website regeneration complete! Total build time: 0.37s
2025-12-07T08:41:48.746Z - info: [16:41:48] Reload for file change: /Users/damithch/Repos/git-mastery/git-mastery.github.io/lessons/log/text.md
2025-12-07T08:41:48.750Z - info: Synchronizing opened pages list before reload
2025-12-07T08:41:48.753Z - info: Current opened pages, from most-to-least recent:
2025-12-07T08:41:48.757Z - info: 1. lessons/trail/recordingFolderHistory/index
2025-12-07T08:41:49.767Z - info: Rebuilding 1 pages
2025-12-07T08:41:50.132Z - warn: You might have an invalid hash for intra-link! Ignore this warning if it was intended.'
  /lessons/commit#stagingFileDeletions' found in file '/Users/damithch/Repos/git-mastery/git-mastery.github.io/lessons/stage/text.md'
2025-12-07T08:41:50.132Z - warn: You might have an invalid hash for intra-link! Ignore this warning if it was intended.'
  /lessons/stage#unstagingChanges' found in file '/Users/damithch/Repos/git-mastery/git-mastery.github.io/lessons/commit/detour-stagingFileDeletions-fragment.md'
2025-12-07T08:41:50.133Z - warn: You might have an invalid hash for intra-link! Ignore this warning if it was intended.'
  /lessons/interactiveRebase#updateLastCommit' found in file '/Users/damithch/Repos/git-mastery/git-mastery.github.io/lessons/commit/text.md'
2025-12-07T08:41:50.133Z - warn: You might have an invalid hash for intra-link! Ignore this warning if it was intended.'
  /lessons/reset#resetUncommitedChanges' found in file '/Users/damithch/Repos/git-mastery/git-mastery.github.io/lessons/commit/text.md'
2025-12-07T08:41:50.133Z - warn: You might have an invalid hash for intra-link! Ignore this warning if it was intended.'
  /lessons/reset#undoRecentCommits' found in file '/Users/damithch/Repos/git-mastery/git-mastery.github.io/lessons/commit/text.md'
2025-12-07T08:41:50.133Z - info: Site data built
2025-12-07T08:41:50.133Z - info: Pages rebuilt
2025-12-07T08:41:50.133Z - info: Website regeneration complete! Total build time: 0.368s
2025-12-07T08:42:31.996Z - info: [16:42:31] Reload for file change: /Users/damithch/Repos/git-mastery/git-mastery.github.io/lessons/log/text.md
2025-12-07T08:42:31.999Z - info: Synchronizing opened pages list before reload
2025-12-07T08:42:31.999Z - info: Current opened pages, from most-to-least recent:
2025-12-07T08:42:31.999Z - info: 1. lessons/trail/recordingFolderHistory/index
2025-12-07T08:42:33.003Z - info: Rebuilding 1 pages
2025-12-07T08:42:33.350Z - warn: You might have an invalid hash for intra-link! Ignore this warning if it was intended.'
  /lessons/commit#stagingFileDeletions' found in file '/Users/damithch/Repos/git-mastery/git-mastery.github.io/lessons/stage/text.md'
2025-12-07T08:42:33.350Z - warn: You might have an invalid hash for intra-link! Ignore this warning if it was intended.'
  /lessons/stage#unstagingChanges' found in file '/Users/damithch/Repos/git-mastery/git-mastery.github.io/lessons/commit/detour-stagingFileDeletions-fragment.md'
2025-12-07T08:42:33.351Z - warn: You might have an invalid hash for intra-link! Ignore this warning if it was intended.'
  /lessons/interactiveRebase#updateLastCommit' found in file '/Users/damithch/Repos/git-mastery/git-mastery.github.io/lessons/commit/text.md'
2025-12-07T08:42:33.351Z - warn: You might have an invalid hash for intra-link! Ignore this warning if it was intended.'
  /lessons/reset#resetUncommitedChanges' found in file '/Users/damithch/Repos/git-mastery/git-mastery.github.io/lessons/commit/text.md'
2025-12-07T08:42:33.351Z - warn: You might have an invalid hash for intra-link! Ignore this warning if it was intended.'
  /lessons/reset#undoRecentCommits' found in file '/Users/damithch/Repos/git-mastery/git-mastery.github.io/lessons/commit/text.md'
2025-12-07T08:42:33.351Z - info: Site data built
2025-12-07T08:42:33.351Z - info: Pages rebuilt
2025-12-07T08:42:33.351Z - info: Website regeneration complete! Total build time: 0.35s
2025-12-07T09:04:20.537Z - info: Building /Users/damithch/Repos/git-mastery/git-mastery.github.io/lessons/commit/index as some of its dependencies were changed since the last visit
2025-12-07T09:04:20.667Z - warn: You might have an invalid hash for intra-link! Ignore this warning if it was intended.'
  /lessons/stage#unstagingChanges' found in file '/Users/damithch/Repos/git-mastery/git-mastery.github.io/lessons/commit/detour-stagingFileDeletions-fragment.md'
2025-12-07T09:04:20.667Z - warn: You might have an invalid hash for intra-link! Ignore this warning if it was intended.'
  /lessons/interactiveRebase#updateLastCommit' found in file '/Users/damithch/Repos/git-mastery/git-mastery.github.io/lessons/commit/text.md'
2025-12-07T09:04:20.667Z - warn: You might have an invalid hash for intra-link! Ignore this warning if it was intended.'
  /lessons/reset#resetUncommitedChanges' found in file '/Users/damithch/Repos/git-mastery/git-mastery.github.io/lessons/commit/text.md'
2025-12-07T09:04:20.667Z - warn: You might have an invalid hash for intra-link! Ignore this warning if it was intended.'
  /lessons/reset#undoRecentCommits' found in file '/Users/damithch/Repos/git-mastery/git-mastery.github.io/lessons/commit/text.md'
2025-12-07T09:04:20.669Z - info: Site data built
2025-12-07T09:04:20.669Z - info: Lazy website regeneration complete! Total build time: 0.132s
2025-12-07T09:28:26.643Z - info: [17:28:26] Reload for file change: /Users/damithch/Repos/git-mastery/git-mastery.github.io/lessons/githubPrep/text.md
2025-12-07T09:28:26.649Z - info: Synchronizing opened pages list before reload
2025-12-07T09:28:26.651Z - info: Current opened pages, from most-to-least recent:
2025-12-07T09:28:26.651Z - info: 1. lessons/trail/recordingFolderHistory/index
2025-12-07T09:28:27.685Z - info: No pages needed to be rebuilt
2025-12-07T09:28:31.221Z - info: Building /Users/damithch/Repos/git-mastery/git-mastery.github.io/lessons/githubPrep/index as some of its dependencies were changed since the last visit
2025-12-07T09:28:31.317Z - info: Site data built
2025-12-07T09:28:31.317Z - info: Lazy website regeneration complete! Total build time: 0.096s
2025-12-07T09:29:28.940Z - info: [17:29:28] Reload for file change: /Users/damithch/Repos/git-mastery/git-mastery.github.io/lessons/githubPrep/text.md
2025-12-07T09:29:28.943Z - info: Synchronizing opened pages list before reload
2025-12-07T09:29:28.944Z - info: Current opened pages, from most-to-least recent:
2025-12-07T09:29:28.944Z - info: 1. lessons/githubPrep/index
2025-12-07T09:29:29.952Z - info: Rebuilding 1 pages
2025-12-07T09:29:30.034Z - info: Site data built
2025-12-07T09:29:30.034Z - info: Pages rebuilt
2025-12-07T09:29:30.034Z - info: Website regeneration complete! Total build time: 0.084s
2025-12-07T09:55:38.824Z - info: [17:55:38] Reload for file change: /Users/damithch/Repos/git-mastery/git-mastery.github.io/lessons/githubPrep/text.md
2025-12-07T09:55:38.828Z - info: Synchronizing opened pages list before reload
2025-12-07T09:55:38.829Z - info: Current opened pages, from most-to-least recent:
2025-12-07T09:55:38.830Z - info: 1. lessons/githubPrep/index
2025-12-07T09:55:39.857Z - info: Rebuilding 1 pages
2025-12-07T09:55:39.941Z - info: Site data built
2025-12-07T09:55:39.942Z - info: Pages rebuilt
2025-12-07T09:55:39.942Z - info: Website regeneration complete! Total build time: 0.106s
2025-12-07T09:56:03.248Z - info: Building /Users/damithch/Repos/git-mastery/git-mastery.github.io/lessons/createRemoteRepo/index as some of its dependencies were changed since the last visit
2025-12-07T09:56:03.325Z - info: Site data built
2025-12-07T09:56:03.325Z - info: Lazy website regeneration complete! Total build time: 0.079s
2025-12-07T09:56:25.833Z - info: Building /Users/damithch/Repos/git-mastery/git-mastery.github.io/lessons/setRemote/index as some of its dependencies were changed since the last visit
2025-12-07T09:56:25.930Z - info: Site data built
2025-12-07T09:56:25.930Z - info: Lazy website regeneration complete! Total build time: 0.097s
2025-12-07T09:58:56.916Z - info: Building /Users/damithch/Repos/git-mastery/git-mastery.github.io/lessons/push/index as some of its dependencies were changed since the last visit
2025-12-07T09:58:57.038Z - info: Site data built
2025-12-07T09:58:57.038Z - info: Lazy website regeneration complete! Total build time: 0.123s
2025-12-07T10:03:59.936Z - info: [18:03:59] Reload for file change: /Users/damithch/Repos/git-mastery/git-mastery.github.io/lessons/push/text.md
2025-12-07T10:03:59.938Z - info: Synchronizing opened pages list before reload
2025-12-07T10:03:59.942Z - info: Current opened pages, from most-to-least recent:
2025-12-07T10:03:59.943Z - info: 1. lessons/push/index
2025-12-07T10:04:00.952Z - info: Rebuilding 1 pages
2025-12-07T10:04:01.110Z - info: Site data built
2025-12-07T10:04:01.110Z - info: Pages rebuilt
2025-12-07T10:04:01.110Z - info: Website regeneration complete! Total build time: 0.16s
2025-12-07T10:04:42.027Z - info: [18:04:42] Reload for file change: /Users/damithch/Repos/git-mastery/git-mastery.github.io/lessons/push/text.md
2025-12-07T10:04:42.028Z - info: Synchronizing opened pages list before reload
2025-12-07T10:04:42.028Z - info: Current opened pages, from most-to-least recent:
2025-12-07T10:04:42.028Z - info: 1. lessons/push/index
2025-12-07T10:04:43.037Z - info: Rebuilding 1 pages
2025-12-07T10:04:43.172Z - info: Site data built
2025-12-07T10:04:43.172Z - info: Pages rebuilt
2025-12-07T10:04:43.172Z - info: Website regeneration complete! Total build time: 0.138s
2025-12-07T10:06:46.631Z - info: Building /Users/damithch/Repos/git-mastery/git-mastery.github.io/lessons/ignore/index as some of its dependencies were changed since the last visit
2025-12-07T10:06:46.759Z - info: Site data built
2025-12-07T10:06:46.759Z - info: Lazy website regeneration complete! Total build time: 0.129s
2025-12-07T10:11:05.010Z - info: Building /Users/damithch/Repos/git-mastery/git-mastery.github.io/lessons/trail/backingUpOnCloud/index as some of its dependencies were changed since the last visit
2025-12-07T10:11:05.259Z - info: Site data built
2025-12-07T10:11:05.259Z - info: Lazy website regeneration complete! Total build time: 0.25s
2025-12-07T10:17:30.323Z - info: Building /Users/damithch/Repos/git-mastery/git-mastery.github.io/lessons/fork/index as some of its dependencies were changed since the last visit
2025-12-07T10:17:30.419Z - info: Site data built
2025-12-07T10:17:30.419Z - info: Lazy website regeneration complete! Total build time: 0.097s
2025-12-07T10:17:41.707Z - info: Building /Users/damithch/Repos/git-mastery/git-mastery.github.io/lessons/clone/index as some of its dependencies were changed since the last visit
2025-12-07T10:17:41.789Z - info: Site data built
2025-12-07T10:17:41.790Z - info: Lazy website regeneration complete! Total build time: 0.083s
2025-12-07T10:17:49.886Z - info: Building /Users/damithch/Repos/git-mastery/git-mastery.github.io/lessons/pull/index as some of its dependencies were changed since the last visit
2025-12-07T10:17:50.000Z - info: Site data built
2025-12-07T10:17:50.000Z - info: Lazy website regeneration complete! Total build time: 0.115s
2025-12-07T10:18:31.323Z - info: Building /Users/damithch/Repos/git-mastery/git-mastery.github.io/lessons/diff/index as some of its dependencies were changed since the last visit
2025-12-07T10:18:31.426Z - info: Site data built
2025-12-07T10:18:31.426Z - info: Lazy website regeneration complete! Total build time: 0.104s
2025-12-07T10:20:43.658Z - info: Building /Users/damithch/Repos/git-mastery/git-mastery.github.io/lessons/trail/workingWithRemotes/index as some of its dependencies were changed since the last visit
2025-12-07T10:20:43.839Z - info: Site data built
2025-12-07T10:20:43.839Z - info: Lazy website regeneration complete! Total build time: 0.182s
2025-12-07T10:21:50.293Z - info: Building /Users/damithch/Repos/git-mastery/git-mastery.github.io/lessons/remoteRepos/index as some of its dependencies were changed since the last visit
2025-12-07T10:21:50.376Z - info: Site data built
2025-12-07T10:21:50.376Z - info: Lazy website regeneration complete! Total build time: 0.083s
2025-12-07T10:38:16.059Z - info: [18:38:16] Reload for file change: /Users/damithch/Repos/git-mastery/git-mastery.github.io/lessons/createRemoteRepo/text.md
2025-12-07T10:38:16.061Z - info: Synchronizing opened pages list before reload
2025-12-07T10:38:16.062Z - info: Current opened pages, from most-to-least recent:
2025-12-07T10:38:16.062Z - info: 1. lessons/trail/backingUpOnCloud/index
2025-12-07T10:38:17.067Z - info: Rebuilding 1 pages
2025-12-07T10:38:17.321Z - info: Site data built
2025-12-07T10:38:17.322Z - info: Pages rebuilt
2025-12-07T10:38:17.322Z - info: Website regeneration complete! Total build time: 0.257s
2025-12-07T10:42:19.638Z - info: [18:42:19] Reload for file add: /Users/damithch/Repos/git-mastery/git-mastery.github.io/lessons/createRemoteRepo/images/fillNewRepoInfo.pdf
2025-12-07T10:42:19.638Z - info: Synchronizing opened pages list before reload
2025-12-07T10:42:19.639Z - info: Current opened pages, from most-to-least recent:
2025-12-07T10:42:19.639Z - info: 1. lessons/trail/backingUpOnCloud/index
2025-12-07T10:42:20.698Z - info: Assets built
2025-12-07T10:44:00.334Z - info: [18:44:00] Reload for file deletion: /Users/damithch/Repos/git-mastery/git-mastery.github.io/lessons/createRemoteRepo/images/fillNewRepoInfo.pdf
2025-12-07T10:44:00.335Z - info: Synchronizing opened pages list before reload
2025-12-07T10:44:00.335Z - info: Current opened pages, from most-to-least recent:
2025-12-07T10:44:00.335Z - info: 1. lessons/trail/backingUpOnCloud/index
2025-12-07T10:44:01.377Z - debug: Assets removed
2025-12-07T10:44:58.389Z - info: [18:44:58] Reload for file change: /Users/damithch/Repos/git-mastery/git-mastery.github.io/lessons/createRemoteRepo/text.md
2025-12-07T10:44:58.391Z - info: Synchronizing opened pages list before reload
2025-12-07T10:44:58.392Z - info: Current opened pages, from most-to-least recent:
2025-12-07T10:44:58.393Z - info: 1. lessons/trail/backingUpOnCloud/index
2025-12-07T10:44:59.398Z - info: Rebuilding 1 pages
2025-12-07T10:44:59.669Z - info: Site data built
2025-12-07T10:44:59.670Z - info: Pages rebuilt
2025-12-07T10:44:59.670Z - info: Website regeneration complete! Total build time: 0.274s
2025-12-07T10:48:18.809Z - info: [18:48:18] Reload for file change: /Users/damithch/Repos/git-mastery/git-mastery.github.io/lessons/setRemote/text.md
2025-12-07T10:48:18.816Z - info: Synchronizing opened pages list before reload
2025-12-07T10:48:18.817Z - info: Current opened pages, from most-to-least recent:
2025-12-07T10:48:18.817Z - info: 1. lessons/trail/backingUpOnCloud/index
2025-12-07T10:48:19.822Z - info: Rebuilding 1 pages
2025-12-07T10:48:20.090Z - info: Site data built
2025-12-07T10:48:20.090Z - info: Pages rebuilt
2025-12-07T10:48:20.090Z - info: Website regeneration complete! Total build time: 0.27s
2025-12-07T10:49:58.128Z - info: [18:49:58] Reload for file change: /Users/damithch/Repos/git-mastery/git-mastery.github.io/lessons/setRemote/text.md
2025-12-07T10:49:58.137Z - info: Synchronizing opened pages list before reload
2025-12-07T10:49:58.139Z - info: Current opened pages, from most-to-least recent:
2025-12-07T10:49:58.139Z - info: 1. lessons/trail/backingUpOnCloud/index
2025-12-07T10:49:59.162Z - info: Rebuilding 1 pages
2025-12-07T10:49:59.429Z - info: Site data built
2025-12-07T10:49:59.429Z - info: Pages rebuilt
2025-12-07T10:49:59.429Z - info: Website regeneration complete! Total build time: 0.269s
2025-12-07T10:50:43.099Z - info: [18:50:43] Reload for file change: /Users/damithch/Repos/git-mastery/git-mastery.github.io/lessons/setRemote/text.md
2025-12-07T10:50:43.101Z - info: Synchronizing opened pages list before reload
2025-12-07T10:50:43.102Z - info: Current opened pages, from most-to-least recent:
2025-12-07T10:50:43.102Z - info: 1. lessons/trail/backingUpOnCloud/index
2025-12-07T10:50:44.104Z - info: Rebuilding 1 pages
2025-12-07T10:50:44.363Z - info: Site data built
2025-12-07T10:50:44.363Z - info: Pages rebuilt
2025-12-07T10:50:44.363Z - info: Website regeneration complete! Total build time: 0.26s
2025-12-07T10:53:14.845Z - info: [18:53:14] Reload for file change: /Users/damithch/Repos/git-mastery/git-mastery.github.io/lessons/setRemote/text.md
2025-12-07T10:53:14.846Z - info: Synchronizing opened pages list before reload
2025-12-07T10:53:14.846Z - info: Current opened pages, from most-to-least recent:
2025-12-07T10:53:14.846Z - info: 1. lessons/trail/backingUpOnCloud/index
2025-12-07T10:53:15.853Z - info: Rebuilding 1 pages
2025-12-07T10:53:16.139Z - info: Site data built
2025-12-07T10:53:16.139Z - info: Pages rebuilt
2025-12-07T10:53:16.139Z - info: Website regeneration complete! Total build time: 0.288s
2025-12-07T10:57:35.578Z - info: [18:57:35] Reload for file change: /Users/damithch/Repos/git-mastery/git-mastery.github.io/lessons/setRemote/text.md
2025-12-07T10:57:35.582Z - info: Synchronizing opened pages list before reload
2025-12-07T10:57:35.583Z - info: Current opened pages, from most-to-least recent:
2025-12-07T10:57:35.584Z - info: 1. lessons/trail/backingUpOnCloud/index
2025-12-07T10:57:36.593Z - info: Rebuilding 1 pages
2025-12-07T10:57:36.839Z - info: Site data built
2025-12-07T10:57:36.839Z - info: Pages rebuilt
2025-12-07T10:57:36.839Z - info: Website regeneration complete! Total build time: 0.249s
2025-12-07T10:59:32.925Z - info: [18:59:32] Reload for file change: /Users/damithch/Repos/git-mastery/git-mastery.github.io/lessons/setRemote/text.md
2025-12-07T10:59:32.926Z - info: Synchronizing opened pages list before reload
2025-12-07T10:59:32.926Z - info: Current opened pages, from most-to-least recent:
2025-12-07T10:59:32.926Z - info: 1. lessons/trail/backingUpOnCloud/index
2025-12-07T10:59:33.931Z - info: Rebuilding 1 pages
2025-12-07T10:59:34.201Z - info: Site data built
2025-12-07T10:59:34.201Z - info: Pages rebuilt
2025-12-07T10:59:34.201Z - info: Website regeneration complete! Total build time: 0.273s
2025-12-07T10:59:59.625Z - info: [18:59:59] Reload for file change: /Users/damithch/Repos/git-mastery/git-mastery.github.io/lessons/setRemote/text.md
2025-12-07T10:59:59.637Z - info: Synchronizing opened pages list before reload
2025-12-07T10:59:59.661Z - info: Current opened pages, from most-to-least recent:
2025-12-07T10:59:59.662Z - info: 1. lessons/trail/backingUpOnCloud/index
2025-12-07T11:00:00.674Z - info: Rebuilding 1 pages
2025-12-07T11:00:00.942Z - info: Site data built
2025-12-07T11:00:00.942Z - info: Pages rebuilt
2025-12-07T11:00:00.942Z - info: Website regeneration complete! Total build time: 0.27s
2025-12-07T11:00:08.084Z - info: [19:00:08] Reload for file change: /Users/damithch/Repos/git-mastery/git-mastery.github.io/lessons/setRemote/text.md
2025-12-07T11:00:08.084Z - info: Synchronizing opened pages list before reload
2025-12-07T11:00:08.084Z - info: Current opened pages, from most-to-least recent:
2025-12-07T11:00:08.084Z - info: 1. lessons/trail/backingUpOnCloud/index
2025-12-07T11:00:09.086Z - info: Rebuilding 1 pages
2025-12-07T11:00:09.336Z - info: Site data built
2025-12-07T11:00:09.336Z - info: Pages rebuilt
2025-12-07T11:00:09.336Z - info: Website regeneration complete! Total build time: 0.251s
2025-12-07T11:00:33.123Z - info: [19:00:33] Reload for file change: /Users/damithch/Repos/git-mastery/git-mastery.github.io/lessons/setRemote/text.md
2025-12-07T11:00:33.124Z - info: Synchronizing opened pages list before reload
2025-12-07T11:00:33.124Z - info: Current opened pages, from most-to-least recent:
2025-12-07T11:00:33.125Z - info: 1. lessons/trail/backingUpOnCloud/index
2025-12-07T11:00:34.128Z - info: Rebuilding 1 pages
2025-12-07T11:00:34.393Z - info: Site data built
2025-12-07T11:00:34.393Z - info: Pages rebuilt
2025-12-07T11:00:34.393Z - info: Website regeneration complete! Total build time: 0.267s
2025-12-07T11:02:52.208Z - info: [19:02:52] Reload for file change: /Users/damithch/Repos/git-mastery/git-mastery.github.io/lessons/setRemote/text.md
2025-12-07T11:02:52.216Z - info: Synchronizing opened pages list before reload
2025-12-07T11:02:52.218Z - info: Current opened pages, from most-to-least recent:
2025-12-07T11:02:52.219Z - info: 1. lessons/trail/backingUpOnCloud/index
2025-12-07T11:02:53.228Z - info: Rebuilding 1 pages
2025-12-07T11:02:53.497Z - info: Site data built
2025-12-07T11:02:53.497Z - info: Pages rebuilt
2025-12-07T11:02:53.497Z - info: Website regeneration complete! Total build time: 0.27s
2025-12-07T11:05:30.564Z - info: [19:05:30] Reload for file change: /Users/damithch/Repos/git-mastery/git-mastery.github.io/lessons/setRemote/text.md
2025-12-07T11:05:30.570Z - info: Synchronizing opened pages list before reload
2025-12-07T11:05:30.571Z - info: Current opened pages, from most-to-least recent:
2025-12-07T11:05:30.571Z - info: 1. lessons/trail/backingUpOnCloud/index
2025-12-07T11:05:31.578Z - info: Rebuilding 1 pages
2025-12-07T11:05:31.662Z - error:  Template render error: (/Users/damithch/Repos/git-mastery/git-mastery.github.io/lessons/setRemote/text.md)
  Template render error: (/Users/damithch/Repos/git-mastery/git-mastery.github.io/lessons/setRemote/text.md)
  Template render error: (/Users/damithch/Repos/git-mastery/git-mastery.github.io/lessons/setRemote/text.md)
  Error: cannot import 'hop_preparation'
    at Object._prettifyError (/opt/homebrew/lib/node_modules/markbind-cli/node_modules/nunjucks/src/lib.js:32:11)
    at /opt/homebrew/lib/node_modules/markbind-cli/node_modules/@markbind/core/src/patches/nunjucks/context-overrides-frame.js:383:17
    at Template.root [as rootRenderFunc] (eval at _compile (/opt/homebrew/lib/node_modules/markbind-cli/node_modules/nunjucks/src/environment.js:527:18), <anonymous>:277:3)
    at Template.render (/opt/homebrew/lib/node_modules/markbind-cli/node_modules/@markbind/core/src/patches/nunjucks/context-overrides-frame.js:372:8)
    at /opt/homebrew/lib/node_modules/markbind-cli/node_modules/@markbind/core/src/patches/nunjucks/context-overrides-frame.js:54:25
    at createTemplate (/opt/homebrew/lib/node_modules/markbind-cli/node_modules/@markbind/core/src/patches/nunjucks/load-event.js:121:7)
    at handle (/opt/homebrew/lib/node_modules/markbind-cli/node_modules/@markbind/core/src/patches/nunjucks/load-event.js:133:9)
    at /opt/homebrew/lib/node_modules/markbind-cli/node_modules/@markbind/core/src/patches/nunjucks/load-event.js:145:7
    at next (/opt/homebrew/lib/node_modules/markbind-cli/node_modules/nunjucks/src/lib.js:258:7)
    at Object.asyncIter (/opt/homebrew/lib/node_modules/markbind-cli/node_modules/nunjucks/src/lib.js:263:3)
    at Environment.getTemplate (/opt/homebrew/lib/node_modules/markbind-cli/node_modules/@markbind/core/src/patches/nunjucks/load-event.js:127:7)
    at Environment.render (/opt/homebrew/lib/node_modules/markbind-cli/node_modules/@markbind/core/src/patches/nunjucks/context-overrides-frame.js:48:8)
    at VariableRenderer.renderFile (/opt/homebrew/lib/node_modules/markbind-cli/node_modules/@markbind/core/src/variables/VariableRenderer.js:73:24)
    at VariableProcessor.renderWithSiteVariables (/opt/homebrew/lib/node_modules/markbind-cli/node_modules/@markbind/core/src/variables/VariableProcessor.js:154:57)
    at VariableProcessor.renderIncludeFile (/opt/homebrew/lib/node_modules/markbind-cli/node_modules/@markbind/core/src/variables/VariableProcessor.js:231:38)
    at processInclude (/opt/homebrew/lib/node_modules/markbind-cli/node_modules/@markbind/core/src/html/includePanelProcessor.js:198:68)
2025-12-07T11:05:31.685Z - error:  Template render error: (/Users/damithch/Repos/git-mastery/git-mastery.github.io/lessons/setRemote/text.md)
  Template render error: (/Users/damithch/Repos/git-mastery/git-mastery.github.io/lessons/setRemote/text.md)
  Template render error: (/Users/damithch/Repos/git-mastery/git-mastery.github.io/lessons/setRemote/text.md)
  Error: cannot import 'hop_preparation'
    at Object._prettifyError (/opt/homebrew/lib/node_modules/markbind-cli/node_modules/nunjucks/src/lib.js:32:11)
    at /opt/homebrew/lib/node_modules/markbind-cli/node_modules/@markbind/core/src/patches/nunjucks/context-overrides-frame.js:383:17
    at Template.root [as rootRenderFunc] (eval at _compile (/opt/homebrew/lib/node_modules/markbind-cli/node_modules/nunjucks/src/environment.js:527:18), <anonymous>:277:3)
    at Template.render (/opt/homebrew/lib/node_modules/markbind-cli/node_modules/@markbind/core/src/patches/nunjucks/context-overrides-frame.js:372:8)
    at /opt/homebrew/lib/node_modules/markbind-cli/node_modules/@markbind/core/src/patches/nunjucks/context-overrides-frame.js:54:25
    at Environment.getTemplate (/opt/homebrew/lib/node_modules/markbind-cli/node_modules/@markbind/core/src/patches/nunjucks/load-event.js:85:7)
    at Environment.render (/opt/homebrew/lib/node_modules/markbind-cli/node_modules/@markbind/core/src/patches/nunjucks/context-overrides-frame.js:48:8)
    at VariableRenderer.renderFile (/opt/homebrew/lib/node_modules/markbind-cli/node_modules/@markbind/core/src/variables/VariableRenderer.js:73:24)
    at VariableProcessor.renderWithSiteVariables (/opt/homebrew/lib/node_modules/markbind-cli/node_modules/@markbind/core/src/variables/VariableProcessor.js:154:57)
    at VariableProcessor.renderIncludeFile (/opt/homebrew/lib/node_modules/markbind-cli/node_modules/@markbind/core/src/variables/VariableProcessor.js:231:38)
    at processInclude (/opt/homebrew/lib/node_modules/markbind-cli/node_modules/@markbind/core/src/html/includePanelProcessor.js:198:68)
    at NodeProcessor.processNode (/opt/homebrew/lib/node_modules/markbind-cli/node_modules/@markbind/core/src/html/NodeProcessor.js:173:71)
    at NodeProcessor.traverse (/opt/homebrew/lib/node_modules/markbind-cli/node_modules/@markbind/core/src/html/NodeProcessor.js:345:24)
    at /opt/homebrew/lib/node_modules/markbind-cli/node_modules/@markbind/core/src/html/NodeProcessor.js:349:22
    at Array.forEach (<anonymous>)
    at NodeProcessor.traverse (/opt/homebrew/lib/node_modules/markbind-cli/node_modules/@markbind/core/src/html/NodeProcessor.js:348:27)
2025-12-07T11:05:31.686Z - error:  Template render error: (/Users/damithch/Repos/git-mastery/git-mastery.github.io/lessons/setRemote/text.md)
  Template render error: (/Users/damithch/Repos/git-mastery/git-mastery.github.io/lessons/setRemote/text.md)
  Template render error: (/Users/damithch/Repos/git-mastery/git-mastery.github.io/lessons/setRemote/text.md)
  Error: cannot import 'hop_preparation'
    at Object._prettifyError (/opt/homebrew/lib/node_modules/markbind-cli/node_modules/nunjucks/src/lib.js:32:11)
    at /opt/homebrew/lib/node_modules/markbind-cli/node_modules/@markbind/core/src/patches/nunjucks/context-overrides-frame.js:383:17
    at Template.root [as rootRenderFunc] (eval at _compile (/opt/homebrew/lib/node_modules/markbind-cli/node_modules/nunjucks/src/environment.js:527:18), <anonymous>:277:3)
    at Template.render (/opt/homebrew/lib/node_modules/markbind-cli/node_modules/@markbind/core/src/patches/nunjucks/context-overrides-frame.js:372:8)
    at /opt/homebrew/lib/node_modules/markbind-cli/node_modules/@markbind/core/src/patches/nunjucks/context-overrides-frame.js:54:25
    at Environment.getTemplate (/opt/homebrew/lib/node_modules/markbind-cli/node_modules/@markbind/core/src/patches/nunjucks/load-event.js:85:7)
    at Environment.render (/opt/homebrew/lib/node_modules/markbind-cli/node_modules/@markbind/core/src/patches/nunjucks/context-overrides-frame.js:48:8)
    at VariableRenderer.renderFile (/opt/homebrew/lib/node_modules/markbind-cli/node_modules/@markbind/core/src/variables/VariableRenderer.js:73:24)
    at VariableProcessor.renderWithSiteVariables (/opt/homebrew/lib/node_modules/markbind-cli/node_modules/@markbind/core/src/variables/VariableProcessor.js:154:57)
    at VariableProcessor.renderIncludeFile (/opt/homebrew/lib/node_modules/markbind-cli/node_modules/@markbind/core/src/variables/VariableProcessor.js:231:38)
    at processInclude (/opt/homebrew/lib/node_modules/markbind-cli/node_modules/@markbind/core/src/html/includePanelProcessor.js:198:68)
    at NodeProcessor.processNode (/opt/homebrew/lib/node_modules/markbind-cli/node_modules/@markbind/core/src/html/NodeProcessor.js:173:71)
    at NodeProcessor.traverse (/opt/homebrew/lib/node_modules/markbind-cli/node_modules/@markbind/core/src/html/NodeProcessor.js:345:24)
    at /opt/homebrew/lib/node_modules/markbind-cli/node_modules/@markbind/core/src/html/NodeProcessor.js:349:22
    at Array.forEach (<anonymous>)
    at NodeProcessor.traverse (/opt/homebrew/lib/node_modules/markbind-cli/node_modules/@markbind/core/src/html/NodeProcessor.js:348:27)
2025-12-07T11:05:31.702Z - error:  Template render error: (/Users/damithch/Repos/git-mastery/git-mastery.github.io/lessons/setRemote/text.md)
  Template render error: (/Users/damithch/Repos/git-mastery/git-mastery.github.io/lessons/setRemote/text.md)
  Template render error: (/Users/damithch/Repos/git-mastery/git-mastery.github.io/lessons/setRemote/text.md)
  Error: cannot import 'hop_preparation'
    at Object._prettifyError (/opt/homebrew/lib/node_modules/markbind-cli/node_modules/nunjucks/src/lib.js:32:11)
    at /opt/homebrew/lib/node_modules/markbind-cli/node_modules/@markbind/core/src/patches/nunjucks/context-overrides-frame.js:383:17
    at Template.root [as rootRenderFunc] (eval at _compile (/opt/homebrew/lib/node_modules/markbind-cli/node_modules/nunjucks/src/environment.js:527:18), <anonymous>:277:3)
    at Template.render (/opt/homebrew/lib/node_modules/markbind-cli/node_modules/@markbind/core/src/patches/nunjucks/context-overrides-frame.js:372:8)
    at /opt/homebrew/lib/node_modules/markbind-cli/node_modules/@markbind/core/src/patches/nunjucks/context-overrides-frame.js:54:25
    at Environment.getTemplate (/opt/homebrew/lib/node_modules/markbind-cli/node_modules/@markbind/core/src/patches/nunjucks/load-event.js:85:7)
    at Environment.render (/opt/homebrew/lib/node_modules/markbind-cli/node_modules/@markbind/core/src/patches/nunjucks/context-overrides-frame.js:48:8)
    at VariableRenderer.renderFile (/opt/homebrew/lib/node_modules/markbind-cli/node_modules/@markbind/core/src/variables/VariableRenderer.js:73:24)
    at VariableProcessor.renderWithSiteVariables (/opt/homebrew/lib/node_modules/markbind-cli/node_modules/@markbind/core/src/variables/VariableProcessor.js:154:57)
    at VariableProcessor.renderIncludeFile (/opt/homebrew/lib/node_modules/markbind-cli/node_modules/@markbind/core/src/variables/VariableProcessor.js:231:38)
    at processInclude (/opt/homebrew/lib/node_modules/markbind-cli/node_modules/@markbind/core/src/html/includePanelProcessor.js:198:68)
    at NodeProcessor.processNode (/opt/homebrew/lib/node_modules/markbind-cli/node_modules/@markbind/core/src/html/NodeProcessor.js:173:71)
    at NodeProcessor.traverse (/opt/homebrew/lib/node_modules/markbind-cli/node_modules/@markbind/core/src/html/NodeProcessor.js:345:24)
    at /opt/homebrew/lib/node_modules/markbind-cli/node_modules/@markbind/core/src/html/NodeProcessor.js:349:22
    at Array.forEach (<anonymous>)
    at NodeProcessor.traverse (/opt/homebrew/lib/node_modules/markbind-cli/node_modules/@markbind/core/src/html/NodeProcessor.js:348:27)
2025-12-07T11:05:31.822Z - info: Site data built
2025-12-07T11:05:31.822Z - info: Pages rebuilt
2025-12-07T11:05:31.822Z - info: Website regeneration complete! Total build time: 0.246s
2025-12-07T11:06:30.340Z - info: [19:06:30] Reload for file change: /Users/damithch/Repos/git-mastery/git-mastery.github.io/lessons/setRemote/text.md
2025-12-07T11:06:30.341Z - info: Synchronizing opened pages list before reload
2025-12-07T11:06:30.342Z - info: Current opened pages, from most-to-least recent:
2025-12-07T11:06:30.342Z - info: 1. lessons/trail/backingUpOnCloud/index
2025-12-07T11:06:31.347Z - info: Rebuilding 1 pages
2025-12-07T11:06:31.633Z - info: Site data built
2025-12-07T11:06:31.633Z - info: Pages rebuilt
2025-12-07T11:06:31.633Z - info: Website regeneration complete! Total build time: 0.289s
2025-12-07T11:07:29.155Z - info: [19:07:29] Reload for file change: /Users/damithch/Repos/git-mastery/git-mastery.github.io/lessons/setRemote/text.md
2025-12-07T11:07:29.158Z - info: Synchronizing opened pages list before reload
2025-12-07T11:07:29.160Z - info: Current opened pages, from most-to-least recent:
2025-12-07T11:07:29.165Z - info: 1. lessons/trail/backingUpOnCloud/index
2025-12-07T11:07:30.195Z - info: Rebuilding 1 pages
2025-12-07T11:07:30.478Z - info: Site data built
2025-12-07T11:07:30.479Z - info: Pages rebuilt
2025-12-07T11:07:30.479Z - info: Website regeneration complete! Total build time: 0.286s
2025-12-07T11:08:00.848Z - info: [19:08:00] Reload for file change: /Users/damithch/Repos/git-mastery/git-mastery.github.io/lessons/setRemote/text.md
2025-12-07T11:08:00.863Z - info: Synchronizing opened pages list before reload
2025-12-07T11:08:00.866Z - info: Current opened pages, from most-to-least recent:
2025-12-07T11:08:00.866Z - info: 1. lessons/trail/backingUpOnCloud/index
2025-12-07T11:08:01.872Z - info: Rebuilding 1 pages
2025-12-07T11:08:02.151Z - info: Site data built
2025-12-07T11:08:02.151Z - info: Pages rebuilt
2025-12-07T11:08:02.151Z - info: Website regeneration complete! Total build time: 0.282s
2025-12-07T12:58:13.780Z - info: [20:58:13] Reload for file change: /Users/damithch/Repos/git-mastery/git-mastery.github.io/lessons/push/text.md
2025-12-07T12:58:13.787Z - info: Synchronizing opened pages list before reload
2025-12-07T12:58:13.790Z - info: Current opened pages, from most-to-least recent:
2025-12-07T12:58:13.791Z - info: 1. lessons/trail/backingUpOnCloud/index
2025-12-07T12:58:14.827Z - info: Rebuilding 1 pages
2025-12-07T12:58:15.109Z - info: Site data built
2025-12-07T12:58:15.109Z - info: Pages rebuilt
2025-12-07T12:58:15.109Z - info: Website regeneration complete! Total build time: 0.307s
2025-12-07T12:59:41.167Z - info: [20:59:41] Reload for file change: /Users/damithch/Repos/git-mastery/git-mastery.github.io/lessons/push/text.md
2025-12-07T12:59:41.169Z - info: Synchronizing opened pages list before reload
2025-12-07T12:59:41.169Z - info: Current opened pages, from most-to-least recent:
2025-12-07T12:59:41.170Z - info: 1. lessons/trail/backingUpOnCloud/index
2025-12-07T12:59:42.175Z - info: Rebuilding 1 pages
2025-12-07T12:59:42.460Z - info: Site data built
2025-12-07T12:59:42.460Z - info: Pages rebuilt
2025-12-07T12:59:42.460Z - info: Website regeneration complete! Total build time: 0.288s
2025-12-07T13:10:43.800Z - info: [21:10:43] Reload for file change: /Users/damithch/Repos/git-mastery/git-mastery.github.io/lessons/push/cli-after-pushing-to-empty-remote-fragment.md
2025-12-07T13:10:43.802Z - info: Synchronizing opened pages list before reload
2025-12-07T13:10:43.803Z - info: Current opened pages, from most-to-least recent:
2025-12-07T13:10:43.803Z - info: 1. lessons/trail/backingUpOnCloud/index
2025-12-07T13:10:44.807Z - info: Rebuilding 1 pages
2025-12-07T13:10:45.065Z - info: Site data built
2025-12-07T13:10:45.065Z - info: Pages rebuilt
2025-12-07T13:10:45.065Z - info: Website regeneration complete! Total build time: 0.26s
2025-12-07T13:12:16.039Z - info: [21:12:16] Reload for file change: /Users/damithch/Repos/git-mastery/git-mastery.github.io/lessons/push/text.md
2025-12-07T13:12:16.040Z - info: Synchronizing opened pages list before reload
2025-12-07T13:12:16.041Z - info: Current opened pages, from most-to-least recent:
2025-12-07T13:12:16.041Z - info: 1. lessons/trail/backingUpOnCloud/index
2025-12-07T13:12:17.047Z - info: Rebuilding 1 pages
2025-12-07T13:12:17.322Z - info: Site data built
2025-12-07T13:12:17.322Z - info: Pages rebuilt
2025-12-07T13:12:17.322Z - info: Website regeneration complete! Total build time: 0.278s
2025-12-07T13:12:32.433Z - info: [21:12:32] Reload for file change: /Users/damithch/Repos/git-mastery/git-mastery.github.io/lessons/push/text.md
2025-12-07T13:12:32.434Z - info: Synchronizing opened pages list before reload
2025-12-07T13:12:32.434Z - info: Current opened pages, from most-to-least recent:
2025-12-07T13:12:32.434Z - info: 1. lessons/trail/backingUpOnCloud/index
2025-12-07T13:12:33.436Z - info: Rebuilding 1 pages
2025-12-07T13:12:33.698Z - info: Site data built
2025-12-07T13:12:33.698Z - info: Pages rebuilt
2025-12-07T13:12:33.698Z - info: Website regeneration complete! Total build time: 0.263s
2025-12-07T13:17:20.123Z - info: Building /Users/damithch/Repos/git-mastery/git-mastery.github.io/lessons/push/index as some of its dependencies were changed since the last visit
2025-12-07T13:17:20.334Z - info: Site data built
2025-12-07T13:17:20.334Z - info: Lazy website regeneration complete! Total build time: 0.212s
2025-12-07T13:19:05.489Z - info: [21:19:05] Reload for file change: /Users/damithch/Repos/git-mastery/git-mastery.github.io/lessons/setRemote/text.md
2025-12-07T13:19:05.530Z - info: Synchronizing opened pages list before reload
2025-12-07T13:19:05.543Z - info: Current opened pages, from most-to-least recent:
2025-12-07T13:19:05.544Z - info: 1. lessons/push/index
2025-12-07T13:19:06.639Z - info: Rebuilding 1 pages
2025-12-07T13:19:06.754Z - info: Site data built
2025-12-07T13:19:06.754Z - info: Pages rebuilt
2025-12-07T13:19:06.754Z - info: Website regeneration complete! Total build time: 0.116s
2025-12-07T13:19:54.461Z - info: [21:19:54] Reload for file change: /Users/damithch/Repos/git-mastery/git-mastery.github.io/lessons/push/text.md
2025-12-07T13:19:54.463Z - info: Synchronizing opened pages list before reload
2025-12-07T13:19:54.464Z - info: Current opened pages, from most-to-least recent:
2025-12-07T13:19:54.464Z - info: 1. lessons/push/index
2025-12-07T13:19:55.472Z - info: Rebuilding 1 pages
2025-12-07T13:19:55.621Z - info: Site data built
2025-12-07T13:19:55.621Z - info: Pages rebuilt
2025-12-07T13:19:55.621Z - info: Website regeneration complete! Total build time: 0.151s
2025-12-07T13:20:23.348Z - info: [21:20:23] Reload for file change: /Users/damithch/Repos/git-mastery/git-mastery.github.io/lessons/push/text.md
2025-12-07T13:20:23.349Z - info: Synchronizing opened pages list before reload
2025-12-07T13:20:23.349Z - info: Current opened pages, from most-to-least recent:
2025-12-07T13:20:23.349Z - info: 1. lessons/push/index
2025-12-07T13:20:24.353Z - info: Rebuilding 1 pages
2025-12-07T13:20:24.476Z - info: Site data built
2025-12-07T13:20:24.477Z - info: Pages rebuilt
2025-12-07T13:20:24.477Z - info: Website regeneration complete! Total build time: 0.125s
2025-12-07T13:22:12.334Z - info: [21:22:12] Reload for file change: /Users/damithch/Repos/git-mastery/git-mastery.github.io/lessons/push/text.md
2025-12-07T13:22:12.336Z - info: Synchronizing opened pages list before reload
2025-12-07T13:22:12.336Z - info: Current opened pages, from most-to-least recent:
2025-12-07T13:22:12.337Z - info: 1. lessons/push/index
2025-12-07T13:22:13.346Z - info: Rebuilding 1 pages
2025-12-07T13:22:13.492Z - info: Site data built
2025-12-07T13:22:13.492Z - info: Pages rebuilt
2025-12-07T13:22:13.492Z - info: Website regeneration complete! Total build time: 0.148s
2025-12-07T13:23:10.471Z - info: [21:23:10] Reload for file change: /Users/damithch/Repos/git-mastery/git-mastery.github.io/lessons/push/text.md
2025-12-07T13:23:10.473Z - info: Synchronizing opened pages list before reload
2025-12-07T13:23:10.474Z - info: Current opened pages, from most-to-least recent:
2025-12-07T13:23:10.474Z - info: 1. lessons/push/index
2025-12-07T13:23:10.475Z - info: [21:23:10] Reload for file change: /Users/damithch/Repos/git-mastery/git-mastery.github.io/lessons/push/cli-subsequent-push-fragment.md
2025-12-07T13:23:10.475Z - info: Synchronizing opened pages list before reload
2025-12-07T13:23:10.475Z - info: Current opened pages, from most-to-least recent:
2025-12-07T13:23:10.475Z - info: 1. lessons/push/index
2025-12-07T13:23:11.482Z - info: Rebuilding 1 pages
2025-12-07T13:23:11.608Z - info: Site data built
2025-12-07T13:23:11.608Z - info: Pages rebuilt
2025-12-07T13:23:11.609Z - info: Website regeneration complete! Total build time: 0.128s
2025-12-07T13:26:30.825Z - info: Website generation (lazy) started at 21:26:30
2025-12-07T13:26:30.941Z - info: Building assets...
2025-12-07T13:26:31.234Z - info: Assets built
2025-12-07T13:26:31.235Z - info: Generating landing page...
2025-12-07T13:26:31.311Z - info: Landing page built, other pages will be built as you navigate to them!
2025-12-07T13:26:31.390Z - info: Site data built
2025-12-07T13:26:31.390Z - info: Website generation (lazy) complete! Total build time: 0.785s
2025-12-07T13:26:31.400Z - info: Serving "/Users/damithch/Repos/git-mastery/git-mastery.github.io/_site" at http://127.0.0.1:8080
2025-12-07T13:26:31.400Z - info: Press CTRL+C to stop ...
2025-12-07T13:26:35.794Z - info: Building /Users/damithch/Repos/git-mastery/git-mastery.github.io/lessons/push/index as some of its dependencies were changed since the last visit
2025-12-07T13:26:35.962Z - info: Site data built
2025-12-07T13:26:35.962Z - info: Lazy website regeneration complete! Total build time: 0.169s
2025-12-07T13:29:50.226Z - info: Website generation started at 21:29:50
2025-12-07T13:29:50.310Z - info: Building assets...
