2026-01-29T13:08:05.110Z - info: Website generation started at 21:08:04
2026-01-29T13:08:05.356Z - info: Building assets...
2026-01-29T13:08:05.671Z - info: Assets built
2026-01-29T13:08:05.671Z - info: Generating pages...
2026-01-29T13:08:13.442Z - warn: You might have an invalid intra-link! Ignore this warning if it was intended.
'/companion-app/index.html?cv-focus=app-commands' found in file '/Users/damithch/Repos/git-mastery/git-mastery.github.io/lessons/init/exercise-under-control.md'
2026-01-29T13:08:13.442Z - warn: You might have an invalid intra-link! Ignore this warning if it was intended.
'/companion-app/index.html?cv-highlight=updating-app' found in file '/Users/damithch/Repos/git-mastery/git-mastery.github.io/lessons/init/exercise-under-control.md'
2026-01-29T13:08:13.443Z - warn: You might have an invalid intra-link! Ignore this warning if it was intended.
'/companion-app/index.html?cv-focus=app-commands' found in file '/Users/damithch/Repos/git-mastery/git-mastery.github.io/lessons/checkout/exercise-sensors-checkout.md'
2026-01-29T13:08:13.443Z - warn: You might have an invalid intra-link! Ignore this warning if it was intended.
'/companion-app/index.html?cv-highlight=updating-app' found in file '/Users/damithch/Repos/git-mastery/git-mastery.github.io/lessons/checkout/exercise-sensors-checkout.md'
2026-01-29T13:08:13.443Z - warn: You might have an invalid intra-link! Ignore this warning if it was intended.
'/companion-app/index.html?cv-focus=app-commands' found in file '/Users/damithch/Repos/git-mastery/git-mastery.github.io/lessons/reset/exercise-sensors-reset.md'
2026-01-29T13:08:13.443Z - warn: You might have an invalid intra-link! Ignore this warning if it was intended.
'/companion-app/index.html?cv-highlight=updating-app' found in file '/Users/damithch/Repos/git-mastery/git-mastery.github.io/lessons/reset/exercise-sensors-reset.md'
2026-01-29T13:08:13.443Z - warn: You might have an invalid intra-link! Ignore this warning if it was intended.
'/companion-app/index.html?cv-focus=app-commands' found in file '/Users/damithch/Repos/git-mastery/git-mastery.github.io/lessons/revert/exercise-sensors-revert.md'
2026-01-29T13:08:13.443Z - warn: You might have an invalid intra-link! Ignore this warning if it was intended.
'/companion-app/index.html?cv-highlight=updating-app' found in file '/Users/damithch/Repos/git-mastery/git-mastery.github.io/lessons/revert/exercise-sensors-revert.md'
2026-01-29T13:08:13.443Z - warn: You might have an invalid intra-link! Ignore this warning if it was intended.
'/companion-app/index.html?cv-focus=app-commands' found in file '/Users/damithch/Repos/git-mastery/git-mastery.github.io/lessons/init/text.md'
2026-01-29T13:08:13.443Z - warn: You might have an invalid intra-link! Ignore this warning if it was intended.
'/companion-app/index.html?cv-highlight=updating-app' found in file '/Users/damithch/Repos/git-mastery/git-mastery.github.io/lessons/init/text.md'
2026-01-29T13:08:13.443Z - warn: You might have an invalid intra-link! Ignore this warning if it was intended.
'/companion-app/index.html?cv-focus=app-commands' found in file '/Users/damithch/Repos/git-mastery/git-mastery.github.io/lessons/init/detour-undoRepoInit-fragment.md'
2026-01-29T13:08:13.444Z - warn: You might have an invalid intra-link! Ignore this warning if it was intended.
'/companion-app/index.html?cv-highlight=updating-app' found in file '/Users/damithch/Repos/git-mastery/git-mastery.github.io/lessons/init/detour-undoRepoInit-fragment.md'
2026-01-29T13:08:13.444Z - warn: You might have an invalid intra-link! Ignore this warning if it was intended.
'/companion-app/index.html?cv-focus=app-commands' found in file '/Users/damithch/Repos/git-mastery/git-mastery.github.io/lessons/stage/text.md'
2026-01-29T13:08:13.444Z - warn: You might have an invalid intra-link! Ignore this warning if it was intended.
'/companion-app/index.html?cv-highlight=updating-app' found in file '/Users/damithch/Repos/git-mastery/git-mastery.github.io/lessons/stage/text.md'
2026-01-29T13:08:13.444Z - warn: You might have an invalid hash for intra-link! Ignore this warning if it was intended.'
  /lessons/commit#stagingFileDeletions' found in file '/Users/damithch/Repos/git-mastery/git-mastery.github.io/lessons/stage/text.md'
2026-01-29T13:08:13.444Z - warn: You might have an invalid intra-link! Ignore this warning if it was intended.
'/companion-app/index.html?cv-focus=app-commands' found in file '/Users/damithch/Repos/git-mastery/git-mastery.github.io/lessons/stage/detour-unstagingChanges-fragment.md'
2026-01-29T13:08:13.444Z - warn: You might have an invalid intra-link! Ignore this warning if it was intended.
'/companion-app/index.html?cv-highlight=updating-app' found in file '/Users/damithch/Repos/git-mastery/git-mastery.github.io/lessons/stage/detour-unstagingChanges-fragment.md'
2026-01-29T13:08:13.444Z - warn: You might have an invalid intra-link! Ignore this warning if it was intended.
'/companion-app/index.html?cv-focus=app-commands' found in file '/Users/damithch/Repos/git-mastery/git-mastery.github.io/lessons/commit/text.md'
2026-01-29T13:08:13.444Z - warn: You might have an invalid intra-link! Ignore this warning if it was intended.
'/companion-app/index.html?cv-highlight=updating-app' found in file '/Users/damithch/Repos/git-mastery/git-mastery.github.io/lessons/commit/text.md'
2026-01-29T13:08:13.444Z - warn: You might have an invalid hash for intra-link! Ignore this warning if it was intended.'
  /lessons/interactiveRebase#updateLastCommit' found in file '/Users/damithch/Repos/git-mastery/git-mastery.github.io/lessons/commit/text.md'
2026-01-29T13:08:13.444Z - warn: You might have an invalid hash for intra-link! Ignore this warning if it was intended.'
  /lessons/reset#resetUncommitedChanges' found in file '/Users/damithch/Repos/git-mastery/git-mastery.github.io/lessons/commit/text.md'
2026-01-29T13:08:13.444Z - warn: You might have an invalid hash for intra-link! Ignore this warning if it was intended.'
  /lessons/reset#undoRecentCommits' found in file '/Users/damithch/Repos/git-mastery/git-mastery.github.io/lessons/commit/text.md'
2026-01-29T13:08:13.444Z - warn: You might have an invalid hash for intra-link! Ignore this warning if it was intended.'
  /lessons/stage#unstagingChanges' found in file '/Users/damithch/Repos/git-mastery/git-mastery.github.io/lessons/commit/steps-stage-deletion-fragment.md'
2026-01-29T13:08:13.444Z - warn: You might have an invalid intra-link! Ignore this warning if it was intended.
'/companion-app/index.html?cv-focus=app-commands' found in file '/Users/damithch/Repos/git-mastery/git-mastery.github.io/lessons/log/text.md'
2026-01-29T13:08:13.444Z - warn: You might have an invalid intra-link! Ignore this warning if it was intended.
'/companion-app/index.html?cv-highlight=updating-app' found in file '/Users/damithch/Repos/git-mastery/git-mastery.github.io/lessons/log/text.md'
2026-01-29T13:08:13.445Z - warn: You might have an invalid intra-link! Ignore this warning if it was intended.
'/companion-app/index.html?cv-focus=app-commands' found in file '/Users/damithch/Repos/git-mastery/git-mastery.github.io/lessons/createRemoteRepo/text.md'
2026-01-29T13:08:13.445Z - warn: You might have an invalid intra-link! Ignore this warning if it was intended.
'/companion-app/index.html?cv-highlight=updating-app' found in file '/Users/damithch/Repos/git-mastery/git-mastery.github.io/lessons/createRemoteRepo/text.md'
2026-01-29T13:08:13.445Z - warn: You might have an invalid intra-link! Ignore this warning if it was intended.
'/companion-app/index.html?cv-focus=app-commands' found in file '/Users/damithch/Repos/git-mastery/git-mastery.github.io/lessons/setRemote/text.md'
2026-01-29T13:08:13.445Z - warn: You might have an invalid intra-link! Ignore this warning if it was intended.
'/companion-app/index.html?cv-highlight=updating-app' found in file '/Users/damithch/Repos/git-mastery/git-mastery.github.io/lessons/setRemote/text.md'
2026-01-29T13:08:13.445Z - warn: You might have an invalid intra-link! Ignore this warning if it was intended.
'/companion-app/index.html?cv-focus=app-commands' found in file '/Users/damithch/Repos/git-mastery/git-mastery.github.io/lessons/push/text.md'
2026-01-29T13:08:13.445Z - warn: You might have an invalid intra-link! Ignore this warning if it was intended.
'/companion-app/index.html?cv-highlight=updating-app' found in file '/Users/damithch/Repos/git-mastery/git-mastery.github.io/lessons/push/text.md'
2026-01-29T13:08:13.445Z - warn: You might have an invalid intra-link! Ignore this warning if it was intended.
'/companion-app/index.html?cv-focus=app-commands' found in file '/Users/damithch/Repos/git-mastery/git-mastery.github.io/lessons/ignore/text.md'
2026-01-29T13:08:13.445Z - warn: You might have an invalid intra-link! Ignore this warning if it was intended.
'/companion-app/index.html?cv-highlight=updating-app' found in file '/Users/damithch/Repos/git-mastery/git-mastery.github.io/lessons/ignore/text.md'
2026-01-29T13:08:13.445Z - warn: You might have an invalid intra-link! Ignore this warning if it was intended.
'/companion-app/index.html?cv-focus=app-commands' found in file '/Users/damithch/Repos/git-mastery/git-mastery.github.io/lessons/fork/text.md'
2026-01-29T13:08:13.445Z - warn: You might have an invalid intra-link! Ignore this warning if it was intended.
'/companion-app/index.html?cv-highlight=updating-app' found in file '/Users/damithch/Repos/git-mastery/git-mastery.github.io/lessons/fork/text.md'
2026-01-29T13:08:13.445Z - warn: You might have an invalid intra-link! Ignore this warning if it was intended.
'/companion-app/index.html?cv-focus=app-commands' found in file '/Users/damithch/Repos/git-mastery/git-mastery.github.io/lessons/clone/text.md'
2026-01-29T13:08:13.445Z - warn: You might have an invalid intra-link! Ignore this warning if it was intended.
'/companion-app/index.html?cv-highlight=updating-app' found in file '/Users/damithch/Repos/git-mastery/git-mastery.github.io/lessons/clone/text.md'
2026-01-29T13:08:13.445Z - warn: You might have an invalid intra-link! Ignore this warning if it was intended.
'/companion-app/index.html?cv-focus=app-commands' found in file '/Users/damithch/Repos/git-mastery/git-mastery.github.io/lessons/pull/text.md'
2026-01-29T13:08:13.445Z - warn: You might have an invalid intra-link! Ignore this warning if it was intended.
'/companion-app/index.html?cv-highlight=updating-app' found in file '/Users/damithch/Repos/git-mastery/git-mastery.github.io/lessons/pull/text.md'
2026-01-29T13:08:13.445Z - warn: You might have an invalid intra-link! Ignore this warning if it was intended.
'/companion-app/index.html?cv-focus=app-commands' found in file '/Users/damithch/Repos/git-mastery/git-mastery.github.io/lessons/show/text.md'
2026-01-29T13:08:13.445Z - warn: You might have an invalid intra-link! Ignore this warning if it was intended.
'/companion-app/index.html?cv-highlight=updating-app' found in file '/Users/damithch/Repos/git-mastery/git-mastery.github.io/lessons/show/text.md'
2026-01-29T13:08:13.446Z - warn: You might have an invalid intra-link! Ignore this warning if it was intended.
'/companion-app/index.html?cv-focus=app-commands' found in file '/Users/damithch/Repos/git-mastery/git-mastery.github.io/lessons/tag/text.md'
2026-01-29T13:08:13.446Z - warn: You might have an invalid intra-link! Ignore this warning if it was intended.
'/companion-app/index.html?cv-highlight=updating-app' found in file '/Users/damithch/Repos/git-mastery/git-mastery.github.io/lessons/tag/text.md'
2026-01-29T13:08:13.446Z - warn: You might have an invalid intra-link! Ignore this warning if it was intended.
'/companion-app/index.html?cv-focus=app-commands' found in file '/Users/damithch/Repos/git-mastery/git-mastery.github.io/lessons/diff/text.md'
2026-01-29T13:08:13.446Z - warn: You might have an invalid intra-link! Ignore this warning if it was intended.
'/companion-app/index.html?cv-highlight=updating-app' found in file '/Users/damithch/Repos/git-mastery/git-mastery.github.io/lessons/diff/text.md'
2026-01-29T13:08:13.446Z - warn: You might have an invalid intra-link! Ignore this warning if it was intended.
'/companion-app/index.html?cv-focus=app-commands' found in file '/Users/damithch/Repos/git-mastery/git-mastery.github.io/lessons/checkout/text.md'
2026-01-29T13:08:13.446Z - warn: You might have an invalid intra-link! Ignore this warning if it was intended.
'/companion-app/index.html?cv-highlight=updating-app' found in file '/Users/damithch/Repos/git-mastery/git-mastery.github.io/lessons/checkout/text.md'
2026-01-29T13:08:13.446Z - warn: You might have an invalid intra-link! Ignore this warning if it was intended.
'/companion-app/index.html?cv-focus=app-commands' found in file '/Users/damithch/Repos/git-mastery/git-mastery.github.io/lessons/reset/text.md'
2026-01-29T13:08:13.446Z - warn: You might have an invalid intra-link! Ignore this warning if it was intended.
'/companion-app/index.html?cv-highlight=updating-app' found in file '/Users/damithch/Repos/git-mastery/git-mastery.github.io/lessons/reset/text.md'
2026-01-29T13:08:13.446Z - warn: You might have an invalid hash for intra-link! Ignore this warning if it was intended.'
  /lessons/interactiveRebase#updateLastCommit' found in file '/Users/damithch/Repos/git-mastery/git-mastery.github.io/lessons/reset/text.md'
2026-01-29T13:08:13.446Z - warn: You might have an invalid intra-link! Ignore this warning if it was intended.
'/companion-app/index.html?cv-focus=app-commands' found in file '/Users/damithch/Repos/git-mastery/git-mastery.github.io/lessons/revert/text.md'
2026-01-29T13:08:13.446Z - warn: You might have an invalid intra-link! Ignore this warning if it was intended.
'/companion-app/index.html?cv-highlight=updating-app' found in file '/Users/damithch/Repos/git-mastery/git-mastery.github.io/lessons/revert/text.md'
2026-01-29T13:08:13.446Z - warn: You might have an invalid intra-link! Ignore this warning if it was intended.
'/companion-app/index.html?cv-focus=app-commands' found in file '/Users/damithch/Repos/git-mastery/git-mastery.github.io/lessons/branch/text.md'
2026-01-29T13:08:13.446Z - warn: You might have an invalid intra-link! Ignore this warning if it was intended.
'/companion-app/index.html?cv-highlight=updating-app' found in file '/Users/damithch/Repos/git-mastery/git-mastery.github.io/lessons/branch/text.md'
2026-01-29T13:08:13.446Z - warn: You might have an invalid intra-link! Ignore this warning if it was intended.
'/companion-app/index.html?cv-focus=app-commands' found in file '/Users/damithch/Repos/git-mastery/git-mastery.github.io/lessons/merge/text.md'
2026-01-29T13:08:13.446Z - warn: You might have an invalid intra-link! Ignore this warning if it was intended.
'/companion-app/index.html?cv-highlight=updating-app' found in file '/Users/damithch/Repos/git-mastery/git-mastery.github.io/lessons/merge/text.md'
2026-01-29T13:08:13.447Z - warn: You might have an invalid intra-link! Ignore this warning if it was intended.
'/companion-app/index.html?cv-focus=app-commands' found in file '/Users/damithch/Repos/git-mastery/git-mastery.github.io/lessons/merge/detour-undoMerge-fragment.md'
2026-01-29T13:08:13.447Z - warn: You might have an invalid intra-link! Ignore this warning if it was intended.
'/companion-app/index.html?cv-highlight=updating-app' found in file '/Users/damithch/Repos/git-mastery/git-mastery.github.io/lessons/merge/detour-undoMerge-fragment.md'
2026-01-29T13:08:13.447Z - warn: You might have an invalid intra-link! Ignore this warning if it was intended.
'/companion-app/index.html?cv-focus=app-commands' found in file '/Users/damithch/Repos/git-mastery/git-mastery.github.io/lessons/merge/detour-compareBranches-fragment.md'
2026-01-29T13:08:13.447Z - warn: You might have an invalid intra-link! Ignore this warning if it was intended.
'/companion-app/index.html?cv-highlight=updating-app' found in file '/Users/damithch/Repos/git-mastery/git-mastery.github.io/lessons/merge/detour-compareBranches-fragment.md'
2026-01-29T13:08:13.447Z - warn: You might have an invalid intra-link! Ignore this warning if it was intended.
'/companion-app/index.html?cv-focus=app-commands' found in file '/Users/damithch/Repos/git-mastery/git-mastery.github.io/lessons/merge/detour-squashMerge-fragment.md'
2026-01-29T13:08:13.447Z - warn: You might have an invalid intra-link! Ignore this warning if it was intended.
'/companion-app/index.html?cv-highlight=updating-app' found in file '/Users/damithch/Repos/git-mastery/git-mastery.github.io/lessons/merge/detour-squashMerge-fragment.md'
2026-01-29T13:08:13.447Z - warn: You might have an invalid intra-link! Ignore this warning if it was intended.
'/companion-app/index.html?cv-focus=app-commands' found in file '/Users/damithch/Repos/git-mastery/git-mastery.github.io/lessons/mergeConflicts/text.md'
2026-01-29T13:08:13.447Z - warn: You might have an invalid intra-link! Ignore this warning if it was intended.
'/companion-app/index.html?cv-highlight=updating-app' found in file '/Users/damithch/Repos/git-mastery/git-mastery.github.io/lessons/mergeConflicts/text.md'
2026-01-29T13:08:13.447Z - warn: You might have an invalid intra-link! Ignore this warning if it was intended.
'/companion-app/index.html?cv-focus=app-commands' found in file '/Users/damithch/Repos/git-mastery/git-mastery.github.io/lessons/branchRename/text.md'
2026-01-29T13:08:13.447Z - warn: You might have an invalid intra-link! Ignore this warning if it was intended.
'/companion-app/index.html?cv-highlight=updating-app' found in file '/Users/damithch/Repos/git-mastery/git-mastery.github.io/lessons/branchRename/text.md'
2026-01-29T13:08:13.447Z - warn: You might have an invalid intra-link! Ignore this warning if it was intended.
'/companion-app/index.html?cv-focus=app-commands' found in file '/Users/damithch/Repos/git-mastery/git-mastery.github.io/lessons/branchDelete/text.md'
2026-01-29T13:08:13.447Z - warn: You might have an invalid intra-link! Ignore this warning if it was intended.
'/companion-app/index.html?cv-highlight=updating-app' found in file '/Users/damithch/Repos/git-mastery/git-mastery.github.io/lessons/branchDelete/text.md'
2026-01-29T13:08:13.447Z - warn: You might have an invalid intra-link! Ignore this warning if it was intended.
'/companion-app/index.html?cv-focus=app-commands' found in file '/Users/damithch/Repos/git-mastery/git-mastery.github.io/lessons/tag/exercise-tags-update.md'
2026-01-29T13:08:13.447Z - warn: You might have an invalid intra-link! Ignore this warning if it was intended.
'/companion-app/index.html?cv-highlight=updating-app' found in file '/Users/damithch/Repos/git-mastery/git-mastery.github.io/lessons/tag/exercise-tags-update.md'
2026-01-29T13:08:13.447Z - warn: You might have an invalid intra-link! Ignore this warning if it was intended.
'/companion-app/index.html?cv-focus=app-commands' found in file '/Users/damithch/Repos/git-mastery/git-mastery.github.io/lessons/tag/exercise-tags-push.md'
2026-01-29T13:08:13.447Z - warn: You might have an invalid intra-link! Ignore this warning if it was intended.
'/companion-app/index.html?cv-highlight=updating-app' found in file '/Users/damithch/Repos/git-mastery/git-mastery.github.io/lessons/tag/exercise-tags-push.md'
2026-01-29T13:08:13.447Z - warn: You might have an invalid intra-link! Ignore this warning if it was intended.
'/companion-app/index.html?cv-focus=app-commands' found in file '/Users/damithch/Repos/git-mastery/git-mastery.github.io/lessons/tag/exercise-tags-add.md'
2026-01-29T13:08:13.447Z - warn: You might have an invalid intra-link! Ignore this warning if it was intended.
'/companion-app/index.html?cv-highlight=updating-app' found in file '/Users/damithch/Repos/git-mastery/git-mastery.github.io/lessons/tag/exercise-tags-add.md'
2026-01-29T13:08:13.447Z - warn: You might have an invalid intra-link! Ignore this warning if it was intended.
'/companion-app/index.html?cv-focus=app-commands' found in file '/Users/damithch/Repos/git-mastery/git-mastery.github.io/lessons/stage/exercise-staging-intervention.md'
2026-01-29T13:08:13.448Z - warn: You might have an invalid intra-link! Ignore this warning if it was intended.
'/companion-app/index.html?cv-highlight=updating-app' found in file '/Users/damithch/Repos/git-mastery/git-mastery.github.io/lessons/stage/exercise-staging-intervention.md'
2026-01-29T13:08:13.448Z - warn: You might have an invalid intra-link! Ignore this warning if it was intended.
'/companion-app/index.html?cv-focus=app-commands' found in file '/Users/damithch/Repos/git-mastery/git-mastery.github.io/lessons/stage/exercise-stage-fright.md'
2026-01-29T13:08:13.448Z - warn: You might have an invalid intra-link! Ignore this warning if it was intended.
'/companion-app/index.html?cv-highlight=updating-app' found in file '/Users/damithch/Repos/git-mastery/git-mastery.github.io/lessons/stage/exercise-stage-fright.md'
2026-01-29T13:08:13.448Z - warn: You might have an invalid intra-link! Ignore this warning if it was intended.
'/companion-app/index.html?cv-focus=app-commands' found in file '/Users/damithch/Repos/git-mastery/git-mastery.github.io/lessons/show/exercise-view-commits.md'
2026-01-29T13:08:13.448Z - warn: You might have an invalid intra-link! Ignore this warning if it was intended.
'/companion-app/index.html?cv-highlight=updating-app' found in file '/Users/damithch/Repos/git-mastery/git-mastery.github.io/lessons/show/exercise-view-commits.md'
2026-01-29T13:08:13.448Z - warn: You might have an invalid intra-link! Ignore this warning if it was intended.
'/companion-app/index.html?cv-focus=app-commands' found in file '/Users/damithch/Repos/git-mastery/git-mastery.github.io/lessons/setRemote/exercise-link-me.md'
2026-01-29T13:08:13.448Z - warn: You might have an invalid intra-link! Ignore this warning if it was intended.
'/companion-app/index.html?cv-highlight=updating-app' found in file '/Users/damithch/Repos/git-mastery/git-mastery.github.io/lessons/setRemote/exercise-link-me.md'
2026-01-29T13:08:13.448Z - warn: You might have an invalid intra-link! Ignore this warning if it was intended.
'/companion-app/index.html?cv-focus=app-commands' found in file '/Users/damithch/Repos/git-mastery/git-mastery.github.io/lessons/remoteBranchRename/exercise-remote-branch-rename.md'
2026-01-29T13:08:13.448Z - warn: You might have an invalid intra-link! Ignore this warning if it was intended.
'/companion-app/index.html?cv-highlight=updating-app' found in file '/Users/damithch/Repos/git-mastery/git-mastery.github.io/lessons/remoteBranchRename/exercise-remote-branch-rename.md'
2026-01-29T13:08:13.448Z - warn: You might have an invalid intra-link! Ignore this warning if it was intended.
'/companion-app/index.html?cv-focus=app-commands' found in file '/Users/damithch/Repos/git-mastery/git-mastery.github.io/lessons/remoteBranchRename/exercise-glossary-branch-rename.md'
2026-01-29T13:08:13.448Z - warn: You might have an invalid intra-link! Ignore this warning if it was intended.
'/companion-app/index.html?cv-highlight=updating-app' found in file '/Users/damithch/Repos/git-mastery/git-mastery.github.io/lessons/remoteBranchRename/exercise-glossary-branch-rename.md'
2026-01-29T13:08:13.448Z - warn: You might have an invalid intra-link! Ignore this warning if it was intended.
'/companion-app/index.html?cv-focus=app-commands' found in file '/Users/damithch/Repos/git-mastery/git-mastery.github.io/lessons/remoteBranchPush/exercise-glossary-branch-push.md'
2026-01-29T13:08:13.448Z - warn: You might have an invalid intra-link! Ignore this warning if it was intended.
'/companion-app/index.html?cv-highlight=updating-app' found in file '/Users/damithch/Repos/git-mastery/git-mastery.github.io/lessons/remoteBranchPush/exercise-glossary-branch-push.md'
2026-01-29T13:08:13.448Z - warn: You might have an invalid intra-link! Ignore this warning if it was intended.
'/companion-app/index.html?cv-focus=app-commands' found in file '/Users/damithch/Repos/git-mastery/git-mastery.github.io/lessons/remoteBranchPull/exercise-glossary-branch-pull.md'
2026-01-29T13:08:13.448Z - warn: You might have an invalid intra-link! Ignore this warning if it was intended.
'/companion-app/index.html?cv-highlight=updating-app' found in file '/Users/damithch/Repos/git-mastery/git-mastery.github.io/lessons/remoteBranchPull/exercise-glossary-branch-pull.md'
2026-01-29T13:08:13.448Z - warn: You might have an invalid intra-link! Ignore this warning if it was intended.
'/companion-app/index.html?cv-focus=app-commands' found in file '/Users/damithch/Repos/git-mastery/git-mastery.github.io/lessons/remoteBranchDelete/exercise-glossary-branch-delete.md'
2026-01-29T13:08:13.448Z - warn: You might have an invalid intra-link! Ignore this warning if it was intended.
'/companion-app/index.html?cv-highlight=updating-app' found in file '/Users/damithch/Repos/git-mastery/git-mastery.github.io/lessons/remoteBranchDelete/exercise-glossary-branch-delete.md'
2026-01-29T13:08:13.448Z - warn: You might have an invalid intra-link! Ignore this warning if it was intended.
'/companion-app/index.html?cv-focus=app-commands' found in file '/Users/damithch/Repos/git-mastery/git-mastery.github.io/lessons/push/exercise-push-over.md'
2026-01-29T13:08:13.448Z - warn: You might have an invalid intra-link! Ignore this warning if it was intended.
'/companion-app/index.html?cv-highlight=updating-app' found in file '/Users/damithch/Repos/git-mastery/git-mastery.github.io/lessons/push/exercise-push-over.md'
2026-01-29T13:08:13.448Z - warn: You might have an invalid intra-link! Ignore this warning if it was intended.
'/companion-app/index.html?cv-focus=app-commands' found in file '/Users/damithch/Repos/git-mastery/git-mastery.github.io/lessons/pull/exercise-fetch-and-pull.md'
2026-01-29T13:08:13.448Z - warn: You might have an invalid intra-link! Ignore this warning if it was intended.
'/companion-app/index.html?cv-highlight=updating-app' found in file '/Users/damithch/Repos/git-mastery/git-mastery.github.io/lessons/pull/exercise-fetch-and-pull.md'
2026-01-29T13:08:13.448Z - warn: You might have an invalid intra-link! Ignore this warning if it was intended.
'/companion-app/index.html?cv-focus=app-commands' found in file '/Users/damithch/Repos/git-mastery/git-mastery.github.io/lessons/mergeConflicts/exercise-conflict-mediator.md'
2026-01-29T13:08:13.448Z - warn: You might have an invalid intra-link! Ignore this warning if it was intended.
'/companion-app/index.html?cv-highlight=updating-app' found in file '/Users/damithch/Repos/git-mastery/git-mastery.github.io/lessons/mergeConflicts/exercise-conflict-mediator.md'
2026-01-29T13:08:13.448Z - warn: You might have an invalid intra-link! Ignore this warning if it was intended.
'/companion-app/index.html?cv-focus=app-commands' found in file '/Users/damithch/Repos/git-mastery/git-mastery.github.io/lessons/merge/exercise-merge-undo.md'
2026-01-29T13:08:13.448Z - warn: You might have an invalid intra-link! Ignore this warning if it was intended.
'/companion-app/index.html?cv-highlight=updating-app' found in file '/Users/damithch/Repos/git-mastery/git-mastery.github.io/lessons/merge/exercise-merge-undo.md'
2026-01-29T13:08:13.448Z - warn: You might have an invalid intra-link! Ignore this warning if it was intended.
'/companion-app/index.html?cv-focus=app-commands' found in file '/Users/damithch/Repos/git-mastery/git-mastery.github.io/lessons/merge/exercise-merge-squash.md'
2026-01-29T13:08:13.448Z - warn: You might have an invalid intra-link! Ignore this warning if it was intended.
'/companion-app/index.html?cv-highlight=updating-app' found in file '/Users/damithch/Repos/git-mastery/git-mastery.github.io/lessons/merge/exercise-merge-squash.md'
2026-01-29T13:08:13.448Z - warn: You might have an invalid intra-link! Ignore this warning if it was intended.
'/companion-app/index.html?cv-focus=app-commands' found in file '/Users/damithch/Repos/git-mastery/git-mastery.github.io/lessons/merge/exercise-ff-undo.md'
2026-01-29T13:08:13.448Z - warn: You might have an invalid intra-link! Ignore this warning if it was intended.
'/companion-app/index.html?cv-highlight=updating-app' found in file '/Users/damithch/Repos/git-mastery/git-mastery.github.io/lessons/merge/exercise-ff-undo.md'
2026-01-29T13:08:13.448Z - warn: You might have an invalid intra-link! Ignore this warning if it was intended.
'/companion-app/index.html?cv-focus=app-commands' found in file '/Users/damithch/Repos/git-mastery/git-mastery.github.io/lessons/merge/exercise-branch-forward.md'
2026-01-29T13:08:13.448Z - warn: You might have an invalid intra-link! Ignore this warning if it was intended.
'/companion-app/index.html?cv-highlight=updating-app' found in file '/Users/damithch/Repos/git-mastery/git-mastery.github.io/lessons/merge/exercise-branch-forward.md'
2026-01-29T13:08:13.448Z - warn: You might have an invalid intra-link! Ignore this warning if it was intended.
'/companion-app/index.html?cv-focus=app-commands' found in file '/Users/damithch/Repos/git-mastery/git-mastery.github.io/lessons/merge/exercise-branch-compare.md'
2026-01-29T13:08:13.448Z - warn: You might have an invalid intra-link! Ignore this warning if it was intended.
'/companion-app/index.html?cv-highlight=updating-app' found in file '/Users/damithch/Repos/git-mastery/git-mastery.github.io/lessons/merge/exercise-branch-compare.md'
2026-01-29T13:08:13.448Z - warn: You might have an invalid intra-link! Ignore this warning if it was intended.
'/companion-app/index.html?cv-focus=app-commands' found in file '/Users/damithch/Repos/git-mastery/git-mastery.github.io/lessons/merge/exercise-branch-bender.md'
2026-01-29T13:08:13.448Z - warn: You might have an invalid intra-link! Ignore this warning if it was intended.
'/companion-app/index.html?cv-highlight=updating-app' found in file '/Users/damithch/Repos/git-mastery/git-mastery.github.io/lessons/merge/exercise-branch-bender.md'
2026-01-29T13:08:13.449Z - warn: You might have an invalid intra-link! Ignore this warning if it was intended.
'/companion-app/index.html?cv-focus=app-commands' found in file '/Users/damithch/Repos/git-mastery/git-mastery.github.io/lessons/log/exercise-log-and-order.md'
2026-01-29T13:08:13.449Z - warn: You might have an invalid intra-link! Ignore this warning if it was intended.
'/companion-app/index.html?cv-highlight=updating-app' found in file '/Users/damithch/Repos/git-mastery/git-mastery.github.io/lessons/log/exercise-log-and-order.md'
2026-01-29T13:08:13.449Z - warn: You might have an invalid intra-link! Ignore this warning if it was intended.
'/companion-app/index.html?cv-focus=app-commands' found in file '/Users/damithch/Repos/git-mastery/git-mastery.github.io/lessons/init/exercise-undo-init.md'
2026-01-29T13:08:13.449Z - warn: You might have an invalid intra-link! Ignore this warning if it was intended.
'/companion-app/index.html?cv-highlight=updating-app' found in file '/Users/damithch/Repos/git-mastery/git-mastery.github.io/lessons/init/exercise-undo-init.md'
2026-01-29T13:08:13.449Z - warn: You might have an invalid intra-link! Ignore this warning if it was intended.
'/companion-app/index.html?cv-focus=app-commands' found in file '/Users/damithch/Repos/git-mastery/git-mastery.github.io/lessons/ignore/exercise-ignoring-somethings.md'
2026-01-29T13:08:13.449Z - warn: You might have an invalid intra-link! Ignore this warning if it was intended.
'/companion-app/index.html?cv-highlight=updating-app' found in file '/Users/damithch/Repos/git-mastery/git-mastery.github.io/lessons/ignore/exercise-ignoring-somethings.md'
2026-01-29T13:08:13.449Z - warn: You might have an invalid intra-link! Ignore this warning if it was intended.
'/companion-app/index.html?cv-focus=app-commands' found in file '/Users/damithch/Repos/git-mastery/git-mastery.github.io/lessons/fork/exercise-fork-repo.md'
2026-01-29T13:08:13.449Z - warn: You might have an invalid intra-link! Ignore this warning if it was intended.
'/companion-app/index.html?cv-highlight=updating-app' found in file '/Users/damithch/Repos/git-mastery/git-mastery.github.io/lessons/fork/exercise-fork-repo.md'
2026-01-29T13:08:13.449Z - warn: You might have an invalid intra-link! Ignore this warning if it was intended.
'/companion-app/index.html?cv-focus=app-commands' found in file '/Users/damithch/Repos/git-mastery/git-mastery.github.io/lessons/diff/exercise-sensors-diff.md'
2026-01-29T13:08:13.449Z - warn: You might have an invalid intra-link! Ignore this warning if it was intended.
'/companion-app/index.html?cv-highlight=updating-app' found in file '/Users/damithch/Repos/git-mastery/git-mastery.github.io/lessons/diff/exercise-sensors-diff.md'
2026-01-29T13:08:13.449Z - warn: You might have an invalid intra-link! Ignore this warning if it was intended.
'/companion-app/index.html?cv-focus=app-commands' found in file '/Users/damithch/Repos/git-mastery/git-mastery.github.io/lessons/createRemoteRepo/exercise-remote-control.md'
2026-01-29T13:08:13.449Z - warn: You might have an invalid intra-link! Ignore this warning if it was intended.
'/companion-app/index.html?cv-highlight=updating-app' found in file '/Users/damithch/Repos/git-mastery/git-mastery.github.io/lessons/createRemoteRepo/exercise-remote-control.md'
2026-01-29T13:08:13.449Z - warn: You might have an invalid intra-link! Ignore this warning if it was intended.
'/companion-app/index.html?cv-focus=app-commands' found in file '/Users/damithch/Repos/git-mastery/git-mastery.github.io/lessons/commit/exercise-grocery-shopping.md'
2026-01-29T13:08:13.449Z - warn: You might have an invalid intra-link! Ignore this warning if it was intended.
'/companion-app/index.html?cv-highlight=updating-app' found in file '/Users/damithch/Repos/git-mastery/git-mastery.github.io/lessons/commit/exercise-grocery-shopping.md'
2026-01-29T13:08:13.449Z - warn: You might have an invalid intra-link! Ignore this warning if it was intended.
'/companion-app/index.html?cv-focus=app-commands' found in file '/Users/damithch/Repos/git-mastery/git-mastery.github.io/lessons/clone/exercise-clone-repo.md'
2026-01-29T13:08:13.449Z - warn: You might have an invalid intra-link! Ignore this warning if it was intended.
'/companion-app/index.html?cv-highlight=updating-app' found in file '/Users/damithch/Repos/git-mastery/git-mastery.github.io/lessons/clone/exercise-clone-repo.md'
2026-01-29T13:08:13.449Z - warn: You might have an invalid intra-link! Ignore this warning if it was intended.
'/companion-app/index.html?cv-focus=app-commands' found in file '/Users/damithch/Repos/git-mastery/git-mastery.github.io/lessons/branchRename/exercise-branch-rename.md'
2026-01-29T13:08:13.449Z - warn: You might have an invalid intra-link! Ignore this warning if it was intended.
'/companion-app/index.html?cv-highlight=updating-app' found in file '/Users/damithch/Repos/git-mastery/git-mastery.github.io/lessons/branchRename/exercise-branch-rename.md'
2026-01-29T13:08:13.449Z - warn: You might have an invalid intra-link! Ignore this warning if it was intended.
'/companion-app/index.html?cv-focus=app-commands' found in file '/Users/damithch/Repos/git-mastery/git-mastery.github.io/lessons/branchDelete/exercise-mix-messy-graph.md'
2026-01-29T13:08:13.449Z - warn: You might have an invalid intra-link! Ignore this warning if it was intended.
'/companion-app/index.html?cv-highlight=updating-app' found in file '/Users/damithch/Repos/git-mastery/git-mastery.github.io/lessons/branchDelete/exercise-mix-messy-graph.md'
2026-01-29T13:08:13.449Z - warn: You might have an invalid intra-link! Ignore this warning if it was intended.
'/companion-app/index.html?cv-focus=app-commands' found in file '/Users/damithch/Repos/git-mastery/git-mastery.github.io/lessons/branchDelete/exercise-mix-messy-docs.md'
2026-01-29T13:08:13.449Z - warn: You might have an invalid intra-link! Ignore this warning if it was intended.
'/companion-app/index.html?cv-highlight=updating-app' found in file '/Users/damithch/Repos/git-mastery/git-mastery.github.io/lessons/branchDelete/exercise-mix-messy-docs.md'
2026-01-29T13:08:13.449Z - warn: You might have an invalid intra-link! Ignore this warning if it was intended.
'/companion-app/index.html?cv-focus=app-commands' found in file '/Users/damithch/Repos/git-mastery/git-mastery.github.io/lessons/branchDelete/exercise-branch-delete.md'
2026-01-29T13:08:13.449Z - warn: You might have an invalid intra-link! Ignore this warning if it was intended.
'/companion-app/index.html?cv-highlight=updating-app' found in file '/Users/damithch/Repos/git-mastery/git-mastery.github.io/lessons/branchDelete/exercise-branch-delete.md'
2026-01-29T13:08:13.449Z - warn: You might have an invalid intra-link! Ignore this warning if it was intended.
'/companion-app/index.html?cv-focus=app-commands' found in file '/Users/damithch/Repos/git-mastery/git-mastery.github.io/lessons/branch/exercise-side-track.md'
2026-01-29T13:08:13.449Z - warn: You might have an invalid intra-link! Ignore this warning if it was intended.
'/companion-app/index.html?cv-highlight=updating-app' found in file '/Users/damithch/Repos/git-mastery/git-mastery.github.io/lessons/branch/exercise-side-track.md'
2026-01-29T13:08:13.449Z - warn: You might have an invalid intra-link! Ignore this warning if it was intended.
'/companion-app/index.html?cv-focus=app-commands' found in file '/Users/damithch/Repos/git-mastery/git-mastery.github.io/lessons/branch/exercise-branch-previous.md'
2026-01-29T13:08:13.449Z - warn: You might have an invalid intra-link! Ignore this warning if it was intended.
'/companion-app/index.html?cv-highlight=updating-app' found in file '/Users/damithch/Repos/git-mastery/git-mastery.github.io/lessons/branch/exercise-branch-previous.md'
2026-01-29T13:08:13.450Z - warn: You might have an invalid intra-link! Ignore this warning if it was intended.
'/lessons/branch/images/listRemoteBranches.png' found in file '/Users/damithch/Repos/git-mastery/git-mastery.github.io/lessons/remoteBranches/sourcetree_4.md'
2026-01-29T13:08:13.450Z - info: Pages built
2026-01-29T13:08:13.522Z - info: Site data built
2026-01-29T13:08:13.522Z - info: Website generation complete! Total build time: 8.624s
2026-01-29T13:08:13.522Z - info: Build success!
2026-01-29T13:08:21.255Z - info: The website has been deployed at: git-mastery.org
2026-01-29T13:19:13.008Z - info: Website generation (lazy) started at 21:19:12
2026-01-29T13:19:13.207Z - info: Building assets...
2026-01-29T13:19:13.498Z - info: Assets built
2026-01-29T13:19:13.498Z - info: Generating landing page...
2026-01-29T13:19:13.583Z - info: Landing page built, other pages will be built as you navigate to them!
2026-01-29T13:19:13.648Z - info: Site data built
2026-01-29T13:19:13.649Z - info: Website generation (lazy) complete! Total build time: 0.819s
2026-01-29T13:19:13.661Z - info: Serving "/Users/damithch/Repos/git-mastery/git-mastery.github.io/_site" at http://127.0.0.1:8080
2026-01-29T13:19:13.661Z - info: Press CTRL+C to stop ...
2026-01-29T13:19:40.629Z - info: Building /Users/damithch/Repos/git-mastery/git-mastery.github.io/lessons/index as some of its dependencies were changed since the last visit
2026-01-29T13:19:41.039Z - info: Site data built
2026-01-29T13:19:41.039Z - info: Lazy website regeneration complete! Total build time: 0.411s
2026-01-29T13:19:44.213Z - info: Building /Users/damithch/Repos/git-mastery/git-mastery.github.io/lessons/trail/branchingLocally/index as some of its dependencies were changed since the last visit
2026-01-29T13:19:44.698Z - warn: You might have an invalid intra-link! Ignore this warning if it was intended.
'/companion-app/index.html?cv-focus=app-commands' found in file '/Users/damithch/Repos/git-mastery/git-mastery.github.io/lessons/branch/text.md'
2026-01-29T13:19:44.698Z - warn: You might have an invalid intra-link! Ignore this warning if it was intended.
'/companion-app/index.html?cv-highlight=updating-app' found in file '/Users/damithch/Repos/git-mastery/git-mastery.github.io/lessons/branch/text.md'
2026-01-29T13:19:44.699Z - warn: You might have an invalid intra-link! Ignore this warning if it was intended.
'/companion-app/index.html?cv-focus=app-commands' found in file '/Users/damithch/Repos/git-mastery/git-mastery.github.io/lessons/merge/text.md'
2026-01-29T13:19:44.699Z - warn: You might have an invalid intra-link! Ignore this warning if it was intended.
'/companion-app/index.html?cv-highlight=updating-app' found in file '/Users/damithch/Repos/git-mastery/git-mastery.github.io/lessons/merge/text.md'
2026-01-29T13:19:44.699Z - warn: You might have an invalid intra-link! Ignore this warning if it was intended.
'/companion-app/index.html?cv-focus=app-commands' found in file '/Users/damithch/Repos/git-mastery/git-mastery.github.io/lessons/merge/detour-undoMerge-fragment.md'
2026-01-29T13:19:44.699Z - warn: You might have an invalid intra-link! Ignore this warning if it was intended.
'/companion-app/index.html?cv-highlight=updating-app' found in file '/Users/damithch/Repos/git-mastery/git-mastery.github.io/lessons/merge/detour-undoMerge-fragment.md'
2026-01-29T13:19:44.699Z - warn: You might have an invalid intra-link! Ignore this warning if it was intended.
'/companion-app/index.html?cv-focus=app-commands' found in file '/Users/damithch/Repos/git-mastery/git-mastery.github.io/lessons/merge/detour-compareBranches-fragment.md'
2026-01-29T13:19:44.699Z - warn: You might have an invalid intra-link! Ignore this warning if it was intended.
'/companion-app/index.html?cv-highlight=updating-app' found in file '/Users/damithch/Repos/git-mastery/git-mastery.github.io/lessons/merge/detour-compareBranches-fragment.md'
2026-01-29T13:19:44.699Z - warn: You might have an invalid intra-link! Ignore this warning if it was intended.
'/companion-app/index.html?cv-focus=app-commands' found in file '/Users/damithch/Repos/git-mastery/git-mastery.github.io/lessons/merge/detour-squashMerge-fragment.md'
2026-01-29T13:19:44.699Z - warn: You might have an invalid intra-link! Ignore this warning if it was intended.
'/companion-app/index.html?cv-highlight=updating-app' found in file '/Users/damithch/Repos/git-mastery/git-mastery.github.io/lessons/merge/detour-squashMerge-fragment.md'
2026-01-29T13:19:44.699Z - warn: You might have an invalid intra-link! Ignore this warning if it was intended.
'/companion-app/index.html?cv-focus=app-commands' found in file '/Users/damithch/Repos/git-mastery/git-mastery.github.io/lessons/mergeConflicts/text.md'
2026-01-29T13:19:44.699Z - warn: You might have an invalid intra-link! Ignore this warning if it was intended.
'/companion-app/index.html?cv-highlight=updating-app' found in file '/Users/damithch/Repos/git-mastery/git-mastery.github.io/lessons/mergeConflicts/text.md'
2026-01-29T13:19:44.699Z - warn: You might have an invalid intra-link! Ignore this warning if it was intended.
'/companion-app/index.html?cv-focus=app-commands' found in file '/Users/damithch/Repos/git-mastery/git-mastery.github.io/lessons/branchRename/text.md'
2026-01-29T13:19:44.699Z - warn: You might have an invalid intra-link! Ignore this warning if it was intended.
'/companion-app/index.html?cv-highlight=updating-app' found in file '/Users/damithch/Repos/git-mastery/git-mastery.github.io/lessons/branchRename/text.md'
2026-01-29T13:19:44.699Z - warn: You might have an invalid intra-link! Ignore this warning if it was intended.
'/companion-app/index.html?cv-focus=app-commands' found in file '/Users/damithch/Repos/git-mastery/git-mastery.github.io/lessons/branchDelete/text.md'
2026-01-29T13:19:44.700Z - warn: You might have an invalid intra-link! Ignore this warning if it was intended.
'/companion-app/index.html?cv-highlight=updating-app' found in file '/Users/damithch/Repos/git-mastery/git-mastery.github.io/lessons/branchDelete/text.md'
2026-01-29T13:19:44.700Z - info: Site data built
2026-01-29T13:19:44.700Z - info: Lazy website regeneration complete! Total build time: 0.487s
2026-01-29T13:20:21.162Z - info: [21:20:21] Reload for file change: /Users/damithch/Repos/git-mastery/git-mastery.github.io/lessons/branch/text.md
2026-01-29T13:20:21.165Z - info: Synchronizing opened pages list before reload
2026-01-29T13:20:21.172Z - info: Current opened pages, from most-to-least recent:
2026-01-29T13:20:21.173Z - info: 1. lessons/trail/branchingLocally/index
2026-01-29T13:20:22.228Z - info: Rebuilding 1 pages
2026-01-29T13:20:25.116Z - info: Website generation started at 21:20:24
2026-01-29T13:20:25.319Z - info: Building assets...
2026-01-29T13:20:25.645Z - info: Assets built
2026-01-29T13:20:25.645Z - info: Generating pages...
2026-01-29T13:20:33.420Z - warn: You might have an invalid intra-link! Ignore this warning if it was intended.
'/companion-app/index.html?cv-focus=app-commands' found in file '/Users/damithch/Repos/git-mastery/git-mastery.github.io/lessons/init/exercise-under-control.md'
2026-01-29T13:20:33.421Z - warn: You might have an invalid intra-link! Ignore this warning if it was intended.
'/companion-app/index.html?cv-highlight=updating-app' found in file '/Users/damithch/Repos/git-mastery/git-mastery.github.io/lessons/init/exercise-under-control.md'
2026-01-29T13:20:33.421Z - warn: You might have an invalid intra-link! Ignore this warning if it was intended.
'/companion-app/index.html?cv-focus=app-commands' found in file '/Users/damithch/Repos/git-mastery/git-mastery.github.io/lessons/checkout/exercise-sensors-checkout.md'
2026-01-29T13:20:33.421Z - warn: You might have an invalid intra-link! Ignore this warning if it was intended.
'/companion-app/index.html?cv-highlight=updating-app' found in file '/Users/damithch/Repos/git-mastery/git-mastery.github.io/lessons/checkout/exercise-sensors-checkout.md'
2026-01-29T13:20:33.421Z - warn: You might have an invalid intra-link! Ignore this warning if it was intended.
'/companion-app/index.html?cv-focus=app-commands' found in file '/Users/damithch/Repos/git-mastery/git-mastery.github.io/lessons/reset/exercise-sensors-reset.md'
2026-01-29T13:20:33.421Z - warn: You might have an invalid intra-link! Ignore this warning if it was intended.
'/companion-app/index.html?cv-highlight=updating-app' found in file '/Users/damithch/Repos/git-mastery/git-mastery.github.io/lessons/reset/exercise-sensors-reset.md'
2026-01-29T13:20:33.421Z - warn: You might have an invalid intra-link! Ignore this warning if it was intended.
'/companion-app/index.html?cv-focus=app-commands' found in file '/Users/damithch/Repos/git-mastery/git-mastery.github.io/lessons/revert/exercise-sensors-revert.md'
2026-01-29T13:20:33.421Z - warn: You might have an invalid intra-link! Ignore this warning if it was intended.
'/companion-app/index.html?cv-highlight=updating-app' found in file '/Users/damithch/Repos/git-mastery/git-mastery.github.io/lessons/revert/exercise-sensors-revert.md'
2026-01-29T13:20:33.421Z - warn: You might have an invalid intra-link! Ignore this warning if it was intended.
'/companion-app/index.html?cv-focus=app-commands' found in file '/Users/damithch/Repos/git-mastery/git-mastery.github.io/lessons/init/text.md'
2026-01-29T13:20:33.421Z - warn: You might have an invalid intra-link! Ignore this warning if it was intended.
'/companion-app/index.html?cv-highlight=updating-app' found in file '/Users/damithch/Repos/git-mastery/git-mastery.github.io/lessons/init/text.md'
2026-01-29T13:20:33.422Z - warn: You might have an invalid intra-link! Ignore this warning if it was intended.
'/companion-app/index.html?cv-focus=app-commands' found in file '/Users/damithch/Repos/git-mastery/git-mastery.github.io/lessons/init/detour-undoRepoInit-fragment.md'
2026-01-29T13:20:33.422Z - warn: You might have an invalid intra-link! Ignore this warning if it was intended.
'/companion-app/index.html?cv-highlight=updating-app' found in file '/Users/damithch/Repos/git-mastery/git-mastery.github.io/lessons/init/detour-undoRepoInit-fragment.md'
2026-01-29T13:20:33.422Z - warn: You might have an invalid intra-link! Ignore this warning if it was intended.
'/companion-app/index.html?cv-focus=app-commands' found in file '/Users/damithch/Repos/git-mastery/git-mastery.github.io/lessons/stage/text.md'
2026-01-29T13:20:33.422Z - warn: You might have an invalid intra-link! Ignore this warning if it was intended.
'/companion-app/index.html?cv-highlight=updating-app' found in file '/Users/damithch/Repos/git-mastery/git-mastery.github.io/lessons/stage/text.md'
2026-01-29T13:20:33.422Z - warn: You might have an invalid hash for intra-link! Ignore this warning if it was intended.'
  /lessons/commit#stagingFileDeletions' found in file '/Users/damithch/Repos/git-mastery/git-mastery.github.io/lessons/stage/text.md'
2026-01-29T13:20:33.422Z - warn: You might have an invalid intra-link! Ignore this warning if it was intended.
'/companion-app/index.html?cv-focus=app-commands' found in file '/Users/damithch/Repos/git-mastery/git-mastery.github.io/lessons/stage/detour-unstagingChanges-fragment.md'
2026-01-29T13:20:33.422Z - warn: You might have an invalid intra-link! Ignore this warning if it was intended.
'/companion-app/index.html?cv-highlight=updating-app' found in file '/Users/damithch/Repos/git-mastery/git-mastery.github.io/lessons/stage/detour-unstagingChanges-fragment.md'
2026-01-29T13:20:33.422Z - warn: You might have an invalid intra-link! Ignore this warning if it was intended.
'/companion-app/index.html?cv-focus=app-commands' found in file '/Users/damithch/Repos/git-mastery/git-mastery.github.io/lessons/commit/text.md'
2026-01-29T13:20:33.422Z - warn: You might have an invalid intra-link! Ignore this warning if it was intended.
'/companion-app/index.html?cv-highlight=updating-app' found in file '/Users/damithch/Repos/git-mastery/git-mastery.github.io/lessons/commit/text.md'
2026-01-29T13:20:33.422Z - warn: You might have an invalid hash for intra-link! Ignore this warning if it was intended.'
  /lessons/interactiveRebase#updateLastCommit' found in file '/Users/damithch/Repos/git-mastery/git-mastery.github.io/lessons/commit/text.md'
2026-01-29T13:20:33.422Z - warn: You might have an invalid hash for intra-link! Ignore this warning if it was intended.'
  /lessons/reset#resetUncommitedChanges' found in file '/Users/damithch/Repos/git-mastery/git-mastery.github.io/lessons/commit/text.md'
2026-01-29T13:20:33.422Z - warn: You might have an invalid hash for intra-link! Ignore this warning if it was intended.'
  /lessons/reset#undoRecentCommits' found in file '/Users/damithch/Repos/git-mastery/git-mastery.github.io/lessons/commit/text.md'
2026-01-29T13:20:33.422Z - warn: You might have an invalid hash for intra-link! Ignore this warning if it was intended.'
  /lessons/stage#unstagingChanges' found in file '/Users/damithch/Repos/git-mastery/git-mastery.github.io/lessons/commit/steps-stage-deletion-fragment.md'
2026-01-29T13:20:33.422Z - warn: You might have an invalid intra-link! Ignore this warning if it was intended.
'/companion-app/index.html?cv-focus=app-commands' found in file '/Users/damithch/Repos/git-mastery/git-mastery.github.io/lessons/log/text.md'
2026-01-29T13:20:33.422Z - warn: You might have an invalid intra-link! Ignore this warning if it was intended.
'/companion-app/index.html?cv-highlight=updating-app' found in file '/Users/damithch/Repos/git-mastery/git-mastery.github.io/lessons/log/text.md'
2026-01-29T13:20:33.423Z - warn: You might have an invalid intra-link! Ignore this warning if it was intended.
'/companion-app/index.html?cv-focus=app-commands' found in file '/Users/damithch/Repos/git-mastery/git-mastery.github.io/lessons/createRemoteRepo/text.md'
2026-01-29T13:20:33.423Z - warn: You might have an invalid intra-link! Ignore this warning if it was intended.
'/companion-app/index.html?cv-highlight=updating-app' found in file '/Users/damithch/Repos/git-mastery/git-mastery.github.io/lessons/createRemoteRepo/text.md'
2026-01-29T13:20:33.423Z - warn: You might have an invalid intra-link! Ignore this warning if it was intended.
'/companion-app/index.html?cv-focus=app-commands' found in file '/Users/damithch/Repos/git-mastery/git-mastery.github.io/lessons/setRemote/text.md'
2026-01-29T13:20:33.423Z - warn: You might have an invalid intra-link! Ignore this warning if it was intended.
'/companion-app/index.html?cv-highlight=updating-app' found in file '/Users/damithch/Repos/git-mastery/git-mastery.github.io/lessons/setRemote/text.md'
2026-01-29T13:20:33.423Z - warn: You might have an invalid intra-link! Ignore this warning if it was intended.
'/companion-app/index.html?cv-focus=app-commands' found in file '/Users/damithch/Repos/git-mastery/git-mastery.github.io/lessons/push/text.md'
2026-01-29T13:20:33.423Z - warn: You might have an invalid intra-link! Ignore this warning if it was intended.
'/companion-app/index.html?cv-highlight=updating-app' found in file '/Users/damithch/Repos/git-mastery/git-mastery.github.io/lessons/push/text.md'
2026-01-29T13:20:33.423Z - warn: You might have an invalid intra-link! Ignore this warning if it was intended.
'/companion-app/index.html?cv-focus=app-commands' found in file '/Users/damithch/Repos/git-mastery/git-mastery.github.io/lessons/ignore/text.md'
2026-01-29T13:20:33.423Z - warn: You might have an invalid intra-link! Ignore this warning if it was intended.
'/companion-app/index.html?cv-highlight=updating-app' found in file '/Users/damithch/Repos/git-mastery/git-mastery.github.io/lessons/ignore/text.md'
2026-01-29T13:20:33.423Z - warn: You might have an invalid intra-link! Ignore this warning if it was intended.
'/companion-app/index.html?cv-focus=app-commands' found in file '/Users/damithch/Repos/git-mastery/git-mastery.github.io/lessons/fork/text.md'
2026-01-29T13:20:33.423Z - warn: You might have an invalid intra-link! Ignore this warning if it was intended.
'/companion-app/index.html?cv-highlight=updating-app' found in file '/Users/damithch/Repos/git-mastery/git-mastery.github.io/lessons/fork/text.md'
2026-01-29T13:20:33.423Z - warn: You might have an invalid intra-link! Ignore this warning if it was intended.
'/companion-app/index.html?cv-focus=app-commands' found in file '/Users/damithch/Repos/git-mastery/git-mastery.github.io/lessons/clone/text.md'
2026-01-29T13:20:33.423Z - warn: You might have an invalid intra-link! Ignore this warning if it was intended.
'/companion-app/index.html?cv-highlight=updating-app' found in file '/Users/damithch/Repos/git-mastery/git-mastery.github.io/lessons/clone/text.md'
2026-01-29T13:20:33.423Z - warn: You might have an invalid intra-link! Ignore this warning if it was intended.
'/companion-app/index.html?cv-focus=app-commands' found in file '/Users/damithch/Repos/git-mastery/git-mastery.github.io/lessons/pull/text.md'
2026-01-29T13:20:33.423Z - warn: You might have an invalid intra-link! Ignore this warning if it was intended.
'/companion-app/index.html?cv-highlight=updating-app' found in file '/Users/damithch/Repos/git-mastery/git-mastery.github.io/lessons/pull/text.md'
2026-01-29T13:20:33.424Z - warn: You might have an invalid intra-link! Ignore this warning if it was intended.
'/companion-app/index.html?cv-focus=app-commands' found in file '/Users/damithch/Repos/git-mastery/git-mastery.github.io/lessons/show/text.md'
2026-01-29T13:20:33.424Z - warn: You might have an invalid intra-link! Ignore this warning if it was intended.
'/companion-app/index.html?cv-highlight=updating-app' found in file '/Users/damithch/Repos/git-mastery/git-mastery.github.io/lessons/show/text.md'
2026-01-29T13:20:33.424Z - warn: You might have an invalid intra-link! Ignore this warning if it was intended.
'/companion-app/index.html?cv-focus=app-commands' found in file '/Users/damithch/Repos/git-mastery/git-mastery.github.io/lessons/tag/text.md'
2026-01-29T13:20:33.424Z - warn: You might have an invalid intra-link! Ignore this warning if it was intended.
'/companion-app/index.html?cv-highlight=updating-app' found in file '/Users/damithch/Repos/git-mastery/git-mastery.github.io/lessons/tag/text.md'
2026-01-29T13:20:33.424Z - warn: You might have an invalid intra-link! Ignore this warning if it was intended.
'/companion-app/index.html?cv-focus=app-commands' found in file '/Users/damithch/Repos/git-mastery/git-mastery.github.io/lessons/diff/text.md'
2026-01-29T13:20:33.424Z - warn: You might have an invalid intra-link! Ignore this warning if it was intended.
'/companion-app/index.html?cv-highlight=updating-app' found in file '/Users/damithch/Repos/git-mastery/git-mastery.github.io/lessons/diff/text.md'
2026-01-29T13:20:33.424Z - warn: You might have an invalid intra-link! Ignore this warning if it was intended.
'/companion-app/index.html?cv-focus=app-commands' found in file '/Users/damithch/Repos/git-mastery/git-mastery.github.io/lessons/checkout/text.md'
2026-01-29T13:20:33.424Z - warn: You might have an invalid intra-link! Ignore this warning if it was intended.
'/companion-app/index.html?cv-highlight=updating-app' found in file '/Users/damithch/Repos/git-mastery/git-mastery.github.io/lessons/checkout/text.md'
2026-01-29T13:20:33.424Z - warn: You might have an invalid intra-link! Ignore this warning if it was intended.
'/companion-app/index.html?cv-focus=app-commands' found in file '/Users/damithch/Repos/git-mastery/git-mastery.github.io/lessons/reset/text.md'
2026-01-29T13:20:33.424Z - warn: You might have an invalid intra-link! Ignore this warning if it was intended.
'/companion-app/index.html?cv-highlight=updating-app' found in file '/Users/damithch/Repos/git-mastery/git-mastery.github.io/lessons/reset/text.md'
2026-01-29T13:20:33.424Z - warn: You might have an invalid hash for intra-link! Ignore this warning if it was intended.'
  /lessons/interactiveRebase#updateLastCommit' found in file '/Users/damithch/Repos/git-mastery/git-mastery.github.io/lessons/reset/text.md'
2026-01-29T13:20:33.424Z - warn: You might have an invalid intra-link! Ignore this warning if it was intended.
'/companion-app/index.html?cv-focus=app-commands' found in file '/Users/damithch/Repos/git-mastery/git-mastery.github.io/lessons/revert/text.md'
2026-01-29T13:20:33.424Z - warn: You might have an invalid intra-link! Ignore this warning if it was intended.
'/companion-app/index.html?cv-highlight=updating-app' found in file '/Users/damithch/Repos/git-mastery/git-mastery.github.io/lessons/revert/text.md'
2026-01-29T13:20:33.425Z - warn: You might have an invalid intra-link! Ignore this warning if it was intended.
'/companion-app/index.html?cv-focus=app-commands' found in file '/Users/damithch/Repos/git-mastery/git-mastery.github.io/lessons/branch/text.md'
2026-01-29T13:20:33.425Z - warn: You might have an invalid intra-link! Ignore this warning if it was intended.
'/companion-app/index.html?cv-highlight=updating-app' found in file '/Users/damithch/Repos/git-mastery/git-mastery.github.io/lessons/branch/text.md'
2026-01-29T13:20:33.425Z - warn: You might have an invalid intra-link! Ignore this warning if it was intended.
'/companion-app/index.html?cv-focus=app-commands' found in file '/Users/damithch/Repos/git-mastery/git-mastery.github.io/lessons/merge/text.md'
2026-01-29T13:20:33.425Z - warn: You might have an invalid intra-link! Ignore this warning if it was intended.
'/companion-app/index.html?cv-highlight=updating-app' found in file '/Users/damithch/Repos/git-mastery/git-mastery.github.io/lessons/merge/text.md'
2026-01-29T13:20:33.425Z - warn: You might have an invalid intra-link! Ignore this warning if it was intended.
'/companion-app/index.html?cv-focus=app-commands' found in file '/Users/damithch/Repos/git-mastery/git-mastery.github.io/lessons/merge/detour-undoMerge-fragment.md'
2026-01-29T13:20:33.425Z - warn: You might have an invalid intra-link! Ignore this warning if it was intended.
'/companion-app/index.html?cv-highlight=updating-app' found in file '/Users/damithch/Repos/git-mastery/git-mastery.github.io/lessons/merge/detour-undoMerge-fragment.md'
2026-01-29T13:20:33.425Z - warn: You might have an invalid intra-link! Ignore this warning if it was intended.
'/companion-app/index.html?cv-focus=app-commands' found in file '/Users/damithch/Repos/git-mastery/git-mastery.github.io/lessons/merge/detour-compareBranches-fragment.md'
2026-01-29T13:20:33.425Z - warn: You might have an invalid intra-link! Ignore this warning if it was intended.
'/companion-app/index.html?cv-highlight=updating-app' found in file '/Users/damithch/Repos/git-mastery/git-mastery.github.io/lessons/merge/detour-compareBranches-fragment.md'
2026-01-29T13:20:33.425Z - warn: You might have an invalid intra-link! Ignore this warning if it was intended.
'/companion-app/index.html?cv-focus=app-commands' found in file '/Users/damithch/Repos/git-mastery/git-mastery.github.io/lessons/merge/detour-squashMerge-fragment.md'
2026-01-29T13:20:33.425Z - warn: You might have an invalid intra-link! Ignore this warning if it was intended.
'/companion-app/index.html?cv-highlight=updating-app' found in file '/Users/damithch/Repos/git-mastery/git-mastery.github.io/lessons/merge/detour-squashMerge-fragment.md'
2026-01-29T13:20:33.425Z - warn: You might have an invalid intra-link! Ignore this warning if it was intended.
'/companion-app/index.html?cv-focus=app-commands' found in file '/Users/damithch/Repos/git-mastery/git-mastery.github.io/lessons/mergeConflicts/text.md'
2026-01-29T13:20:33.425Z - warn: You might have an invalid intra-link! Ignore this warning if it was intended.
'/companion-app/index.html?cv-highlight=updating-app' found in file '/Users/damithch/Repos/git-mastery/git-mastery.github.io/lessons/mergeConflicts/text.md'
2026-01-29T13:20:33.425Z - warn: You might have an invalid intra-link! Ignore this warning if it was intended.
'/companion-app/index.html?cv-focus=app-commands' found in file '/Users/damithch/Repos/git-mastery/git-mastery.github.io/lessons/branchRename/text.md'
2026-01-29T13:20:33.425Z - warn: You might have an invalid intra-link! Ignore this warning if it was intended.
'/companion-app/index.html?cv-highlight=updating-app' found in file '/Users/damithch/Repos/git-mastery/git-mastery.github.io/lessons/branchRename/text.md'
2026-01-29T13:20:33.425Z - warn: You might have an invalid intra-link! Ignore this warning if it was intended.
'/companion-app/index.html?cv-focus=app-commands' found in file '/Users/damithch/Repos/git-mastery/git-mastery.github.io/lessons/branchDelete/text.md'
2026-01-29T13:20:33.425Z - warn: You might have an invalid intra-link! Ignore this warning if it was intended.
'/companion-app/index.html?cv-highlight=updating-app' found in file '/Users/damithch/Repos/git-mastery/git-mastery.github.io/lessons/branchDelete/text.md'
2026-01-29T13:20:33.425Z - warn: You might have an invalid intra-link! Ignore this warning if it was intended.
'/companion-app/index.html?cv-focus=app-commands' found in file '/Users/damithch/Repos/git-mastery/git-mastery.github.io/lessons/tag/exercise-tags-update.md'
2026-01-29T13:20:33.426Z - warn: You might have an invalid intra-link! Ignore this warning if it was intended.
'/companion-app/index.html?cv-highlight=updating-app' found in file '/Users/damithch/Repos/git-mastery/git-mastery.github.io/lessons/tag/exercise-tags-update.md'
2026-01-29T13:20:33.426Z - warn: You might have an invalid intra-link! Ignore this warning if it was intended.
'/companion-app/index.html?cv-focus=app-commands' found in file '/Users/damithch/Repos/git-mastery/git-mastery.github.io/lessons/tag/exercise-tags-push.md'
2026-01-29T13:20:33.426Z - warn: You might have an invalid intra-link! Ignore this warning if it was intended.
'/companion-app/index.html?cv-highlight=updating-app' found in file '/Users/damithch/Repos/git-mastery/git-mastery.github.io/lessons/tag/exercise-tags-push.md'
2026-01-29T13:20:33.426Z - warn: You might have an invalid intra-link! Ignore this warning if it was intended.
'/companion-app/index.html?cv-focus=app-commands' found in file '/Users/damithch/Repos/git-mastery/git-mastery.github.io/lessons/tag/exercise-tags-add.md'
2026-01-29T13:20:33.426Z - warn: You might have an invalid intra-link! Ignore this warning if it was intended.
'/companion-app/index.html?cv-highlight=updating-app' found in file '/Users/damithch/Repos/git-mastery/git-mastery.github.io/lessons/tag/exercise-tags-add.md'
2026-01-29T13:20:33.426Z - warn: You might have an invalid intra-link! Ignore this warning if it was intended.
'/companion-app/index.html?cv-focus=app-commands' found in file '/Users/damithch/Repos/git-mastery/git-mastery.github.io/lessons/stage/exercise-staging-intervention.md'
2026-01-29T13:20:33.426Z - warn: You might have an invalid intra-link! Ignore this warning if it was intended.
'/companion-app/index.html?cv-highlight=updating-app' found in file '/Users/damithch/Repos/git-mastery/git-mastery.github.io/lessons/stage/exercise-staging-intervention.md'
2026-01-29T13:20:33.426Z - warn: You might have an invalid intra-link! Ignore this warning if it was intended.
'/companion-app/index.html?cv-focus=app-commands' found in file '/Users/damithch/Repos/git-mastery/git-mastery.github.io/lessons/stage/exercise-stage-fright.md'
2026-01-29T13:20:33.426Z - warn: You might have an invalid intra-link! Ignore this warning if it was intended.
'/companion-app/index.html?cv-highlight=updating-app' found in file '/Users/damithch/Repos/git-mastery/git-mastery.github.io/lessons/stage/exercise-stage-fright.md'
2026-01-29T13:20:33.426Z - warn: You might have an invalid intra-link! Ignore this warning if it was intended.
'/companion-app/index.html?cv-focus=app-commands' found in file '/Users/damithch/Repos/git-mastery/git-mastery.github.io/lessons/show/exercise-view-commits.md'
2026-01-29T13:20:33.426Z - warn: You might have an invalid intra-link! Ignore this warning if it was intended.
'/companion-app/index.html?cv-highlight=updating-app' found in file '/Users/damithch/Repos/git-mastery/git-mastery.github.io/lessons/show/exercise-view-commits.md'
2026-01-29T13:20:33.426Z - warn: You might have an invalid intra-link! Ignore this warning if it was intended.
'/companion-app/index.html?cv-focus=app-commands' found in file '/Users/damithch/Repos/git-mastery/git-mastery.github.io/lessons/setRemote/exercise-link-me.md'
2026-01-29T13:20:33.426Z - warn: You might have an invalid intra-link! Ignore this warning if it was intended.
'/companion-app/index.html?cv-highlight=updating-app' found in file '/Users/damithch/Repos/git-mastery/git-mastery.github.io/lessons/setRemote/exercise-link-me.md'
2026-01-29T13:20:33.426Z - warn: You might have an invalid intra-link! Ignore this warning if it was intended.
'/companion-app/index.html?cv-focus=app-commands' found in file '/Users/damithch/Repos/git-mastery/git-mastery.github.io/lessons/remoteBranchRename/exercise-remote-branch-rename.md'
2026-01-29T13:20:33.426Z - warn: You might have an invalid intra-link! Ignore this warning if it was intended.
'/companion-app/index.html?cv-highlight=updating-app' found in file '/Users/damithch/Repos/git-mastery/git-mastery.github.io/lessons/remoteBranchRename/exercise-remote-branch-rename.md'
2026-01-29T13:20:33.426Z - warn: You might have an invalid intra-link! Ignore this warning if it was intended.
'/companion-app/index.html?cv-focus=app-commands' found in file '/Users/damithch/Repos/git-mastery/git-mastery.github.io/lessons/remoteBranchRename/exercise-glossary-branch-rename.md'
2026-01-29T13:20:33.426Z - warn: You might have an invalid intra-link! Ignore this warning if it was intended.
'/companion-app/index.html?cv-highlight=updating-app' found in file '/Users/damithch/Repos/git-mastery/git-mastery.github.io/lessons/remoteBranchRename/exercise-glossary-branch-rename.md'
2026-01-29T13:20:33.426Z - warn: You might have an invalid intra-link! Ignore this warning if it was intended.
'/companion-app/index.html?cv-focus=app-commands' found in file '/Users/damithch/Repos/git-mastery/git-mastery.github.io/lessons/remoteBranchPush/exercise-glossary-branch-push.md'
2026-01-29T13:20:33.426Z - warn: You might have an invalid intra-link! Ignore this warning if it was intended.
'/companion-app/index.html?cv-highlight=updating-app' found in file '/Users/damithch/Repos/git-mastery/git-mastery.github.io/lessons/remoteBranchPush/exercise-glossary-branch-push.md'
2026-01-29T13:20:33.426Z - warn: You might have an invalid intra-link! Ignore this warning if it was intended.
'/companion-app/index.html?cv-focus=app-commands' found in file '/Users/damithch/Repos/git-mastery/git-mastery.github.io/lessons/remoteBranchPull/exercise-glossary-branch-pull.md'
2026-01-29T13:20:33.426Z - warn: You might have an invalid intra-link! Ignore this warning if it was intended.
'/companion-app/index.html?cv-highlight=updating-app' found in file '/Users/damithch/Repos/git-mastery/git-mastery.github.io/lessons/remoteBranchPull/exercise-glossary-branch-pull.md'
2026-01-29T13:20:33.426Z - warn: You might have an invalid intra-link! Ignore this warning if it was intended.
'/companion-app/index.html?cv-focus=app-commands' found in file '/Users/damithch/Repos/git-mastery/git-mastery.github.io/lessons/remoteBranchDelete/exercise-glossary-branch-delete.md'
2026-01-29T13:20:33.426Z - warn: You might have an invalid intra-link! Ignore this warning if it was intended.
'/companion-app/index.html?cv-highlight=updating-app' found in file '/Users/damithch/Repos/git-mastery/git-mastery.github.io/lessons/remoteBranchDelete/exercise-glossary-branch-delete.md'
2026-01-29T13:20:33.426Z - warn: You might have an invalid intra-link! Ignore this warning if it was intended.
'/companion-app/index.html?cv-focus=app-commands' found in file '/Users/damithch/Repos/git-mastery/git-mastery.github.io/lessons/push/exercise-push-over.md'
2026-01-29T13:20:33.427Z - warn: You might have an invalid intra-link! Ignore this warning if it was intended.
'/companion-app/index.html?cv-highlight=updating-app' found in file '/Users/damithch/Repos/git-mastery/git-mastery.github.io/lessons/push/exercise-push-over.md'
2026-01-29T13:20:33.427Z - warn: You might have an invalid intra-link! Ignore this warning if it was intended.
'/companion-app/index.html?cv-focus=app-commands' found in file '/Users/damithch/Repos/git-mastery/git-mastery.github.io/lessons/pull/exercise-fetch-and-pull.md'
2026-01-29T13:20:33.427Z - warn: You might have an invalid intra-link! Ignore this warning if it was intended.
'/companion-app/index.html?cv-highlight=updating-app' found in file '/Users/damithch/Repos/git-mastery/git-mastery.github.io/lessons/pull/exercise-fetch-and-pull.md'
2026-01-29T13:20:33.427Z - warn: You might have an invalid intra-link! Ignore this warning if it was intended.
'/companion-app/index.html?cv-focus=app-commands' found in file '/Users/damithch/Repos/git-mastery/git-mastery.github.io/lessons/mergeConflicts/exercise-conflict-mediator.md'
2026-01-29T13:20:33.427Z - warn: You might have an invalid intra-link! Ignore this warning if it was intended.
'/companion-app/index.html?cv-highlight=updating-app' found in file '/Users/damithch/Repos/git-mastery/git-mastery.github.io/lessons/mergeConflicts/exercise-conflict-mediator.md'
2026-01-29T13:20:33.427Z - warn: You might have an invalid intra-link! Ignore this warning if it was intended.
'/companion-app/index.html?cv-focus=app-commands' found in file '/Users/damithch/Repos/git-mastery/git-mastery.github.io/lessons/merge/exercise-merge-undo.md'
2026-01-29T13:20:33.427Z - warn: You might have an invalid intra-link! Ignore this warning if it was intended.
'/companion-app/index.html?cv-highlight=updating-app' found in file '/Users/damithch/Repos/git-mastery/git-mastery.github.io/lessons/merge/exercise-merge-undo.md'
2026-01-29T13:20:33.427Z - warn: You might have an invalid intra-link! Ignore this warning if it was intended.
'/companion-app/index.html?cv-focus=app-commands' found in file '/Users/damithch/Repos/git-mastery/git-mastery.github.io/lessons/merge/exercise-merge-squash.md'
2026-01-29T13:20:33.427Z - warn: You might have an invalid intra-link! Ignore this warning if it was intended.
'/companion-app/index.html?cv-highlight=updating-app' found in file '/Users/damithch/Repos/git-mastery/git-mastery.github.io/lessons/merge/exercise-merge-squash.md'
2026-01-29T13:20:33.427Z - warn: You might have an invalid intra-link! Ignore this warning if it was intended.
'/companion-app/index.html?cv-focus=app-commands' found in file '/Users/damithch/Repos/git-mastery/git-mastery.github.io/lessons/merge/exercise-ff-undo.md'
2026-01-29T13:20:33.427Z - warn: You might have an invalid intra-link! Ignore this warning if it was intended.
'/companion-app/index.html?cv-highlight=updating-app' found in file '/Users/damithch/Repos/git-mastery/git-mastery.github.io/lessons/merge/exercise-ff-undo.md'
2026-01-29T13:20:33.427Z - warn: You might have an invalid intra-link! Ignore this warning if it was intended.
'/companion-app/index.html?cv-focus=app-commands' found in file '/Users/damithch/Repos/git-mastery/git-mastery.github.io/lessons/merge/exercise-branch-forward.md'
2026-01-29T13:20:33.427Z - warn: You might have an invalid intra-link! Ignore this warning if it was intended.
'/companion-app/index.html?cv-highlight=updating-app' found in file '/Users/damithch/Repos/git-mastery/git-mastery.github.io/lessons/merge/exercise-branch-forward.md'
2026-01-29T13:20:33.427Z - warn: You might have an invalid intra-link! Ignore this warning if it was intended.
'/companion-app/index.html?cv-focus=app-commands' found in file '/Users/damithch/Repos/git-mastery/git-mastery.github.io/lessons/merge/exercise-branch-compare.md'
2026-01-29T13:20:33.427Z - warn: You might have an invalid intra-link! Ignore this warning if it was intended.
'/companion-app/index.html?cv-highlight=updating-app' found in file '/Users/damithch/Repos/git-mastery/git-mastery.github.io/lessons/merge/exercise-branch-compare.md'
2026-01-29T13:20:33.427Z - warn: You might have an invalid intra-link! Ignore this warning if it was intended.
'/companion-app/index.html?cv-focus=app-commands' found in file '/Users/damithch/Repos/git-mastery/git-mastery.github.io/lessons/merge/exercise-branch-bender.md'
2026-01-29T13:20:33.427Z - warn: You might have an invalid intra-link! Ignore this warning if it was intended.
'/companion-app/index.html?cv-highlight=updating-app' found in file '/Users/damithch/Repos/git-mastery/git-mastery.github.io/lessons/merge/exercise-branch-bender.md'
2026-01-29T13:20:33.427Z - warn: You might have an invalid intra-link! Ignore this warning if it was intended.
'/companion-app/index.html?cv-focus=app-commands' found in file '/Users/damithch/Repos/git-mastery/git-mastery.github.io/lessons/log/exercise-log-and-order.md'
2026-01-29T13:20:33.427Z - warn: You might have an invalid intra-link! Ignore this warning if it was intended.
'/companion-app/index.html?cv-highlight=updating-app' found in file '/Users/damithch/Repos/git-mastery/git-mastery.github.io/lessons/log/exercise-log-and-order.md'
2026-01-29T13:20:33.427Z - warn: You might have an invalid intra-link! Ignore this warning if it was intended.
'/companion-app/index.html?cv-focus=app-commands' found in file '/Users/damithch/Repos/git-mastery/git-mastery.github.io/lessons/init/exercise-undo-init.md'
2026-01-29T13:20:33.427Z - warn: You might have an invalid intra-link! Ignore this warning if it was intended.
'/companion-app/index.html?cv-highlight=updating-app' found in file '/Users/damithch/Repos/git-mastery/git-mastery.github.io/lessons/init/exercise-undo-init.md'
2026-01-29T13:20:33.427Z - warn: You might have an invalid intra-link! Ignore this warning if it was intended.
'/companion-app/index.html?cv-focus=app-commands' found in file '/Users/damithch/Repos/git-mastery/git-mastery.github.io/lessons/ignore/exercise-ignoring-somethings.md'
2026-01-29T13:20:33.427Z - warn: You might have an invalid intra-link! Ignore this warning if it was intended.
'/companion-app/index.html?cv-highlight=updating-app' found in file '/Users/damithch/Repos/git-mastery/git-mastery.github.io/lessons/ignore/exercise-ignoring-somethings.md'
2026-01-29T13:20:33.427Z - warn: You might have an invalid intra-link! Ignore this warning if it was intended.
'/companion-app/index.html?cv-focus=app-commands' found in file '/Users/damithch/Repos/git-mastery/git-mastery.github.io/lessons/fork/exercise-fork-repo.md'
2026-01-29T13:20:33.427Z - warn: You might have an invalid intra-link! Ignore this warning if it was intended.
'/companion-app/index.html?cv-highlight=updating-app' found in file '/Users/damithch/Repos/git-mastery/git-mastery.github.io/lessons/fork/exercise-fork-repo.md'
2026-01-29T13:20:33.427Z - warn: You might have an invalid intra-link! Ignore this warning if it was intended.
'/companion-app/index.html?cv-focus=app-commands' found in file '/Users/damithch/Repos/git-mastery/git-mastery.github.io/lessons/diff/exercise-sensors-diff.md'
2026-01-29T13:20:33.427Z - warn: You might have an invalid intra-link! Ignore this warning if it was intended.
'/companion-app/index.html?cv-highlight=updating-app' found in file '/Users/damithch/Repos/git-mastery/git-mastery.github.io/lessons/diff/exercise-sensors-diff.md'
2026-01-29T13:20:33.427Z - warn: You might have an invalid intra-link! Ignore this warning if it was intended.
'/companion-app/index.html?cv-focus=app-commands' found in file '/Users/damithch/Repos/git-mastery/git-mastery.github.io/lessons/createRemoteRepo/exercise-remote-control.md'
2026-01-29T13:20:33.427Z - warn: You might have an invalid intra-link! Ignore this warning if it was intended.
'/companion-app/index.html?cv-highlight=updating-app' found in file '/Users/damithch/Repos/git-mastery/git-mastery.github.io/lessons/createRemoteRepo/exercise-remote-control.md'
2026-01-29T13:20:33.427Z - warn: You might have an invalid intra-link! Ignore this warning if it was intended.
'/companion-app/index.html?cv-focus=app-commands' found in file '/Users/damithch/Repos/git-mastery/git-mastery.github.io/lessons/commit/exercise-grocery-shopping.md'
2026-01-29T13:20:33.427Z - warn: You might have an invalid intra-link! Ignore this warning if it was intended.
'/companion-app/index.html?cv-highlight=updating-app' found in file '/Users/damithch/Repos/git-mastery/git-mastery.github.io/lessons/commit/exercise-grocery-shopping.md'
2026-01-29T13:20:33.427Z - warn: You might have an invalid intra-link! Ignore this warning if it was intended.
'/companion-app/index.html?cv-focus=app-commands' found in file '/Users/damithch/Repos/git-mastery/git-mastery.github.io/lessons/clone/exercise-clone-repo.md'
2026-01-29T13:20:33.427Z - warn: You might have an invalid intra-link! Ignore this warning if it was intended.
'/companion-app/index.html?cv-highlight=updating-app' found in file '/Users/damithch/Repos/git-mastery/git-mastery.github.io/lessons/clone/exercise-clone-repo.md'
2026-01-29T13:20:33.427Z - warn: You might have an invalid intra-link! Ignore this warning if it was intended.
'/companion-app/index.html?cv-focus=app-commands' found in file '/Users/damithch/Repos/git-mastery/git-mastery.github.io/lessons/branchRename/exercise-branch-rename.md'
2026-01-29T13:20:33.428Z - warn: You might have an invalid intra-link! Ignore this warning if it was intended.
'/companion-app/index.html?cv-highlight=updating-app' found in file '/Users/damithch/Repos/git-mastery/git-mastery.github.io/lessons/branchRename/exercise-branch-rename.md'
2026-01-29T13:20:33.428Z - warn: You might have an invalid intra-link! Ignore this warning if it was intended.
'/companion-app/index.html?cv-focus=app-commands' found in file '/Users/damithch/Repos/git-mastery/git-mastery.github.io/lessons/branchDelete/exercise-mix-messy-graph.md'
2026-01-29T13:20:33.428Z - warn: You might have an invalid intra-link! Ignore this warning if it was intended.
'/companion-app/index.html?cv-highlight=updating-app' found in file '/Users/damithch/Repos/git-mastery/git-mastery.github.io/lessons/branchDelete/exercise-mix-messy-graph.md'
2026-01-29T13:20:33.428Z - warn: You might have an invalid intra-link! Ignore this warning if it was intended.
'/companion-app/index.html?cv-focus=app-commands' found in file '/Users/damithch/Repos/git-mastery/git-mastery.github.io/lessons/branchDelete/exercise-mix-messy-docs.md'
2026-01-29T13:20:33.428Z - warn: You might have an invalid intra-link! Ignore this warning if it was intended.
'/companion-app/index.html?cv-highlight=updating-app' found in file '/Users/damithch/Repos/git-mastery/git-mastery.github.io/lessons/branchDelete/exercise-mix-messy-docs.md'
2026-01-29T13:20:33.428Z - warn: You might have an invalid intra-link! Ignore this warning if it was intended.
'/companion-app/index.html?cv-focus=app-commands' found in file '/Users/damithch/Repos/git-mastery/git-mastery.github.io/lessons/branchDelete/exercise-branch-delete.md'
2026-01-29T13:20:33.428Z - warn: You might have an invalid intra-link! Ignore this warning if it was intended.
'/companion-app/index.html?cv-highlight=updating-app' found in file '/Users/damithch/Repos/git-mastery/git-mastery.github.io/lessons/branchDelete/exercise-branch-delete.md'
2026-01-29T13:20:33.428Z - warn: You might have an invalid intra-link! Ignore this warning if it was intended.
'/companion-app/index.html?cv-focus=app-commands' found in file '/Users/damithch/Repos/git-mastery/git-mastery.github.io/lessons/branch/exercise-side-track.md'
2026-01-29T13:20:33.428Z - warn: You might have an invalid intra-link! Ignore this warning if it was intended.
'/companion-app/index.html?cv-highlight=updating-app' found in file '/Users/damithch/Repos/git-mastery/git-mastery.github.io/lessons/branch/exercise-side-track.md'
2026-01-29T13:20:33.428Z - warn: You might have an invalid intra-link! Ignore this warning if it was intended.
'/companion-app/index.html?cv-focus=app-commands' found in file '/Users/damithch/Repos/git-mastery/git-mastery.github.io/lessons/branch/exercise-branch-previous.md'
2026-01-29T13:20:33.428Z - warn: You might have an invalid intra-link! Ignore this warning if it was intended.
'/companion-app/index.html?cv-highlight=updating-app' found in file '/Users/damithch/Repos/git-mastery/git-mastery.github.io/lessons/branch/exercise-branch-previous.md'
2026-01-29T13:20:33.428Z - warn: You might have an invalid intra-link! Ignore this warning if it was intended.
'/lessons/branch/images/listRemoteBranches.png' found in file '/Users/damithch/Repos/git-mastery/git-mastery.github.io/lessons/remoteBranches/sourcetree_4.md'
2026-01-29T13:20:33.431Z - info: Pages built
2026-01-29T13:20:33.494Z - info: Site data built
2026-01-29T13:20:33.494Z - info: Website generation complete! Total build time: 8.545s
2026-01-29T13:20:33.494Z - info: Build success!
2026-01-29T13:20:41.843Z - info: The website has been deployed at: git-mastery.org
